Category	Segment number	Segment Good	Eye Blinks	Eye Movements	Bad Channels
Lag2Baseline	1	true	false	false	45, 52
Lag2Baseline	2	true	false	false	26, 33, 39
Lag2Baseline	3	true	false	false	45
Lag2Baseline	4	true	false	false	43
Lag2Baseline	5	true	false	false	26, 32, 45
Lag2Baseline	6	true	false	false	43, 69, 70, 73, 74, 81, 82, 88, 94
Lag2Baseline	7	true	false	false	42
Lag2Baseline	8	true	false	false	38, 57
Lag2Baseline	9	true	false	false	57, 127
Lag2Baseline	10	true	false	false	44, 45, 57
Lag2Baseline	11	true	false	false	39, 95, 99
Lag2Baseline	12	true	false	false	43, 45
Lag2Baseline	13	true	false	false	27, 63, 119
Lag2Baseline	14	true	false	false	39, 45
Lag2Baseline	15	true	false	false	39, 113
Lag2Baseline	16	true	false	false	63
Lag2Baseline	17	true	false	false	39
Lag2Baseline	18	false	true	false	27, 44
Lag2Baseline	19	false	true	false	88
Lag2Baseline	20	true	false	false	33
Lag2Baseline	21	false	true	false	14, 39, 41, 122
Lag2Baseline	22	true	false	false
Lag2Baseline	23	true	false	false	45
Lag2Baseline	24	true	false	false
Lag2Baseline	25	true	false	false
Lag2Baseline	26	true	false	false	23
Lag2Baseline	27	true	false	false	26, 63, 68, 69, 70, 73
Lag2Baseline	28	true	false	false	45, 68
Lag2Baseline	29	true	false	false
Lag2Baseline	30	true	false	false	48
Lag2Baseline	31	true	false	false	59
Lag2Baseline	32	true	false	false	48
Lag2Baseline	33	true	false	false
Lag2Baseline	34	true	false	false	47
Lag2Baseline	35	true	false	false	46
Lag2Baseline	36	true	false	false
Lag2Baseline	37	true	false	false	116
Lag2Baseline	38	true	false	false	23, 27
Lag2Baseline	39	true	false	false	17, 21, 22, 45, 68, 73, 113, 119
Lag2Baseline	40	false	false	false	1, 2, 3, 4, 5, 6, 8, 9, 10, 11, 14, 15, 16, 17, 18, 19, 20, 21, 22, 23, 24, 25, 26, 27, 28, 29, 32, 33, 34, 35, 36, 38, 39, 40, 41, 42, 43, 44, 45, 46, 47, 48, 49, 50, 51, 52, 53, 56, 57, 58, 59, 60, 62, 63, 64, 65, 66, 67, 68, 69, 70, 71, 72, 73, 74, 75, 76, 77, 81, 82, 83, 84, 85, 86, 87, 88, 89, 90, 91, 92, 93, 94, 95, 96, 97, 98, 99, 100, 101, 102, 103, 104, 105, 107, 108, 109, 110, 111, 112, 113, 114, 115, 116, 117, 118, 119, 120, 121, 122, 123, 124, 125, 126, 127, 128
Lag2Baseline	41	false	true	false	3, 4, 5, 9, 10, 15, 16, 21, 22, 23, 24, 26, 27, 32, 44, 59, 84, 127
Lag2Baseline	42	true	false	false	38
Lag2Baseline	43	true	false	false	45, 113
Lag2Baseline	44	false	true	false	3, 9, 14, 15, 17, 18, 21, 22, 25, 26, 48, 49, 56
Lag2Baseline	45	false	false	false	50, 63, 69, 73, 74, 81, 83, 88, 94, 99, 113
Lag2Baseline	46	true	false	false	24, 45
Lag2Baseline	47	true	false	false	83
Lag2Baseline	48	true	false	false	48, 49, 114, 120
Lag2Baseline	49	true	false	false
Lag2Baseline	50	true	false	false	122
Lag2Baseline	51	true	false	false	17, 21, 23, 49, 56, 74
Lag2Baseline	52	true	false	false	50, 122
Lag2Baseline	53	true	false	false	9, 11, 15, 17, 21, 23, 25, 26, 49, 82
Lag2Baseline	54	true	false	false	26, 74, 81
Lag2Baseline	55	false	true	false	2, 3, 6, 8, 9, 10, 14, 15, 17, 21, 23, 25, 26, 27, 48, 56, 68, 69, 73, 74, 81, 82, 113, 123, 127
Lag2Baseline	56	true	false	false	59
Lag2Baseline	57	false	true	true	18, 21, 32, 44, 45, 52, 56, 81, 88, 89, 95, 99, 107, 113, 114, 119, 120, 126, 127, 128
Lag2Baseline	58	false	true	false	14, 15, 17, 21, 22, 23, 25, 44, 119, 127
Lag2Baseline	59	true	false	false	2
Lag2Baseline	60	true	false	false	32
Lag2Baseline	61	true	false	false	44, 56
Lag2Baseline	62	true	false	false	8
Lag2Baseline	63	true	false	false	5, 50, 51, 119, 120
Lag2Baseline	64	true	false	false	102, 118
Lag2Baseline	65	true	false	false
Lag2Baseline	66	true	false	false	113, 127
Lag2Baseline	67	true	false	false	22, 45, 119
Lag2Baseline	68	true	false	false	18, 127
Lag2Baseline	69	false	true	false	45, 119, 127
Lag2Baseline	70	true	false	false	110
Lag2Baseline	71	false	true	false	25, 120
Lag2Baseline	72	true	false	false	45, 120
Lag2Baseline	73	true	false	false	7, 41, 51, 120
Lag2Baseline	74	true	false	false	9, 22, 43
Lag2Baseline	75	true	false	false	25, 41
Lag2Baseline	76	true	false	false	46
Lag2Baseline	77	true	false	false	23, 33, 74, 81, 82, 88, 112, 128
Lag2Baseline	78	true	false	false	46, 82, 119
Lag2Baseline	79	true	false	false	45, 81
Lag2Baseline	80	true	false	false	25, 33, 40, 120
Lag2Baseline	81	true	false	false	4, 46
Lag2Baseline	82	true	false	false	2, 9, 40, 46, 74, 81, 120
Lag2Baseline	83	false	true	false	2, 9, 14, 15, 16, 17, 18, 20, 21, 22, 23, 24, 25, 26, 28, 29, 30, 35, 44, 52, 63, 71, 73, 74, 77, 81, 86, 89, 99, 109, 113, 117, 118, 120, 122, 126, 127
Lag2Baseline	84	true	false	false	45
Lag2Baseline	85	false	true	false	4, 46, 74, 127
Lag2Baseline	86	false	true	false	25, 30, 74, 81
Lag2Baseline	87	true	false	false	46, 74, 120, 127
Lag2Baseline	88	true	false	false
Lag2Baseline	89	true	false	false	35, 99
Lag2Baseline	90	true	false	false	4, 35, 46, 63, 64, 74, 99, 120
Lag2Baseline	91	true	false	false	120, 127
Lag2Baseline	92	true	false	false	74, 113, 123
Lag2Baseline	93	true	false	false	68, 73, 81, 120, 127
Lag2Baseline	94	true	false	false	27, 65, 113
Lag2Baseline	95	true	false	false	122
Lag2Baseline	96	true	false	false
Lag2Baseline	97	true	false	false	120
Lag2Baseline	98	false	false	false	29, 36, 37, 52, 56, 63, 68, 74, 75, 77, 81, 89, 99, 120, 124
Lag2Baseline	99	true	false	false	4, 74, 112, 120
Lag2Baseline	100	true	false	false	120
Lag2Neutral	1	false	false	true	26, 45, 48, 64
Lag2Neutral	2	true	false	false	26, 119
Lag2Neutral	3	true	false	false
Lag2Neutral	4	true	false	false
Lag2Neutral	5	true	false	false	2, 39
Lag2Neutral	6	true	false	false
Lag2Neutral	7	true	false	false
Lag2Neutral	8	true	false	false
Lag2Neutral	9	false	true	false	8, 26, 39, 48, 57
Lag2Neutral	10	true	false	false	44, 45
Lag2Neutral	11	true	false	false	33, 39, 95, 99
Lag2Neutral	12	true	false	false	65
Lag2Neutral	13	true	false	false	68, 69, 73, 88
Lag2Neutral	14	true	false	false	43, 65
Lag2Neutral	15	true	false	false	33
Lag2Neutral	16	true	false	false
Lag2Neutral	17	false	true	false	11, 15, 16, 17, 18, 21, 22
Lag2Neutral	18	true	false	false
Lag2Neutral	19	true	false	false	43
Lag2Neutral	20	true	false	false
Lag2Neutral	21	true	false	false	25
Lag2Neutral	22	true	false	false
Lag2Neutral	23	false	true	false	25
Lag2Neutral	24	true	false	false
Lag2Neutral	25	true	false	false	45
Lag2Neutral	26	true	false	false	45, 120
Lag2Neutral	27	true	false	false	9, 48, 95, 99
Lag2Neutral	28	true	false	false	39, 44, 48
Lag2Neutral	29	true	false	false	107
Lag2Neutral	30	true	false	false	2
Lag2Neutral	31	false	true	false	14, 39
Lag2Neutral	32	true	false	false	27, 33
Lag2Neutral	33	true	false	false	40, 49
Lag2Neutral	34	true	false	false
Lag2Neutral	35	true	false	false	39, 46, 122
Lag2Neutral	36	true	false	false	49, 56, 114, 119
Lag2Neutral	37	true	false	false	41, 45
Lag2Neutral	38	true	false	false	33, 45, 48, 49, 113
Lag2Neutral	39	true	false	false	43, 46
Lag2Neutral	40	true	false	false
Lag2Neutral	41	true	false	false	30
Lag2Neutral	42	false	true	false	14, 17, 21, 25, 45
Lag2Neutral	43	true	false	false	113
Lag2Neutral	44	true	false	false
Lag2Neutral	45	true	false	false	45
Lag2Neutral	46	false	true	false	14, 25, 26
Lag2Neutral	47	true	false	false
Lag2Neutral	48	true	false	false
Lag2Neutral	49	true	false	false	83
Lag2Neutral	50	false	true	true	8, 9, 14, 15, 23, 25, 26, 33, 48, 49, 56, 69, 73, 74, 81, 84, 87, 94, 113, 114, 119, 120, 125
Lag2Neutral	51	true	false	false	46
Lag2Neutral	52	true	false	false	2, 83, 109
Lag2Neutral	53	true	false	false	33, 99
Lag2Neutral	54	true	false	false	83, 120
Lag2Neutral	55	true	false	false	45, 83, 119, 120
Lag2Neutral	56	false	true	false	25, 83
Lag2Neutral	57	false	true	false	25, 45
Lag2Neutral	58	false	true	false	2, 3, 4, 6, 7, 8, 9, 10, 11, 14, 15, 16, 17, 18, 19, 21, 22, 23, 24, 25, 26, 27, 32, 33, 39, 49, 52, 56, 74, 81, 88, 105, 111, 112, 113, 117, 118, 122, 123
Lag2Neutral	59	true	false	false	18, 48, 59
Lag2Neutral	60	true	false	false	113
Lag2Neutral	61	true	false	false
Lag2Neutral	62	false	true	false	25, 35, 127
Lag2Neutral	63	true	false	false	41, 44, 81
Lag2Neutral	64	true	false	false	111, 117, 124
Lag2Neutral	65	false	true	false	127
Lag2Neutral	66	true	false	false	48, 109
Lag2Neutral	67	true	false	false	18, 41, 70
Lag2Neutral	68	true	false	false
Lag2Neutral	69	true	false	false	48
Lag2Neutral	70	true	false	false	46, 117, 120
Lag2Neutral	71	true	false	false
Lag2Neutral	72	true	false	false	2, 43, 69, 74, 77, 81, 84, 85, 99
Lag2Neutral	73	true	false	false	9
Lag2Neutral	74	true	false	false	9, 81, 110
Lag2Neutral	75	true	false	false	9
Lag2Neutral	76	false	true	false	9, 14, 21, 22, 25, 26, 32, 41, 88, 89, 94, 95, 99
Lag2Neutral	77	true	false	false
Lag2Neutral	78	false	false	false	48, 56, 63, 68, 69, 73, 74, 81, 82, 88, 89, 95, 99, 120
Lag2Neutral	79	false	false	false	49, 56, 63, 68, 74, 81, 94, 95, 99, 107, 113, 119, 120
Lag2Neutral	80	true	false	false	46, 112, 116
Lag2Neutral	81	true	false	false	4, 38, 74, 77, 81, 127
Lag2Neutral	82	false	false	false	4, 22, 43, 49, 52, 63, 68, 73, 74, 77, 81, 82, 88, 99, 119, 120
Lag2Neutral	83	true	false	false
Lag2Neutral	84	true	false	false	8, 19, 44, 102, 116, 120
Lag2Neutral	85	true	false	false	116, 120
Lag2Neutral	86	true	false	false	74, 127
Lag2Neutral	87	true	false	false	35, 40, 45, 116
Lag2Neutral	88	true	false	false	74, 120
Lag2Neutral	89	true	false	false	4, 38, 40, 41, 74, 121
Lag2Neutral	90	true	false	false	35, 121, 127
Lag2Neutral	91	true	false	false	3, 4, 35, 74
Lag2Neutral	92	true	false	false	18, 27, 40, 74, 99
Lag2Neutral	93	true	false	false	6, 32, 113, 116, 123
Lag2Neutral	94	true	false	false	52, 99, 112, 116
Lag2Neutral	95	true	false	false	35, 59
Lag2Neutral	96	false	true	false	17, 21, 25, 27, 102, 120
Lag2Neutral	97	true	false	false	59, 120
Lag2Neutral	98	true	false	false	41, 46, 81, 119, 120
Lag2Neutral	99	true	false	false	38, 120
Lag2Neutral	100	true	false	false	34, 41, 74, 81, 120
Lag2Negative	1	true	false	false	32, 43
Lag2Negative	2	true	false	false
Lag2Negative	3	true	false	false	26, 44, 121
Lag2Negative	4	true	false	false	33
Lag2Negative	5	false	true	false	8, 22, 33
Lag2Negative	6	true	false	false	81
Lag2Negative	7	true	false	false	8, 108
Lag2Negative	8	true	false	false	39, 57
Lag2Negative	9	true	false	false	26, 45, 57
Lag2Negative	10	true	false	false	43, 49
Lag2Negative	11	true	false	false	45
Lag2Negative	12	true	false	false
Lag2Negative	13	false	true	false	21, 33, 39, 44
Lag2Negative	14	true	false	false	39
Lag2Negative	15	true	false	false
Lag2Negative	16	true	false	false	39, 44
Lag2Negative	17	true	false	false
Lag2Negative	18	true	false	false	39, 48
Lag2Negative	19	true	false	false
Lag2Negative	20	true	false	false
Lag2Negative	21	true	false	false	50, 68, 73, 81, 88
Lag2Negative	22	true	false	false	41, 81, 88, 113
Lag2Negative	23	true	false	false	48
Lag2Negative	24	true	false	false
Lag2Negative	25	true	false	false	45
Lag2Negative	26	true	false	false	23, 26, 68, 69, 73, 74, 81
Lag2Negative	27	true	false	false	26, 45, 81, 88, 120
Lag2Negative	28	true	false	false	26, 48, 108
Lag2Negative	29	true	false	false	48, 51, 52
Lag2Negative	30	true	false	false
Lag2Negative	31	true	false	false	108
Lag2Negative	32	false	true	false	3, 5, 8, 9, 10, 14, 15, 16, 17, 18, 21, 22, 25, 26, 27, 34, 41, 48, 49, 56, 81, 119
Lag2Negative	33	true	false	false	49
Lag2Negative	34	true	false	false
Lag2Negative	35	true	false	false
Lag2Negative	36	true	false	false	50
Lag2Negative	37	true	false	false	22, 120
Lag2Negative	38	true	false	false	22, 45, 113
Lag2Negative	39	true	false	false
Lag2Negative	40	true	false	false
Lag2Negative	41	true	false	false	21, 39, 41, 120
Lag2Negative	42	true	false	false	56, 116, 119
Lag2Negative	43	true	false	false
Lag2Negative	44	true	false	false	26, 44, 45, 56, 120, 122
Lag2Negative	45	true	false	false	113
Lag2Negative	46	true	false	false
Lag2Negative	47	false	true	false	17, 39, 48, 56, 83, 88, 116, 119, 122, 127
Lag2Negative	48	true	false	false
Lag2Negative	49	true	false	false	39
Lag2Negative	50	false	true	true	8, 126, 128
Lag2Negative	51	true	false	false	121
Lag2Negative	52	true	false	false
Lag2Negative	53	true	false	false	48
Lag2Negative	54	true	false	false	48
Lag2Negative	55	false	true	false	25, 57, 126, 127
Lag2Negative	56	false	true	true	1, 32, 48, 49, 51, 56, 63, 68, 69, 73, 74, 81, 82, 88, 89, 90, 94, 95, 99, 107, 113, 119, 121, 125, 126, 127, 128
Lag2Negative	57	true	false	false	23
Lag2Negative	58	false	false	false	22, 46, 49, 52, 68, 69, 73, 74, 75, 81, 82, 83, 87, 89, 94, 96, 99, 113, 114, 120
Lag2Negative	59	true	false	false	45, 63
Lag2Negative	60	false	true	false	26, 45, 81, 113, 121, 126
Lag2Negative	61	true	false	false	22
Lag2Negative	62	true	false	false	4, 22, 34, 102
Lag2Negative	63	true	false	false	22
Lag2Negative	64	true	false	false	22
Lag2Negative	65	true	false	false	20
Lag2Negative	66	false	false	false	22, 45, 56, 63, 68, 69, 73, 74, 81, 88, 89, 90, 95, 96, 99, 110, 117, 119, 127
Lag2Negative	67	true	false	false	57, 81, 127
Lag2Negative	68	true	false	false	43
Lag2Negative	69	true	false	false	46, 109, 116, 120
Lag2Negative	70	true	false	false	49
Lag2Negative	71	true	false	false	18, 120
Lag2Negative	72	false	true	false	25, 43, 124
Lag2Negative	73	true	false	false	33, 68, 69, 73, 74, 81, 113, 114, 119, 120
Lag2Negative	74	false	true	false	43, 46, 63, 77, 103, 114, 116, 123, 126, 127
Lag2Negative	75	true	false	false	124
Lag2Negative	76	true	false	false	25, 33, 45, 67
Lag2Negative	77	true	false	false
Lag2Negative	78	true	false	false	81, 120
Lag2Negative	79	true	false	false	113
Lag2Negative	80	true	false	false	46
Lag2Negative	81	false	true	false	18, 29, 49, 52, 56, 63, 68, 73, 74, 77, 81, 82, 85, 87, 88, 93, 95, 96, 99, 117, 118, 119, 120, 124, 126, 127
Lag2Negative	82	true	false	false	99, 124
Lag2Negative	83	true	false	false	74, 120
Lag2Negative	84	false	true	true	1, 8, 9, 14, 17, 22, 23, 25, 26, 32, 33, 40, 48, 71, 74, 81, 120, 125, 126, 127, 128
Lag2Negative	85	true	false	false	25, 74, 77
Lag2Negative	86	true	false	false	46, 74, 77
Lag2Negative	87	true	false	false	4, 74, 122, 127
Lag2Negative	88	true	false	false	74, 116, 122
Lag2Negative	89	true	false	false	35, 120
Lag2Negative	90	true	false	false	46, 74, 81, 112, 127
Lag2Negative	91	true	false	false	25, 69, 73, 74, 81, 120
Lag2Negative	92	true	false	false	46, 50, 122
Lag2Negative	93	true	false	false	41, 59, 74, 81, 99, 113, 126, 127
Lag2Negative	94	true	false	false	122
Lag2Negative	95	true	false	false	18, 35, 120
Lag2Negative	96	true	false	false	113
Lag2Negative	97	true	false	false	50, 74, 81, 120
Lag2Negative	98	true	false	false	46, 70, 123
Lag2Negative	99	true	false	false	34
Lag2Negative	100	true	false	false	44, 120
Lag8Baseline	1	true	false	false	33
Lag8Baseline	2	true	false	false	33, 39
Lag8Baseline	3	false	true	false	8, 32, 109
Lag8Baseline	4	true	false	false	63
Lag8Baseline	5	true	false	false	26, 42, 43, 122
Lag8Baseline	6	true	false	false	34, 41, 45, 46, 47, 57
Lag8Baseline	7	true	false	false	63
Lag8Baseline	8	false	true	false	119, 126, 127
Lag8Baseline	9	true	false	false	43
Lag8Baseline	10	false	true	false	21, 44
Lag8Baseline	11	true	false	false	43
Lag8Baseline	12	true	false	false	39
Lag8Baseline	13	true	false	false	39
Lag8Baseline	14	true	false	false	39
Lag8Baseline	15	true	false	false
Lag8Baseline	16	true	false	false
Lag8Baseline	17	true	false	false	122
Lag8Baseline	18	true	false	false
Lag8Baseline	19	true	false	false	14
Lag8Baseline	20	true	false	false
Lag8Baseline	21	true	false	false	40, 57
Lag8Baseline	22	true	false	false
Lag8Baseline	23	true	false	false	39
Lag8Baseline	24	true	false	false	113
Lag8Baseline	25	true	false	false
Lag8Baseline	26	true	false	false	23
Lag8Baseline	27	true	false	false	40
Lag8Baseline	28	false	true	true	8, 48, 114, 115, 119, 125, 126, 127
Lag8Baseline	29	true	false	false	48
Lag8Baseline	30	true	false	false	48, 109, 122
Lag8Baseline	31	false	false	false	40, 48, 56, 68, 69, 73, 74, 81, 88, 94, 107, 119
Lag8Baseline	32	true	false	false	14, 22, 25, 48, 56
Lag8Baseline	33	true	false	false
Lag8Baseline	34	true	false	false
Lag8Baseline	35	true	false	false
Lag8Baseline	36	true	false	false	3, 27
Lag8Baseline	37	true	false	false	88
Lag8Baseline	38	true	false	false	45, 113
Lag8Baseline	39	true	false	false	81, 88
Lag8Baseline	40	true	false	false	50, 57, 73
Lag8Baseline	41	true	false	false
Lag8Baseline	42	false	false	false	17, 25, 56, 65, 69, 73, 74, 81, 88, 94, 113, 119, 120, 122
Lag8Baseline	43	true	false	false	14, 25, 26, 33, 45
Lag8Baseline	44	true	false	false	113
Lag8Baseline	45	true	false	false	15, 21, 39, 45, 48, 119, 122
Lag8Baseline	46	false	true	false	81, 94, 126
Lag8Baseline	47	true	false	false	119
Lag8Baseline	48	false	true	false	9, 14, 17, 21, 22, 24, 25, 26, 35, 43, 48, 49, 63, 69, 73, 74, 81, 82, 88, 94, 95, 99, 113, 114, 121, 122, 125, 127
Lag8Baseline	49	true	false	false
Lag8Baseline	50	false	true	false	32, 48, 49, 83, 113, 114, 115, 119, 126, 127
Lag8Baseline	51	false	false	false	74, 83, 88, 89, 90, 94, 95, 96, 99, 107, 119, 127
Lag8Baseline	52	true	false	false	32, 44, 48, 81
Lag8Baseline	53	true	false	false
Lag8Baseline	54	true	false	false	81, 89
Lag8Baseline	55	true	false	false	44, 45
Lag8Baseline	56	true	false	false	59, 113
Lag8Baseline	57	true	false	false	57
Lag8Baseline	58	false	true	false	8, 39, 40, 44, 45, 59, 127
Lag8Baseline	59	true	false	false
Lag8Baseline	60	true	false	false	35
Lag8Baseline	61	false	true	false	22, 109, 127
Lag8Baseline	62	true	false	false	119, 120
Lag8Baseline	63	true	false	false	2, 45, 120
Lag8Baseline	64	true	false	false	120
Lag8Baseline	65	true	false	false	46
Lag8Baseline	66	true	false	false	33, 110
Lag8Baseline	67	false	true	false	1, 18, 25, 45, 65, 120, 127
Lag8Baseline	68	true	false	false	45, 104, 112, 120
Lag8Baseline	69	false	false	false	2, 33, 43, 45, 56, 68, 69, 73, 74, 81, 88, 89, 99, 120
Lag8Baseline	70	true	false	false	45, 116, 119, 120
Lag8Baseline	71	false	true	false	45, 120, 126, 127
Lag8Baseline	72	true	false	false	10, 43, 119
Lag8Baseline	73	true	false	false	25, 51, 120
Lag8Baseline	74	true	false	false	119, 122
Lag8Baseline	75	true	false	false	110
Lag8Baseline	76	true	false	false	10
Lag8Baseline	77	true	false	false	120
Lag8Baseline	78	true	false	false	32, 46
Lag8Baseline	79	true	false	false	17
Lag8Baseline	80	true	false	false
Lag8Baseline	81	true	false	false	68, 74, 81, 120
Lag8Baseline	82	true	false	false	30, 74, 77, 120
Lag8Baseline	83	true	false	false	4, 30, 40, 120
Lag8Baseline	84	true	false	false	4, 45, 46, 77
Lag8Baseline	85	false	true	false	9, 14, 21, 25, 32, 74
Lag8Baseline	86	true	false	false	120
Lag8Baseline	87	true	false	false	4, 40, 74, 81
Lag8Baseline	88	true	false	false	4, 40, 112, 120, 127
Lag8Baseline	89	true	false	false	18, 74, 122
Lag8Baseline	90	false	false	false	22, 29, 36, 37, 46, 49, 52, 63, 68, 73, 74, 77, 82, 108, 113, 120
Lag8Baseline	91	true	false	false	4, 44, 64, 74, 77
Lag8Baseline	92	true	false	false	68, 73, 74, 81, 123, 127
Lag8Baseline	93	true	false	false	113
Lag8Baseline	94	true	false	false	39
Lag8Baseline	95	true	false	false	2, 39
Lag8Baseline	96	false	false	false	22, 44, 46, 52, 56, 74, 102, 104, 113, 119, 120
Lag8Baseline	97	true	false	false	120
Lag8Baseline	98	true	false	false	39, 50, 102
Lag8Baseline	99	true	false	false	38, 120
Lag8Baseline	100	false	true	false	34, 44, 48, 52, 68, 73, 74, 77, 81, 89, 119, 120, 126, 127, 128
Lag8Neutral	1	false	false	true	109, 119
Lag8Neutral	2	true	false	false	45
Lag8Neutral	3	true	false	false
Lag8Neutral	4	true	false	false	50
Lag8Neutral	5	true	false	false	45, 122
Lag8Neutral	6	true	false	false	43, 65
Lag8Neutral	7	false	true	false	25, 26, 45, 57, 89, 90, 95, 99
Lag8Neutral	8	true	false	false	45, 57
Lag8Neutral	9	true	false	false	57, 65
Lag8Neutral	10	true	false	false	43, 119
Lag8Neutral	11	true	false	false
Lag8Neutral	12	true	false	false
Lag8Neutral	13	true	false	false
Lag8Neutral	14	true	false	false
Lag8Neutral	15	true	false	false	39, 44, 122
Lag8Neutral	16	true	false	false
Lag8Neutral	17	true	false	false	48
Lag8Neutral	18	true	false	false	27, 120
Lag8Neutral	19	true	false	false	40
Lag8Neutral	20	true	false	false	39
Lag8Neutral	21	true	false	false	27, 45
Lag8Neutral	22	true	false	false	23
Lag8Neutral	23	true	false	false	113
Lag8Neutral	24	true	false	false
Lag8Neutral	25	true	false	false	23, 27, 81, 82, 88, 94
Lag8Neutral	26	true	false	false	26
Lag8Neutral	27	false	true	false	23, 45, 57, 126, 127
Lag8Neutral	28	true	false	false	45
Lag8Neutral	29	true	false	false	56, 114
Lag8Neutral	30	true	false	false	39, 48, 110, 126
Lag8Neutral	31	true	false	false	48
Lag8Neutral	32	true	false	false	23, 27, 44, 48, 81
Lag8Neutral	33	true	false	false	43
Lag8Neutral	34	true	false	false	119
Lag8Neutral	35	true	false	false	39, 46, 116
Lag8Neutral	36	true	false	false	119
Lag8Neutral	37	false	true	false	8, 50, 107, 120
Lag8Neutral	38	true	false	false	50, 88, 89, 94, 95, 99, 107
Lag8Neutral	39	true	false	false
Lag8Neutral	40	false	true	false	2, 3, 5, 8, 9, 10, 14, 15, 16, 17, 18, 21, 22, 23, 25, 26, 38, 43, 45, 48, 64, 68, 69, 73, 81, 102, 108, 113, 115, 119, 120, 121
Lag8Neutral	41	false	true	false	1, 3, 4, 5, 8, 9, 10, 14, 15, 16, 21, 22, 23, 25, 26, 27, 32, 39, 40, 43, 44, 65, 116, 118, 119, 120, 121, 122, 127
Lag8Neutral	42	false	true	false	1, 2, 3, 4, 5, 8, 9, 10, 11, 12, 13, 14, 15, 16, 17, 18, 19, 20, 21, 22, 23, 24, 25, 26, 27, 28, 29, 32, 33, 34, 35, 36, 38, 39, 40, 43, 44, 45, 47, 50, 51, 52, 57, 58, 59, 65, 66, 70, 75, 79, 80, 86, 87, 96, 98, 99, 102, 104, 105, 108, 109, 110, 111, 112, 114, 115, 116, 117, 118, 119, 120, 121, 122, 123, 124, 127
Lag8Neutral	43	true	false	false	56
Lag8Neutral	44	false	false	false	48, 56, 68, 69, 73, 74, 81, 82, 88, 89, 94, 99, 113, 119
Lag8Neutral	45	true	false	false
Lag8Neutral	46	true	false	false	116, 122
Lag8Neutral	47	true	false	false
Lag8Neutral	48	true	false	false	83, 107, 122
Lag8Neutral	49	true	false	false	34
Lag8Neutral	50	true	false	false	2, 48, 81, 88, 119, 120
Lag8Neutral	51	false	true	false	127
Lag8Neutral	52	true	false	false	49, 122
Lag8Neutral	53	true	false	false
Lag8Neutral	54	true	false	false	11, 81
Lag8Neutral	55	true	false	false	45, 48, 56, 63, 74, 81, 88, 89, 95, 110
Lag8Neutral	56	true	false	false	44
Lag8Neutral	57	true	false	false	5, 41, 45, 56, 113
Lag8Neutral	58	true	false	false	45
Lag8Neutral	59	true	false	false	44, 59
Lag8Neutral	60	true	false	false	59
Lag8Neutral	61	false	true	false	22, 26, 73, 74, 127
Lag8Neutral	62	true	false	false
Lag8Neutral	63	true	false	false	44
Lag8Neutral	64	true	false	false	24
Lag8Neutral	65	true	false	false	41, 45
Lag8Neutral	66	true	false	false	44
Lag8Neutral	67	true	false	false	45, 51
Lag8Neutral	68	true	false	false	41, 101
Lag8Neutral	69	true	false	false	109, 119
Lag8Neutral	70	true	false	false	25
Lag8Neutral	71	false	true	false	25, 33, 45, 120
Lag8Neutral	72	true	false	false	9, 46, 119
Lag8Neutral	73	true	false	false
Lag8Neutral	74	true	false	false	109, 112, 119, 120
Lag8Neutral	75	true	false	false	33, 46, 69, 99, 108, 123
Lag8Neutral	76	false	true	false	25, 33, 69, 120
Lag8Neutral	77	true	false	false	2, 51, 69, 74, 120
Lag8Neutral	78	true	false	false
Lag8Neutral	79	true	false	false	40, 46
Lag8Neutral	80	true	false	false	46, 108, 116, 120
Lag8Neutral	81	true	false	false	35, 63
Lag8Neutral	82	true	false	false	27, 35, 36, 52, 71, 74, 127
Lag8Neutral	83	true	false	false	4, 112, 120
Lag8Neutral	84	true	false	false	22
Lag8Neutral	85	false	true	false	35, 46, 127
Lag8Neutral	86	true	false	false	121
Lag8Neutral	87	false	true	false	74, 120, 127
Lag8Neutral	88	true	false	false	120
Lag8Neutral	89	true	false	false	22, 41, 74, 121
Lag8Neutral	90	false	true	false	41, 44, 74, 112
Lag8Neutral	91	true	false	false	46
Lag8Neutral	92	false	true	false	59, 74, 113, 126
Lag8Neutral	93	true	false	false	10, 74, 77, 113, 122
Lag8Neutral	94	true	false	false	45, 73, 81, 112
Lag8Neutral	95	true	false	false	45, 68, 73, 74, 81, 120, 122
Lag8Neutral	96	true	false	false	44, 52, 63, 68, 82, 89, 99, 113, 119, 120
Lag8Neutral	97	false	false	false	4, 5, 7, 20, 26, 29, 34, 36, 37, 44, 46, 49, 52, 59, 68, 73, 74, 75, 77, 81, 82, 86, 88, 95, 97, 99, 113, 120, 121, 124
Lag8Neutral	98	true	false	false	41, 120
Lag8Neutral	99	true	false	false	120
Lag8Neutral	100	true	false	false	112, 120, 127
Lag8Negative	1	true	false	false	26, 43
Lag8Negative	2	true	false	false	45
Lag8Negative	3	true	false	false	22, 86
Lag8Negative	4	true	false	false	63
Lag8Negative	5	true	false	false	43, 108
Lag8Negative	6	true	false	false	25, 57, 65
Lag8Negative	7	false	true	false	127
Lag8Negative	8	true	false	false
Lag8Negative	9	false	false	false	45, 68, 69, 73, 74, 81, 89, 90, 95, 96, 99, 101, 119
Lag8Negative	10	true	false	false	17, 22, 122
Lag8Negative	11	true	false	false	33, 57
Lag8Negative	12	true	false	false	32, 45, 119, 120
Lag8Negative	13	false	true	false	25
Lag8Negative	14	true	false	false	48
Lag8Negative	15	true	false	false	27, 57
Lag8Negative	16	true	false	false	17
Lag8Negative	17	true	false	false	39
Lag8Negative	18	true	false	false	48, 127
Lag8Negative	19	true	false	false	39, 44
Lag8Negative	20	true	false	false	33, 44, 122
Lag8Negative	21	true	false	false	39
Lag8Negative	22	true	false	false	27, 38, 39, 127
Lag8Negative	23	true	false	false	56, 63, 73, 88, 94, 113, 119
Lag8Negative	24	true	false	false	27, 45, 58
Lag8Negative	25	true	false	false	26, 45
Lag8Negative	26	true	false	false
Lag8Negative	27	false	true	false	2, 14, 17, 26, 48, 56, 68, 69, 70, 73, 99, 119, 127
Lag8Negative	28	true	false	false	22, 81, 119
Lag8Negative	29	true	false	false	44
Lag8Negative	30	false	true	false	81, 88, 119, 127
Lag8Negative	31	true	false	false	48
Lag8Negative	32	true	false	false	119
Lag8Negative	33	true	false	false	27, 119
Lag8Negative	34	true	false	false	40, 46
Lag8Negative	35	true	false	false	40
Lag8Negative	36	true	false	false	46, 49, 56, 113, 119
Lag8Negative	37	true	false	false	50
Lag8Negative	38	true	false	false	45, 113
Lag8Negative	39	true	false	false	45, 50, 113
Lag8Negative	40	true	false	false	57
Lag8Negative	41	true	false	false	70
Lag8Negative	42	true	false	false
Lag8Negative	43	true	false	false	45, 113
Lag8Negative	44	false	true	false	3, 4, 5, 8, 9, 10, 14, 15, 17, 22, 24, 25, 26, 28, 39, 40, 43, 44, 51, 52, 70, 116, 118, 120, 121, 122
Lag8Negative	45	true	false	false
Lag8Negative	46	true	false	false	45, 64
Lag8Negative	47	false	true	false	3, 5, 8, 9, 14, 15, 17, 18, 21, 22, 23, 24, 25, 45, 48, 49, 56, 57, 81, 116
Lag8Negative	48	true	false	false
Lag8Negative	49	true	false	false
Lag8Negative	50	true	false	false	26
Lag8Negative	51	true	false	false	26, 50
Lag8Negative	52	true	false	false
Lag8Negative	53	true	false	false	81, 82, 83
Lag8Negative	54	true	false	false	22, 51, 122
Lag8Negative	55	true	false	false	48
Lag8Negative	56	true	false	false	40, 81
Lag8Negative	57	true	false	false	41
Lag8Negative	58	true	false	false	46, 81, 113
Lag8Negative	59	true	false	false	46, 82
Lag8Negative	60	true	false	false	2
Lag8Negative	61	true	false	false	22, 39
Lag8Negative	62	true	false	false	45, 63
Lag8Negative	63	true	false	false
Lag8Negative	64	true	false	false	18
Lag8Negative	65	true	false	false
Lag8Negative	66	true	false	false	46, 101, 119
Lag8Negative	67	true	false	false	22, 45, 81, 119
Lag8Negative	68	true	false	false	41, 109, 116
Lag8Negative	69	false	true	false	7, 18, 20, 49, 56, 69, 73, 74, 77, 82, 114, 119, 120, 126, 127
Lag8Negative	70	false	true	false	44, 45, 82, 113, 119, 120, 126, 127
Lag8Negative	71	true	false	false	33, 110
Lag8Negative	72	true	false	false	9
Lag8Negative	73	false	true	false	9, 14, 17, 21, 35, 37, 44, 52, 69, 73, 74, 77, 81, 99, 103, 117, 118, 120, 127
Lag8Negative	74	true	false	false	18, 59
Lag8Negative	75	true	false	false	46, 113
Lag8Negative	76	true	false	false	46
Lag8Negative	77	true	false	false	104, 112
Lag8Negative	78	true	false	false	44, 99
Lag8Negative	79	true	false	false
Lag8Negative	80	true	false	false	45
Lag8Negative	81	true	false	false	120
Lag8Negative	82	true	false	false
Lag8Negative	83	true	false	false	59, 74, 118, 121
Lag8Negative	84	true	false	false	120
Lag8Negative	85	true	false	false	4, 43, 45, 65, 74, 102
Lag8Negative	86	false	false	false	29, 35, 36, 48, 52, 63, 68, 73, 74, 113, 119, 120, 122, 127
Lag8Negative	87	true	false	false	4, 46, 63, 77
Lag8Negative	88	true	false	false	2, 18, 38, 74, 120
Lag8Negative	89	false	true	false	38, 74, 77, 102, 120
Lag8Negative	90	true	false	false	35, 74, 120
Lag8Negative	91	true	false	false	30, 35, 74, 120
Lag8Negative	92	false	true	false	7, 20, 22, 26, 28, 35, 45, 48, 50, 56, 73, 74, 77, 117, 120, 124, 127
Lag8Negative	93	true	false	false	74, 77, 122
Lag8Negative	94	true	false	false	39, 113
Lag8Negative	95	true	false	false	46, 82
Lag8Negative	96	true	false	false	59, 120, 127
Lag8Negative	97	true	false	false	30, 120
Lag8Negative	98	false	true	false	48, 49, 56, 82, 119, 120, 121, 123, 126
Lag8Negative	99	false	true	false	40, 51, 74, 77, 119, 120, 127
Lag8Negative	100	false	true	false	68, 73, 74, 77, 88, 104, 113, 114, 115, 119, 120, 126, 127
L2NCorrect	1	true	false	false	32, 43
L2NCorrect	2	true	false	false
L2NCorrect	3	true	false	false	26, 44, 121
L2NCorrect	4	true	false	false	33
L2NCorrect	5	true	false	false	8, 108
L2NCorrect	6	true	false	false	43, 49
L2NCorrect	7	true	false	false	45
L2NCorrect	8	true	false	false
L2NCorrect	9	false	true	false	21, 33, 39, 44
L2NCorrect	10	true	false	false	39
L2NCorrect	11	true	false	false
L2NCorrect	12	true	false	false	39, 44
L2NCorrect	13	true	false	false
L2NCorrect	14	true	false	false
L2NCorrect	15	true	false	false	41, 81, 88, 113
L2NCorrect	16	true	false	false
L2NCorrect	17	true	false	false	45
L2NCorrect	18	true	false	false	23, 26, 68, 69, 73, 74, 81
L2NCorrect	19	true	false	false	49
L2NCorrect	20	true	false	false	50
L2NCorrect	21	true	false	false
L2NCorrect	22	true	false	false	21, 39, 41, 120
L2NCorrect	23	true	false	false	56, 116, 119
L2NCorrect	24	true	false	false
L2NCorrect	25	false	true	true	8, 126, 128
L2NCorrect	26	true	false	false	121
L2NCorrect	27	false	true	false	25, 57, 126, 127
L2NCorrect	28	false	true	true	1, 32, 48, 49, 51, 56, 63, 68, 69, 73, 74, 81, 82, 88, 89, 90, 94, 95, 99, 107, 113, 119, 121, 125, 126, 127, 128
L2NCorrect	29	true	false	false	45, 63
L2NCorrect	30	true	false	false	4, 22, 34, 102
L2NCorrect	31	true	false	false	22
L2NCorrect	32	true	false	false	20
L2NCorrect	33	true	false	false	57, 81, 127
L2NCorrect	34	true	false	false	49
L2NCorrect	35	false	true	false	43, 46, 63, 77, 103, 114, 116, 123, 126, 127
L2NCorrect	36	false	true	false	18, 29, 49, 52, 56, 63, 68, 73, 74, 77, 81, 82, 85, 87, 88, 93, 95, 96, 99, 117, 118, 119, 120, 124, 126, 127
L2NCorrect	37	true	false	false	99, 124
L2NCorrect	38	false	true	true	1, 8, 9, 14, 17, 22, 23, 25, 26, 32, 33, 40, 48, 71, 74, 81, 120, 125, 126, 127, 128
L2NCorrect	39	true	false	false	4, 74, 122, 127
L2NCorrect	40	true	false	false	74, 116, 122
L2NCorrect	41	true	false	false	46, 74, 81, 112, 127
L2NCorrect	42	true	false	false	25, 69, 73, 74, 81, 120
L2NCorrect	43	true	false	false	41, 59, 74, 81, 99, 113, 126, 127
L2NCorrect	44	true	false	false	122
L2NCorrect	45	true	false	false	113
L2NCorrect	46	true	false	false	50, 74, 81, 120
L2NCorrect	47	true	false	false	34
L2NIncorrect	1	false	true	false	8, 22, 33
L2NIncorrect	2	true	false	false	81
L2NIncorrect	3	true	false	false	39, 57
L2NIncorrect	4	true	false	false	26, 45, 57
L2NIncorrect	5	true	false	false
L2NIncorrect	6	true	false	false	39, 48
L2NIncorrect	7	true	false	false	50, 68, 73, 81, 88
L2NIncorrect	8	true	false	false	48
L2NIncorrect	9	true	false	false	26, 45, 81, 88, 120
L2NIncorrect	10	true	false	false	26, 48, 108
L2NIncorrect	11	true	false	false	48, 51, 52
L2NIncorrect	12	true	false	false
L2NIncorrect	13	true	false	false	108
L2NIncorrect	14	false	true	false	3, 5, 8, 9, 10, 14, 15, 16, 17, 18, 21, 22, 25, 26, 27, 34, 41, 48, 49, 56, 81, 119
L2NIncorrect	15	true	false	false
L2NIncorrect	16	true	false	false
L2NIncorrect	17	true	false	false	22, 120
L2NIncorrect	18	true	false	false	22, 45, 113
L2NIncorrect	19	true	false	false
L2NIncorrect	20	true	false	false	26, 44, 45, 56, 120, 122
L2NIncorrect	21	true	false	false	113
L2NIncorrect	22	true	false	false
L2NIncorrect	23	false	true	false	17, 39, 48, 56, 83, 88, 116, 119, 122, 127
L2NIncorrect	24	true	false	false
L2NIncorrect	25	true	false	false	39
L2NIncorrect	26	true	false	false
L2NIncorrect	27	true	false	false	48
L2NIncorrect	28	true	false	false	48
L2NIncorrect	29	true	false	false	23
L2NIncorrect	30	false	false	false	22, 46, 49, 52, 68, 69, 73, 74, 75, 81, 82, 83, 87, 89, 94, 96, 99, 113, 114, 120
L2NIncorrect	31	false	true	false	26, 45, 81, 113, 121, 126
L2NIncorrect	32	true	false	false	22
L2NIncorrect	33	true	false	false	22
L2NIncorrect	34	false	false	false	22, 45, 56, 63, 68, 69, 73, 74, 81, 88, 89, 90, 95, 96, 99, 110, 117, 119, 127
L2NIncorrect	35	true	false	false	43
L2NIncorrect	36	true	false	false	46, 109, 116, 120
L2NIncorrect	37	true	false	false	18, 120
L2NIncorrect	38	false	true	false	25, 43, 124
L2NIncorrect	39	true	false	false	33, 68, 69, 73, 74, 81, 113, 114, 119, 120
L2NIncorrect	40	true	false	false	124
L2NIncorrect	41	true	false	false	25, 33, 45, 67
L2NIncorrect	42	true	false	false
L2NIncorrect	43	true	false	false	81, 120
L2NIncorrect	44	true	false	false	113
L2NIncorrect	45	true	false	false	46
L2NIncorrect	46	true	false	false	74, 120
L2NIncorrect	47	true	false	false	25, 74, 77
L2NIncorrect	48	true	false	false	46, 74, 77
L2NIncorrect	49	true	false	false	35, 120
L2NIncorrect	50	true	false	false	46, 50, 122
L2NIncorrect	51	true	false	false	18, 35, 120
L2NIncorrect	52	true	false	false	46, 70, 123
L2NIncorrect	53	true	false	false	44, 120
