Category	Segment number	Segment Good	Eye Blinks	Eye Movements	Bad Channels
Lag2Baseline	1	false	true	false	108, 113, 126, 127
Lag2Baseline	2	true	false	false
Lag2Baseline	3	true	false	false
Lag2Baseline	4	false	true	false	8, 14, 21, 22, 25, 26
Lag2Baseline	5	true	false	false
Lag2Baseline	6	true	false	false
Lag2Baseline	7	true	false	false
Lag2Baseline	8	true	false	false
Lag2Baseline	9	true	false	false
Lag2Baseline	10	true	false	false
Lag2Baseline	11	true	false	false
Lag2Baseline	12	true	false	false
Lag2Baseline	13	true	false	false
Lag2Baseline	14	false	true	false	25
Lag2Baseline	15	true	false	false	68, 73
Lag2Baseline	16	true	false	false
Lag2Baseline	17	true	false	false
Lag2Baseline	18	true	false	false
Lag2Baseline	19	true	false	false
Lag2Baseline	20	false	true	false	8, 14, 17, 21, 22, 25, 26
Lag2Baseline	21	true	false	false	113
Lag2Baseline	22	true	false	false
Lag2Baseline	23	false	true	false	2, 8, 9, 10, 14, 15, 16, 17, 18, 19, 21, 22, 23, 25, 26, 32
Lag2Baseline	24	true	false	false
Lag2Baseline	25	true	false	false
Lag2Baseline	26	true	false	false
Lag2Baseline	27	true	false	false
Lag2Baseline	28	true	false	false
Lag2Baseline	29	true	false	false
Lag2Baseline	30	true	false	false
Lag2Baseline	31	true	false	false
Lag2Baseline	32	true	false	false
Lag2Baseline	33	true	false	false
Lag2Baseline	34	true	false	false
Lag2Baseline	35	true	false	false
Lag2Baseline	36	true	false	false
Lag2Baseline	37	true	false	false	113
Lag2Baseline	38	true	false	false
Lag2Baseline	39	true	false	false
Lag2Baseline	40	true	false	false
Lag2Baseline	41	true	false	false
Lag2Baseline	42	true	false	false
Lag2Baseline	43	true	false	false
Lag2Baseline	44	true	false	false	94, 113
Lag2Baseline	45	true	false	false	113
Lag2Baseline	46	true	false	false
Lag2Baseline	47	true	false	false
Lag2Baseline	48	true	false	false	8, 9, 18, 21, 26
Lag2Baseline	49	true	false	false	2, 3, 9, 22, 23, 26
Lag2Baseline	50	true	false	false
Lag2Baseline	51	false	true	false	2, 3, 8, 9, 10, 18, 21, 22, 23, 25, 26, 27, 32, 44, 56, 63
Lag2Baseline	52	true	false	false	2, 3, 9, 18, 22, 23, 26
Lag2Baseline	53	false	true	true	1, 2, 3, 4, 8, 9, 10, 14, 15, 17, 18, 20, 21, 22, 23, 24, 25, 26, 32, 33, 34, 38, 39, 43, 44, 45, 51, 56, 57, 58, 68, 75, 81, 83, 90, 94, 95, 99, 101, 107, 109, 114, 115, 120, 121, 122, 123, 125, 128
Lag2Baseline	54	false	true	true	2, 3, 6, 8, 9, 10, 11, 12, 13, 14, 15, 16, 18, 19, 20, 21, 22, 23, 24, 25, 26, 27, 32, 33, 39, 44, 45, 46, 48, 49, 50, 56, 57, 63, 64, 65, 68, 69, 73, 74, 75, 81, 82, 83, 89, 90, 93, 95, 96, 99, 100, 101, 103, 107, 108, 109, 114, 115, 119, 122, 123, 124, 125, 126
Lag2Baseline	55	false	true	true	2, 3, 8, 9, 10, 18, 21, 22, 23, 24, 25, 26, 27, 33, 39, 44, 45, 50, 56, 57, 58, 64, 75, 94, 95, 96, 99, 100, 101, 102, 103, 107, 108, 114, 115, 116, 121, 124, 125
Lag2Baseline	56	false	false	true	2, 9, 23, 25, 26, 48
Lag2Baseline	57	false	true	true	1, 2, 3, 8, 9, 10, 14, 15, 19, 21, 22, 23, 24, 25, 26, 27, 33, 34, 38, 39, 40, 44, 45, 46, 50, 56, 57, 58, 63, 64, 65, 68, 69, 73, 74, 75, 81, 82, 83, 88, 89, 90, 94, 95, 96, 99, 100, 101, 102, 103, 107, 108, 109, 114, 115, 116, 117, 119, 120, 121, 122, 123, 124, 125
Lag2Baseline	58	false	true	true	1, 2, 3, 8, 9, 10, 14, 15, 18, 19, 21, 22, 23, 24, 25, 26, 27, 32, 33, 34, 38, 39, 40, 41, 44, 45, 46, 47, 48, 50, 56, 57, 58, 63, 64, 65, 68, 69, 70, 73, 74, 75, 81, 82, 83, 88, 89, 90, 94, 95, 96, 98, 99, 100, 101, 102, 103, 107, 108, 109, 114, 115, 116, 117, 119, 120, 121, 122, 123, 124, 125, 128
Lag2Baseline	59	false	true	false	1, 2, 3, 8, 9, 14, 17, 18, 21, 22, 23, 25, 26, 27, 28, 32, 33, 34, 38, 39, 40, 44, 45, 46, 48, 50, 56, 57, 58, 60, 63, 64, 65, 68, 69, 70, 73, 75, 89, 94, 95, 96, 99, 100, 101, 107, 108, 109, 114, 115, 116, 117, 121, 122, 123, 124, 125, 127, 128
Lag2Baseline	60	false	false	true	128
Lag2Baseline	61	true	false	false
Lag2Baseline	62	true	false	false
Lag2Baseline	63	true	false	false
Lag2Baseline	64	false	true	false	2, 3, 8, 9, 14, 22, 23, 25, 26, 57, 101, 107
Lag2Baseline	65	true	false	false	114
Lag2Baseline	66	true	false	false
Lag2Baseline	67	true	false	false
Lag2Baseline	68	true	false	false
Lag2Baseline	69	true	false	false
Lag2Baseline	70	true	false	false
Lag2Baseline	71	true	false	false
Lag2Baseline	72	false	true	false	14, 17, 21, 94, 126, 127
Lag2Baseline	73	true	false	false	2, 38, 113, 126
Lag2Baseline	74	true	false	false
Lag2Baseline	75	true	false	false
Lag2Baseline	76	true	false	false
Lag2Baseline	77	false	true	false	2, 8, 14, 21, 25
Lag2Baseline	78	false	true	false	2, 3, 8, 9, 14, 19, 21, 22, 23, 25, 26, 45, 56, 57, 62, 68, 73, 74, 82, 108, 116
Lag2Baseline	79	false	true	true	2, 3, 8, 14, 18, 21, 22, 23, 25, 26, 45, 56, 57, 114, 123, 124, 125, 126
Lag2Baseline	80	false	true	false	2, 3, 8, 9, 23, 26
Lag2Baseline	81	false	true	false	1, 2, 8, 9, 10, 14, 15, 19, 21, 22, 23, 24, 25, 26, 27, 32, 33, 38, 39, 40, 41, 44, 45, 50, 56, 57, 58, 63, 64, 68, 69, 73, 74, 75, 81, 82, 88, 89, 90, 94, 95, 99, 100, 101, 103, 107, 108, 109, 114, 115, 116, 117, 121, 122, 123, 124, 126
Lag2Baseline	82	false	true	false	1, 2, 3, 8, 9, 10, 11, 14, 15, 16, 17, 18, 19, 20, 21, 22, 23, 24, 25, 26, 27, 32, 33, 38, 39, 40, 41, 44, 45, 46, 47, 50, 56, 57, 58, 63, 64, 68, 69, 73, 74, 75, 81, 82, 88, 89, 90, 94, 95, 96, 99, 100, 101, 102, 103, 107, 108, 109, 114, 115, 116, 117, 121, 122, 123, 124
Lag2Baseline	83	true	false	false
Lag2Baseline	84	false	true	false	2, 3, 8, 9, 10, 14, 15, 16, 17, 18, 21, 22, 23, 24, 25, 26, 27, 32, 45, 55, 56, 62, 63, 68, 73, 74, 77, 78, 81, 82, 94, 107
Lag2Baseline	85	true	false	false	78
Lag2Baseline	86	true	false	false
Lag2Baseline	87	true	false	false
Lag2Baseline	88	true	false	false
Lag2Baseline	89	true	false	false
Lag2Baseline	90	false	true	false	8, 9, 14, 17, 21, 22, 25
Lag2Baseline	91	false	true	true	2, 3, 8, 9, 10, 14, 15, 16, 17, 18, 19, 21, 22, 23, 24, 25, 26, 27, 32, 33, 45, 49, 50, 53, 57, 62, 64, 67, 68, 73, 74, 78, 81, 82, 88, 94, 95, 100, 113, 114, 121, 123, 124, 125, 126, 127
Lag2Baseline	92	true	false	false	122
Lag2Baseline	93	false	true	true	1, 2, 3, 8, 9, 14, 15, 18, 19, 21, 22, 23, 24, 25, 26, 27, 33, 39, 45, 50, 56, 57, 63, 64, 88, 94, 99, 107, 121, 122, 123, 124, 125, 126
Lag2Baseline	94	true	false	false
Lag2Baseline	95	false	true	false	1, 2, 3, 8, 9, 10, 14, 15, 18, 19, 20, 21, 22, 23, 24, 25, 26, 27, 32, 33, 39, 45, 50, 56, 57, 63, 64, 100, 107, 108, 115, 121, 122, 123, 124
Lag2Baseline	96	true	false	false	2, 8, 22, 23, 25, 26, 57, 63, 64
Lag2Baseline	97	false	true	false	8, 9, 14, 15, 17, 18, 21, 22, 23, 25, 26, 45, 63, 64, 78, 88, 89, 94, 126
Lag2Baseline	98	false	true	false	2, 3, 8, 9, 10, 14, 15, 18, 19, 20, 21, 22, 23, 24, 25, 26, 27, 33, 39, 44, 45, 50, 57, 63, 64, 100, 107, 115, 121, 123, 124
Lag2Baseline	99	true	false	false
Lag2Baseline	100	true	false	false
Lag2Neutral	1	true	false	false	56, 57, 64
Lag2Neutral	2	true	false	false
Lag2Neutral	3	true	false	false
Lag2Neutral	4	false	false	true	49, 125
Lag2Neutral	5	true	false	false	126
Lag2Neutral	6	true	false	false
Lag2Neutral	7	true	false	false
Lag2Neutral	8	true	false	false
Lag2Neutral	9	false	true	false	8, 14, 17, 21, 22, 25
Lag2Neutral	10	true	false	false	44, 49, 56
Lag2Neutral	11	true	false	false
Lag2Neutral	12	true	false	false
Lag2Neutral	13	true	false	false
Lag2Neutral	14	true	false	false
Lag2Neutral	15	true	false	false
Lag2Neutral	16	true	false	false
Lag2Neutral	17	true	false	false
Lag2Neutral	18	false	true	true	1, 21, 25, 27, 32, 33, 48, 56, 68, 73, 78, 80, 128
Lag2Neutral	19	true	false	false
Lag2Neutral	20	true	false	false
Lag2Neutral	21	true	false	false
Lag2Neutral	22	true	false	false
Lag2Neutral	23	true	false	false
Lag2Neutral	24	true	false	false
Lag2Neutral	25	true	false	false
Lag2Neutral	26	true	false	false
Lag2Neutral	27	true	false	false
Lag2Neutral	28	true	false	false
Lag2Neutral	29	true	false	false
Lag2Neutral	30	true	false	false
Lag2Neutral	31	true	false	false
Lag2Neutral	32	true	false	false
Lag2Neutral	33	true	false	false
Lag2Neutral	34	true	false	false	94, 113
Lag2Neutral	35	true	false	false	113
Lag2Neutral	36	true	false	false
Lag2Neutral	37	true	false	false	8, 9, 22, 23, 24
Lag2Neutral	38	true	false	false
Lag2Neutral	39	true	false	false
Lag2Neutral	40	true	false	false
Lag2Neutral	41	true	false	false	19, 22, 23, 26, 56
Lag2Neutral	42	false	true	false	2, 8, 9, 10, 11, 14, 15, 16, 17, 18, 21, 22, 23, 25, 26, 49, 68, 69, 73, 74, 81, 82, 83, 88, 89, 94, 95, 99, 100, 107, 113
Lag2Neutral	43	true	false	false
Lag2Neutral	44	true	false	false
Lag2Neutral	45	true	false	false	119
Lag2Neutral	46	true	false	false
Lag2Neutral	47	true	false	false	113
Lag2Neutral	48	true	false	false	7
Lag2Neutral	49	false	true	true	1, 2, 9, 43, 48, 49, 63, 64, 68, 69, 73, 74, 81, 82, 94, 109, 113, 114, 115, 119, 120, 122, 125, 126, 127
Lag2Neutral	50	false	true	false	126
Lag2Neutral	51	false	true	false	3, 8, 9, 18, 22, 23, 26, 56, 63, 113
Lag2Neutral	52	true	false	false	9, 18, 26
Lag2Neutral	53	true	false	false
Lag2Neutral	54	false	true	false	1, 2, 3, 8, 9, 14, 17, 18, 21, 22, 23, 24, 25, 26, 27, 32, 33, 34, 39, 40, 43, 44, 45, 48, 49, 50, 51, 56, 57, 58, 59, 63, 64, 65, 66, 68, 69, 70, 71, 73, 74, 75, 81, 82, 83, 84, 88, 89, 90, 94, 95, 96, 99, 100, 101, 103, 107, 108, 109, 113, 114, 115, 116, 119, 120, 121, 122, 123, 124, 125, 126, 127, 128
Lag2Neutral	55	false	true	true	1, 2, 3, 8, 9, 10, 14, 15, 16, 18, 19, 20, 21, 22, 23, 24, 25, 26, 27, 32, 33, 38, 39, 40, 43, 44, 45, 48, 50, 56, 57, 58, 63, 64, 65, 68, 69, 73, 75, 83, 94, 100, 101, 103, 107, 108, 115, 116, 119, 120, 121, 123, 125, 128
Lag2Neutral	56	false	false	true	9, 21, 22, 25, 32, 56, 119, 120
Lag2Neutral	57	false	true	true	17, 25, 49, 128
Lag2Neutral	58	false	true	false	3, 9, 10, 11, 15, 16, 18, 22, 23, 24, 26, 27, 48, 50, 56, 57, 63, 64, 68, 69, 73, 107, 125, 126, 128
Lag2Neutral	59	true	false	false	2, 3, 8, 25, 26
Lag2Neutral	60	true	false	false
Lag2Neutral	61	true	false	false
Lag2Neutral	62	true	false	false
Lag2Neutral	63	true	false	false
Lag2Neutral	64	true	false	false
Lag2Neutral	65	true	false	false
Lag2Neutral	66	true	false	false
Lag2Neutral	67	true	false	false
Lag2Neutral	68	false	true	false	2, 8, 14, 21, 25, 26, 57
Lag2Neutral	69	true	false	false
Lag2Neutral	70	true	false	false
Lag2Neutral	71	true	false	false
Lag2Neutral	72	true	false	false	113
Lag2Neutral	73	true	false	false
Lag2Neutral	74	true	false	false
Lag2Neutral	75	true	false	false	2, 26
Lag2Neutral	76	true	false	false
Lag2Neutral	77	true	false	false
Lag2Neutral	78	true	false	false
Lag2Neutral	79	false	true	false	2, 3, 8, 9, 14, 15, 18, 21, 22, 23, 24, 25, 26, 33, 44, 45, 56, 57, 64, 81, 88, 94
Lag2Neutral	80	true	false	false
Lag2Neutral	81	false	true	true	3, 9, 10, 18, 27, 34, 49, 57, 68, 69, 73, 74, 78, 81, 82, 88, 89, 94, 95, 99, 100, 107, 109, 113, 119, 120, 121, 126, 127
Lag2Neutral	82	false	true	false	9, 18, 19, 21, 22, 23, 24, 25, 26, 27, 33, 39, 44, 45, 50, 56, 57, 63, 64, 115, 123
Lag2Neutral	83	false	false	false	19, 24, 25, 27, 33, 39, 44, 45, 50, 56, 57, 63, 64, 94, 107
Lag2Neutral	84	true	false	false
Lag2Neutral	85	true	false	false
Lag2Neutral	86	true	false	false
Lag2Neutral	87	false	true	false	2, 3, 8, 9, 14, 19, 21, 22, 23, 24, 25, 26, 33, 39, 45, 50, 57, 63, 64, 107, 108, 123
Lag2Neutral	88	false	true	false	2, 3, 8, 9, 10, 14, 15, 16, 17, 18, 19, 21, 22, 23, 25, 26, 27, 32, 49, 63, 68, 73, 74, 81, 82, 88, 94, 95, 99
Lag2Neutral	89	true	false	false	95
Lag2Neutral	90	true	false	false
Lag2Neutral	91	true	false	false	25
Lag2Neutral	92	false	true	false	2, 3, 8, 9
Lag2Neutral	93	false	true	true	1, 2, 3, 8, 9, 14, 22, 23, 25, 26, 45, 56, 57, 94, 103, 120, 121, 122, 125, 126
Lag2Neutral	94	true	false	false	49
Lag2Neutral	95	true	false	false	17
Lag2Neutral	96	false	false	false	2, 3, 8, 9, 22, 23, 24, 26, 45, 57, 63, 107
Lag2Neutral	97	true	false	false
Lag2Neutral	98	false	true	false	2, 3, 8, 9, 10, 14, 15, 18, 21, 22, 23, 24, 25, 26, 33, 44, 45, 50, 57, 64, 73, 107
Lag2Neutral	99	false	true	false	2, 3, 8, 9, 10, 14, 15, 17, 21, 22, 23, 25, 26, 33, 45, 107
Lag2Neutral	100	false	true	false	2, 3, 8, 9, 10, 14, 15, 18, 19, 21, 22, 23, 24, 25, 26, 27, 33, 39, 44, 45, 50, 56, 57, 63, 64, 89, 95, 99, 100, 107, 115, 121, 123, 124
Lag2Negative	1	true	false	false
Lag2Negative	2	true	false	false	56, 57
Lag2Negative	3	true	false	false
Lag2Negative	4	true	false	false
Lag2Negative	5	true	false	false
Lag2Negative	6	true	false	false
Lag2Negative	7	true	false	false
Lag2Negative	8	true	false	false
Lag2Negative	9	true	false	false
Lag2Negative	10	true	false	false
Lag2Negative	11	true	false	false
Lag2Negative	12	true	false	false
Lag2Negative	13	true	false	false
Lag2Negative	14	true	false	false
Lag2Negative	15	true	false	false
Lag2Negative	16	true	false	false
Lag2Negative	17	true	false	false
Lag2Negative	18	true	false	false
Lag2Negative	19	true	false	false
Lag2Negative	20	false	true	false	8, 9, 11, 14, 15, 16, 17, 18, 21, 22, 25, 113
Lag2Negative	21	true	false	false	68, 73, 74, 81, 82, 83, 113
Lag2Negative	22	true	false	false
Lag2Negative	23	true	false	false	49, 113, 115
Lag2Negative	24	true	false	false
Lag2Negative	25	true	false	false
Lag2Negative	26	true	false	false
Lag2Negative	27	true	false	false
Lag2Negative	28	true	false	false
Lag2Negative	29	true	false	false
Lag2Negative	30	true	false	false
Lag2Negative	31	true	false	false
Lag2Negative	32	true	false	false
Lag2Negative	33	true	false	false
Lag2Negative	34	false	true	false	8, 14, 17, 21, 22, 25
Lag2Negative	35	false	true	false	8
Lag2Negative	36	true	false	false	113
Lag2Negative	37	true	false	false	113
Lag2Negative	38	true	false	false	113
Lag2Negative	39	true	false	false
Lag2Negative	40	true	false	false
Lag2Negative	41	true	false	false
Lag2Negative	42	true	false	false	122
Lag2Negative	43	true	false	false	122
Lag2Negative	44	true	false	false	49, 116, 122
Lag2Negative	45	true	false	false
Lag2Negative	46	false	true	true	14, 17, 21, 24, 25, 27, 32, 33, 36, 48, 49, 55, 62, 63, 68, 69, 73, 74, 75, 77, 78, 81, 82, 83, 88, 89, 107, 113, 114, 119, 125, 126, 127, 128
Lag2Negative	47	true	false	false
Lag2Negative	48	true	false	false	9
Lag2Negative	49	true	false	false	113
Lag2Negative	50	true	false	false
Lag2Negative	51	false	true	false	2, 3, 8, 18, 22, 23, 25, 26, 44, 56, 57, 63
Lag2Negative	52	false	true	false	2, 3, 8, 9, 15, 18, 22, 23, 26, 44, 45, 56, 57, 63, 107
Lag2Negative	53	false	false	false	2, 3, 8, 9, 18, 22, 23, 26, 44, 56, 57
Lag2Negative	54	true	false	false	3, 94
Lag2Negative	55	true	false	false	49, 94
Lag2Negative	56	false	true	false	2, 3, 8, 9, 10, 14, 15, 17, 18, 22, 23, 24, 25, 26, 44, 45, 56, 57, 63, 64, 100, 107
Lag2Negative	57	false	true	true	1, 2, 3, 8, 9, 10, 11, 14, 15, 16, 17, 18, 19, 21, 22, 23, 24, 25, 26, 27, 33, 38, 39, 44, 45, 48, 50, 56, 57, 58, 63, 64, 65, 68, 70, 73, 96, 100, 101, 107, 108, 109, 113, 114, 115, 116, 119, 120, 121, 123, 124, 125, 126, 128
Lag2Negative	58	false	true	false	1, 2, 3, 4, 8, 9, 10, 14, 15, 16, 18, 19, 22, 23, 24, 25, 26, 27, 32, 33, 34, 38, 39, 40, 41, 43, 44, 45, 46, 47, 48, 50, 56, 57, 58, 63, 64, 65, 68, 69, 70, 73, 74, 75, 81, 82, 83, 88, 89, 90, 91, 92, 94, 95, 96, 97, 98, 99, 100, 101, 102, 103, 107, 108, 109, 114, 115, 116, 117, 119, 120, 121, 122, 123, 124, 125, 128
Lag2Negative	59	false	true	false	1, 2, 3, 8, 9, 14, 17, 18, 19, 21, 22, 23, 24, 25, 27, 32, 33, 34, 38, 39, 40, 41, 43, 44, 45, 46, 47, 49, 50, 52, 56, 57, 58, 63, 64, 65, 68, 69, 70, 73, 74, 75, 81, 82, 83, 88, 89, 90, 91, 94, 95, 96, 98, 99, 100, 101, 102, 103, 107, 108, 109, 111, 114, 115, 116, 117, 119, 120, 121, 122, 123, 124, 125, 127, 128
Lag2Negative	60	false	false	false	24, 25, 27, 33, 39, 44, 45, 50, 56, 57, 63, 64, 126
Lag2Negative	61	true	false	false	68, 69, 73, 89
Lag2Negative	62	false	true	false	2, 3, 8, 9, 10, 14, 25, 26, 57, 89, 90, 101, 107, 121, 124
Lag2Negative	63	true	false	false
Lag2Negative	64	true	false	false
Lag2Negative	65	true	false	false
Lag2Negative	66	false	true	true	1, 2, 3, 8, 9, 10, 14, 15, 16, 17, 18, 21, 22, 23, 24, 25, 26, 27, 33, 34, 40, 43, 45, 48, 49, 63, 68, 69, 73, 74, 81, 82, 88, 94, 99, 102, 107, 108, 109, 113, 114, 115, 116, 117, 118, 119, 121, 122, 123, 124, 125, 126, 127
Lag2Negative	67	true	false	false
Lag2Negative	68	true	false	false
Lag2Negative	69	true	false	false	73, 81, 82
Lag2Negative	70	false	true	false	8, 14
Lag2Negative	71	false	true	true	2, 3, 8, 14, 21, 23, 25, 26, 45, 57, 125
Lag2Negative	72	false	true	true	2, 3, 8, 9, 10, 14, 15, 16, 17, 18, 19, 21, 22, 23, 25, 26, 27, 32, 57, 125, 126
Lag2Negative	73	true	false	false
Lag2Negative	74	true	false	false	2
Lag2Negative	75	false	true	false	2, 3, 8, 9, 14, 18, 21, 22, 23, 25, 26, 45, 56, 57, 64, 123
Lag2Negative	76	false	true	false	2, 3, 8, 9, 14, 21, 22, 23, 25, 26
Lag2Negative	77	false	true	false	2, 8, 9, 10, 14, 17, 21, 25, 26, 56
Lag2Negative	78	false	true	false	21, 22, 23, 25, 26
Lag2Negative	79	true	false	false
Lag2Negative	80	true	false	false
Lag2Negative	81	false	true	false	2, 3, 8, 9, 10, 14, 15, 16, 18, 19, 20, 21, 22, 23, 24, 25, 26, 27, 32, 33, 38, 39, 44, 45, 50, 56, 57, 63, 64, 68, 69, 73, 89, 95, 99, 100, 101, 107, 108, 115, 121, 122, 123, 124
Lag2Negative	82	true	false	false	10
Lag2Negative	83	false	false	false	2, 19, 20, 31, 44, 49, 54, 55, 57, 61, 62, 63, 68, 69, 73, 74, 77, 78, 81, 82, 88, 89, 94, 95, 99, 100, 107, 118, 126
Lag2Negative	84	true	false	false
Lag2Negative	85	true	false	false
Lag2Negative	86	true	false	false	2, 8, 9, 22, 23, 25, 26, 33
Lag2Negative	87	true	false	false
Lag2Negative	88	true	false	false
Lag2Negative	89	true	false	false
Lag2Negative	90	true	false	false
Lag2Negative	91	true	false	false
Lag2Negative	92	true	false	false	57
Lag2Negative	93	false	true	false	2, 3, 8, 9, 14, 25, 26, 121, 122
Lag2Negative	94	true	false	false	2, 8, 14
Lag2Negative	95	false	true	false	2, 8, 14, 18, 19, 21, 22, 23, 24, 25, 26, 33, 45, 50, 56, 57, 63, 64, 68, 88, 94, 95, 99, 101, 122
Lag2Negative	96	false	true	false	8, 14, 19, 21, 25, 26, 56, 64, 115
Lag2Negative	97	false	true	false	2, 3, 8, 9, 14, 15, 18, 21, 22, 23, 24, 25, 26, 33, 45, 57, 63, 96, 99
Lag2Negative	98	false	true	false	1, 2, 3, 8, 9, 10, 14, 15, 18, 19, 20, 21, 22, 23, 24, 25, 26, 27, 33, 39, 44, 45, 50, 57, 63, 64, 68, 73, 88, 89, 95, 99, 100, 107, 108, 115, 121, 122, 123, 124
Lag2Negative	99	false	true	false	2, 3, 8, 9, 22, 23, 24, 25, 26, 44, 45, 49, 100, 122
Lag2Negative	100	false	true	false	2, 8, 9, 10, 14, 15, 18, 19, 21, 25, 26, 27, 33, 44, 45, 50, 57, 63, 64, 100, 107, 108, 115, 123
Lag8Baseline	1	true	false	false	119
Lag8Baseline	2	true	false	false	119
Lag8Baseline	3	true	false	false
Lag8Baseline	4	true	false	false
Lag8Baseline	5	false	true	false	49, 126
Lag8Baseline	6	true	false	false
Lag8Baseline	7	true	false	false
Lag8Baseline	8	true	false	false
Lag8Baseline	9	false	true	false	126
Lag8Baseline	10	true	false	false
Lag8Baseline	11	false	false	true	56, 57, 68, 73
Lag8Baseline	12	true	false	false
Lag8Baseline	13	true	false	false	56
Lag8Baseline	14	true	false	false
Lag8Baseline	15	true	false	false	48
Lag8Baseline	16	true	false	false
Lag8Baseline	17	true	false	false
Lag8Baseline	18	true	false	false
Lag8Baseline	19	false	true	false	6, 7, 9, 10, 11, 12, 13, 14, 15, 16, 17, 18, 19, 20, 21, 22, 23, 24, 25, 107
Lag8Baseline	20	false	true	true	1, 9, 68, 73, 74, 81, 82, 88, 89, 94, 95, 99, 100, 103, 107, 113, 114, 119, 121, 125
Lag8Baseline	21	true	false	false	56, 57, 113, 126, 127
Lag8Baseline	22	true	false	false	49, 56, 63, 68, 73
Lag8Baseline	23	true	false	false
Lag8Baseline	24	true	false	false
Lag8Baseline	25	true	false	false
Lag8Baseline	26	true	false	false
Lag8Baseline	27	true	false	false
Lag8Baseline	28	true	false	false
Lag8Baseline	29	true	false	false
Lag8Baseline	30	true	false	false
Lag8Baseline	31	true	false	false
Lag8Baseline	32	true	false	false
Lag8Baseline	33	true	false	false
Lag8Baseline	34	true	false	false
Lag8Baseline	35	true	false	false	22
Lag8Baseline	36	true	false	false
Lag8Baseline	37	true	false	false
Lag8Baseline	38	true	false	false
Lag8Baseline	39	true	false	false
Lag8Baseline	40	true	false	false
Lag8Baseline	41	false	true	false	49, 56, 113, 120, 126
Lag8Baseline	42	true	false	false	122
Lag8Baseline	43	true	false	false
Lag8Baseline	44	false	true	true	2, 8, 9, 10, 14, 15, 16, 17, 18, 19, 21, 22, 23, 24, 25, 26, 27, 32, 38, 44, 49, 68, 115, 116, 119, 122, 123, 126
Lag8Baseline	45	true	false	false
Lag8Baseline	46	true	false	false
Lag8Baseline	47	false	true	false	17, 24, 26, 49, 94, 126
Lag8Baseline	48	true	false	false	113, 126
Lag8Baseline	49	true	false	false
Lag8Baseline	50	true	false	false	74, 82
Lag8Baseline	51	true	false	false
Lag8Baseline	52	false	true	false	2, 3, 8, 9, 10, 21, 22, 23, 25, 26, 56, 68, 73, 74
Lag8Baseline	53	false	true	false	2, 9, 14, 21, 22, 23, 26, 39, 45, 56, 57, 107
Lag8Baseline	54	false	true	false	2, 3, 8, 9, 10, 14, 15, 18, 21, 22, 23, 24, 25, 26, 44, 45, 56, 57, 63, 107
Lag8Baseline	55	false	true	false	2, 3, 8, 9, 10, 14, 15, 16, 18, 19, 21, 22, 23, 24, 25, 26, 27, 32, 33, 39, 45, 50, 56, 57, 58, 63, 64, 68, 73, 88, 89, 94, 95, 96, 98, 99, 100, 107, 108, 118
Lag8Baseline	56	false	true	false	1, 2, 3, 8, 9, 10, 14, 15, 16, 17, 18, 19, 21, 22, 23, 24, 25, 26, 27, 32, 33, 39, 40, 44, 45, 46, 47, 50, 51, 56, 57, 58, 59, 63, 64, 65, 68, 69, 73, 74, 75, 81, 82, 83, 88, 89, 94, 95, 96, 99, 100, 101, 102, 107, 108, 109, 115, 116, 117, 119, 121, 123, 124, 127
Lag8Baseline	57	false	true	false	1, 2, 3, 8, 9, 10, 14, 15, 16, 18, 19, 21, 22, 23, 24, 25, 26, 27, 32, 33, 38, 39, 40, 43, 44, 45, 46, 50, 56, 57, 58, 63, 64, 65, 68, 69, 70, 73, 74, 75, 81, 82, 83, 88, 89, 90, 94, 95, 96, 98, 99, 100, 101, 102, 103, 107, 108, 109, 114, 115, 116, 117, 120, 121, 122, 123, 124, 128
Lag8Baseline	58	false	true	true	1, 2, 3, 8, 9, 10, 14, 15, 16, 17, 18, 19, 21, 22, 23, 24, 25, 26, 27, 32, 33, 34, 38, 39, 40, 43, 44, 45, 46, 47, 48, 50, 56, 57, 58, 63, 64, 65, 68, 69, 70, 73, 74, 75, 81, 82, 83, 88, 89, 90, 94, 95, 96, 97, 98, 99, 100, 101, 102, 103, 107, 108, 109, 114, 115, 116, 117, 120, 121, 122, 123, 124, 125, 126, 127, 128
Lag8Baseline	59	false	true	true	9, 22, 23, 25, 26, 33, 56, 125, 128
Lag8Baseline	60	false	true	true	1, 2, 3, 8, 9, 10, 11, 14, 15, 16, 17, 18, 19, 21, 22, 23, 24, 25, 26, 27, 32, 33, 38, 39, 44, 45, 50, 56, 57, 58, 63, 64, 68, 69, 73, 74, 81, 82, 83, 89, 91, 94, 95, 96, 99, 100, 101, 102, 107, 108, 109, 114, 115, 116, 121, 123, 124, 125
Lag8Baseline	61	true	false	false	88, 94
Lag8Baseline	62	true	false	false
Lag8Baseline	63	true	false	false
Lag8Baseline	64	true	false	false	2
Lag8Baseline	65	true	false	false	126
Lag8Baseline	66	true	false	false
Lag8Baseline	67	true	false	false	73, 107
Lag8Baseline	68	true	false	false
Lag8Baseline	69	true	false	false
Lag8Baseline	70	true	false	false
Lag8Baseline	71	true	false	false	108
Lag8Baseline	72	true	false	false	8, 21, 25
Lag8Baseline	73	true	false	false
Lag8Baseline	74	false	true	false	8, 14, 21, 25, 26
Lag8Baseline	75	true	false	false
Lag8Baseline	76	false	true	false	2, 3, 8, 9, 14, 21, 22, 23, 25, 26, 45, 56, 57
Lag8Baseline	77	false	true	false	2, 8, 9, 14, 21, 25, 26, 45, 57
Lag8Baseline	78	true	false	false	20
Lag8Baseline	79	true	false	false
Lag8Baseline	80	true	false	false
Lag8Baseline	81	false	true	false	1, 2, 3, 8, 9, 10, 14, 15, 18, 19, 20, 21, 22, 23, 24, 25, 26, 27, 33, 38, 39, 44, 45, 50, 56, 57, 62, 63, 64, 68, 69, 73, 74, 77, 81, 89, 94, 99, 100, 101, 107, 108, 109, 114, 115, 121, 122, 123, 124, 126
Lag8Baseline	82	false	true	false	2, 3, 8, 9, 10, 14, 15, 18, 19, 20, 21, 22, 23, 24, 25, 26, 27, 33, 39, 44, 45, 50, 57, 63, 64, 107, 115, 123, 124
Lag8Baseline	83	true	false	false	25, 26
Lag8Baseline	84	true	false	false
Lag8Baseline	85	true	false	false
Lag8Baseline	86	false	true	false	2, 3, 8, 9, 10, 14, 15, 18, 19, 20, 21, 22, 23, 24, 25, 26, 27, 33, 38, 39, 44, 45, 49, 50, 57, 63, 64, 89, 94, 95, 100, 107, 108, 114, 115, 121, 122, 123, 124
Lag8Baseline	87	true	false	false
Lag8Baseline	88	true	false	false
Lag8Baseline	89	true	false	false	49, 119
Lag8Baseline	90	true	false	false	122
Lag8Baseline	91	false	true	false	21, 25, 26, 56
Lag8Baseline	92	true	false	false
Lag8Baseline	93	false	true	false	8, 25, 56, 100
Lag8Baseline	94	true	false	false
Lag8Baseline	95	false	true	false	2, 3, 8, 9, 14, 21, 22, 23, 26, 33, 123
Lag8Baseline	96	true	false	false	49
Lag8Baseline	97	true	false	false
Lag8Baseline	98	true	false	false
Lag8Baseline	99	false	true	false	2, 3, 8, 9, 10, 14, 15, 18, 19, 21, 22, 23, 24, 25, 26, 27, 33, 39, 44, 45, 50, 57, 63, 64, 65, 100, 107, 115, 123, 124
Lag8Baseline	100	true	false	false	2, 9
Lag8Neutral	1	true	false	false
Lag8Neutral	2	true	false	false
Lag8Neutral	3	true	false	false
Lag8Neutral	4	true	false	false
Lag8Neutral	5	true	false	false
Lag8Neutral	6	true	false	false
Lag8Neutral	7	true	false	false	119
Lag8Neutral	8	true	false	false	56, 57
Lag8Neutral	9	true	false	false	56
Lag8Neutral	10	true	false	false
Lag8Neutral	11	true	false	false
Lag8Neutral	12	true	false	false
Lag8Neutral	13	true	false	false
Lag8Neutral	14	true	false	false
Lag8Neutral	15	true	false	false
Lag8Neutral	16	true	false	false
Lag8Neutral	17	true	false	false
Lag8Neutral	18	true	false	false
Lag8Neutral	19	true	false	false
Lag8Neutral	20	true	false	false
Lag8Neutral	21	false	true	false	2, 9, 26, 56, 57, 64, 119, 126, 127
Lag8Neutral	22	true	false	false
Lag8Neutral	23	true	false	false
Lag8Neutral	24	true	false	false	113
Lag8Neutral	25	true	false	false
Lag8Neutral	26	true	false	false
Lag8Neutral	27	true	false	false
Lag8Neutral	28	true	false	false
Lag8Neutral	29	true	false	false
Lag8Neutral	30	true	false	false
Lag8Neutral	31	true	false	false
Lag8Neutral	32	true	false	false
Lag8Neutral	33	true	false	false
Lag8Neutral	34	true	false	false
Lag8Neutral	35	true	false	false
Lag8Neutral	36	true	false	false
Lag8Neutral	37	true	false	false
Lag8Neutral	38	true	false	false
Lag8Neutral	39	true	false	false
Lag8Neutral	40	true	false	false
Lag8Neutral	41	true	false	false	56
Lag8Neutral	42	true	false	false
Lag8Neutral	43	true	false	false
Lag8Neutral	44	true	false	false
Lag8Neutral	45	true	false	false
Lag8Neutral	46	true	false	false
Lag8Neutral	47	true	false	false	126
Lag8Neutral	48	false	true	false	2, 3, 8, 9, 18, 19, 22, 23, 25, 26, 44, 45, 56, 63
Lag8Neutral	49	false	true	false	2, 3, 9, 22, 23, 26, 28, 44, 56, 68, 73, 113, 126
Lag8Neutral	50	true	false	false
Lag8Neutral	51	false	true	true	1, 2, 3, 8, 9, 10, 14, 15, 16, 18, 19, 21, 22, 23, 24, 25, 26, 27, 32, 33, 38, 39, 43, 44, 45, 48, 49, 50, 56, 57, 58, 63, 64, 65, 68, 69, 73, 88, 89, 95, 96, 99, 100, 101, 102, 107, 108, 113, 114, 115, 116, 120, 121, 124, 125, 126, 127, 128
Lag8Neutral	52	false	true	true	1, 2, 3, 8, 9, 10, 14, 15, 17, 18, 19, 21, 22, 23, 24, 25, 26, 27, 32, 33, 34, 38, 39, 43, 44, 45, 48, 49, 50, 56, 57, 58, 63, 64, 65, 68, 69, 73, 74, 75, 81, 82, 83, 88, 89, 90, 94, 96, 97, 99, 100, 101, 107, 108, 109, 113, 114, 115, 116, 117, 119, 120, 121, 122, 124, 125, 126, 127, 128
Lag8Neutral	53	false	true	true	1, 2, 3, 5, 8, 9, 10, 14, 15, 16, 17, 18, 19, 21, 22, 23, 24, 25, 26, 27, 32, 33, 34, 38, 39, 40, 41, 44, 45, 46, 47, 48, 49, 50, 56, 57, 58, 63, 64, 65, 68, 69, 73, 74, 75, 81, 82, 83, 88, 89, 90, 93, 94, 95, 96, 98, 99, 100, 101, 102, 103, 107, 108, 109, 111, 114, 115, 116, 117, 118, 119, 120, 121, 122, 123, 124, 125, 126, 127, 128
Lag8Neutral	54	false	true	true	2, 3, 8, 9, 10, 14, 15, 16, 18, 19, 20, 21, 22, 23, 24, 25, 26, 27, 32, 33, 34, 38, 39, 43, 44, 45, 48, 49, 50, 56, 57, 58, 63, 64, 68, 69, 73, 75, 88, 94, 95, 96, 99, 100, 101, 107, 108, 109, 114, 115, 116, 119, 120, 121, 122, 123, 125, 126, 127, 128
Lag8Neutral	55	false	true	false	2, 3, 8, 18, 23, 26, 49, 57, 63, 96, 100, 101, 107, 119, 126
Lag8Neutral	56	false	true	true	1, 2, 3, 4, 8, 9, 10, 11, 14, 15, 16, 17, 18, 19, 20, 21, 22, 23, 24, 25, 26, 27, 28, 32, 33, 34, 38, 39, 40, 41, 43, 44, 45, 46, 47, 48, 49, 50, 51, 52, 56, 57, 58, 59, 60, 63, 64, 65, 66, 68, 69, 70, 71, 73, 74, 75, 76, 81, 82, 83, 88, 89, 90, 92, 94, 95, 96, 97, 98, 99, 100, 101, 102, 103, 105, 107, 108, 109, 111, 113, 114, 115, 116, 117, 118, 119, 120, 121, 122, 123, 124, 125, 126, 127, 128
Lag8Neutral	57	true	false	false	26, 27, 33, 39, 45
Lag8Neutral	58	false	true	false	1, 2, 3, 4, 8, 9, 10, 11, 12, 14, 15, 16, 17, 18, 19, 20, 21, 22, 23, 24, 25, 26, 27, 32, 33, 34, 38, 39, 40, 41, 44, 45, 46, 47, 50, 51, 52, 56, 57, 58, 59, 63, 64, 65, 68, 69, 70, 73, 74, 75, 81, 82, 83, 88, 89, 90, 92, 94, 95, 96, 98, 99, 100, 101, 102, 103, 105, 107, 108, 109, 111, 114, 115, 116, 117, 118, 119, 120, 121, 122, 123, 124, 125, 127, 128
Lag8Neutral	59	false	true	true	1, 2, 3, 4, 8, 9, 10, 14, 15, 17, 18, 19, 21, 22, 23, 24, 25, 26, 27, 32, 33, 34, 38, 39, 40, 41, 44, 45, 46, 47, 50, 56, 57, 58, 63, 64, 65, 68, 69, 70, 73, 74, 75, 81, 82, 83, 88, 89, 90, 94, 95, 96, 98, 99, 100, 101, 102, 103, 107, 108, 109, 110, 111, 114, 115, 116, 117, 119, 120, 121, 122, 123, 124, 125, 126, 127, 128
Lag8Neutral	60	true	false	false
Lag8Neutral	61	false	true	false	2, 3, 8, 9, 10, 18, 21, 22, 23, 24, 25, 26, 27, 33, 39, 45, 50, 56, 57, 64, 101, 107
Lag8Neutral	62	true	false	false	31, 55, 62, 69, 77, 88, 94, 103
Lag8Neutral	63	true	false	false
Lag8Neutral	64	true	false	false	2
Lag8Neutral	65	true	false	false
Lag8Neutral	66	false	true	false	2, 3, 8, 14, 21, 22, 23, 25, 26, 57
Lag8Neutral	67	true	false	false
Lag8Neutral	68	true	false	false
Lag8Neutral	69	false	true	false	2, 8, 9, 10, 14, 15, 16, 17, 18, 21, 22, 23, 25, 26
Lag8Neutral	70	true	false	false
Lag8Neutral	71	false	true	false	49, 113, 126
Lag8Neutral	72	true	false	false
Lag8Neutral	73	false	true	true	49, 63, 64, 68, 69, 73, 74, 81, 82, 88, 89, 94, 125, 126
Lag8Neutral	74	true	false	false	73
Lag8Neutral	75	false	true	false	2, 8, 14, 21, 25, 26
Lag8Neutral	76	true	false	false
Lag8Neutral	77	false	true	false	2, 8, 9, 14, 18, 21, 23, 24, 25, 26, 45, 56, 57, 64
Lag8Neutral	78	true	false	false
Lag8Neutral	79	false	true	false	2, 3, 8
Lag8Neutral	80	true	false	false	2, 3, 8, 21, 22, 23, 25, 26
Lag8Neutral	81	true	false	false
Lag8Neutral	82	false	true	false	1, 2, 3, 8, 9, 10, 11, 14, 15, 16, 17, 18, 19, 20, 21, 22, 23, 24, 25, 26, 27, 32, 33, 34, 38, 39, 44, 45, 49, 50, 56, 57, 58, 63, 64, 68, 69, 73, 74, 81, 82, 88, 89, 94, 95, 96, 99, 100, 101, 107, 108, 109, 115, 116, 117, 121, 122, 123, 124, 125
Lag8Neutral	83	true	false	false
Lag8Neutral	84	false	true	false	1, 2, 3, 8, 9, 10, 14, 15, 16, 17, 18, 19, 20, 21, 22, 23, 24, 25, 26, 27, 32, 33, 34, 38, 39, 41, 44, 45, 50, 56, 57, 58, 63, 64, 68, 69, 73, 81, 88, 89, 94, 95, 96, 99, 100, 101, 107, 108, 115, 121, 122, 123, 124
Lag8Neutral	85	true	false	false
Lag8Neutral	86	false	true	true	1, 43, 48, 49, 63, 64, 68, 69, 73, 74, 81, 82, 88, 89, 94, 95, 99, 102, 108, 109, 114, 115, 119, 120, 121, 123, 125, 126, 127
Lag8Neutral	87	true	false	false
Lag8Neutral	88	true	false	false
Lag8Neutral	89	true	false	false
Lag8Neutral	90	true	false	false
Lag8Neutral	91	true	false	false
Lag8Neutral	92	true	false	false
Lag8Neutral	93	false	true	false	2, 8, 9, 14, 18, 25, 26, 45, 48, 108, 115, 121, 122
Lag8Neutral	94	true	false	false
Lag8Neutral	95	false	true	false	1, 2, 3, 8, 9, 10, 14, 15, 18, 19, 20, 21, 22, 23, 24, 25, 26, 27, 33, 39, 45, 50, 56, 57, 63, 64, 100, 107, 108, 115, 121, 122, 123, 124
Lag8Neutral	96	true	false	false	8
Lag8Neutral	97	false	true	false	2, 3, 8, 9, 10, 14, 15, 18, 19, 21, 22, 23, 24, 25, 26, 27, 33, 39, 44, 45, 50, 57, 63, 64, 100, 107, 115, 121, 122, 123, 124
Lag8Neutral	98	false	true	false	1, 2, 3, 8, 9, 10, 14, 15, 18, 19, 20, 21, 22, 23, 24, 25, 26, 27, 33, 39, 44, 45, 50, 57, 63, 64, 88, 89, 94, 95, 96, 99, 100, 101, 107, 108, 115, 117, 121, 122, 123, 124
Lag8Neutral	99	false	true	false	2, 3, 8, 9, 17, 21, 22, 23, 24, 25, 26, 27, 33, 44, 45, 57, 115
Lag8Neutral	100	false	true	false	2, 3, 9, 18, 21, 22, 25, 26, 45, 57
Lag8Negative	1	false	false	true	9, 55, 56, 57, 58, 62, 63, 64, 77, 88, 94, 97, 108, 119, 126
Lag8Negative	2	true	false	false
Lag8Negative	3	true	false	false
Lag8Negative	4	true	false	false
Lag8Negative	5	true	false	false
Lag8Negative	6	true	false	false
Lag8Negative	7	true	false	false
Lag8Negative	8	true	false	false
Lag8Negative	9	false	false	true	49, 56, 57, 58, 63, 64, 69
Lag8Negative	10	true	false	false
Lag8Negative	11	true	false	false
Lag8Negative	12	true	false	false
Lag8Negative	13	true	false	false
Lag8Negative	14	true	false	false
Lag8Negative	15	true	false	false
Lag8Negative	16	true	false	false
Lag8Negative	17	true	false	false
Lag8Negative	18	true	false	false
Lag8Negative	19	true	false	false
Lag8Negative	20	true	false	false
Lag8Negative	21	true	false	false	113
Lag8Negative	22	true	false	false
Lag8Negative	23	true	false	false
Lag8Negative	24	true	false	false
Lag8Negative	25	true	false	false
Lag8Negative	26	true	false	false
Lag8Negative	27	true	false	false
Lag8Negative	28	true	false	false
Lag8Negative	29	true	false	false
Lag8Negative	30	true	false	false
Lag8Negative	31	true	false	false
Lag8Negative	32	true	false	false
Lag8Negative	33	true	false	false
Lag8Negative	34	true	false	false
Lag8Negative	35	true	false	false
Lag8Negative	36	true	false	false	8, 113
Lag8Negative	37	true	false	false	113, 119
Lag8Negative	38	true	false	false
Lag8Negative	39	true	false	false
Lag8Negative	40	true	false	false
Lag8Negative	41	true	false	false	23
Lag8Negative	42	true	false	false
Lag8Negative	43	false	true	true	33, 68, 73, 74, 82, 122, 126
Lag8Negative	44	true	false	false
Lag8Negative	45	true	false	false
Lag8Negative	46	true	false	false	113
Lag8Negative	47	true	false	false	23, 26
Lag8Negative	48	true	false	false	22, 23
Lag8Negative	49	false	true	false	2, 3, 8, 9, 22, 23, 26
Lag8Negative	50	true	false	false	18, 26, 57
Lag8Negative	51	true	false	false	22, 23, 26
Lag8Negative	52	false	true	true	2, 3, 8, 9, 10, 14, 15, 17, 18, 21, 22, 23, 24, 25, 26, 44, 45, 49, 56, 57, 63, 64, 68, 73, 74, 81, 82, 88, 89, 94, 99, 107, 115, 125, 126, 127
Lag8Negative	53	false	true	false	2, 3, 8, 9, 18, 22, 23, 25, 26, 45, 56, 103, 107
Lag8Negative	54	true	false	false
Lag8Negative	55	false	true	false	1, 2, 3, 8, 9, 10, 14, 15, 18, 19, 21, 22, 23, 24, 25, 26, 27, 32, 33, 39, 44, 45, 50, 57, 63, 64, 96, 100, 101, 107, 108, 121, 122
Lag8Negative	56	false	true	true	1, 2, 3, 8, 9, 10, 14, 17, 20, 21, 22, 23, 25, 26, 27, 32, 33, 38, 39, 43, 44, 45, 49, 50, 56, 57, 63, 64, 68, 73, 74, 81, 82, 83, 84, 90, 96, 100, 102, 107, 108, 114, 115, 117, 121, 123, 124, 127
Lag8Negative	57	false	true	true	1, 2, 3, 8, 9, 10, 14, 15, 17, 18, 19, 21, 22, 23, 24, 25, 26, 27, 32, 33, 38, 39, 44, 45, 49, 50, 56, 57, 58, 63, 64, 65, 70, 89, 96, 97, 100, 101, 107, 108, 109, 114, 115, 116, 118, 120, 121, 124, 126, 127, 128
Lag8Negative	58	false	true	false	2, 3, 9, 10, 18, 22, 23, 26, 48, 120, 125, 128
Lag8Negative	59	true	false	false	113
Lag8Negative	60	false	false	true	33, 100, 101, 107, 128
Lag8Negative	61	true	false	false
Lag8Negative	62	true	false	false	21, 22, 25, 26, 27, 33
Lag8Negative	63	true	false	false
Lag8Negative	64	true	false	false
Lag8Negative	65	true	false	false
Lag8Negative	66	true	false	false
Lag8Negative	67	false	true	false	2, 3, 8, 14, 18, 21, 22, 23, 24, 25, 26, 27, 39, 45, 50, 57, 64
Lag8Negative	68	true	false	false
Lag8Negative	69	true	false	false
Lag8Negative	70	true	false	false
Lag8Negative	71	true	false	false
Lag8Negative	72	true	false	false
Lag8Negative	73	false	true	false	2, 3, 8, 9, 14, 21, 23, 25, 26
Lag8Negative	74	true	false	false
Lag8Negative	75	true	false	false
Lag8Negative	76	true	false	false
Lag8Negative	77	true	false	false
Lag8Negative	78	false	true	false	2, 8
Lag8Negative	79	true	false	false
Lag8Negative	80	true	false	false
Lag8Negative	81	true	false	false	1, 2, 49, 56, 89
Lag8Negative	82	false	false	false	1, 2, 8, 10, 18, 21, 24, 25, 26, 27, 33, 39, 44, 45, 49, 56, 57, 63, 64, 94, 99, 107, 115, 121, 123
Lag8Negative	83	true	false	false
Lag8Negative	84	false	true	false	2, 3, 8, 9, 10, 14, 15, 18, 19, 21, 22, 23, 24, 25, 26, 27, 33, 39, 44, 45, 50, 56, 57, 63, 64, 68, 89, 94, 99, 100, 107, 114, 115, 121, 123, 124
Lag8Negative	85	true	false	false	27, 32, 100, 107, 115
Lag8Negative	86	true	false	false
Lag8Negative	87	false	true	false	14
Lag8Negative	88	false	true	false	21, 24, 25, 26
Lag8Negative	89	true	false	false
Lag8Negative	90	true	false	false
Lag8Negative	91	false	false	true	53, 74, 81, 82, 89, 94, 99, 113, 114, 128
Lag8Negative	92	true	false	false	26, 121, 122, 127
Lag8Negative	93	true	false	false
Lag8Negative	94	true	false	false
Lag8Negative	95	false	true	false	2, 3, 8, 9, 14, 15, 18, 19, 21, 22, 23, 24, 25, 26, 33, 39, 45, 50, 56, 57, 63, 64, 123
Lag8Negative	96	true	false	false
Lag8Negative	97	false	true	false	8, 14, 18, 21, 25, 26, 45, 50, 63
Lag8Negative	98	false	true	false	2, 3, 8, 9, 10, 14, 18, 22, 23, 24, 25, 26, 45, 57, 63, 107, 115
Lag8Negative	99	true	false	false
Lag8Negative	100	false	true	false	2, 3, 8, 9, 22, 25
L2NCorrect	1	true	false	false
L2NCorrect	2	true	false	false
L2NCorrect	3	true	false	false
L2NCorrect	4	true	false	false	49, 113, 115
L2NCorrect	5	true	false	false
L2NCorrect	6	true	false	false
L2NCorrect	7	false	true	false	8, 14, 17, 21, 22, 25
L2NCorrect	8	true	false	false
L2NCorrect	9	true	false	false	122
L2NCorrect	10	true	false	false
L2NCorrect	11	true	false	false	113
L2NCorrect	12	true	false	false
L2NCorrect	13	false	true	false	2, 3, 8, 18, 22, 23, 25, 26, 44, 56, 57, 63
L2NCorrect	14	false	true	false	2, 3, 8, 9, 10, 14, 15, 17, 18, 22, 23, 24, 25, 26, 44, 45, 56, 57, 63, 64, 100, 107
L2NCorrect	15	true	false	false	68, 69, 73, 89
L2NCorrect	16	true	false	false
L2NCorrect	17	true	false	false
L2NCorrect	18	false	true	false	8, 14
L2NCorrect	19	false	true	true	2, 3, 8, 9, 10, 14, 15, 16, 17, 18, 19, 21, 22, 23, 25, 26, 27, 32, 57, 125, 126
L2NCorrect	20	true	false	false
L2NCorrect	21	false	true	false	2, 8, 9, 10, 14, 17, 21, 25, 26, 56
L2NCorrect	22	false	true	false	21, 22, 23, 25, 26
L2NCorrect	23	true	false	false	10
L2NCorrect	24	true	false	false	2, 8, 9, 22, 23, 25, 26, 33
L2NCorrect	25	true	false	false
L2NCorrect	26	true	false	false
L2NCorrect	27	true	false	false
L2NCorrect	28	true	false	false	57
L2NCorrect	29	false	true	false	2, 3, 8, 9, 14, 15, 18, 21, 22, 23, 24, 25, 26, 33, 45, 57, 63, 96, 99
L2NCorrect	30	false	true	false	2, 8, 9, 10, 14, 15, 18, 19, 21, 25, 26, 27, 33, 44, 45, 50, 57, 63, 64, 100, 107, 108, 115, 123
L2NIncorrect	1	true	false	false
L2NIncorrect	2	true	false	false	56, 57
L2NIncorrect	3	true	false	false
L2NIncorrect	4	true	false	false
L2NIncorrect	5	true	false	false
L2NIncorrect	6	true	false	false
L2NIncorrect	7	true	false	false
L2NIncorrect	8	true	false	false
L2NIncorrect	9	true	false	false
L2NIncorrect	10	true	false	false
L2NIncorrect	11	true	false	false
L2NIncorrect	12	true	false	false
L2NIncorrect	13	true	false	false
L2NIncorrect	14	true	false	false
L2NIncorrect	15	true	false	false
L2NIncorrect	16	true	false	false
L2NIncorrect	17	false	true	false	8, 9, 11, 14, 15, 16, 17, 18, 21, 22, 25, 113
L2NIncorrect	18	true	false	false	68, 73, 74, 81, 82, 83, 113
L2NIncorrect	19	true	false	false
L2NIncorrect	20	true	false	false
L2NIncorrect	21	true	false	false
L2NIncorrect	22	true	false	false
L2NIncorrect	23	true	false	false
L2NIncorrect	24	true	false	false
L2NIncorrect	25	true	false	false
L2NIncorrect	26	true	false	false
L2NIncorrect	27	true	false	false
L2NIncorrect	28	false	true	false	8
L2NIncorrect	29	true	false	false	113
L2NIncorrect	30	true	false	false	113
L2NIncorrect	31	true	false	false	113
L2NIncorrect	32	true	false	false
L2NIncorrect	33	true	false	false
L2NIncorrect	34	true	false	false	122
L2NIncorrect	35	true	false	false	49, 116, 122
L2NIncorrect	36	true	false	false
L2NIncorrect	37	false	true	true	14, 17, 21, 24, 25, 27, 32, 33, 36, 48, 49, 55, 62, 63, 68, 69, 73, 74, 75, 77, 78, 81, 82, 83, 88, 89, 107, 113, 114, 119, 125, 126, 127, 128
L2NIncorrect	38	true	false	false	9
L2NIncorrect	39	false	true	false	2, 3, 8, 9, 15, 18, 22, 23, 26, 44, 45, 56, 57, 63, 107
L2NIncorrect	40	false	false	false	2, 3, 8, 9, 18, 22, 23, 26, 44, 56, 57
L2NIncorrect	41	true	false	false	3, 94
L2NIncorrect	42	true	false	false	49, 94
L2NIncorrect	43	false	true	true	1, 2, 3, 8, 9, 10, 11, 14, 15, 16, 17, 18, 19, 21, 22, 23, 24, 25, 26, 27, 33, 38, 39, 44, 45, 48, 50, 56, 57, 58, 63, 64, 65, 68, 70, 73, 96, 100, 101, 107, 108, 109, 113, 114, 115, 116, 119, 120, 121, 123, 124, 125, 126, 128
L2NIncorrect	44	false	true	false	1, 2, 3, 4, 8, 9, 10, 14, 15, 16, 18, 19, 22, 23, 24, 25, 26, 27, 32, 33, 34, 38, 39, 40, 41, 43, 44, 45, 46, 47, 48, 50, 56, 57, 58, 63, 64, 65, 68, 69, 70, 73, 74, 75, 81, 82, 83, 88, 89, 90, 91, 92, 94, 95, 96, 97, 98, 99, 100, 101, 102, 103, 107, 108, 109, 114, 115, 116, 117, 119, 120, 121, 122, 123, 124, 125, 128
L2NIncorrect	45	false	true	false	1, 2, 3, 8, 9, 14, 17, 18, 19, 21, 22, 23, 24, 25, 27, 32, 33, 34, 38, 39, 40, 41, 43, 44, 45, 46, 47, 49, 50, 52, 56, 57, 58, 63, 64, 65, 68, 69, 70, 73, 74, 75, 81, 82, 83, 88, 89, 90, 91, 94, 95, 96, 98, 99, 100, 101, 102, 103, 107, 108, 109, 111, 114, 115, 116, 117, 119, 120, 121, 122, 123, 124, 125, 127, 128
L2NIncorrect	46	false	false	false	24, 25, 27, 33, 39, 44, 45, 50, 56, 57, 63, 64, 126
L2NIncorrect	47	false	true	false	2, 3, 8, 9, 10, 14, 25, 26, 57, 89, 90, 101, 107, 121, 124
L2NIncorrect	48	true	false	false
L2NIncorrect	49	true	false	false
L2NIncorrect	50	false	true	true	1, 2, 3, 8, 9, 10, 14, 15, 16, 17, 18, 21, 22, 23, 24, 25, 26, 27, 33, 34, 40, 43, 45, 48, 49, 63, 68, 69, 73, 74, 81, 82, 88, 94, 99, 102, 107, 108, 109, 113, 114, 115, 116, 117, 118, 119, 121, 122, 123, 124, 125, 126, 127
L2NIncorrect	51	true	false	false
L2NIncorrect	52	true	false	false	73, 81, 82
L2NIncorrect	53	false	true	true	2, 3, 8, 14, 21, 23, 25, 26, 45, 57, 125
L2NIncorrect	54	true	false	false	2
L2NIncorrect	55	false	true	false	2, 3, 8, 9, 14, 18, 21, 22, 23, 25, 26, 45, 56, 57, 64, 123
L2NIncorrect	56	false	true	false	2, 3, 8, 9, 14, 21, 22, 23, 25, 26
L2NIncorrect	57	true	false	false
L2NIncorrect	58	true	false	false
L2NIncorrect	59	false	true	false	2, 3, 8, 9, 10, 14, 15, 16, 18, 19, 20, 21, 22, 23, 24, 25, 26, 27, 32, 33, 38, 39, 44, 45, 50, 56, 57, 63, 64, 68, 69, 73, 89, 95, 99, 100, 101, 107, 108, 115, 121, 122, 123, 124
L2NIncorrect	60	false	false	false	2, 19, 20, 31, 44, 49, 54, 55, 57, 61, 62, 63, 68, 69, 73, 74, 77, 78, 81, 82, 88, 89, 94, 95, 99, 100, 107, 118, 126
L2NIncorrect	61	true	false	false
L2NIncorrect	62	true	false	false
L2NIncorrect	63	true	false	false
L2NIncorrect	64	true	false	false
L2NIncorrect	65	false	true	false	2, 3, 8, 9, 14, 25, 26, 121, 122
L2NIncorrect	66	true	false	false	2, 8, 14
L2NIncorrect	67	false	true	false	2, 8, 14, 18, 19, 21, 22, 23, 24, 25, 26, 33, 45, 50, 56, 57, 63, 64, 68, 88, 94, 95, 99, 101, 122
L2NIncorrect	68	false	true	false	8, 14, 19, 21, 25, 26, 56, 64, 115
L2NIncorrect	69	false	true	false	1, 2, 3, 8, 9, 10, 14, 15, 18, 19, 20, 21, 22, 23, 24, 25, 26, 27, 33, 39, 44, 45, 50, 57, 63, 64, 68, 73, 88, 89, 95, 99, 100, 107, 108, 115, 121, 122, 123, 124
L2NIncorrect	70	false	true	false	2, 3, 8, 9, 22, 23, 24, 25, 26, 44, 45, 49, 100, 122
