Category	Segment number	Segment Good	Eye Blinks	Eye Movements	Bad Channels
Lag2Baseline	1	true	false	false
Lag2Baseline	2	true	false	false
Lag2Baseline	3	true	false	false	21, 44
Lag2Baseline	4	true	false	false
Lag2Baseline	5	true	false	false
Lag2Baseline	6	false	true	false	21
Lag2Baseline	7	true	false	false
Lag2Baseline	8	true	false	false
Lag2Baseline	9	true	false	false	49
Lag2Baseline	10	true	false	false
Lag2Baseline	11	true	false	false	49
Lag2Baseline	12	true	false	false	49
Lag2Baseline	13	true	false	false	49
Lag2Baseline	14	true	false	false	49, 122
Lag2Baseline	15	false	false	true	128
Lag2Baseline	16	true	false	false
Lag2Baseline	17	true	false	false	1
Lag2Baseline	18	true	false	false	49
Lag2Baseline	19	true	false	false
Lag2Baseline	20	true	false	false
Lag2Baseline	21	true	false	false
Lag2Baseline	22	true	false	false	122
Lag2Baseline	23	true	false	false	49
Lag2Baseline	24	true	false	false
Lag2Baseline	25	true	false	false	49
Lag2Baseline	26	true	false	false	49
Lag2Baseline	27	true	false	false	2, 49, 115, 116, 121, 122
Lag2Baseline	28	true	false	false	21, 49, 115, 116, 122
Lag2Baseline	29	false	true	false	1, 2, 3, 4, 5, 6, 7, 8, 9, 10, 11, 12, 13, 14, 15, 16, 17, 18, 19, 20, 21, 22, 23, 24, 25, 26, 27, 28, 29, 30, 31, 32, 33, 34, 35, 36, 37, 38, 39, 40, 41, 42, 43, 44, 45, 46, 47, 48, 49, 50, 51, 52, 53, 54, 56, 57, 58, 59, 60, 61, 62, 63, 64, 65, 66, 67, 68, 69, 70, 71, 72, 73, 74, 75, 76, 77, 78, 79, 81, 82, 83, 84, 85, 86, 108, 109, 110, 111, 112, 113, 114, 115, 116, 117, 118, 119, 120, 121, 122, 123, 124, 125, 126, 127, 128
Lag2Baseline	30	true	false	false	2, 44, 111, 112, 115, 116, 117, 118, 121, 122
Lag2Baseline	31	false	false	false	2, 49, 61, 108, 111, 112, 115, 116, 117, 121, 122
Lag2Baseline	32	true	false	false	2, 49, 61, 63, 112, 115, 116, 117, 121, 122
Lag2Baseline	33	false	false	false	2, 21, 61, 108, 109, 110, 111, 112, 115, 116, 117, 118, 121, 122
Lag2Baseline	34	true	false	false	21, 115, 116, 122
Lag2Baseline	35	true	false	false	2, 49, 111, 112, 115, 116, 117, 118, 121, 122
Lag2Baseline	36	false	false	false	2, 61, 108, 109, 110, 111, 112, 115, 116, 117, 118, 119, 121, 122
Lag2Baseline	37	true	false	false	2, 15, 49, 111, 112, 115, 116, 117, 121, 122
Lag2Baseline	38	false	false	false	2, 3, 9, 10, 43, 61, 67, 108, 109, 110, 111, 112, 115, 116, 117, 118, 119, 121, 122, 125
Lag2Baseline	39	false	false	false	1, 2, 3, 4, 8, 9, 10, 11, 13, 14, 15, 16, 17, 19, 20, 21, 22, 23, 24, 25, 26, 27, 28, 29, 30, 32, 33, 35, 36, 37, 38, 39, 40, 41, 42, 43, 44, 45, 46, 47, 48, 49, 50, 51, 52, 53, 54, 56, 57, 58, 59, 60, 61, 63, 64, 65, 66, 67, 68, 69, 70, 73, 74, 75, 81, 83, 85, 86, 108, 109, 110, 111, 112, 113, 114, 115, 116, 117, 118, 119, 120, 121, 122, 125, 126, 127, 128
Lag2Baseline	40	true	false	false	2, 61, 111, 112, 115, 116, 117, 118, 121, 122
Lag2Baseline	41	true	false	false	2, 61, 85, 111, 112, 115, 116, 117, 121, 122
Lag2Baseline	42	true	false	false	63, 64, 111, 112, 115, 116, 117, 121, 122
Lag2Baseline	43	false	false	false	2, 61, 63, 64, 108, 111, 112, 115, 116, 117, 118, 121, 122
Lag2Baseline	44	false	false	false	1, 2, 3, 7, 8, 9, 10, 11, 12, 13, 14, 15, 16, 17, 18, 19, 20, 21, 22, 23, 24, 25, 26, 27, 28, 29, 30, 31, 32, 33, 34, 35, 36, 37, 38, 39, 40, 41, 42, 43, 44, 45, 46, 47, 48, 49, 50, 51, 52, 53, 54, 56, 57, 58, 59, 60, 61, 62, 63, 64, 65, 66, 67, 68, 69, 70, 71, 72, 73, 74, 75, 76, 77, 78, 79, 81, 82, 83, 84, 85, 86, 88, 89, 90, 91, 92, 94, 95, 96, 103, 108, 109, 110, 111, 112, 113, 114, 115, 116, 117, 118, 119, 120, 121, 122, 124, 125, 126, 127, 128
Lag2Baseline	45	false	false	false	2, 64, 108, 109, 110, 111, 112, 115, 116, 117, 118, 121, 122
Lag2Baseline	46	false	false	false	2, 3, 44, 45, 49, 52, 58, 61, 63, 64, 65, 68, 108, 109, 110, 111, 112, 113, 115, 116, 117, 118, 121, 122, 125
Lag2Baseline	47	true	false	false	17, 21, 25, 61, 63, 64, 115, 122
Lag2Baseline	48	true	false	false	61, 63, 64, 122
Lag2Baseline	49	true	false	false	61, 64, 67
Lag2Baseline	50	true	false	false	61, 64
Lag2Baseline	51	true	false	false	61, 64, 115, 122
Lag2Baseline	52	true	false	false	61, 62, 63, 64, 122
Lag2Baseline	53	true	false	false	8, 25, 61, 63, 64, 115, 116, 121, 122
Lag2Baseline	54	true	false	false	63, 64, 122
Lag2Baseline	55	true	false	false	61, 63, 64, 115, 122
Lag2Baseline	56	true	false	false	61, 64, 85, 115, 116, 121, 122
Lag2Baseline	57	false	false	false	1, 2, 8, 13, 14, 15, 17, 21, 33, 49, 60, 61, 62, 63, 64, 65, 67, 68, 69, 72, 73, 74, 81, 85, 107, 108, 109, 110, 111, 112, 115, 116, 117, 118, 120, 121, 122, 123, 124, 125
Lag2Baseline	58	false	false	false	33, 61, 63, 64, 68, 69, 108, 111, 112, 115, 116, 117, 118, 121, 122
Lag2Baseline	59	false	false	false	61, 64, 68, 69, 108, 109, 111, 112, 115, 116, 117, 118, 121, 122, 123, 124
Lag2Baseline	60	false	false	false	7, 26, 33, 49, 56, 60, 61, 62, 63, 64, 67, 68, 69, 72, 73, 74, 76, 81, 108, 109, 111, 112, 115, 116, 117, 118, 121, 122, 123, 124
Lag2Baseline	61	true	false	false	49, 61, 62, 63, 64, 68, 69, 73, 122
Lag2Baseline	62	true	false	false	39, 61, 63, 64, 69, 122
Lag2Baseline	63	true	false	false	33, 38, 44, 56, 61, 63, 64, 68, 69, 122
Lag2Baseline	64	true	false	false	33, 39, 44, 56, 61, 63, 64, 68, 69, 122
Lag2Baseline	65	false	true	true	8, 14, 17, 22, 33, 44, 56, 61, 63, 64, 68, 69, 122, 125
Lag2Baseline	66	true	false	false	33, 38, 39, 44, 61, 63, 64, 68, 69, 122
Lag2Baseline	67	true	false	false	33, 39, 44, 50, 57, 73, 75, 122
Lag2Baseline	68	false	false	false	21, 22, 33, 39, 44, 49, 50, 52, 56, 57, 71, 73, 75, 122
Lag2Baseline	69	false	true	false	7, 8, 21, 22, 33, 39, 44, 50, 52, 56, 57, 70, 71, 75, 122
Lag2Baseline	70	true	false	false	7, 33, 39, 44, 50, 52, 56, 57, 75, 122
Lag2Baseline	71	false	false	false	7, 15, 33, 39, 44, 50, 52, 56, 57, 75, 122
Lag2Baseline	72	false	false	false	7, 15, 22, 33, 39, 44, 50, 52, 56, 57, 75
Lag2Baseline	73	true	false	false	7, 33, 39, 44, 50, 56, 57, 75, 116, 122
Lag2Baseline	74	false	false	false	7, 33, 39, 44, 50, 52, 56, 57, 75, 116, 122
Lag2Baseline	75	true	false	false	8, 33, 39, 44, 50, 56, 57, 75, 116, 122
Lag2Baseline	76	false	false	false	7, 22, 33, 39, 44, 50, 52, 56, 57, 75, 122
Lag2Baseline	77	true	false	false	7, 33, 39, 50, 56, 57, 75, 97, 116, 122
Lag2Baseline	78	true	false	false	7, 18, 33, 39, 50, 52, 57, 73, 75
Lag2Baseline	79	true	false	false	33, 39, 50, 57, 73, 75
Lag2Baseline	80	false	false	false	26, 33, 34, 38, 39, 50, 52, 57, 75, 116, 122
Lag2Baseline	81	false	false	false	4, 7, 12, 18, 33, 39, 50, 52, 57, 75, 116, 117, 118, 122, 123, 124
Lag2Baseline	82	false	true	false	7, 8, 22, 26, 33, 39, 46, 50, 52, 57, 73, 75, 116, 117, 118, 122, 123, 124
Lag2Baseline	83	false	false	false	22, 33, 39, 46, 50, 57, 75, 116, 117, 118, 122
Lag2Baseline	84	false	true	false	7, 8, 12, 17, 22, 25, 26, 33, 39, 46, 50, 57, 75, 98, 116, 117, 118, 122, 123, 124
Lag2Baseline	85	false	false	false	7, 8, 17, 18, 23, 33, 38, 39, 46, 50, 51, 52, 57, 75, 116, 117, 118, 122
Lag2Baseline	86	true	false	false	22, 33, 39, 50, 57, 75, 116, 118, 122
Lag2Baseline	87	false	false	false	2, 14, 22, 33, 39, 46, 50, 52, 57, 75, 81, 98, 108, 116, 117, 122
Lag2Baseline	88	true	false	false	7, 12, 33, 39, 50, 57, 75, 122
Lag2Baseline	89	true	false	false	8, 22, 33, 39, 50, 57, 75, 81, 116, 122
Lag2Baseline	90	true	false	false	33, 39, 46, 50, 57, 75, 122
Lag2Baseline	91	true	false	false	7, 33, 38, 39, 46, 50, 51, 57, 75, 81
Lag2Baseline	92	true	false	false	7, 18, 33, 39, 50, 52, 57, 75, 122
Lag2Baseline	93	true	false	false	7, 33, 39, 50, 51, 52, 57, 75, 98
Lag2Baseline	94	true	false	false	26, 33, 39, 50, 75, 98, 122
Lag2Baseline	95	false	false	false	12, 18, 26, 28, 33, 38, 39, 46, 50, 57, 75, 98, 122
Lag2Baseline	96	false	false	false	7, 12, 18, 22, 26, 33, 39, 45, 46, 49, 50, 57, 73, 75, 81, 98, 118, 122
Lag2Baseline	97	true	false	false	7, 33, 39, 45, 46, 50, 57, 75, 108
Lag2Baseline	98	true	false	false	7, 12, 33, 39, 46, 50, 52, 57, 75, 108
Lag2Baseline	99	false	false	false	7, 19, 22, 23, 24, 26, 33, 38, 39, 41, 46, 49, 50, 51, 52, 57, 75, 108, 118
Lag2Baseline	100	false	false	false	7, 10, 12, 22, 23, 26, 33, 34, 38, 39, 45, 46, 47, 49, 50, 57, 75, 98, 108, 110, 115, 116, 117, 118, 124
Lag2Neutral	1	true	false	false	49
Lag2Neutral	2	true	false	false	21
Lag2Neutral	3	true	false	false
Lag2Neutral	4	true	false	false	49
Lag2Neutral	5	true	false	false	21
Lag2Neutral	6	true	false	false
Lag2Neutral	7	true	false	false
Lag2Neutral	8	true	false	false
Lag2Neutral	9	true	false	false
Lag2Neutral	10	true	false	false
Lag2Neutral	11	true	false	false
Lag2Neutral	12	true	false	false
Lag2Neutral	13	true	false	false
Lag2Neutral	14	true	false	false
Lag2Neutral	15	true	false	false
Lag2Neutral	16	true	false	false
Lag2Neutral	17	true	false	false
Lag2Neutral	18	true	false	false	122
Lag2Neutral	19	true	false	false	122
Lag2Neutral	20	true	false	false
Lag2Neutral	21	true	false	false	49
Lag2Neutral	22	true	false	false	49
Lag2Neutral	23	true	false	false	49
Lag2Neutral	24	true	false	false
Lag2Neutral	25	true	false	false	49
Lag2Neutral	26	true	false	false	2, 8, 9, 115, 122
Lag2Neutral	27	false	false	false	1, 2, 8, 49, 61, 108, 111, 112, 113, 115, 116, 117, 119, 120, 121, 122
Lag2Neutral	28	false	false	false	2, 10, 14, 49, 108, 111, 112, 115, 116, 117, 121, 122
Lag2Neutral	29	true	false	false	2, 3, 4, 111, 112, 115, 116, 117, 121, 122
Lag2Neutral	30	true	false	false	2, 49, 111, 112, 115, 116, 117, 121, 122
Lag2Neutral	31	true	false	false	2, 111, 112, 115, 116, 117, 118, 121, 122
Lag2Neutral	32	false	false	false	1, 2, 3, 8, 9, 10, 11, 17, 21, 26, 33, 34, 39, 44, 49, 108, 109, 110, 111, 112, 113, 115, 116, 117, 118, 119, 120, 121, 122, 125, 126, 127
Lag2Neutral	33	true	false	false	2, 108, 111, 112, 115, 116, 117, 121, 122
Lag2Neutral	34	true	false	false	2, 49, 111, 112, 115, 116, 117, 118, 121, 122
Lag2Neutral	35	false	false	false	2, 61, 108, 109, 110, 111, 112, 115, 116, 117, 118, 119, 121, 122
Lag2Neutral	36	false	false	false	2, 49, 108, 111, 112, 115, 116, 117, 118, 121, 122
Lag2Neutral	37	false	false	false	2, 61, 108, 109, 110, 111, 112, 115, 116, 117, 121, 122
Lag2Neutral	38	true	false	false	2, 33, 34, 115, 116, 121, 122
Lag2Neutral	39	true	false	false	61, 115, 122
Lag2Neutral	40	true	false	false	61, 115, 116, 121, 122
Lag2Neutral	41	true	false	false	17, 115, 116, 122
Lag2Neutral	42	false	false	false	2, 63, 64, 108, 111, 112, 115, 116, 117, 121, 122
Lag2Neutral	43	true	false	false	111, 112, 115, 116, 117, 121, 122
Lag2Neutral	44	true	false	false	2, 111, 112, 115, 116, 117, 121, 122
Lag2Neutral	45	true	false	false	15, 63, 64, 115, 116, 119, 121, 122
Lag2Neutral	46	true	false	false	115, 116, 121, 122
Lag2Neutral	47	true	false	false	61, 63, 64, 115, 116, 117, 121, 122
Lag2Neutral	48	true	false	false	115, 116, 121, 122
Lag2Neutral	49	false	false	false	1, 2, 3, 7, 8, 9, 10, 11, 12, 13, 14, 15, 16, 17, 18, 19, 20, 21, 22, 23, 24, 25, 26, 27, 28, 29, 30, 31, 32, 33, 34, 35, 36, 37, 38, 39, 40, 41, 42, 43, 44, 45, 46, 47, 48, 49, 50, 51, 52, 53, 54, 56, 57, 58, 59, 60, 61, 63, 64, 65, 66, 67, 69, 70, 71, 73, 74, 83, 86, 108, 109, 110, 111, 112, 113, 114, 115, 116, 117, 118, 119, 120, 121, 122, 125, 126, 127, 128
Lag2Neutral	50	true	false	false	61, 63, 64, 115, 116, 121, 122
Lag2Neutral	51	true	false	false	9, 64, 122
Lag2Neutral	52	true	false	false	9, 61, 64, 68
Lag2Neutral	53	true	false	false	61, 63, 64, 115, 121, 122
Lag2Neutral	54	false	false	false	61, 63, 64, 69, 108, 109, 111, 112, 115, 116, 117, 118, 121, 122
Lag2Neutral	55	true	false	false	61, 63, 64, 115, 116, 121, 122
Lag2Neutral	56	false	false	false	33, 52, 60, 61, 63, 64, 67, 115, 116, 121, 122
Lag2Neutral	57	false	false	false	33, 61, 63, 64, 108, 109, 111, 112, 115, 116, 117, 118, 121, 122
Lag2Neutral	58	false	false	false	33, 61, 64, 108, 109, 111, 112, 115, 116, 117, 118, 121, 122
Lag2Neutral	59	false	false	false	1, 2, 8, 9, 13, 14, 15, 16, 17, 19, 21, 22, 23, 25, 26, 32, 33, 34, 35, 36, 37, 39, 40, 41, 42, 43, 45, 46, 47, 48, 49, 54, 58, 59, 60, 61, 62, 63, 64, 67, 68, 69, 72, 73, 74, 76, 81, 83, 84, 85, 86, 107, 108, 109, 110, 111, 112, 113, 114, 115, 116, 117, 118, 119, 120, 121, 122, 123, 124, 125, 126, 127, 128
Lag2Neutral	60	true	false	false	8, 33, 61, 63, 64, 115, 116, 122
Lag2Neutral	61	true	false	false	61, 63, 64, 67, 68, 69
Lag2Neutral	62	true	false	false	33, 38, 61, 63, 64, 68, 69
Lag2Neutral	63	false	false	false	7, 8, 12, 17, 18, 22, 33, 39, 56, 61, 62, 63, 64, 68, 69, 122
Lag2Neutral	64	false	false	false	33, 39, 44, 49, 56, 61, 62, 63, 64, 66, 67, 68, 69, 72, 73, 76, 81, 122
Lag2Neutral	65	false	false	false	33, 39, 44, 56, 60, 61, 62, 63, 64, 67, 68, 69, 73, 122
Lag2Neutral	66	false	false	false	33, 39, 44, 56, 61, 62, 63, 64, 68, 69, 84, 122
Lag2Neutral	67	true	false	false	7, 33, 44, 56, 57, 73, 75
Lag2Neutral	68	true	false	false	7, 33, 39, 44, 50, 52, 56, 57, 75
Lag2Neutral	69	false	true	false	7, 21, 33, 44, 49, 52, 56, 57, 73, 75
Lag2Neutral	70	false	false	false	12, 18, 22, 26, 33, 38, 39, 44, 56, 57, 75, 98, 122
Lag2Neutral	71	true	false	false	33, 39, 44, 56, 57, 75
Lag2Neutral	72	false	false	false	7, 33, 38, 39, 44, 49, 50, 56, 57, 60, 75, 122
Lag2Neutral	73	true	false	false	22, 33, 39, 44, 49, 50, 56, 57, 75, 122
Lag2Neutral	74	true	false	false	33, 39, 44, 50, 56, 57, 75, 122
Lag2Neutral	75	false	false	false	7, 22, 33, 39, 44, 50, 52, 56, 57, 75, 122
Lag2Neutral	76	false	false	false	7, 22, 33, 39, 44, 50, 56, 57, 75, 116, 122
Lag2Neutral	77	true	false	false	22, 33, 39, 50, 57, 75, 122
Lag2Neutral	78	false	true	false	8, 22, 33, 39, 50, 52, 56, 57, 75, 116, 122
Lag2Neutral	79	false	false	false	7, 33, 38, 39, 46, 50, 52, 57, 73, 75, 98, 117, 118, 122, 124
Lag2Neutral	80	true	false	false	7, 12, 33, 39, 50, 57, 75, 98
Lag2Neutral	81	false	false	false	7, 22, 26, 33, 38, 39, 50, 52, 57, 75, 98, 116, 117, 118, 122, 124
Lag2Neutral	82	true	false	false	7, 18, 33, 39, 46, 50, 57, 75, 122
Lag2Neutral	83	false	false	false	7, 18, 33, 39, 46, 50, 52, 57, 75, 116, 122
Lag2Neutral	84	true	false	false	33, 39, 50, 57, 75
Lag2Neutral	85	true	false	false	33, 39, 50, 57, 75, 108, 122
Lag2Neutral	86	true	false	false	33, 39, 50, 52, 57, 75, 122
Lag2Neutral	87	true	false	false	33, 39, 46, 50, 52, 57, 75, 122
Lag2Neutral	88	true	false	false	33, 39, 46, 50, 57, 75, 122
Lag2Neutral	89	false	false	false	7, 18, 21, 22, 26, 33, 38, 39, 45, 46, 49, 50, 52, 57, 73, 75, 98, 108, 110, 115, 116, 117, 118, 122, 124
Lag2Neutral	90	false	false	false	7, 12, 18, 22, 26, 33, 38, 39, 46, 50, 52, 57, 59, 75, 108, 122
Lag2Neutral	91	true	false	false	18, 26, 33, 38, 39, 50, 57, 75, 98, 122
Lag2Neutral	92	true	false	false	12, 33, 39, 46, 50, 51, 52, 57, 75, 108
Lag2Neutral	93	false	false	false	22, 26, 33, 38, 39, 46, 48, 50, 51, 52, 57, 75, 108
Lag2Neutral	94	false	false	false	1, 7, 8, 9, 14, 15, 17, 18, 19, 20, 21, 22, 23, 26, 27, 33, 38, 39, 46, 50, 52, 57, 75, 81, 108, 115, 122
Lag2Neutral	95	false	false	false	7, 12, 18, 33, 39, 46, 49, 50, 52, 57, 59, 60, 75, 108, 122
Lag2Neutral	96	false	false	false	7, 12, 18, 33, 39, 46, 50, 51, 52, 57, 75, 108
Lag2Neutral	97	false	false	false	7, 18, 22, 33, 39, 46, 49, 50, 52, 57, 75, 108, 122
Lag2Neutral	98	false	false	true	7, 8, 12, 15, 17, 18, 19, 20, 22, 23, 25, 26, 27, 33, 38, 39, 46, 49, 50, 51, 52, 57, 73, 75, 81, 108, 113, 122, 125, 126
Lag2Neutral	99	false	false	false	1, 7, 8, 12, 18, 19, 22, 23, 25, 26, 27, 28, 30, 33, 34, 38, 39, 46, 49, 50, 51, 52, 57, 75, 98, 108, 122
Lag2Neutral	100	true	false	false	7, 33, 39, 46, 50, 52, 57, 75, 108, 122
Lag2Negative	1	true	false	false	49
Lag2Negative	2	true	false	false	17, 49
Lag2Negative	3	true	false	false
Lag2Negative	4	true	false	false
Lag2Negative	5	true	false	false
Lag2Negative	6	true	false	false
Lag2Negative	7	true	false	false
Lag2Negative	8	true	false	false	49
Lag2Negative	9	true	false	false	45
Lag2Negative	10	true	false	false
Lag2Negative	11	false	true	false	21, 49
Lag2Negative	12	true	false	false
Lag2Negative	13	true	false	false	21
Lag2Negative	14	true	false	false
Lag2Negative	15	true	false	false	49
Lag2Negative	16	true	false	false	49
Lag2Negative	17	true	false	false
Lag2Negative	18	true	false	false
Lag2Negative	19	true	false	false
Lag2Negative	20	true	false	false
Lag2Negative	21	true	false	false	49, 114, 125
Lag2Negative	22	true	false	false	2, 49, 115, 116, 117, 121, 122
Lag2Negative	23	true	false	false	49, 115, 122
Lag2Negative	24	true	false	false	49, 115, 121, 122
Lag2Negative	25	true	false	false	43, 115, 122
Lag2Negative	26	false	false	false	2, 3, 10, 11, 22, 49, 81, 108, 110, 111, 112, 115, 116, 117, 119, 121, 122
Lag2Negative	27	false	false	false	2, 3, 4, 9, 10, 11, 14, 32, 38, 44, 45, 48, 49, 61, 65, 66, 70, 73, 74, 83, 108, 109, 110, 111, 112, 113, 114, 115, 116, 117, 119, 120, 121, 122, 125, 126, 127, 128
Lag2Negative	28	false	false	false	2, 3, 10, 11, 48, 49, 108, 109, 110, 111, 112, 115, 116, 117, 118, 119, 120, 121, 122, 125, 127
Lag2Negative	29	false	false	false	2, 3, 4, 5, 6, 10, 49, 111, 112, 115, 116, 117, 118, 121, 122, 123, 124
Lag2Negative	30	true	false	false	2, 112, 115, 116, 117, 121, 122
Lag2Negative	31	false	false	false	1, 2, 3, 4, 7, 8, 9, 10, 11, 12, 13, 14, 15, 16, 17, 18, 19, 20, 21, 22, 23, 24, 25, 26, 27, 28, 29, 30, 31, 32, 33, 34, 35, 36, 37, 38, 39, 40, 41, 42, 43, 44, 45, 46, 47, 48, 49, 50, 51, 52, 53, 54, 55, 56, 57, 58, 59, 60, 61, 62, 63, 64, 65, 66, 67, 68, 69, 70, 71, 72, 73, 74, 75, 76, 77, 78, 79, 81, 82, 83, 84, 85, 86, 88, 89, 90, 91, 92, 93, 94, 95, 96, 97, 99, 102, 103, 106, 108, 109, 110, 111, 112, 113, 114, 115, 116, 117, 118, 119, 120, 121, 122, 124, 125, 126, 127, 128
Lag2Negative	32	true	false	false	2, 17, 49, 112, 115, 116, 117, 121, 122
Lag2Negative	33	false	false	false	2, 108, 109, 110, 111, 112, 115, 116, 117, 121, 122
Lag2Negative	34	false	true	false	1, 2, 8, 9, 10, 11, 21, 22, 25, 33, 108, 109, 110, 111, 112, 115, 116, 117, 118, 121, 122
Lag2Negative	35	false	false	false	2, 14, 108, 111, 112, 115, 116, 117, 118, 121, 122
Lag2Negative	36	true	false	false	2, 111, 112, 115, 116, 117, 121, 122
Lag2Negative	37	true	false	false	33, 61, 115, 122
Lag2Negative	38	false	false	false	2, 60, 61, 67, 73, 74, 108, 111, 112, 115, 116, 117, 118, 121, 122
Lag2Negative	39	false	false	false	2, 8, 9, 17, 61, 63, 64, 108, 109, 110, 111, 112, 115, 116, 117, 118, 121, 122, 125
Lag2Negative	40	true	false	false	2, 61, 63, 64, 115, 116, 119, 121, 122
Lag2Negative	41	true	false	false	2, 61, 64, 111, 112, 115, 116, 117, 121, 122
Lag2Negative	42	true	false	false	61, 63, 64, 115, 116, 117, 121, 122
Lag2Negative	43	true	false	false	115, 116, 121, 122
Lag2Negative	44	true	false	false	2, 108, 111, 112, 115, 116, 117, 121, 122
Lag2Negative	45	true	false	false	115, 116, 121, 122
Lag2Negative	46	false	false	false	2, 49, 61, 63, 64, 108, 109, 111, 112, 115, 116, 117, 118, 121, 122
Lag2Negative	47	true	false	false	6, 64, 115, 116, 122
Lag2Negative	48	false	false	false	2, 13, 16, 19, 20, 23, 24, 27, 28, 29, 30, 34, 36, 37, 40, 42, 46, 47, 49, 50, 51, 52, 53, 54, 58, 59, 60, 61, 62, 63, 64, 65, 66, 67, 68, 69, 70, 71, 73, 74, 81, 108, 109, 110, 111, 112, 113, 114, 115, 116, 117, 118, 121, 122, 125
Lag2Negative	49	false	true	false	2, 8, 17, 63, 64, 115, 116, 121, 122
Lag2Negative	50	true	false	false	61, 63, 64
Lag2Negative	51	true	false	false	61, 63, 64
Lag2Negative	52	false	false	false	61, 63, 64, 67, 108, 111, 112, 115, 116, 117, 121, 122
Lag2Negative	53	true	false	false	61, 63, 64, 115, 122
Lag2Negative	54	true	false	false	61, 63, 64, 115, 122
Lag2Negative	55	true	false	false	61, 64, 115, 116, 121, 122
Lag2Negative	56	false	false	false	7, 33, 49, 61, 63, 64, 67, 68, 69, 73, 74, 81, 108, 109, 111, 112, 115, 116, 117, 118, 121, 122
Lag2Negative	57	false	false	false	33, 61, 63, 64, 67, 68, 69, 81, 108, 109, 111, 112, 115, 116, 117, 118, 121, 122
Lag2Negative	58	false	false	false	22, 26, 33, 60, 61, 63, 64, 67, 68, 69, 115, 116, 117, 121, 122
Lag2Negative	59	false	false	false	33, 56, 61, 63, 64, 67, 68, 69, 108, 109, 111, 112, 115, 116, 117, 118, 121, 122, 123, 124
Lag2Negative	60	false	false	false	56, 61, 63, 64, 68, 69, 108, 111, 112, 115, 116, 117, 118, 121, 122, 123, 124
Lag2Negative	61	false	false	false	7, 44, 56, 61, 63, 64, 67, 68, 69, 81, 122
Lag2Negative	62	true	false	false	61, 64, 73, 119, 122
Lag2Negative	63	true	false	false	39, 61, 63, 64, 68, 69
Lag2Negative	64	true	false	false	56, 61, 63, 64, 68, 69
Lag2Negative	65	true	false	false	44, 56, 61, 63, 64, 68, 69
Lag2Negative	66	false	false	false	33, 38, 39, 44, 60, 61, 63, 64, 68, 69, 122
Lag2Negative	67	true	false	false	33, 39, 44, 61, 63, 64, 68, 69, 122
Lag2Negative	68	false	false	false	23, 33, 38, 39, 44, 49, 56, 61, 62, 63, 64, 67, 68, 69, 122
Lag2Negative	69	true	false	false	33, 44, 56, 61, 63, 64, 68, 69, 122
Lag2Negative	70	false	false	false	21, 22, 33, 38, 39, 44, 49, 50, 56, 57, 75, 97, 116, 118
Lag2Negative	71	false	true	false	15, 21, 33, 39, 44, 50, 52, 56, 57, 73, 75, 122
Lag2Negative	72	true	false	false	33, 39, 44, 50, 52, 56, 57, 75, 122
Lag2Negative	73	false	true	false	7, 21, 22, 23, 33, 39, 44, 49, 50, 52, 56, 57, 75, 122
Lag2Negative	74	true	false	false	7, 27, 33, 39, 44, 50, 56, 57, 75, 122
Lag2Negative	75	true	false	false	33, 39, 44, 49, 50, 56, 57, 75, 122
Lag2Negative	76	false	false	false	8, 21, 22, 25, 33, 39, 44, 50, 56, 57, 75, 116, 122
Lag2Negative	77	true	false	false	7, 21, 33, 39, 44, 50, 52, 56, 75, 122
Lag2Negative	78	true	false	false	33, 39, 50, 56, 57, 75, 122
Lag2Negative	79	true	false	false	18, 33, 39, 50, 53, 57, 73, 75, 117
Lag2Negative	80	true	false	false	33, 39, 50, 57, 75
Lag2Negative	81	false	false	false	7, 18, 26, 27, 33, 39, 46, 50, 52, 57, 75, 116, 117, 118, 122, 124
Lag2Negative	82	false	false	false	18, 33, 39, 50, 57, 75, 116, 117, 118, 122, 123, 124
Lag2Negative	83	false	false	false	7, 26, 33, 39, 49, 50, 57, 75, 98, 108, 116, 117, 118, 122, 124
Lag2Negative	84	false	true	false	7, 8, 12, 18, 22, 26, 33, 38, 39, 46, 49, 50, 52, 57, 59, 73, 75, 81, 98, 108, 109, 111, 115, 116, 117, 118, 122, 124
Lag2Negative	85	true	false	false	18, 33, 39, 50, 75, 116, 122
Lag2Negative	86	true	false	false	33, 39, 50, 51, 57, 75, 116, 122
Lag2Negative	87	false	false	false	7, 12, 19, 23, 33, 39, 46, 50, 52, 57, 75, 122
Lag2Negative	88	true	false	false	18, 33, 39, 46, 49, 50, 57, 75, 98, 122
Lag2Negative	89	true	false	false	12, 18, 33, 39, 46, 50, 57, 75, 122
Lag2Negative	90	true	false	false	7, 18, 33, 39, 46, 50, 52, 57, 75, 108
Lag2Negative	91	true	false	false	7, 33, 39, 46, 50, 51, 57, 75, 81, 108
Lag2Negative	92	false	false	false	7, 12, 33, 39, 46, 50, 51, 52, 57, 75, 108
Lag2Negative	93	true	false	false	7, 18, 33, 39, 46, 50, 52, 57, 75
Lag2Negative	94	false	false	false	7, 12, 18, 22, 26, 33, 38, 39, 46, 49, 50, 52, 57, 75, 81, 108, 118
Lag2Negative	95	false	false	false	7, 18, 22, 33, 39, 46, 50, 52, 57, 75, 108, 118
Lag2Negative	96	false	false	false	7, 18, 22, 26, 33, 38, 39, 46, 49, 50, 51, 52, 57, 59, 75, 108, 116, 122
Lag2Negative	97	false	false	false	7, 12, 18, 19, 22, 23, 26, 28, 33, 39, 46, 49, 50, 52, 57, 75, 108, 122
Lag2Negative	98	false	false	false	7, 22, 33, 39, 41, 46, 50, 57, 75, 108, 122
Lag2Negative	99	false	false	false	7, 18, 29, 33, 39, 46, 50, 52, 57, 75, 108, 122
Lag2Negative	100	false	false	false	7, 12, 17, 18, 22, 26, 33, 38, 39, 46, 50, 57, 75, 81, 98, 108, 115, 116, 117, 118
Lag8Baseline	1	true	false	false
Lag8Baseline	2	false	true	false	21
Lag8Baseline	3	true	false	false	15, 21
Lag8Baseline	4	false	true	false	14, 21, 25, 49
Lag8Baseline	5	true	false	false
Lag8Baseline	6	true	false	false
Lag8Baseline	7	true	false	false	49
Lag8Baseline	8	true	false	false
Lag8Baseline	9	true	false	false
Lag8Baseline	10	true	false	false
Lag8Baseline	11	true	false	false
Lag8Baseline	12	true	false	false
Lag8Baseline	13	true	false	false
Lag8Baseline	14	false	true	false	21
Lag8Baseline	15	true	false	false	17
Lag8Baseline	16	true	false	false
Lag8Baseline	17	true	false	false	122
Lag8Baseline	18	true	false	false
Lag8Baseline	19	true	false	false
Lag8Baseline	20	true	false	false
Lag8Baseline	21	true	false	false	49
Lag8Baseline	22	true	false	false	49
Lag8Baseline	23	true	false	false	49, 61, 115, 122
Lag8Baseline	24	true	false	false	49, 61, 115, 122
Lag8Baseline	25	true	false	false	49, 115, 122
Lag8Baseline	26	true	false	false	2, 49, 115, 116, 122
Lag8Baseline	27	false	false	false	1, 2, 3, 6, 8, 9, 10, 11, 14, 15, 16, 20, 22, 23, 24, 25, 26, 27, 28, 29, 30, 32, 33, 34, 35, 36, 37, 38, 39, 40, 41, 42, 43, 44, 45, 46, 47, 48, 49, 50, 51, 52, 53, 54, 56, 57, 58, 59, 60, 63, 64, 65, 66, 68, 69, 70, 73, 74, 83, 84, 85, 86, 108, 109, 110, 111, 112, 113, 114, 115, 116, 117, 118, 119, 120, 121, 122, 123, 124, 125, 126, 127, 128
Lag8Baseline	28	true	false	false	2, 49, 115, 116, 121, 122
Lag8Baseline	29	true	false	false	2, 49, 115, 116, 117, 121, 122
Lag8Baseline	30	true	false	false	2, 115, 116, 121, 122
Lag8Baseline	31	true	false	false	2, 108, 111, 112, 115, 116, 117, 121, 122
Lag8Baseline	32	true	false	false	2, 49, 71, 111, 112, 115, 116, 117, 121, 122
Lag8Baseline	33	false	false	false	2, 3, 8, 9, 10, 11, 15, 16, 17, 21, 49, 61, 108, 109, 110, 111, 112, 115, 116, 117, 118, 119, 120, 121, 122, 125
Lag8Baseline	34	false	false	false	2, 21, 49, 67, 108, 111, 112, 115, 116, 117, 121, 122
Lag8Baseline	35	false	false	true	1, 2, 3, 5, 6, 7, 8, 9, 10, 11, 12, 13, 14, 15, 16, 17, 18, 19, 20, 21, 22, 23, 24, 25, 26, 27, 28, 29, 30, 31, 32, 33, 34, 35, 36, 37, 38, 39, 40, 41, 42, 43, 44, 45, 46, 47, 48, 49, 50, 51, 52, 53, 54, 55, 56, 57, 58, 59, 60, 61, 62, 63, 64, 65, 66, 67, 68, 69, 70, 71, 72, 73, 74, 75, 76, 77, 78, 79, 81, 82, 83, 84, 85, 86, 88, 89, 90, 91, 92, 93, 94, 95, 96, 97, 99, 103, 108, 109, 110, 111, 112, 113, 114, 115, 116, 117, 118, 119, 120, 121, 122, 123, 124, 125, 126, 127, 128
Lag8Baseline	36	true	false	false	2, 49, 108, 111, 112, 115, 116, 117, 121, 122
Lag8Baseline	37	false	false	false	1, 2, 3, 8, 9, 10, 11, 14, 15, 16, 17, 21, 22, 25, 26, 32, 33, 34, 35, 36, 37, 38, 39, 40, 41, 42, 43, 44, 45, 46, 47, 48, 49, 50, 51, 52, 53, 54, 56, 57, 58, 59, 60, 61, 63, 64, 65, 66, 68, 69, 70, 71, 73, 74, 81, 83, 84, 86, 108, 109, 110, 111, 112, 113, 114, 115, 116, 117, 118, 119, 120, 121, 122, 125, 126, 127, 128
Lag8Baseline	38	false	false	false	2, 34, 38, 61, 108, 111, 112, 115, 116, 117, 118, 121, 122
Lag8Baseline	39	false	false	false	2, 3, 8, 9, 10, 11, 14, 17, 22, 25, 26, 33, 34, 39, 61, 108, 109, 110, 111, 112, 115, 116, 117, 118, 119, 121, 122, 125
Lag8Baseline	40	true	false	false	2, 115, 116, 121, 122
Lag8Baseline	41	true	false	false	115, 116, 121, 122
Lag8Baseline	42	false	false	false	2, 9, 63, 64, 81, 85, 108, 111, 112, 115, 116, 117, 118, 121, 122
Lag8Baseline	43	true	false	false	61, 63, 64, 111, 112, 115, 116, 117, 121, 122
Lag8Baseline	44	false	false	false	1, 8, 17, 18, 21, 22, 25, 61, 63, 64, 108, 111, 112, 115, 116, 117, 118, 121, 122
Lag8Baseline	45	true	false	false	17, 63, 64, 122
Lag8Baseline	46	false	false	false	1, 2, 7, 9, 12, 13, 14, 15, 16, 17, 18, 19, 20, 21, 22, 23, 24, 25, 26, 27, 28, 29, 30, 31, 32, 33, 34, 35, 36, 37, 38, 39, 40, 41, 42, 43, 44, 45, 46, 47, 48, 49, 50, 51, 52, 53, 54, 55, 56, 57, 58, 59, 60, 61, 62, 63, 64, 65, 66, 67, 68, 69, 70, 71, 72, 73, 74, 75, 76, 77, 78, 79, 81, 82, 83, 84, 85, 86, 88, 89, 90, 91, 92, 94, 95, 96, 108, 109, 110, 111, 112, 113, 114, 115, 116, 117, 118, 119, 120, 121, 122, 125, 126, 127, 128
Lag8Baseline	47	false	false	false	33, 61, 63, 64, 108, 111, 112, 115, 116, 117, 121, 122
Lag8Baseline	48	true	false	false	61, 63, 64, 115, 116, 121, 122
Lag8Baseline	49	true	false	false	61, 64, 122
Lag8Baseline	50	false	false	false	33, 64, 108, 111, 112, 115, 116, 117, 118, 121, 122
Lag8Baseline	51	false	false	false	1, 25, 33, 61, 63, 64, 67, 108, 111, 112, 115, 116, 117, 118, 121, 122, 125
Lag8Baseline	52	false	false	false	33, 61, 63, 64, 67, 111, 112, 115, 116, 117, 121, 122
Lag8Baseline	53	false	false	false	33, 61, 63, 64, 67, 68, 69, 115, 116, 121, 122
Lag8Baseline	54	false	false	false	33, 61, 63, 64, 108, 111, 112, 115, 116, 117, 118, 121, 122
Lag8Baseline	55	false	false	false	7, 33, 61, 63, 64, 67, 108, 112, 115, 116, 117, 118, 121, 122
Lag8Baseline	56	false	false	false	33, 61, 63, 64, 67, 108, 111, 112, 115, 116, 117, 118, 121, 122
Lag8Baseline	57	false	true	false	8, 25, 33, 61, 63, 64, 108, 111, 112, 115, 116, 117, 118, 121, 122
Lag8Baseline	58	false	false	false	4, 44, 56, 61, 63, 64, 68, 69, 108, 109, 110, 111, 112, 115, 116, 117, 118, 121, 122, 123, 124
Lag8Baseline	59	false	false	false	56, 61, 63, 64, 67, 68, 69, 108, 111, 112, 115, 116, 117, 118, 121, 122, 123, 124
Lag8Baseline	60	false	false	false	7, 33, 39, 49, 56, 61, 62, 63, 64, 67, 68, 69, 73, 81, 115, 116, 117, 118, 119, 121, 122
Lag8Baseline	61	true	false	false	33, 52, 61, 63, 64, 68, 69, 122
Lag8Baseline	62	true	false	false	61, 63, 64, 68, 69
Lag8Baseline	63	true	false	false	33, 39, 44, 56, 61, 63, 64, 68, 69, 122
Lag8Baseline	64	true	false	false	33, 44, 56, 61, 63, 64, 67, 68, 69, 122
Lag8Baseline	65	true	false	false	33, 39, 44, 56, 57, 75
Lag8Baseline	66	false	false	false	7, 33, 39, 44, 50, 56, 57, 73, 75, 97, 98, 116, 122
Lag8Baseline	67	true	false	false	33, 39, 44, 50, 56, 57, 75, 98, 122
Lag8Baseline	68	false	false	false	7, 33, 39, 44, 50, 52, 56, 57, 75, 98, 116, 122
Lag8Baseline	69	false	true	false	1, 8, 17, 18, 22, 25, 33, 38, 39, 40, 44, 49, 50, 52, 56, 57, 75, 122
Lag8Baseline	70	false	false	false	6, 7, 12, 18, 33, 39, 44, 49, 50, 52, 56, 57, 60, 75, 122
Lag8Baseline	71	true	false	false	7, 21, 33, 39, 44, 50, 52, 57, 75, 122
Lag8Baseline	72	false	false	false	7, 8, 17, 33, 39, 44, 50, 56, 57, 75, 122
Lag8Baseline	73	true	false	false	33, 39, 44, 49, 50, 56, 57, 75, 97, 122
Lag8Baseline	74	true	false	false	7, 33, 39, 44, 50, 57, 75, 122
Lag8Baseline	75	true	false	false	33, 39, 44, 46, 50, 57, 75, 116, 118, 122
Lag8Baseline	76	false	false	false	26, 33, 39, 44, 50, 52, 56, 57, 75, 116, 122
Lag8Baseline	77	false	true	false	8, 17, 18, 22, 25, 33, 38, 39, 46, 49, 50, 51, 52, 56, 57, 75, 122
Lag8Baseline	78	false	true	false	7, 8, 17, 33, 39, 50, 52, 57, 75, 122
Lag8Baseline	79	true	false	false	12, 33, 39, 50, 57, 73, 75
Lag8Baseline	80	true	false	false	12, 18, 33, 39, 46, 50, 57, 75, 108
Lag8Baseline	81	false	false	false	22, 26, 33, 34, 38, 39, 50, 52, 57, 75, 116, 117, 118, 122, 123, 124
Lag8Baseline	82	false	false	false	7, 18, 22, 26, 33, 39, 50, 52, 57, 75, 81, 98, 122
Lag8Baseline	83	false	false	false	26, 33, 38, 39, 50, 57, 73, 75, 116, 117, 118, 122, 124
Lag8Baseline	84	false	false	false	4, 7, 8, 12, 14, 18, 22, 26, 33, 38, 39, 46, 49, 50, 51, 52, 57, 59, 65, 75, 81, 108, 116, 117, 122
Lag8Baseline	85	true	false	false	33, 39, 50, 57, 75, 108, 118, 122
Lag8Baseline	86	true	false	false	17, 33, 39, 50, 57, 75, 108, 118, 122
Lag8Baseline	87	false	false	false	7, 12, 18, 22, 33, 39, 46, 49, 50, 52, 57, 75, 81, 108, 116, 117, 118, 122, 123, 124
Lag8Baseline	88	true	false	false	33, 39, 46, 50, 57, 75, 81, 122
Lag8Baseline	89	true	false	false	33, 39, 46, 50, 52, 57, 75, 122
Lag8Baseline	90	true	false	false	33, 38, 39, 49, 50, 51, 57, 75, 116, 122
Lag8Baseline	91	true	false	false	7, 33, 39, 46, 50, 57, 60, 75, 122
Lag8Baseline	92	true	false	false	8, 21, 22, 25, 33, 39, 50, 75, 116, 122
Lag8Baseline	93	false	false	false	7, 18, 22, 33, 38, 39, 49, 50, 57, 75, 98, 122
Lag8Baseline	94	true	false	false	33, 39, 46, 49, 50, 57, 75, 119, 122, 123
Lag8Baseline	95	false	true	false	25, 33, 39, 41, 46, 48, 50, 51, 57, 75, 98, 108
Lag8Baseline	96	false	false	false	4, 7, 10, 18, 26, 27, 30, 33, 38, 39, 46, 49, 50, 52, 57, 73, 75, 98, 108, 118, 122
Lag8Baseline	97	false	true	false	1, 2, 7, 8, 9, 12, 14, 15, 17, 18, 21, 22, 23, 25, 26, 27, 33, 34, 38, 39, 43, 46, 49, 50, 51, 52, 57, 73, 75, 98, 108, 115, 116, 117, 118, 122, 123
Lag8Baseline	98	false	false	false	7, 18, 22, 33, 39, 46, 49, 50, 52, 57, 75, 81, 108, 118
Lag8Baseline	99	false	false	false	7, 33, 39, 46, 49, 50, 52, 57, 75, 108, 122
Lag8Baseline	100	false	false	false	7, 12, 18, 22, 26, 33, 38, 39, 46, 49, 50, 51, 52, 57, 75, 81, 108, 115, 116, 118, 122
Lag8Neutral	1	true	false	false
Lag8Neutral	2	true	false	false	49
Lag8Neutral	3	true	false	false	49
Lag8Neutral	4	true	false	false
Lag8Neutral	5	true	false	false
Lag8Neutral	6	true	false	false
Lag8Neutral	7	true	false	false	49
Lag8Neutral	8	false	true	false
Lag8Neutral	9	true	false	false
Lag8Neutral	10	true	false	false	49
Lag8Neutral	11	true	false	false
Lag8Neutral	12	true	false	false
Lag8Neutral	13	true	false	false
Lag8Neutral	14	true	false	false
Lag8Neutral	15	true	false	false	1
Lag8Neutral	16	true	false	false
Lag8Neutral	17	true	false	false	49, 122
Lag8Neutral	18	true	false	false
Lag8Neutral	19	true	false	false	49
Lag8Neutral	20	true	false	false	49
Lag8Neutral	21	true	false	false	49, 71
Lag8Neutral	22	false	false	false	1, 2, 3, 5, 6, 7, 8, 9, 10, 11, 12, 13, 14, 15, 16, 17, 18, 19, 20, 21, 22, 23, 24, 25, 26, 27, 28, 29, 30, 31, 32, 33, 34, 35, 36, 37, 38, 39, 40, 41, 42, 43, 44, 45, 46, 47, 48, 49, 50, 51, 52, 53, 54, 55, 56, 57, 58, 59, 60, 61, 62, 63, 64, 65, 66, 67, 68, 69, 70, 71, 72, 73, 74, 75, 76, 77, 78, 79, 81, 82, 83, 84, 85, 86, 88, 89, 90, 91, 92, 93, 94, 95, 96, 97, 99, 108, 109, 110, 111, 112, 113, 114, 115, 116, 117, 118, 119, 120, 121, 122, 123, 124, 125, 126, 127, 128
Lag8Neutral	23	false	false	false	2, 8, 21, 71, 81, 108, 111, 112, 115, 116, 117, 121, 122
Lag8Neutral	24	false	false	true	1, 2, 3, 4, 5, 6, 7, 8, 9, 10, 11, 12, 13, 14, 15, 16, 17, 18, 19, 20, 21, 22, 23, 24, 25, 26, 27, 28, 29, 30, 31, 32, 33, 34, 35, 36, 37, 38, 39, 40, 41, 42, 43, 44, 45, 46, 47, 48, 49, 50, 51, 52, 53, 54, 55, 56, 57, 58, 59, 60, 61, 62, 63, 64, 65, 66, 67, 68, 69, 70, 71, 72, 73, 74, 75, 76, 77, 78, 79, 80, 81, 82, 83, 84, 85, 86, 87, 88, 89, 90, 91, 92, 93, 94, 95, 96, 97, 98, 99, 100, 101, 102, 103, 104, 106, 107, 108, 109, 110, 111, 112, 113, 114, 115, 116, 117, 118, 119, 120, 121, 122, 123, 124, 125, 126, 127, 128
Lag8Neutral	25	true	false	false	2, 9, 10, 17, 112, 115, 116, 117, 121, 122
Lag8Neutral	26	false	false	false	2, 49, 60, 61, 62, 67, 73, 74, 112, 114, 115, 116, 117, 121, 122
Lag8Neutral	27	false	false	false	2, 3, 10, 11, 49, 108, 109, 110, 111, 112, 115, 116, 117, 121, 122
Lag8Neutral	28	false	false	false	2, 9, 15, 17, 21, 108, 111, 112, 115, 116, 117, 118, 121, 122
Lag8Neutral	29	false	false	false	2, 8, 10, 14, 49, 61, 108, 111, 112, 115, 116, 117, 118, 121, 122
Lag8Neutral	30	true	false	false	2, 111, 112, 115, 116, 117, 118, 121, 122
Lag8Neutral	31	false	false	false	2, 49, 108, 111, 112, 115, 116, 117, 118, 121, 122
Lag8Neutral	32	true	false	false	2, 108, 111, 112, 115, 116, 117, 118, 121, 122
Lag8Neutral	33	false	false	false	2, 108, 109, 111, 112, 115, 116, 117, 118, 121, 122
Lag8Neutral	34	false	false	false	2, 33, 34, 61, 108, 111, 112, 115, 116, 117, 121, 122
Lag8Neutral	35	false	false	false	2, 38, 61, 108, 111, 112, 115, 116, 117, 121, 122
Lag8Neutral	36	true	false	false	2, 61, 111, 112, 115, 116, 117, 118, 121, 122
Lag8Neutral	37	true	false	false	2, 61, 111, 112, 115, 116, 117, 119, 121, 122
Lag8Neutral	38	false	true	true	1, 2, 3, 4, 5, 6, 7, 8, 9, 10, 11, 12, 13, 14, 15, 16, 17, 18, 19, 20, 21, 22, 23, 24, 25, 26, 27, 28, 29, 30, 31, 32, 33, 34, 35, 36, 37, 38, 39, 40, 41, 42, 43, 44, 45, 46, 47, 48, 49, 50, 51, 52, 53, 54, 55, 56, 57, 58, 59, 60, 61, 62, 63, 64, 65, 66, 67, 68, 69, 70, 71, 72, 73, 74, 75, 76, 77, 78, 79, 80, 81, 82, 83, 84, 85, 86, 87, 88, 89, 90, 91, 92, 93, 94, 95, 96, 97, 98, 99, 100, 101, 102, 103, 104, 105, 106, 107, 108, 109, 110, 111, 112, 113, 114, 115, 116, 117, 118, 119, 120, 121, 122, 123, 124, 125, 126, 127, 128
Lag8Neutral	39	false	false	false	2, 15, 16, 39, 42, 46, 47, 50, 51, 54, 56, 57, 61, 63, 64, 71, 108, 109, 110, 111, 112, 113, 114, 115, 116, 117, 118, 119, 120, 121, 122, 123, 124, 125, 127
Lag8Neutral	40	false	false	false	2, 49, 61, 63, 64, 108, 111, 112, 115, 116, 117, 121, 122
Lag8Neutral	41	false	false	false	2, 9, 15, 49, 52, 63, 64, 108, 109, 110, 111, 112, 115, 116, 117, 118, 121, 122, 125
Lag8Neutral	42	true	false	false	2, 108, 111, 112, 115, 116, 117, 121, 122
Lag8Neutral	43	true	false	false	2, 49, 111, 112, 115, 116, 117, 121, 122
Lag8Neutral	44	false	false	false	2, 9, 21, 63, 64, 108, 111, 112, 115, 116, 117, 118, 121, 122
Lag8Neutral	45	true	false	false	9, 108, 111, 112, 115, 116, 117, 121, 122
Lag8Neutral	46	true	false	false	61, 63, 64, 67, 115, 116, 121, 122
Lag8Neutral	47	false	false	false	2, 17, 26, 33, 61, 108, 111, 112, 115, 116, 117, 118, 121, 122
Lag8Neutral	48	false	true	false	8, 9, 17, 61, 63, 64, 115, 122
Lag8Neutral	49	true	false	false	61, 63, 64
Lag8Neutral	50	false	false	false	9, 61, 63, 64, 108, 111, 112, 115, 116, 117, 121, 122
Lag8Neutral	51	true	false	false	61, 64, 115, 116, 121, 122
Lag8Neutral	52	false	false	false	61, 63, 64, 111, 112, 115, 116, 117, 118, 121, 122
Lag8Neutral	53	false	false	false	33, 49, 60, 61, 63, 64, 67, 111, 112, 115, 116, 117, 121, 122
Lag8Neutral	54	true	false	false	63, 64, 115, 116, 121, 122
Lag8Neutral	55	false	false	false	33, 61, 63, 64, 111, 112, 115, 116, 117, 121, 122
Lag8Neutral	56	true	false	false	33, 61, 62, 64, 115, 116, 121, 122
Lag8Neutral	57	false	false	false	33, 44, 61, 63, 64, 69, 112, 115, 116, 117, 121, 122
Lag8Neutral	58	false	false	false	7, 33, 44, 61, 62, 63, 64, 67, 68, 69, 73, 81, 108, 111, 112, 115, 116, 117, 118, 121, 122, 123, 124
Lag8Neutral	59	false	false	false	4, 33, 39, 44, 49, 60, 61, 62, 63, 64, 67, 68, 69, 72, 73, 74, 76, 81, 108, 109, 110, 111, 112, 115, 116, 117, 118, 121, 122, 123, 124
Lag8Neutral	60	false	false	false	2, 4, 5, 10, 39, 44, 60, 61, 62, 63, 64, 67, 68, 69, 73, 74, 108, 109, 110, 111, 112, 115, 116, 117, 118, 121, 122, 123, 124
Lag8Neutral	61	false	false	false	28, 33, 44, 47, 56, 61, 62, 63, 64, 67, 68, 69, 122
Lag8Neutral	62	false	false	false	7, 33, 39, 44, 56, 61, 63, 64, 68, 69, 122
Lag8Neutral	63	false	false	false	2, 7, 9, 14, 15, 26, 33, 38, 39, 44, 56, 57, 73, 75, 114, 122
Lag8Neutral	64	false	true	false	7, 8, 22, 33, 38, 39, 40, 44, 49, 50, 52, 56, 57, 75, 122
Lag8Neutral	65	false	false	false	33, 39, 44, 50, 52, 56, 57, 73, 75, 116, 122
Lag8Neutral	66	true	false	false	33, 38, 39, 44, 50, 56, 57, 75, 98, 122
Lag8Neutral	67	true	false	false	7, 33, 39, 44, 50, 56, 57, 75, 98, 122
Lag8Neutral	68	false	false	false	33, 39, 44, 50, 52, 56, 57, 60, 75, 98, 122
Lag8Neutral	69	true	false	false	7, 33, 39, 44, 50, 57, 75, 122
Lag8Neutral	70	true	false	false	7, 33, 39, 44, 50, 52, 56, 57, 75, 122
Lag8Neutral	71	true	false	false	33, 39, 44, 50, 56, 57, 75, 122
Lag8Neutral	72	true	false	false	7, 33, 39, 44, 57, 75, 122
Lag8Neutral	73	true	false	false	7, 33, 39, 44, 50, 56, 57, 75, 116, 122
Lag8Neutral	74	true	false	false	33, 39, 50, 57, 75, 122
Lag8Neutral	75	true	false	false	7, 33, 39, 50, 52, 56, 57, 75, 116, 122
Lag8Neutral	76	false	false	false	7, 15, 18, 33, 39, 46, 49, 50, 52, 56, 57, 75
Lag8Neutral	77	true	false	false	22, 33, 39, 50, 57, 75, 109, 117, 122
Lag8Neutral	78	true	false	false	9, 33, 39, 50, 57, 73, 75
Lag8Neutral	79	true	false	false	7, 19, 23, 33, 39, 46, 50, 57, 75, 118
Lag8Neutral	80	true	false	false	7, 33, 39, 50, 57, 75, 98, 117, 118
Lag8Neutral	81	true	false	false	33, 39, 50, 57, 75, 116, 117, 118, 122, 124
Lag8Neutral	82	false	true	false	21, 33, 38, 39, 46, 50, 57, 75, 116, 122
Lag8Neutral	83	true	false	false	7, 33, 39, 46, 50, 57, 75, 122
Lag8Neutral	84	true	false	false	12, 18, 33, 39, 46, 50, 52, 57, 75, 122
Lag8Neutral	85	false	false	false	7, 12, 33, 39, 46, 50, 52, 57, 75, 81, 122
Lag8Neutral	86	true	false	false	33, 39, 46, 50, 52, 57, 75, 81, 122
Lag8Neutral	87	true	false	false	7, 33, 39, 46, 50, 57, 75, 81, 98
Lag8Neutral	88	true	false	false	7, 33, 38, 39, 46, 50, 52, 57, 75, 122
Lag8Neutral	89	false	false	false	26, 33, 39, 45, 46, 50, 51, 57, 75, 98, 118, 122
Lag8Neutral	90	true	false	false	7, 18, 33, 39, 46, 50, 52, 57, 75
Lag8Neutral	91	true	false	false	7, 18, 33, 39, 46, 50, 52, 57, 75
Lag8Neutral	92	false	false	false	18, 33, 38, 39, 46, 50, 51, 52, 57, 75, 81, 108, 122
Lag8Neutral	93	false	false	false	7, 12, 18, 22, 33, 39, 46, 50, 52, 57, 75, 118
Lag8Neutral	94	false	false	false	7, 12, 18, 27, 33, 39, 46, 50, 52, 57, 60, 75, 108
Lag8Neutral	95	false	false	false	7, 18, 33, 39, 41, 46, 50, 52, 57, 75, 108, 122
Lag8Neutral	96	false	false	false	7, 12, 18, 19, 22, 23, 26, 27, 30, 33, 39, 46, 49, 50, 51, 52, 57, 59, 61, 65, 75, 81, 108, 118, 122
Lag8Neutral	97	true	false	false	7, 18, 33, 39, 46, 50, 57, 75, 108
Lag8Neutral	98	true	false	false	12, 33, 39, 46, 49, 50, 75, 108
Lag8Neutral	99	false	false	false	7, 12, 18, 23, 24, 26, 33, 39, 46, 49, 50, 51, 52, 57, 73, 75, 81, 108, 118, 122
Lag8Neutral	100	false	false	false	7, 12, 19, 20, 23, 24, 33, 39, 46, 50, 51, 57, 73, 75, 81, 98, 108, 110, 115
Lag8Negative	1	true	false	false
Lag8Negative	2	true	false	false
Lag8Negative	3	false	true	false	8, 9, 14, 17
Lag8Negative	4	true	false	false
Lag8Negative	5	false	true	false	8, 9, 14, 15, 16, 21
Lag8Negative	6	false	true	false	21
Lag8Negative	7	true	false	false
Lag8Negative	8	true	false	false
Lag8Negative	9	true	false	false	122
Lag8Negative	10	false	true	false	21
Lag8Negative	11	true	false	false	122
Lag8Negative	12	true	false	false
Lag8Negative	13	true	false	false	1, 17
Lag8Negative	14	true	false	false
Lag8Negative	15	true	false	false
Lag8Negative	16	true	false	false
Lag8Negative	17	true	false	false
Lag8Negative	18	true	false	false
Lag8Negative	19	true	false	false
Lag8Negative	20	true	false	false
Lag8Negative	21	true	false	false	2, 49, 115, 122
Lag8Negative	22	true	false	false	2, 49, 115, 118, 122
Lag8Negative	23	true	false	false	2, 108, 111, 112, 115, 116, 117, 118, 121, 122
Lag8Negative	24	false	false	false	2, 10, 11, 14, 17, 49, 108, 109, 110, 111, 112, 115, 116, 117, 119, 121, 122, 125, 127
Lag8Negative	25	true	false	false	2, 49, 111, 112, 115, 116, 117, 118, 121, 122
Lag8Negative	26	true	false	false	2, 49, 108, 111, 112, 115, 116, 117, 121, 122
Lag8Negative	27	false	false	false	2, 49, 108, 111, 112, 115, 116, 117, 118, 121, 122
Lag8Negative	28	false	true	false	2, 21, 115, 116, 121, 122
Lag8Negative	29	true	false	false	2, 115, 116, 121, 122
Lag8Negative	30	false	false	false	2, 3, 21, 61, 108, 109, 110, 111, 112, 115, 116, 117, 118, 121, 122
Lag8Negative	31	true	false	false	2, 111, 112, 115, 116, 117, 118, 121, 122
Lag8Negative	32	true	false	false	2, 49, 111, 112, 115, 116, 117, 121, 122
Lag8Negative	33	false	false	false	1, 2, 3, 8, 9, 10, 11, 17, 25, 32, 38, 43, 44, 48, 50, 64, 81, 108, 109, 110, 111, 112, 114, 115, 116, 117, 119, 120, 121, 122, 125, 126, 127, 128
Lag8Negative	34	false	false	false	1, 2, 3, 8, 10, 11, 15, 17, 21, 25, 108, 109, 110, 111, 112, 115, 116, 117, 118, 119, 121, 122, 125
Lag8Negative	35	true	false	false	2, 108, 111, 112, 115, 116, 117, 118, 121, 122
Lag8Negative	36	true	false	false	2, 49, 61, 115, 116, 121, 122
Lag8Negative	37	true	false	false	34, 61, 115, 122
Lag8Negative	38	true	false	false	2, 111, 115, 116, 121, 122
Lag8Negative	39	false	false	false	2, 14, 15, 38, 49, 61, 63, 64, 67, 108, 109, 111, 112, 115, 116, 117, 118, 119, 121, 122, 123, 124, 125
Lag8Negative	40	true	false	false	61, 115, 116, 117, 121, 122
Lag8Negative	41	true	false	false	64, 115, 116, 121, 122
Lag8Negative	42	true	false	false	63, 64, 115, 116, 121, 122
Lag8Negative	43	false	false	false	2, 63, 64, 108, 109, 111, 112, 115, 116, 117, 118, 121, 122
Lag8Negative	44	false	false	true	1, 2, 3, 4, 5, 6, 7, 8, 9, 10, 11, 12, 13, 14, 15, 16, 17, 18, 19, 20, 21, 22, 23, 24, 25, 26, 27, 28, 29, 30, 31, 32, 33, 34, 35, 36, 37, 38, 39, 40, 41, 42, 43, 44, 45, 46, 47, 48, 49, 50, 51, 52, 53, 54, 55, 56, 57, 58, 59, 60, 61, 62, 63, 64, 65, 66, 67, 68, 69, 70, 71, 72, 73, 74, 75, 76, 77, 78, 79, 81, 82, 83, 84, 85, 86, 88, 89, 90, 91, 93, 94, 95, 96, 98, 100, 101, 102, 103, 104, 105, 106, 107, 108, 109, 110, 111, 112, 113, 114, 115, 116, 117, 118, 119, 120, 121, 122, 123, 124, 125, 126, 127, 128
Lag8Negative	45	false	false	false	1, 2, 3, 7, 8, 9, 10, 11, 12, 13, 14, 15, 16, 17, 18, 19, 20, 21, 22, 23, 24, 25, 26, 27, 28, 29, 30, 31, 32, 33, 34, 35, 36, 37, 38, 39, 40, 41, 42, 43, 44, 45, 46, 47, 48, 49, 50, 51, 52, 53, 54, 56, 57, 58, 59, 60, 61, 62, 63, 64, 65, 66, 67, 68, 69, 70, 71, 72, 73, 74, 75, 76, 77, 78, 79, 81, 82, 83, 84, 85, 86, 88, 89, 90, 91, 92, 94, 95, 96, 102, 103, 107, 108, 109, 110, 111, 112, 113, 114, 115, 116, 117, 118, 119, 120, 121, 122, 124, 125, 126, 127, 128
Lag8Negative	46	true	false	false	61, 63, 64
Lag8Negative	47	true	false	false	61, 63, 64
Lag8Negative	48	true	false	false	61, 63, 64, 115, 122
Lag8Negative	49	true	false	false	61, 63, 64, 115, 116, 117, 121, 122
Lag8Negative	50	true	false	false	61, 63, 64, 115, 122
Lag8Negative	51	true	false	false	61, 63, 64, 115, 116, 121, 122
Lag8Negative	52	true	false	false	61, 63, 64, 115, 116, 122
Lag8Negative	53	false	false	false	2, 26, 33, 61, 63, 64, 108, 109, 111, 112, 115, 116, 117, 118, 121, 122
Lag8Negative	54	true	false	false	44, 49, 61, 64, 115, 116, 121, 122
Lag8Negative	55	false	false	false	33, 49, 51, 56, 61, 63, 64, 67, 69, 108, 111, 112, 115, 116, 117, 118, 121, 122
Lag8Negative	56	false	false	false	33, 60, 61, 63, 64, 67, 68, 69, 73, 74, 108, 109, 110, 111, 112, 115, 116, 117, 118, 121, 122, 124
Lag8Negative	57	false	false	false	33, 61, 63, 64, 67, 68, 69, 108, 111, 112, 115, 116, 117, 118, 121, 122
Lag8Negative	58	false	false	false	33, 61, 63, 64, 108, 111, 112, 115, 116, 117, 118, 121, 122
Lag8Negative	59	false	false	false	33, 56, 60, 61, 63, 64, 67, 68, 69, 73, 74, 85, 112, 115, 116, 117, 118, 121, 122
Lag8Negative	60	false	false	false	33, 61, 63, 64, 68, 69, 115, 116, 117, 118, 121, 122
Lag8Negative	61	true	false	false	7, 22, 49, 56, 61, 63, 64, 68, 69, 85
Lag8Negative	62	false	false	false	13, 23, 33, 56, 60, 61, 63, 64, 67, 68, 69, 73, 122
Lag8Negative	63	true	false	false	7, 61, 63, 64, 68, 69
Lag8Negative	64	false	false	false	33, 44, 56, 57, 61, 62, 63, 64, 67, 68, 69
Lag8Negative	65	true	false	false	33, 44, 56, 61, 63, 64, 68, 69, 85, 122
Lag8Negative	66	false	false	false	15, 33, 39, 44, 56, 61, 62, 63, 64, 67, 68, 69, 72, 73, 81, 122
Lag8Negative	67	false	false	false	7, 33, 39, 44, 56, 61, 63, 64, 68, 69, 122
Lag8Negative	68	false	false	false	33, 39, 44, 56, 61, 62, 63, 64, 68, 69, 72, 73, 115, 122
Lag8Negative	69	true	false	false	33, 39, 44, 52, 56, 57, 75
Lag8Negative	70	false	false	false	33, 39, 44, 50, 52, 56, 57, 73, 75, 98, 122
Lag8Negative	71	false	false	false	4, 7, 8, 10, 33, 38, 39, 43, 44, 49, 50, 51, 52, 56, 57, 73, 75, 81, 82, 97, 98, 109, 112, 117, 118, 121, 123, 124
Lag8Negative	72	true	false	false	33, 39, 44, 50, 57, 75, 121
Lag8Negative	73	false	false	false	7, 22, 33, 38, 39, 40, 44, 50, 52, 56, 57, 75, 122
Lag8Negative	74	false	false	false	7, 33, 39, 40, 44, 49, 50, 56, 57, 75, 116, 117, 122
Lag8Negative	75	false	true	false	2, 8, 9, 12, 17, 18, 19, 22, 23, 26, 32, 33, 39, 44, 49, 50, 56, 57, 75, 98, 116, 121, 122
Lag8Negative	76	true	false	false	22, 33, 39, 44, 50, 56, 57, 75
Lag8Negative	77	true	false	false	7, 33, 39, 44, 50, 56, 57, 75, 122
Lag8Negative	78	true	false	false	22, 33, 39, 50, 52, 56, 57, 75
Lag8Negative	79	false	false	false	7, 22, 33, 38, 39, 45, 50, 57, 60, 73, 75, 98, 116, 117, 118, 122, 124
Lag8Negative	80	true	false	false	26, 33, 39, 50, 57, 60, 73, 75, 122
Lag8Negative	81	true	false	false	7, 18, 33, 39, 46, 50, 52, 57, 75, 122
Lag8Negative	82	true	false	false	7, 33, 38, 39, 46, 50, 52, 57, 75, 122
Lag8Negative	83	true	false	false	7, 33, 39, 50, 52, 57, 75, 122
Lag8Negative	84	true	false	false	7, 33, 39, 46, 50, 57, 75, 81, 122
Lag8Negative	85	true	false	false	33, 39, 46, 50, 57, 75, 98
Lag8Negative	86	false	false	false	7, 12, 33, 39, 46, 49, 50, 57, 75, 116, 122
Lag8Negative	87	false	false	false	7, 10, 18, 22, 33, 38, 39, 46, 49, 50, 52, 57, 75, 98, 116, 117, 118, 122, 124
Lag8Negative	88	false	false	false	7, 33, 39, 46, 49, 50, 52, 57, 73, 75, 122
Lag8Negative	89	true	false	false	33, 39, 46, 50, 57, 75, 118, 122
Lag8Negative	90	false	false	false	7, 12, 18, 33, 39, 46, 50, 51, 52, 57, 75, 81, 98, 116, 122
Lag8Negative	91	false	false	false	7, 22, 33, 38, 39, 42, 46, 50, 51, 52, 57, 75, 117, 118, 122, 124
Lag8Negative	92	true	false	false	12, 33, 39, 46, 50, 57, 75, 98
Lag8Negative	93	true	false	false	7, 33, 39, 46, 50, 51, 57, 75
Lag8Negative	94	false	false	false	7, 33, 39, 46, 50, 51, 52, 57, 75, 81, 108, 118, 124
Lag8Negative	95	true	false	false	7, 33, 39, 46, 50, 52, 57, 75, 108
Lag8Negative	96	false	false	false	7, 12, 18, 33, 39, 46, 49, 50, 52, 57, 59, 60, 75, 108, 118, 122
Lag8Negative	97	false	false	false	7, 12, 22, 33, 39, 46, 49, 50, 57, 75, 108, 122
Lag8Negative	98	false	false	false	18, 22, 33, 39, 46, 50, 52, 56, 57, 75, 108
Lag8Negative	99	false	false	false	12, 18, 22, 27, 33, 38, 39, 46, 50, 57, 75, 108
Lag8Negative	100	false	false	false	7, 18, 19, 23, 24, 26, 33, 39, 45, 46, 50, 52, 57, 75, 81, 108, 110, 118
L2NCorrect	1	true	false	false	49
L2NCorrect	2	true	false	false	17, 49
L2NCorrect	3	true	false	false
L2NCorrect	4	true	false	false
L2NCorrect	5	true	false	false
L2NCorrect	6	true	false	false	21
L2NCorrect	7	true	false	false
L2NCorrect	8	true	false	false	49
L2NCorrect	9	true	false	false	49
L2NCorrect	10	true	false	false
L2NCorrect	11	true	false	false
L2NCorrect	12	true	false	false
L2NCorrect	13	false	false	false	2, 3, 4, 9, 10, 11, 14, 32, 38, 44, 45, 48, 49, 61, 65, 66, 70, 73, 74, 83, 108, 109, 110, 111, 112, 113, 114, 115, 116, 117, 119, 120, 121, 122, 125, 126, 127, 128
L2NCorrect	14	false	false	false	2, 3, 10, 11, 48, 49, 108, 109, 110, 111, 112, 115, 116, 117, 118, 119, 120, 121, 122, 125, 127
L2NCorrect	15	true	false	false	2, 112, 115, 116, 117, 121, 122
L2NCorrect	16	false	false	false	2, 108, 109, 110, 111, 112, 115, 116, 117, 121, 122
L2NCorrect	17	false	true	false	1, 2, 8, 9, 10, 11, 21, 22, 25, 33, 108, 109, 110, 111, 112, 115, 116, 117, 118, 121, 122
L2NCorrect	18	true	false	false	2, 111, 112, 115, 116, 117, 121, 122
L2NCorrect	19	true	false	false	33, 61, 115, 122
L2NCorrect	20	true	false	false	2, 61, 64, 111, 112, 115, 116, 117, 121, 122
L2NCorrect	21	true	false	false	115, 116, 121, 122
L2NCorrect	22	true	false	false	2, 108, 111, 112, 115, 116, 117, 121, 122
L2NCorrect	23	false	false	false	2, 49, 61, 63, 64, 108, 109, 111, 112, 115, 116, 117, 118, 121, 122
L2NCorrect	24	true	false	false	6, 64, 115, 116, 122
L2NCorrect	25	false	false	false	2, 13, 16, 19, 20, 23, 24, 27, 28, 29, 30, 34, 36, 37, 40, 42, 46, 47, 49, 50, 51, 52, 53, 54, 58, 59, 60, 61, 62, 63, 64, 65, 66, 67, 68, 69, 70, 71, 73, 74, 81, 108, 109, 110, 111, 112, 113, 114, 115, 116, 117, 118, 121, 122, 125
L2NCorrect	26	true	false	false	61, 63, 64
L2NCorrect	27	true	false	false	61, 63, 64
L2NCorrect	28	false	false	false	61, 63, 64, 67, 108, 111, 112, 115, 116, 117, 121, 122
L2NCorrect	29	true	false	false	61, 63, 64, 115, 122
L2NCorrect	30	false	false	false	33, 61, 63, 64, 67, 68, 69, 81, 108, 109, 111, 112, 115, 116, 117, 118, 121, 122
L2NCorrect	31	false	false	false	56, 61, 63, 64, 68, 69, 108, 111, 112, 115, 116, 117, 118, 121, 122, 123, 124
L2NCorrect	32	true	false	false	61, 64, 73, 119, 122
L2NCorrect	33	true	false	false	39, 61, 63, 64, 68, 69
L2NCorrect	34	false	false	false	33, 38, 39, 44, 60, 61, 63, 64, 68, 69, 122
L2NCorrect	35	true	false	false	33, 39, 44, 61, 63, 64, 68, 69, 122
L2NCorrect	36	true	false	false	33, 44, 56, 61, 63, 64, 68, 69, 122
L2NCorrect	37	false	false	false	21, 22, 33, 38, 39, 44, 49, 50, 56, 57, 75, 97, 116, 118
L2NCorrect	38	true	false	false	33, 39, 44, 50, 52, 56, 57, 75, 122
L2NCorrect	39	false	true	false	7, 21, 22, 23, 33, 39, 44, 49, 50, 52, 56, 57, 75, 122
L2NCorrect	40	true	false	false	7, 27, 33, 39, 44, 50, 56, 57, 75, 122
L2NCorrect	41	true	false	false	33, 39, 44, 49, 50, 56, 57, 75, 122
L2NCorrect	42	false	false	false	8, 21, 22, 25, 33, 39, 44, 50, 56, 57, 75, 116, 122
L2NCorrect	43	true	false	false	7, 21, 33, 39, 44, 50, 52, 56, 75, 122
L2NCorrect	44	true	false	false	33, 39, 50, 56, 57, 75, 122
L2NCorrect	45	true	false	false	18, 33, 39, 50, 53, 57, 73, 75, 117
L2NCorrect	46	false	false	false	7, 18, 26, 27, 33, 39, 46, 50, 52, 57, 75, 116, 117, 118, 122, 124
L2NCorrect	47	false	false	false	18, 33, 39, 50, 57, 75, 116, 117, 118, 122, 123, 124
L2NCorrect	48	false	true	false	7, 8, 12, 18, 22, 26, 33, 38, 39, 46, 49, 50, 52, 57, 59, 73, 75, 81, 98, 108, 109, 111, 115, 116, 117, 118, 122, 124
L2NCorrect	49	true	false	false	18, 33, 39, 50, 75, 116, 122
L2NCorrect	50	true	false	false	33, 39, 50, 51, 57, 75, 116, 122
L2NCorrect	51	false	false	false	7, 12, 19, 23, 33, 39, 46, 50, 52, 57, 75, 122
L2NCorrect	52	true	false	false	18, 33, 39, 46, 49, 50, 57, 75, 98, 122
L2NCorrect	53	true	false	false	7, 33, 39, 46, 50, 51, 57, 75, 81, 108
L2NCorrect	54	false	false	false	7, 12, 33, 39, 46, 50, 51, 52, 57, 75, 108
L2NCorrect	55	true	false	false	7, 18, 33, 39, 46, 50, 52, 57, 75
L2NCorrect	56	false	false	false	7, 18, 22, 26, 33, 38, 39, 46, 49, 50, 51, 52, 57, 59, 75, 108, 116, 122
L2NCorrect	57	false	false	false	7, 22, 33, 39, 41, 46, 50, 57, 75, 108, 122
L2NCorrect	58	false	false	false	7, 18, 29, 33, 39, 46, 50, 52, 57, 75, 108, 122
L2NCorrect	59	false	false	false	7, 12, 17, 18, 22, 26, 33, 38, 39, 46, 50, 57, 75, 81, 98, 108, 115, 116, 117, 118
L2NIncorrect	1	true	false	false
L2NIncorrect	2	true	false	false
L2NIncorrect	3	true	false	false
L2NIncorrect	4	true	false	false	49
L2NIncorrect	5	true	false	false	45
L2NIncorrect	6	true	false	false
L2NIncorrect	7	false	true	false	21, 49
L2NIncorrect	8	true	false	false
L2NIncorrect	9	true	false	false	49, 114, 125
L2NIncorrect	10	true	false	false	2, 49, 115, 116, 117, 121, 122
L2NIncorrect	11	true	false	false	49, 115, 122
L2NIncorrect	12	true	false	false	49, 115, 121, 122
L2NIncorrect	13	true	false	false	43, 115, 122
L2NIncorrect	14	false	false	false	2, 3, 10, 11, 22, 49, 81, 108, 110, 111, 112, 115, 116, 117, 119, 121, 122
L2NIncorrect	15	false	false	false	2, 3, 4, 5, 6, 10, 49, 111, 112, 115, 116, 117, 118, 121, 122, 123, 124
L2NIncorrect	16	false	false	false	1, 2, 3, 4, 7, 8, 9, 10, 11, 12, 13, 14, 15, 16, 17, 18, 19, 20, 21, 22, 23, 24, 25, 26, 27, 28, 29, 30, 31, 32, 33, 34, 35, 36, 37, 38, 39, 40, 41, 42, 43, 44, 45, 46, 47, 48, 49, 50, 51, 52, 53, 54, 55, 56, 57, 58, 59, 60, 61, 62, 63, 64, 65, 66, 67, 68, 69, 70, 71, 72, 73, 74, 75, 76, 77, 78, 79, 81, 82, 83, 84, 85, 86, 88, 89, 90, 91, 92, 93, 94, 95, 96, 97, 99, 102, 103, 106, 108, 109, 110, 111, 112, 113, 114, 115, 116, 117, 118, 119, 120, 121, 122, 124, 125, 126, 127, 128
L2NIncorrect	17	true	false	false	2, 17, 49, 112, 115, 116, 117, 121, 122
L2NIncorrect	18	false	false	false	2, 14, 108, 111, 112, 115, 116, 117, 118, 121, 122
L2NIncorrect	19	false	false	false	2, 60, 61, 67, 73, 74, 108, 111, 112, 115, 116, 117, 118, 121, 122
L2NIncorrect	20	false	false	false	2, 8, 9, 17, 61, 63, 64, 108, 109, 110, 111, 112, 115, 116, 117, 118, 121, 122, 125
L2NIncorrect	21	true	false	false	2, 61, 63, 64, 115, 116, 119, 121, 122
L2NIncorrect	22	true	false	false	61, 63, 64, 115, 116, 117, 121, 122
L2NIncorrect	23	true	false	false	115, 116, 121, 122
L2NIncorrect	24	false	true	false	2, 8, 17, 63, 64, 115, 116, 121, 122
L2NIncorrect	25	true	false	false	61, 63, 64, 115, 122
L2NIncorrect	26	true	false	false	61, 64, 115, 116, 121, 122
L2NIncorrect	27	false	false	false	7, 33, 49, 61, 63, 64, 67, 68, 69, 73, 74, 81, 108, 109, 111, 112, 115, 116, 117, 118, 121, 122
L2NIncorrect	28	false	false	false	22, 26, 33, 60, 61, 63, 64, 67, 68, 69, 115, 116, 117, 121, 122
L2NIncorrect	29	false	false	false	33, 56, 61, 63, 64, 67, 68, 69, 108, 109, 111, 112, 115, 116, 117, 118, 121, 122, 123, 124
L2NIncorrect	30	false	false	false	7, 44, 56, 61, 63, 64, 67, 68, 69, 81, 122
L2NIncorrect	31	true	false	false	56, 61, 63, 64, 68, 69
L2NIncorrect	32	true	false	false	44, 56, 61, 63, 64, 68, 69
L2NIncorrect	33	false	false	false	23, 33, 38, 39, 44, 49, 56, 61, 62, 63, 64, 67, 68, 69, 122
L2NIncorrect	34	false	true	false	15, 21, 33, 39, 44, 50, 52, 56, 57, 73, 75, 122
L2NIncorrect	35	true	false	false	33, 39, 50, 57, 75
L2NIncorrect	36	false	false	false	7, 26, 33, 39, 49, 50, 57, 75, 98, 108, 116, 117, 118, 122, 124
L2NIncorrect	37	true	false	false	12, 18, 33, 39, 46, 50, 57, 75, 122
L2NIncorrect	38	true	false	false	7, 18, 33, 39, 46, 50, 52, 57, 75, 108
L2NIncorrect	39	false	false	false	7, 12, 18, 22, 26, 33, 38, 39, 46, 49, 50, 52, 57, 75, 81, 108, 118
L2NIncorrect	40	false	false	false	7, 18, 22, 33, 39, 46, 50, 52, 57, 75, 108, 118
L2NIncorrect	41	false	false	false	7, 12, 18, 19, 22, 23, 26, 28, 33, 39, 46, 49, 50, 52, 57, 75, 108, 122
