Category	Segment number	Segment Good	Eye Blinks	Eye Movements	Bad Channels
Lag2Baseline	1	false	true	false	2, 3, 4, 8, 9, 10, 11, 14, 15, 16, 17, 18, 19, 21, 22, 23, 24, 25, 26, 27, 32, 33, 101, 126, 127
Lag2Baseline	2	true	false	false	113
Lag2Baseline	3	false	true	false	8, 9, 10, 11, 14, 15, 16, 17, 18, 19, 21, 22, 23, 25, 26, 32, 126
Lag2Baseline	4	true	false	false
Lag2Baseline	5	true	false	false
Lag2Baseline	6	false	true	false	1, 2, 3, 8, 9, 10, 11, 14, 15, 16, 17, 18, 19, 21, 22, 23, 24, 25, 26, 27, 32, 119, 126
Lag2Baseline	7	false	true	true	1, 8, 17, 21, 22, 125
Lag2Baseline	8	false	true	false	3, 8, 9, 10, 11, 14, 15, 16, 17, 18, 19, 21, 22, 23, 24, 25, 26, 27, 32, 119, 126
Lag2Baseline	9	false	true	false	2, 3, 4, 8, 9, 10, 11, 14, 15, 16, 17, 18, 19, 21, 22, 23, 24, 25, 26, 27, 32, 43, 48, 49, 56, 63, 68, 107, 113, 119, 120, 125, 126, 127
Lag2Baseline	10	false	true	true	3, 4, 8, 9, 10, 11, 14, 15, 16, 17, 18, 19, 21, 22, 23, 24, 25, 26, 27, 32, 119, 120, 125, 126, 127
Lag2Baseline	11	false	true	false	3, 8, 9, 10, 14, 15, 16, 17, 18, 19, 21, 22, 23, 25, 26, 32, 56, 126, 127, 128
Lag2Baseline	12	false	true	true	1, 8, 9, 10, 11, 14, 15, 16, 17, 18, 19, 21, 22, 23, 24, 25, 26, 27, 32, 33, 121, 125, 126, 127
Lag2Baseline	13	false	true	true	3, 8, 9, 10, 11, 14, 15, 16, 17, 18, 19, 21, 22, 23, 24, 25, 26, 27, 32, 73, 81, 84, 125, 126, 127
Lag2Baseline	14	false	true	false	3, 8, 9, 10, 11, 14, 15, 16, 17, 18, 19, 21, 22, 23, 25, 26, 32, 126
Lag2Baseline	15	false	true	false	3, 8, 9, 10, 11, 14, 15, 16, 17, 18, 19, 21, 22, 23, 24, 25, 26, 27, 32, 119, 126, 127
Lag2Baseline	16	false	true	false	3, 8, 9, 10, 11, 14, 15, 16, 17, 18, 19, 21, 22, 23, 24, 25, 26, 27, 32, 126
Lag2Baseline	17	false	true	false	3, 4, 8, 9, 10, 11, 14, 15, 16, 17, 18, 19, 21, 22, 23, 24, 25, 26, 27, 32, 48, 114, 119, 120, 125, 126, 127
Lag2Baseline	18	false	true	true	8, 9, 10, 11, 14, 15, 16, 17, 18, 19, 21, 22, 23, 25, 26, 27, 32, 126
Lag2Baseline	19	false	true	false	8, 9, 10, 14, 15, 16, 17, 18, 21, 22, 23, 25, 26, 32, 113, 126, 127
Lag2Baseline	20	false	true	false	3, 4, 8, 9, 10, 11, 14, 15, 16, 17, 18, 19, 21, 22, 23, 24, 25, 26, 27, 32, 48, 68, 73, 81, 119, 120, 125, 126, 127
Lag2Baseline	21	false	true	false	3, 8, 9, 10, 11, 14, 15, 16, 17, 18, 19, 21, 22, 23, 24, 25, 26, 27, 32, 114, 126, 127
Lag2Baseline	22	false	true	true	1, 8, 9, 10, 11, 14, 15, 16, 17, 18, 19, 21, 22, 23, 24, 25, 26, 27, 32, 33, 39, 113, 114, 115, 119, 120, 121, 125, 126, 127
Lag2Baseline	23	false	true	false	3, 8, 9, 10, 11, 14, 15, 16, 17, 18, 19, 21, 22, 23, 25, 26, 27, 32, 49, 119, 126, 127
Lag2Baseline	24	false	true	false	2, 3, 4, 8, 9, 10, 11, 14, 15, 16, 17, 18, 19, 21, 22, 23, 24, 25, 26, 27, 32, 43, 48, 107, 113, 114, 119, 120, 125, 126, 127
Lag2Baseline	25	false	true	false	8, 9, 10, 14, 15, 16, 17, 18, 19, 21, 22, 23, 25, 26, 32, 126, 127
Lag2Baseline	26	false	true	true	1, 8, 9, 10, 11, 14, 15, 16, 17, 18, 19, 21, 22, 23, 24, 25, 26, 27, 32, 33, 48, 113, 119, 121, 125, 126, 127
Lag2Baseline	27	false	true	false	8, 9, 10, 11, 14, 15, 16, 17, 18, 19, 21, 22, 23, 24, 25, 26, 27, 32, 119, 126
Lag2Baseline	28	false	true	false	8, 9, 10, 11, 14, 15, 16, 17, 18, 19, 21, 22, 23, 25, 26, 27, 32, 126, 127
Lag2Baseline	29	false	true	false	3, 8, 9, 10, 11, 14, 15, 16, 17, 18, 19, 21, 22, 23, 24, 25, 26, 27, 32, 48, 119, 126, 127
Lag2Baseline	30	false	true	false	8, 9, 10, 11, 14, 15, 16, 17, 18, 19, 21, 22, 23, 25, 26, 27, 32, 39, 48, 119, 125, 126, 127
Lag2Baseline	31	true	false	false	119
Lag2Baseline	32	false	true	false	3, 8, 9, 10, 11, 14, 15, 16, 17, 18, 19, 21, 22, 23, 24, 25, 26, 27, 32, 119, 126, 127
Lag2Baseline	33	false	true	false	8, 9, 10, 14, 15, 16, 17, 18, 19, 21, 22, 23, 25, 26, 27, 32, 126, 127
Lag2Baseline	34	false	true	false	8, 9, 10, 14, 15, 16, 17, 18, 19, 21, 22, 23, 25, 26, 32, 89, 114, 115, 119, 126, 127
Lag2Baseline	35	false	true	false	3, 8, 9, 10, 11, 14, 15, 16, 17, 18, 19, 21, 22, 23, 25, 26, 32, 48, 126, 127
Lag2Baseline	36	false	true	true	1, 2, 3, 8, 9, 10, 11, 14, 15, 16, 17, 18, 19, 21, 22, 23, 24, 25, 26, 27, 32, 33, 48, 56, 113, 114, 119, 120, 121, 125, 126, 127
Lag2Baseline	37	false	true	true	1, 8, 9, 10, 14, 15, 16, 17, 18, 21, 22, 23, 25, 26, 32, 48, 119, 125, 126, 127
Lag2Baseline	38	false	true	true	1, 2, 3, 4, 8, 9, 10, 11, 14, 15, 16, 17, 18, 19, 21, 22, 23, 24, 25, 26, 27, 32, 38, 43, 44, 48, 49, 56, 63, 64, 68, 69, 73, 74, 81, 88, 89, 94, 95, 99, 100, 107, 113, 119, 120, 121, 125, 126, 127, 128
Lag2Baseline	39	true	false	false	14, 119
Lag2Baseline	40	false	true	false	8, 9, 10, 14, 15, 16, 17, 18, 19, 21, 22, 23, 25, 26, 32, 119, 126, 127
Lag2Baseline	41	false	true	false	8, 9, 10, 11, 14, 15, 16, 17, 18, 21, 22, 23, 25, 26, 32, 49, 56, 65, 74, 83, 85, 88, 89, 100, 113, 114, 119, 126
Lag2Baseline	42	false	true	true	1, 2, 3, 8, 9, 14, 15, 17, 18, 21, 22, 23, 24, 25, 26, 27, 32, 33, 34, 38, 39, 43, 44, 48, 114, 115, 116, 117, 119, 120, 121, 122, 123, 124, 125, 126, 127, 128
Lag2Baseline	43	false	true	true	8, 9, 14, 15, 17, 21, 22, 25, 32, 43, 48, 126, 127, 128
Lag2Baseline	44	false	true	true	1, 2, 3, 8, 9, 10, 11, 14, 15, 16, 17, 18, 19, 21, 22, 23, 24, 25, 26, 27, 32, 48, 49, 56, 58, 65, 74, 88, 100, 101, 113, 114, 115, 116, 119, 120, 121, 122, 123, 125, 126, 127
Lag2Baseline	45	false	true	true	8, 9, 10, 11, 14, 15, 16, 17, 18, 19, 21, 22, 23, 25, 26, 32, 48, 56, 63, 65, 113, 114, 119, 120, 125, 126, 127
Lag2Baseline	46	false	true	false	8, 9, 10, 14, 15, 16, 17, 18, 21, 22, 23, 25, 26, 32, 65, 126
Lag2Baseline	47	false	true	false	8, 9, 10, 14, 15, 16, 17, 18, 19, 21, 22, 23, 25, 26, 32, 119, 120, 126
Lag2Baseline	48	false	true	false	2, 3, 4, 8, 9, 10, 11, 14, 15, 16, 17, 18, 19, 21, 22, 23, 24, 25, 26, 32, 48, 119, 120, 126, 127, 128
Lag2Baseline	49	false	true	true	1, 3, 4, 8, 9, 10, 11, 14, 15, 16, 17, 18, 19, 21, 22, 23, 24, 25, 26, 27, 32, 33, 39, 44, 49, 50, 56, 63, 68, 73, 81, 89, 94, 95, 99, 100, 113, 114, 115, 120, 121, 125, 126, 127
Lag2Baseline	50	false	true	false	2, 3, 4, 8, 9, 10, 11, 14, 15, 16, 17, 18, 19, 21, 22, 23, 24, 25, 26, 27, 32, 119, 126, 127
Lag2Baseline	51	false	true	true	3, 8, 9, 10, 11, 14, 15, 16, 17, 18, 19, 21, 22, 23, 24, 25, 26, 27, 32, 33, 48, 126, 127, 128
Lag2Baseline	52	true	false	false	49
Lag2Baseline	53	false	true	false	3, 8, 9, 10, 11, 14, 15, 16, 17, 18, 19, 21, 22, 23, 24, 25, 26, 32, 126, 127
Lag2Baseline	54	false	true	true	1, 3, 4, 8, 9, 10, 11, 14, 15, 16, 17, 18, 19, 21, 22, 23, 24, 25, 26, 27, 32, 114, 119, 125, 126, 127
Lag2Baseline	55	false	true	false	8, 9, 14, 15, 16, 17, 18, 21, 22, 25, 26, 46, 126, 127, 128
Lag2Baseline	56	false	true	true	1, 2, 3, 4, 8, 9, 10, 11, 14, 15, 16, 17, 18, 19, 21, 22, 23, 24, 25, 26, 27, 32, 38, 43, 44, 48, 49, 56, 63, 68, 69, 73, 74, 81, 88, 89, 94, 95, 99, 100, 107, 113, 114, 119, 120, 121, 125, 126, 127, 128
Lag2Baseline	57	false	true	true	1, 2, 3, 4, 8, 9, 10, 11, 14, 15, 16, 17, 18, 19, 21, 22, 23, 24, 25, 26, 27, 32, 48, 49, 68, 69, 73, 74, 81, 88, 89, 94, 95, 99, 100, 107, 113, 114, 119, 120, 121, 125, 126, 127
Lag2Baseline	58	false	true	true	1, 2, 3, 4, 8, 9, 10, 11, 14, 15, 16, 17, 18, 19, 20, 21, 22, 23, 24, 25, 26, 27, 32, 33, 48, 56, 58, 65, 89, 99, 107, 113, 114, 115, 119, 120, 121, 122, 125, 126, 127
Lag2Baseline	59	false	true	false	14, 25
Lag2Baseline	60	false	true	true	1, 2, 3, 4, 8, 9, 10, 11, 14, 15, 16, 17, 18, 21, 22, 23, 24, 25, 26, 27, 28, 32, 33, 34, 38, 39, 40, 43, 44, 45, 48, 49, 50, 56, 57, 63, 64, 68, 73, 74, 81, 88, 94, 95, 100, 101, 113, 116, 117, 118, 119, 120, 121, 122, 123, 124, 125, 126, 127, 128
Lag2Baseline	61	false	true	false	8, 9, 10, 14, 15, 16, 17, 18, 21, 22, 23, 25, 26, 126
Lag2Baseline	62	false	true	true	1, 2, 3, 4, 8, 9, 10, 11, 12, 14, 15, 16, 17, 18, 19, 20, 21, 22, 23, 24, 25, 26, 27, 28, 32, 33, 43, 44, 48, 49, 56, 58, 62, 63, 64, 65, 68, 69, 70, 72, 73, 74, 75, 76, 77, 81, 82, 88, 94, 95, 99, 100, 101, 107, 108, 113, 114, 115, 119, 120, 121, 125, 126, 127, 128
Lag2Baseline	63	false	true	false	3, 4, 8, 9, 10, 11, 14, 15, 16, 17, 18, 19, 21, 22, 23, 24, 25, 26, 27, 32, 39, 43, 48, 49, 50, 51, 56, 58, 62, 63, 64, 72, 73, 74, 75, 76, 77, 78, 81, 83, 84, 88, 89, 99, 100, 113, 114, 119, 120, 121, 125, 126, 127
Lag2Baseline	64	false	true	true	1, 2, 3, 4, 8, 9, 10, 11, 12, 14, 15, 16, 17, 18, 19, 21, 22, 23, 24, 25, 26, 27, 28, 32, 33, 43, 44, 45, 46, 47, 48, 49, 50, 51, 52, 53, 55, 56, 57, 58, 59, 62, 63, 64, 65, 66, 68, 69, 70, 72, 73, 74, 75, 76, 77, 81, 82, 83, 84, 85, 86, 87, 88, 89, 90, 91, 92, 94, 95, 96, 97, 98, 99, 100, 101, 102, 107, 108, 113, 114, 115, 119, 120, 121, 125, 126, 127, 128
Lag2Baseline	65	false	true	true	4, 8, 9, 10, 14, 15, 16, 17, 18, 21, 22, 23, 25, 26, 27, 32, 119, 126, 127
Lag2Baseline	66	false	true	true	8, 9, 10, 14, 15, 16, 17, 18, 21, 22, 23, 25, 26, 32, 126, 127
Lag2Baseline	67	false	true	true	1, 2, 3, 4, 8, 9, 10, 11, 14, 15, 16, 17, 18, 19, 21, 22, 23, 25, 26, 32, 43, 44, 48, 50, 63, 68, 73, 74, 75, 81, 94, 100, 107, 113, 114, 119, 120, 121, 122, 125, 126, 127, 128
Lag2Baseline	68	false	true	false	8, 9, 10, 14, 15, 16, 17, 18, 19, 21, 22, 23, 25, 26, 32, 126, 127
Lag2Baseline	69	false	true	true	1, 2, 3, 8, 9, 10, 14, 15, 16, 17, 18, 19, 21, 22, 23, 24, 25, 26, 27, 32, 33, 38, 101, 113, 114, 115, 116, 119, 120, 121, 122, 123, 125, 126, 127, 128
Lag2Baseline	70	false	true	false	2, 3, 4, 8, 9, 10, 11, 14, 15, 16, 17, 18, 19, 21, 22, 23, 24, 25, 26, 27, 32, 48, 75, 107, 113, 119, 120, 125, 126, 127
Lag2Baseline	71	false	true	false	3, 8, 9, 10, 14, 15, 16, 17, 18, 19, 21, 22, 23, 25, 26, 32, 119, 126, 127
Lag2Baseline	72	false	true	false	8, 9, 10, 14, 15, 16, 17, 18, 21, 22, 23, 25, 26, 32, 119, 126
Lag2Baseline	73	false	true	false	14, 25
Lag2Baseline	74	false	true	false	3, 8, 9, 10, 14, 15, 16, 17, 18, 21, 22, 23, 25, 26, 32, 126, 127
Lag2Baseline	75	false	true	true	1, 2, 3, 4, 8, 9, 10, 11, 14, 15, 16, 17, 18, 19, 21, 22, 23, 24, 25, 26, 27, 32, 33, 38, 39, 43, 44, 45, 48, 49, 51, 56, 63, 66, 68, 73, 100, 113, 119, 126, 127, 128
Lag2Baseline	76	false	true	true	1, 2, 3, 4, 8, 9, 10, 11, 14, 15, 16, 17, 18, 19, 21, 22, 23, 24, 25, 26, 27, 32, 33, 48, 49, 56, 63, 68, 73, 81, 88, 94, 107, 113, 114, 120, 121, 125, 126, 127
Lag2Baseline	77	false	true	true	3, 8, 9, 10, 11, 14, 15, 16, 17, 18, 19, 21, 22, 23, 24, 25, 26, 27, 32, 33, 38, 43, 48, 73, 74, 81, 82, 113, 114, 119, 125, 126, 127, 128
Lag2Baseline	78	false	true	true	1, 2, 3, 4, 8, 9, 10, 11, 14, 15, 16, 17, 18, 21, 22, 23, 25, 26, 27, 32, 33, 38, 39, 43, 44, 48, 49, 69, 73, 74, 81, 100, 119, 126, 127, 128
Lag2Baseline	79	false	true	true	3, 4, 8, 9, 10, 11, 14, 15, 16, 17, 18, 19, 21, 22, 23, 24, 25, 26, 27, 32, 33, 59, 69, 73, 74, 75, 81, 99, 100, 113, 114, 119, 120, 126, 127
Lag2Baseline	80	false	true	false	1, 8, 9, 10, 14, 15, 16, 17, 18, 21, 22, 23, 25, 26, 51, 58, 59, 63, 65, 66, 68, 69, 70, 73, 74, 81, 82, 88, 89, 90, 92, 94, 101, 113, 114, 119, 120, 126
Lag2Baseline	81	false	true	false	2, 3, 4, 8, 9, 10, 11, 12, 14, 15, 16, 17, 18, 19, 21, 22, 23, 24, 25, 26, 27, 32, 33, 43, 58, 113, 119, 120, 126, 127
Lag2Baseline	82	false	true	false	2, 3, 4, 8, 9, 10, 11, 14, 15, 16, 17, 18, 19, 20, 21, 22, 23, 24, 25, 26, 27, 32, 33, 43, 44, 48, 49, 59, 63, 68, 69, 73, 74, 75, 81, 82, 83, 89, 94, 100, 101, 113, 119, 120, 121, 125, 126, 127, 128
Lag2Baseline	83	false	true	true	1, 2, 8, 9, 14, 15, 16, 17, 18, 21, 22, 23, 24, 25, 26, 27, 28, 32, 33, 34, 38, 39, 43, 49, 82, 94, 100, 113, 114, 115, 119, 120, 121, 122, 123, 125, 126, 128
Lag2Baseline	84	false	true	true	1, 2, 3, 4, 8, 9, 10, 11, 12, 14, 15, 16, 17, 18, 19, 20, 21, 22, 23, 24, 25, 26, 27, 28, 32, 33, 34, 38, 39, 43, 44, 48, 49, 56, 63, 68, 69, 73, 74, 81, 82, 88, 89, 94, 95, 99, 100, 101, 107, 108, 113, 114, 115, 116, 117, 119, 120, 121, 122, 123, 124, 125, 126, 127, 128
Lag2Baseline	85	false	true	false	1, 2, 3, 4, 8, 9, 10, 11, 14, 15, 16, 17, 18, 19, 21, 22, 23, 24, 25, 26, 27, 32, 33, 43, 48, 49, 50, 51, 56, 57, 63, 64, 65, 68, 69, 73, 74, 81, 82, 83, 88, 89, 90, 94, 95, 99, 100, 101, 107, 108, 113, 114, 115, 119, 120, 121, 125, 126, 127
Lag2Baseline	86	false	true	true	1, 3, 4, 8, 9, 10, 11, 14, 15, 16, 17, 18, 19, 21, 22, 23, 24, 25, 26, 27, 32, 49, 88, 89, 94, 95, 99, 100, 101, 108, 113, 114, 115, 119, 120, 121, 122, 125, 126, 127
Lag2Baseline	87	false	true	true	1, 8, 9, 10, 14, 15, 16, 17, 18, 21, 22, 23, 25, 26, 27, 32, 43, 48, 114, 120, 125, 126, 127, 128
Lag2Baseline	88	false	true	false	2, 3, 8, 9, 10, 14, 15, 16, 17, 18, 21, 22, 23, 25, 26, 27, 32, 119, 126, 127
Lag2Baseline	89	false	true	true	1, 2, 3, 4, 8, 9, 10, 11, 12, 14, 15, 16, 17, 18, 19, 20, 21, 22, 23, 24, 25, 26, 27, 28, 32, 33, 34, 38, 39, 43, 44, 45, 48, 49, 50, 56, 57, 58, 63, 64, 65, 68, 69, 70, 73, 74, 75, 81, 82, 83, 88, 89, 90, 91, 94, 95, 96, 99, 100, 101, 107, 108, 113, 114, 115, 118, 119, 120, 121, 122, 123, 124, 125, 126, 127, 128
Lag2Baseline	90	false	true	false	8, 9, 10, 14, 15, 16, 17, 18, 21, 22, 23, 25, 26, 32, 126, 127
Lag2Baseline	91	false	true	true	3, 8, 9, 10, 14, 15, 16, 17, 18, 19, 21, 22, 23, 25, 26, 27, 32, 33, 38, 100, 113, 115, 119, 120, 126, 127, 128
Lag2Baseline	92	false	true	false	3, 8, 9, 10, 14, 15, 16, 17, 18, 21, 22, 23, 25, 26, 27, 32, 48, 49, 100, 113, 114, 119, 120, 125, 126, 127
Lag2Baseline	93	false	true	true	1, 2, 3, 4, 8, 9, 10, 11, 14, 15, 16, 17, 18, 19, 21, 22, 23, 24, 25, 26, 27, 32, 33, 38, 49, 56, 58, 83, 88, 90, 94, 107, 113, 114, 115, 119, 120, 121, 125, 126, 127, 128
Lag2Baseline	94	false	true	true	1, 8, 9, 10, 14, 15, 16, 17, 18, 19, 21, 22, 23, 24, 25, 26, 27, 32, 59, 113, 114, 119, 125, 126, 127
Lag2Baseline	95	false	true	true	1, 2, 8, 9, 14, 15, 17, 21, 22, 23, 25, 26, 27, 32, 33, 38, 114, 115, 119, 120, 121, 122, 125, 126, 128
Lag2Baseline	96	false	true	true	1, 2, 3, 4, 8, 9, 10, 11, 14, 15, 16, 17, 18, 19, 21, 22, 23, 24, 25, 26, 27, 32, 48, 49, 56, 57, 63, 64, 68, 69, 73, 74, 75, 81, 82, 88, 89, 94, 95, 99, 100, 107, 108, 113, 114, 115, 119, 120, 121, 122, 125, 126, 127
Lag2Baseline	97	false	true	false	8, 9, 10, 14, 15, 16, 17, 18, 21, 22, 23, 25, 26, 126
Lag2Baseline	98	false	true	true	1, 3, 4, 8, 9, 10, 11, 14, 15, 16, 17, 18, 19, 21, 22, 23, 24, 25, 26, 27, 32, 33, 43, 48, 49, 56, 58, 63, 65, 68, 69, 73, 74, 81, 88, 89, 94, 95, 99, 100, 101, 107, 108, 110, 113, 114, 115, 119, 120, 121, 122, 125, 126, 127
Lag2Baseline	99	false	true	true	2, 8, 9, 10, 14, 15, 17, 18, 21, 22, 23, 25, 26, 27, 32, 33, 38, 43, 44, 48, 49, 126, 127, 128
Lag2Baseline	100	false	true	true	1, 3, 8, 9, 10, 14, 15, 16, 17, 18, 21, 22, 23, 25, 26, 32, 43, 48, 58, 65, 74, 107, 113, 115, 119, 121, 125, 126, 127, 128
Lag2Neutral	1	false	true	false	127
Lag2Neutral	2	false	true	false	127
Lag2Neutral	3	false	true	false	2, 3, 4, 8, 9, 10, 11, 14, 15, 16, 17, 18, 19, 21, 22, 23, 24, 25, 26, 27, 32, 48, 119, 126, 127
Lag2Neutral	4	false	true	false	3, 8, 9, 10, 11, 14, 15, 16, 17, 18, 21, 22, 23, 25, 26, 126
Lag2Neutral	5	false	true	false	8, 14, 17, 21, 25, 119, 126
Lag2Neutral	6	false	true	true	9, 14, 15, 17, 21, 128
Lag2Neutral	7	true	false	false
Lag2Neutral	8	true	false	false	14
Lag2Neutral	9	false	true	false	3, 8, 9, 10, 11, 14, 15, 16, 17, 18, 19, 21, 22, 23, 25, 26, 126, 127
Lag2Neutral	10	false	true	true	1, 3, 8, 9, 10, 11, 14, 15, 16, 17, 18, 19, 21, 22, 23, 24, 25, 26, 27, 32, 33, 114, 119, 120, 121, 125, 126, 127
Lag2Neutral	11	false	true	true	1, 2, 3, 8, 9, 10, 14, 15, 16, 17, 18, 19, 21, 22, 23, 25, 26, 32, 56, 119, 121, 122, 125, 126, 127
Lag2Neutral	12	true	false	false
Lag2Neutral	13	false	true	false	3, 8, 9, 10, 11, 14, 15, 16, 17, 18, 19, 21, 22, 23, 24, 25, 26, 27, 119, 120, 126, 127
Lag2Neutral	14	true	false	false	53
Lag2Neutral	15	false	true	true	1, 2, 3, 4, 8, 9, 10, 11, 14, 15, 16, 17, 18, 19, 21, 22, 23, 24, 25, 26, 27, 28, 32, 33, 48, 63, 81, 94, 99, 107, 113, 114, 115, 119, 120, 121, 125, 126, 127
Lag2Neutral	16	true	false	false
Lag2Neutral	17	true	false	false	113
Lag2Neutral	18	false	true	true	8, 9, 10, 11, 14, 15, 16, 17, 18, 19, 21, 22, 23, 25, 26, 27, 32, 113, 119, 126
Lag2Neutral	19	false	true	false	8, 9, 10, 14, 15, 16, 17, 18, 19, 21, 22, 23, 25, 26, 32, 113, 125, 126, 127
Lag2Neutral	20	false	true	false	8, 9, 10, 14, 15, 16, 17, 18, 21, 22, 23, 25, 26, 32, 113
Lag2Neutral	21	false	true	false	2, 3, 8, 9, 10, 11, 14, 15, 16, 17, 18, 19, 21, 22, 23, 25, 26, 32, 126
Lag2Neutral	22	false	true	false	1, 8, 9, 10, 11, 14, 15, 16, 17, 18, 19, 21, 22, 23, 24, 25, 26, 32, 48, 63, 113, 114, 119, 120, 121, 125, 126, 127
Lag2Neutral	23	false	true	false	8, 9, 10, 14, 15, 16, 17, 18, 21, 22, 23, 25, 26, 32, 119, 126
Lag2Neutral	24	true	false	false
Lag2Neutral	25	false	true	false	8, 9, 10, 14, 15, 16, 17, 18, 19, 21, 22, 23, 25, 26, 32, 48, 119, 120, 126, 127
Lag2Neutral	26	true	false	false
Lag2Neutral	27	false	true	true	1, 3, 8, 9, 10, 11, 14, 15, 16, 17, 18, 19, 21, 22, 23, 25, 26, 32, 113, 119, 120, 125, 126, 127
Lag2Neutral	28	false	true	false	1, 8, 9, 10, 11, 14, 15, 16, 17, 18, 19, 21, 22, 23, 24, 25, 26, 27, 32, 48, 119, 120, 125, 126, 127
Lag2Neutral	29	false	true	false	8, 9, 10, 14, 15, 16, 17, 18, 19, 21, 22, 23, 25, 26, 32, 119, 126
Lag2Neutral	30	false	true	false	1, 3, 8, 9, 10, 11, 14, 15, 16, 17, 18, 19, 21, 22, 23, 24, 25, 26, 27, 32, 43, 48, 49, 56, 113, 119, 120, 125, 126, 127
Lag2Neutral	31	false	true	true	1, 3, 8, 9, 10, 11, 14, 15, 16, 17, 18, 19, 21, 22, 23, 24, 25, 26, 27, 32, 48, 56, 107, 114, 119, 120, 121, 125, 126, 127
Lag2Neutral	32	false	true	false	8, 9, 10, 14, 15, 16, 17, 18, 21, 22, 23, 25, 26, 32, 126
Lag2Neutral	33	false	true	false	8, 9, 10, 14, 15, 16, 17, 18, 19, 21, 22, 23, 25, 26, 32, 58, 126, 127
Lag2Neutral	34	false	true	false	115, 126
Lag2Neutral	35	true	false	false	119
Lag2Neutral	36	true	false	false	56
Lag2Neutral	37	false	true	false	2, 3, 4, 8, 9, 10, 11, 14, 15, 16, 17, 18, 19, 21, 22, 23, 24, 25, 26, 27, 32, 126, 127
Lag2Neutral	38	false	true	false	2, 3, 8, 9, 10, 11, 14, 15, 16, 17, 18, 19, 21, 22, 23, 24, 25, 26, 27, 32, 100, 119, 126, 127
Lag2Neutral	39	false	true	true	1, 2, 3, 4, 8, 9, 10, 11, 14, 15, 16, 17, 18, 19, 21, 22, 23, 24, 25, 26, 27, 32, 43, 48, 49, 56, 68, 73, 74, 81, 88, 89, 94, 95, 99, 107, 114, 119, 120, 121, 125, 126, 127, 128
Lag2Neutral	40	false	true	true	1, 3, 4, 8, 9, 10, 11, 14, 15, 16, 17, 18, 19, 21, 22, 23, 24, 25, 26, 27, 32, 119, 120, 125, 126, 127
Lag2Neutral	41	false	true	true	1, 3, 4, 8, 9, 10, 11, 14, 15, 16, 17, 18, 19, 21, 22, 23, 24, 25, 26, 27, 32, 38, 48, 49, 56, 100, 113, 114, 119, 120, 121, 125, 126, 127, 128
Lag2Neutral	42	false	true	true	1, 3, 8, 9, 10, 11, 14, 15, 16, 17, 18, 19, 21, 22, 23, 24, 25, 26, 27, 32, 48, 56, 119, 120, 125, 126, 127
Lag2Neutral	43	false	true	false	115, 126
Lag2Neutral	44	false	true	false	8, 9, 10, 14, 15, 16, 17, 18, 21, 22, 23, 25, 26, 32, 120, 126
Lag2Neutral	45	false	true	false	8, 9, 10, 14, 15, 16, 17, 18, 21, 22, 23, 25, 26, 32, 38, 115, 126, 127
Lag2Neutral	46	false	true	false	8, 9, 10, 14, 15, 16, 17, 18, 19, 21, 22, 23, 25, 26, 32, 119
Lag2Neutral	47	false	true	false	8, 9, 10, 14, 15, 16, 17, 18, 21, 22, 25, 26, 32, 83
Lag2Neutral	48	false	true	false	2, 3, 4, 8, 9, 10, 11, 14, 15, 16, 17, 18, 19, 21, 22, 23, 24, 25, 26, 27, 32, 43, 44, 48, 49, 50, 56, 57, 58, 63, 64, 65, 68, 69, 73, 81, 88, 89, 94, 95, 99, 100, 107, 113, 120, 121, 125, 126, 127, 128
Lag2Neutral	49	false	true	true	1, 3, 8, 9, 10, 14, 15, 16, 17, 18, 19, 21, 22, 23, 25, 26, 32, 88, 89, 94, 95, 99, 100, 101, 107, 113, 119, 120, 121, 125, 126, 127
Lag2Neutral	50	false	true	false	8, 9, 10, 14, 15, 16, 17, 18, 19, 21, 22, 23, 25, 26, 32, 114, 125, 126, 127
Lag2Neutral	51	false	true	false	3, 8, 9, 10, 11, 14, 15, 16, 17, 18, 19, 21, 22, 23, 25, 26, 32, 43, 48, 119, 125, 126, 127
Lag2Neutral	52	false	true	true	1, 8, 9, 10, 11, 14, 15, 16, 17, 18, 19, 21, 22, 23, 24, 25, 26, 27, 32, 119, 120, 125, 126, 127
Lag2Neutral	53	false	true	false	8, 9, 10, 14, 15, 16, 17, 18, 19, 21, 22, 23, 25, 26, 32, 49, 101, 114, 119, 126
Lag2Neutral	54	false	true	false	1, 2, 3, 4, 8, 9, 10, 11, 14, 15, 16, 17, 18, 19, 21, 22, 23, 24, 25, 26, 27, 32, 48, 107, 113, 114, 119, 120, 121, 125, 126, 127
Lag2Neutral	55	false	true	false	8, 9, 10, 14, 15, 16, 17, 18, 21, 22, 23, 25, 26, 32, 48, 49, 113, 114, 115, 119, 120, 125, 126, 127
Lag2Neutral	56	false	true	true	8, 9, 10, 14, 15, 16, 17, 18, 21, 22, 23, 25, 26, 32, 49, 126
Lag2Neutral	57	false	true	true	1, 3, 8, 9, 10, 11, 14, 15, 16, 17, 18, 19, 21, 22, 23, 24, 25, 26, 27, 32, 101, 119, 125, 126, 127
Lag2Neutral	58	false	true	true	1, 2, 3, 4, 8, 9, 10, 11, 12, 14, 15, 16, 17, 18, 19, 20, 21, 22, 23, 24, 25, 26, 27, 28, 32, 33, 43, 48, 49, 56, 57, 63, 64, 68, 69, 70, 73, 74, 75, 81, 82, 88, 89, 90, 91, 94, 95, 96, 99, 100, 101, 107, 108, 113, 114, 115, 119, 120, 121, 122, 125, 126, 127, 128
Lag2Neutral	59	false	true	true	1, 2, 3, 4, 8, 9, 10, 11, 12, 14, 15, 16, 17, 18, 19, 20, 21, 22, 23, 24, 25, 26, 27, 28, 32, 33, 34, 38, 39, 43, 44, 45, 48, 49, 50, 56, 57, 58, 63, 64, 65, 66, 68, 69, 70, 72, 73, 74, 75, 76, 77, 81, 82, 83, 84, 85, 86, 88, 89, 90, 91, 92, 93, 94, 95, 96, 97, 98, 99, 100, 101, 102, 103, 107, 108, 109, 110, 113, 114, 115, 116, 119, 120, 121, 122, 123, 125, 126, 127, 128
Lag2Neutral	60	false	true	true	1, 2, 8, 9, 10, 11, 14, 15, 16, 17, 18, 19, 21, 22, 23, 25, 26, 32, 62, 74, 81, 114, 119, 120, 122, 126, 127
Lag2Neutral	61	true	false	false
Lag2Neutral	62	false	true	true	3, 8, 9, 10, 11, 14, 15, 16, 17, 18, 19, 21, 22, 23, 25, 26, 27, 32, 49, 56, 58, 63, 64, 65, 68, 69, 70, 73, 74, 75, 81, 82, 88, 89, 90, 91, 94, 95, 100, 101, 107, 113, 114, 119, 120, 125, 126, 127
Lag2Neutral	63	false	true	true	3, 8, 9, 10, 11, 14, 15, 16, 17, 18, 19, 21, 22, 23, 24, 25, 26, 27, 32, 73, 74, 81, 113, 119, 120, 126, 127
Lag2Neutral	64	false	true	false	8, 9, 10, 14, 15, 16, 17, 18, 21, 22, 23, 25, 26, 32, 119, 126
Lag2Neutral	65	false	true	false	1, 2, 3, 4, 8, 9, 10, 11, 14, 15, 16, 17, 18, 19, 21, 22, 23, 24, 25, 26, 27, 32, 43, 44, 48, 49, 56, 58, 63, 64, 65, 68, 73, 74, 81, 82, 88, 94, 95, 99, 100, 101, 107, 113, 114, 119, 120, 121, 125, 126, 127, 128
Lag2Neutral	66	false	true	true	3, 8, 9, 10, 11, 14, 15, 16, 17, 18, 19, 21, 22, 23, 24, 25, 26, 27, 32, 48, 113, 119, 125, 126, 127
Lag2Neutral	67	false	true	true	1, 8, 9, 10, 14, 15, 16, 17, 18, 19, 21, 22, 23, 25, 26, 27, 32, 119, 125, 126, 127
Lag2Neutral	68	false	true	false	1, 3, 8, 9, 10, 11, 14, 15, 16, 17, 18, 19, 21, 22, 23, 24, 25, 26, 32, 39, 43, 44, 48, 49, 56, 63, 68, 69, 73, 74, 81, 88, 89, 94, 95, 99, 100, 101, 107, 108, 113, 114, 115, 119, 120, 121, 125, 126, 127, 128
Lag2Neutral	69	true	false	false	14
Lag2Neutral	70	false	true	true	1, 3, 8, 9, 10, 11, 14, 15, 16, 17, 18, 19, 21, 22, 23, 24, 25, 26, 27, 32, 33, 113, 114, 119, 121, 125, 126, 127
Lag2Neutral	71	false	true	true	1, 2, 8, 9, 10, 14, 15, 16, 17, 18, 21, 22, 23, 25, 26, 32, 75, 100, 113, 119, 122, 125, 126, 127
Lag2Neutral	72	false	true	true	8, 9, 14, 15, 16, 17, 18, 21, 22, 25, 32, 38, 43, 44, 48, 126, 127, 128
Lag2Neutral	73	false	true	true	2, 3, 8, 9, 10, 11, 14, 15, 16, 17, 18, 19, 21, 22, 23, 25, 26, 27, 28, 32, 33, 38, 51, 59, 100, 124, 128
Lag2Neutral	74	false	true	false	8, 9, 10, 14, 15, 16, 17, 18, 21, 22, 23, 25, 26, 32, 107, 126, 127
Lag2Neutral	75	false	true	false	9, 14, 15, 17, 21, 22, 25, 26
Lag2Neutral	76	true	false	false
Lag2Neutral	77	false	true	false	1, 2, 3, 4, 8, 9, 10, 11, 14, 15, 16, 17, 18, 19, 21, 22, 23, 24, 25, 26, 27, 32, 33, 43, 48, 49, 51, 56, 58, 63, 65, 68, 69, 73, 81, 88, 89, 94, 95, 99, 100, 107, 113, 114, 119, 120, 121, 125, 126, 127, 128
Lag2Neutral	78	false	true	true	1, 2, 3, 4, 8, 9, 10, 11, 14, 15, 16, 17, 18, 19, 21, 22, 23, 24, 25, 26, 27, 32, 33, 39, 43, 44, 48, 49, 51, 56, 58, 59, 61, 62, 63, 64, 65, 66, 68, 69, 70, 71, 73, 74, 75, 81, 82, 83, 84, 88, 89, 90, 91, 94, 95, 96, 97, 99, 100, 101, 102, 107, 108, 109, 113, 114, 115, 116, 119, 120, 121, 122, 124, 125, 126, 127, 128
Lag2Neutral	79	false	true	false	8, 9, 14, 21, 25
Lag2Neutral	80	false	true	true	1, 2, 3, 4, 5, 6, 7, 8, 9, 10, 11, 12, 13, 14, 15, 16, 17, 18, 19, 20, 21, 22, 23, 24, 25, 26, 27, 28, 29, 30, 31, 32, 33, 34, 35, 36, 37, 38, 39, 40, 41, 42, 43, 44, 45, 46, 47, 48, 49, 50, 51, 52, 53, 54, 55, 56, 57, 58, 59, 60, 61, 62, 63, 64, 65, 66, 67, 68, 69, 70, 71, 72, 73, 74, 75, 76, 77, 78, 79, 80, 81, 82, 83, 84, 85, 86, 87, 88, 89, 90, 91, 92, 93, 94, 95, 96, 97, 98, 99, 100, 101, 102, 103, 104, 105, 106, 107, 108, 109, 110, 111, 112, 113, 114, 115, 116, 117, 118, 119, 120, 121, 122, 123, 124, 125, 126, 127, 128
Lag2Neutral	81	false	true	true	1, 2, 3, 4, 8, 9, 10, 11, 14, 15, 16, 17, 18, 19, 21, 22, 23, 24, 25, 26, 27, 32, 33, 43, 48, 49, 56, 63, 68, 69, 73, 74, 81, 82, 88, 89, 94, 95, 99, 107, 108, 113, 114, 115, 119, 120, 121, 122, 125, 126, 127
Lag2Neutral	82	false	true	true	3, 8, 9, 10, 11, 14, 15, 16, 17, 18, 21, 22, 23, 25, 26, 27, 32, 37, 43, 48, 51, 58, 59, 65, 70, 74, 75, 77, 82, 84, 89, 102, 113, 114, 119, 120, 126, 127, 128
Lag2Neutral	83	false	true	false	14, 25, 120
Lag2Neutral	84	true	false	false
Lag2Neutral	85	false	true	true	1, 2, 3, 4, 8, 9, 10, 11, 14, 15, 16, 17, 18, 19, 21, 22, 23, 24, 25, 26, 27, 32, 33, 48, 49, 56, 63, 68, 69, 73, 74, 81, 82, 88, 89, 94, 95, 99, 100, 107, 113, 114, 119, 120, 121, 125, 126, 127
Lag2Neutral	86	false	true	true	1, 2, 3, 4, 8, 9, 10, 14, 15, 16, 17, 18, 21, 22, 23, 25, 26, 27, 32, 119, 125, 126
Lag2Neutral	87	false	true	true	1, 2, 3, 4, 8, 9, 10, 11, 14, 15, 16, 17, 18, 19, 21, 22, 23, 24, 25, 26, 27, 32, 38, 43, 44, 48, 49, 51, 56, 57, 58, 63, 64, 65, 68, 69, 73, 74, 81, 82, 88, 89, 94, 95, 99, 100, 107, 113, 114, 115, 119, 120, 121, 125, 126, 127, 128
Lag2Neutral	88	false	true	true	2, 8, 9, 10, 14, 15, 16, 17, 18, 21, 22, 23, 25, 26, 27, 32, 33, 34, 38, 39, 40, 43, 44, 45, 46, 48, 49, 109, 113, 114, 116, 119, 123, 125, 126, 127, 128
Lag2Neutral	89	true	false	false	107
Lag2Neutral	90	false	true	true	8, 9, 10, 14, 15, 16, 17, 18, 21, 22, 25, 26, 32, 113, 126, 127, 128
Lag2Neutral	91	false	true	false	1, 3, 8, 9, 10, 14, 15, 16, 17, 18, 19, 21, 22, 23, 25, 26, 27, 32, 49, 88, 89, 102, 113, 114, 119, 120, 121, 125, 126, 127, 128
Lag2Neutral	92	false	true	true	1, 2, 3, 8, 9, 14, 15, 17, 18, 21, 22, 23, 25, 26, 27, 32, 33, 34, 38, 114, 119, 121, 122, 123, 125, 126, 128
Lag2Neutral	93	false	true	true	3, 8, 9, 10, 11, 14, 15, 16, 17, 18, 19, 21, 22, 23, 24, 25, 26, 27, 32, 33, 113, 119, 125, 126, 127
Lag2Neutral	94	false	true	false	2, 3, 8, 9, 10, 11, 14, 15, 16, 17, 18, 19, 21, 22, 23, 25, 26, 27, 32, 49, 126, 127
Lag2Neutral	95	false	true	true	1, 3, 4, 8, 9, 10, 11, 12, 14, 15, 16, 17, 18, 19, 20, 21, 22, 23, 24, 25, 26, 27, 28, 32, 33, 43, 48, 56, 63, 68, 73, 74, 75, 81, 82, 88, 89, 90, 91, 94, 95, 96, 99, 100, 101, 102, 107, 108, 109, 113, 114, 115, 119, 120, 121, 122, 125, 126, 127
Lag2Neutral	96	false	true	true	1, 2, 3, 8, 9, 10, 14, 15, 16, 17, 18, 19, 21, 22, 23, 24, 25, 26, 27, 28, 32, 33, 34, 38, 39, 43, 44, 48, 100, 113, 114, 115, 116, 119, 120, 121, 122, 123, 125, 126, 127, 128
Lag2Neutral	97	false	true	true	1, 2, 3, 4, 8, 9, 10, 11, 14, 15, 16, 17, 18, 19, 21, 22, 23, 24, 25, 26, 27, 32, 33, 38, 43, 44, 48, 49, 58, 63, 65, 68, 69, 73, 81, 82, 113, 114, 120, 121, 122, 125, 126, 127, 128
Lag2Neutral	98	false	true	false	1, 2, 3, 4, 8, 9, 10, 11, 12, 14, 15, 16, 17, 18, 19, 21, 22, 23, 24, 25, 26, 27, 32, 38, 43, 44, 45, 48, 49, 50, 56, 57, 58, 59, 63, 64, 65, 68, 69, 70, 73, 74, 75, 81, 82, 83, 88, 89, 90, 91, 94, 95, 96, 99, 100, 101, 107, 108, 113, 114, 115, 119, 120, 121, 124, 125, 126, 127, 128
Lag2Neutral	99	false	true	true	1, 2, 3, 4, 8, 9, 10, 11, 14, 15, 16, 17, 18, 19, 20, 21, 22, 23, 24, 25, 26, 27, 32, 33, 48, 49, 56, 58, 63, 64, 65, 68, 70, 73, 74, 81, 82, 88, 89, 94, 95, 99, 100, 107, 108, 110, 113, 114, 115, 119, 120, 121, 122, 125, 126, 127
Lag2Neutral	100	false	true	true	1, 2, 3, 4, 8, 9, 10, 11, 14, 15, 16, 17, 18, 19, 20, 21, 22, 23, 24, 25, 26, 27, 28, 32, 33, 38, 63, 73, 81, 88, 89, 94, 95, 99, 100, 107, 113, 114, 119, 120, 121, 122, 125, 126, 127
Lag2Negative	1	false	true	false	3, 8, 9, 10, 11, 14, 15, 16, 17, 18, 19, 21, 22, 23, 24, 25, 26, 27, 32, 126, 127
Lag2Negative	2	false	true	false	2, 3, 4, 8, 9, 10, 11, 14, 15, 16, 17, 18, 19, 21, 22, 23, 24, 25, 26, 27, 32, 48, 56, 119, 126, 127
Lag2Negative	3	true	false	false	25
Lag2Negative	4	false	true	false	9, 14, 15, 17, 21, 25
Lag2Negative	5	true	false	false
Lag2Negative	6	false	true	false	8, 9, 10, 14, 15, 16, 17, 18, 21, 22, 25, 26, 32
Lag2Negative	7	false	true	false	3, 8, 9, 10, 14, 15, 16, 17, 18, 19, 21, 22, 23, 25, 26, 32, 126
Lag2Negative	8	true	false	false
Lag2Negative	9	false	true	false	8, 9, 10, 14, 15, 16, 17, 18, 19, 21, 22, 23, 25, 26, 32, 126
Lag2Negative	10	false	true	false	8, 9, 10, 14, 15, 16, 17, 18, 21, 22, 23, 25, 26, 119, 126
Lag2Negative	11	false	true	false	1, 2, 3, 4, 8, 9, 10, 11, 14, 15, 16, 17, 18, 19, 21, 22, 23, 24, 25, 26, 27, 32, 43, 48, 49, 56, 57, 63, 64, 68, 69, 73, 74, 81, 82, 88, 89, 94, 95, 99, 100, 107, 113, 114, 119, 120, 121, 125, 126, 127, 128
Lag2Negative	12	true	false	false
Lag2Negative	13	true	false	false
Lag2Negative	14	true	false	false	14, 25
Lag2Negative	15	false	true	false	14, 15, 16, 22, 25, 126, 127
Lag2Negative	16	false	true	false	3, 8, 9, 10, 11, 14, 15, 16, 17, 18, 19, 21, 22, 23, 24, 25, 26, 32, 126, 127
Lag2Negative	17	true	false	false	25, 113
Lag2Negative	18	false	true	true	1, 2, 3, 4, 8, 9, 10, 11, 14, 15, 16, 17, 18, 19, 21, 22, 23, 24, 25, 26, 27, 32, 33, 107, 114, 119, 120, 125, 126, 127
Lag2Negative	19	true	false	false	113
Lag2Negative	20	false	true	false	8, 9, 10, 11, 14, 15, 16, 17, 18, 21, 22, 23, 25, 26, 32, 89, 113
Lag2Negative	21	false	true	false	8, 14, 17, 25
Lag2Negative	22	false	true	false	3, 8, 9, 10, 14, 15, 16, 17, 18, 21, 22, 23, 25, 26, 32, 126
Lag2Negative	23	true	false	false
Lag2Negative	24	false	true	false	2, 3, 4, 8, 9, 10, 11, 14, 15, 16, 17, 18, 19, 21, 22, 23, 24, 25, 26, 27, 32, 126, 127
Lag2Negative	25	false	true	false	8, 14, 17, 21, 25
Lag2Negative	26	false	true	false	2, 3, 8, 9, 10, 11, 14, 15, 16, 17, 18, 19, 21, 22, 23, 25, 26, 43, 48, 56, 63, 119, 125, 126, 127, 128
Lag2Negative	27	false	true	false	2, 3, 4, 8, 9, 10, 11, 14, 15, 16, 17, 18, 19, 21, 22, 23, 24, 25, 26, 27, 32, 56, 113, 119, 120, 125, 126, 127
Lag2Negative	28	false	true	true	8, 9, 10, 14, 15, 16, 17, 18, 19, 21, 22, 23, 25, 26, 27, 32, 65, 119, 126, 127
Lag2Negative	29	false	true	false	8, 14, 15, 17, 21, 22, 25
Lag2Negative	30	false	true	true	1, 3, 4, 8, 9, 10, 11, 14, 15, 16, 17, 18, 19, 21, 22, 23, 24, 25, 26, 27, 32, 48, 114, 119, 120, 121, 125, 126, 127
Lag2Negative	31	false	true	false	14, 17, 21, 25
Lag2Negative	32	false	true	false	2, 3, 4, 8, 9, 10, 11, 14, 15, 16, 17, 18, 19, 21, 22, 23, 25, 26, 32, 119, 126, 127
Lag2Negative	33	false	true	true	3, 4, 8, 9, 10, 11, 14, 15, 16, 17, 18, 19, 21, 22, 23, 24, 25, 26, 27, 32, 48, 65, 119, 126, 127
Lag2Negative	34	false	true	false	8, 9, 10, 14, 15, 16, 17, 18, 21, 22, 23, 25, 26, 32, 126
Lag2Negative	35	false	true	false	126
Lag2Negative	36	false	true	false	8, 9, 10, 14, 15, 16, 17, 18, 21, 22, 23, 25, 26, 32, 56, 100, 126, 127
Lag2Negative	37	false	true	false	3, 8, 9, 10, 14, 15, 16, 17, 18, 19, 21, 22, 23, 25, 26, 32, 48, 49, 56, 63, 119, 126, 127
Lag2Negative	38	false	true	true	1, 2, 3, 4, 8, 9, 10, 11, 14, 15, 16, 17, 18, 19, 21, 22, 23, 24, 25, 26, 27, 32, 33, 48, 49, 56, 63, 68, 73, 81, 89, 94, 95, 99, 100, 107, 113, 114, 119, 120, 121, 125, 126, 127
Lag2Negative	39	false	true	false	14, 25
Lag2Negative	40	false	true	false	3, 8, 9, 10, 11, 14, 15, 16, 17, 18, 19, 21, 22, 23, 24, 25, 26, 32, 121, 126, 127
Lag2Negative	41	false	true	false	1, 8, 9, 10, 11, 14, 15, 16, 17, 18, 19, 21, 22, 23, 24, 25, 26, 27, 28, 32, 33, 34, 38, 39, 45, 48, 56, 107, 113, 114, 115, 116, 119, 120, 121, 125, 126, 127
Lag2Negative	42	false	true	false	3, 8, 9, 10, 11, 14, 15, 16, 17, 18, 19, 21, 22, 23, 25, 26, 32, 126
Lag2Negative	43	false	true	true	1, 3, 8, 9, 10, 11, 14, 15, 16, 17, 18, 19, 21, 22, 23, 24, 25, 26, 27, 32, 33, 119, 125, 126, 127
Lag2Negative	44	false	true	false	8, 9, 10, 14, 15, 16, 17, 18, 21, 22, 23, 25, 26, 32, 83, 119, 126
Lag2Negative	45	false	true	true	2, 3, 4, 8, 9, 10, 11, 14, 15, 16, 17, 18, 19, 21, 22, 23, 25, 26, 32, 38, 43, 44, 48, 49, 56, 63, 119, 120, 126, 127, 128
Lag2Negative	46	false	true	false	3, 8, 9, 10, 14, 15, 16, 17, 18, 19, 21, 22, 23, 25, 26, 27, 32, 119, 126, 127
Lag2Negative	47	false	true	false	8, 9, 14, 15, 17, 18, 21, 22, 25, 26, 32
Lag2Negative	48	true	false	false
Lag2Negative	49	false	true	true	1, 8, 9, 10, 14, 15, 16, 17, 18, 19, 21, 22, 23, 25, 26, 32, 119, 126, 127
Lag2Negative	50	false	true	false	3, 8, 9, 10, 11, 14, 15, 16, 17, 18, 19, 21, 22, 23, 24, 25, 26, 27, 32, 119, 126, 127
Lag2Negative	51	false	true	true	1, 3, 4, 8, 9, 10, 11, 14, 15, 16, 17, 18, 19, 20, 21, 22, 23, 24, 25, 26, 27, 28, 32, 33, 48, 49, 63, 68, 73, 74, 81, 88, 89, 90, 91, 94, 95, 96, 99, 100, 101, 107, 113, 114, 115, 119, 120, 121, 125, 126, 127
Lag2Negative	52	false	true	true	1, 3, 4, 8, 9, 10, 11, 14, 15, 16, 17, 18, 19, 21, 22, 23, 24, 25, 26, 27, 32, 33, 48, 49, 56, 68, 73, 81, 94, 95, 99, 100, 107, 113, 114, 115, 119, 120, 121, 122, 125, 126, 127
Lag2Negative	53	false	true	false	1, 2, 3, 4, 8, 9, 10, 11, 14, 15, 16, 17, 18, 19, 21, 22, 23, 24, 25, 26, 27, 32, 38, 43, 44, 48, 49, 57, 58, 63, 64, 65, 68, 69, 70, 73, 74, 81, 82, 88, 89, 90, 91, 94, 96, 99, 101, 107, 113, 114, 115, 119, 120, 121, 125, 126, 127, 128
Lag2Negative	54	false	true	true	1, 8, 9, 10, 14, 15, 16, 17, 18, 21, 22, 23, 25, 26, 32, 114, 119, 120, 121, 122, 125, 126, 127
Lag2Negative	55	false	true	false	1, 2, 3, 4, 8, 9, 10, 11, 14, 15, 16, 17, 18, 19, 21, 22, 23, 24, 25, 26, 27, 32, 49, 114, 119, 120, 125, 126, 127
Lag2Negative	56	false	true	false	1, 2, 3, 4, 8, 9, 10, 11, 14, 15, 16, 17, 18, 19, 21, 22, 23, 24, 25, 26, 27, 32, 43, 48, 49, 56, 63, 68, 73, 74, 81, 83, 88, 89, 90, 91, 94, 95, 96, 99, 100, 101, 107, 113, 114, 119, 120, 121, 125, 126, 127, 128
Lag2Negative	57	false	true	false	9, 14, 15, 25
Lag2Negative	58	false	true	false	8, 9, 10, 11, 14, 15, 16, 17, 18, 19, 21, 22, 23, 25, 26, 32
Lag2Negative	59	false	true	false	8, 9, 10, 14, 15, 16, 17, 18, 21, 22, 23, 25, 26, 32, 126
Lag2Negative	60	false	true	true	2, 4, 8, 9, 10, 14, 15, 16, 17, 18, 21, 22, 23, 25, 26, 32, 33, 38, 126, 127, 128
Lag2Negative	61	false	true	false	1, 4, 9, 14, 15, 16, 17, 18, 21, 22, 23, 25, 26, 32, 125, 126
Lag2Negative	62	true	false	false	100
Lag2Negative	63	false	true	false	4, 8, 9, 10, 14, 15, 16, 17, 18, 21, 22, 23, 25, 26, 32
Lag2Negative	64	false	true	false	3, 8, 9, 10, 14, 15, 16, 17, 18, 21, 22, 23, 25, 26, 32, 119, 126, 127
Lag2Negative	65	false	true	false	14, 25
Lag2Negative	66	false	true	false	8, 9, 14, 15, 17, 21, 22, 25, 26, 119, 126, 127
Lag2Negative	67	true	false	false	75
Lag2Negative	68	true	false	false	14, 25
Lag2Negative	69	false	true	true	1, 8, 9, 10, 14, 15, 16, 17, 18, 19, 21, 22, 23, 24, 25, 26, 27, 32, 33, 48, 113, 114, 119, 120, 121, 125, 126, 127
Lag2Negative	70	false	true	true	1, 2, 3, 8, 9, 10, 14, 15, 16, 17, 18, 19, 21, 22, 23, 24, 25, 26, 27, 32, 33, 56, 63, 68, 73, 74, 81, 82, 88, 89, 94, 95, 99, 100, 108, 113, 114, 120, 121, 125, 126, 127
Lag2Negative	71	false	true	false	8, 9, 10, 14, 15, 16, 17, 18, 21, 22, 23, 25, 26, 32, 59, 82, 83, 101, 113, 126, 127, 128
Lag2Negative	72	false	true	false	4, 8, 9, 10, 11, 14, 15, 16, 17, 18, 21, 22, 23, 25, 26, 32, 48, 49, 73, 74, 75, 81, 88, 94, 100, 113, 114, 119, 120, 126, 127
Lag2Negative	73	false	true	true	3, 4, 8, 9, 10, 14, 15, 16, 17, 18, 19, 21, 22, 23, 25, 26, 27, 32, 33, 82, 83, 94, 113, 114, 119, 120, 125, 126
Lag2Negative	74	false	true	false	8, 9, 10, 11, 14, 15, 16, 17, 18, 21, 22, 23, 25, 26, 27, 32, 119, 120, 125, 126, 127
Lag2Negative	75	false	true	true	1, 8, 9, 10, 14, 15, 16, 17, 18, 21, 22, 23, 25, 26, 32, 33, 49, 101, 125, 126, 127, 128
Lag2Negative	76	false	true	false	8, 9, 10, 14, 15, 16, 17, 18, 21, 22, 23, 25, 26, 32, 66, 126, 127
Lag2Negative	77	false	true	false	25
Lag2Negative	78	true	false	false	14, 18
Lag2Negative	79	false	true	false	8, 9, 10, 14, 15, 16, 17, 18, 21, 22, 23, 25, 26, 32, 126, 127
Lag2Negative	80	true	false	false
Lag2Negative	81	false	true	false	1, 2, 4, 9, 10, 11, 12, 14, 15, 17, 18, 19, 20, 21, 22, 23, 24, 25, 27, 28, 29, 30, 32, 33, 34, 37, 38, 39, 40, 41, 43, 44, 46, 47, 48, 49, 50, 51, 52, 53, 56, 57, 58, 60, 64, 65, 66, 67, 71, 72, 73, 74, 75, 77, 79, 81, 82, 83, 85, 86, 89, 90, 93, 94, 96, 97, 99, 101, 102, 103, 107, 108, 110, 111, 113, 114, 115, 116, 117, 119, 120, 122, 123, 124, 125, 126, 127, 128
Lag2Negative	82	false	true	false	1, 8, 9, 10, 14, 15, 16, 17, 18, 21, 22, 23, 25, 26, 32, 33, 48, 82, 113, 114, 119, 120, 125, 126, 127
Lag2Negative	83	false	true	true	8, 9, 10, 14, 15, 16, 17, 18, 21, 22, 23, 25, 26, 32, 113, 126
Lag2Negative	84	false	true	true	1, 2, 3, 4, 8, 9, 10, 11, 12, 14, 15, 16, 17, 18, 19, 20, 21, 22, 23, 24, 25, 26, 27, 32, 33, 43, 44, 48, 49, 56, 58, 63, 68, 69, 73, 74, 75, 77, 81, 82, 89, 94, 95, 99, 100, 101, 107, 113, 114, 119, 120, 121, 125, 126, 127, 128
Lag2Negative	85	false	true	true	1, 2, 3, 4, 8, 9, 10, 14, 15, 16, 17, 18, 19, 21, 22, 23, 24, 25, 26, 27, 32, 33, 38, 114, 115, 119, 120, 121, 122, 123, 124, 125, 126, 127, 128
Lag2Negative	86	false	true	true	1, 2, 8, 9, 10, 14, 15, 17, 18, 21, 22, 23, 25, 26, 32, 33, 119, 120, 121, 122, 125, 126
Lag2Negative	87	false	true	true	1, 2, 8, 9, 14, 15, 17, 18, 21, 22, 25, 26, 32, 114, 119, 120, 121, 122, 125, 126, 128
Lag2Negative	88	false	true	true	1, 2, 3, 8, 9, 10, 11, 14, 15, 16, 17, 18, 19, 21, 22, 23, 24, 25, 26, 27, 32, 33, 113, 114, 119, 120, 121, 122, 125, 126, 127, 128
Lag2Negative	89	false	true	false	114, 115, 119, 126
Lag2Negative	90	false	true	true	1, 2, 3, 8, 9, 10, 14, 15, 17, 18, 21, 22, 25, 26, 27, 32, 33, 34, 38, 39, 43, 44, 48, 49, 102, 113, 119, 122, 123, 125, 126, 127, 128
Lag2Negative	91	false	true	true	3, 8, 9, 10, 14, 15, 16, 17, 18, 19, 21, 22, 23, 25, 26, 27, 32, 49, 66, 120, 126, 127, 128
Lag2Negative	92	false	true	false	8, 9, 10, 14, 15, 16, 17, 18, 21, 22, 23, 25, 26, 32, 113, 119, 126
Lag2Negative	93	false	true	true	8, 9, 10, 14, 15, 16, 17, 18, 21, 22, 23, 25, 26, 27, 32, 113, 126
Lag2Negative	94	false	true	true	1, 2, 3, 4, 8, 9, 10, 11, 14, 15, 16, 17, 18, 19, 21, 22, 23, 24, 25, 26, 27, 32, 38, 39, 43, 44, 45, 48, 49, 56, 57, 63, 64, 68, 69, 73, 74, 75, 81, 82, 83, 88, 89, 90, 94, 95, 99, 107, 108, 113, 114, 115, 119, 120, 121, 125, 126, 127, 128
Lag2Negative	95	false	true	true	1, 3, 4, 8, 9, 10, 11, 14, 15, 16, 17, 18, 19, 21, 22, 23, 24, 25, 26, 27, 32, 43, 48, 49, 56, 63, 68, 73, 88, 89, 94, 99, 100, 107, 113, 114, 119, 120, 121, 122, 125, 126, 127
Lag2Negative	96	true	false	false	14, 18, 25
Lag2Negative	97	false	true	false	8, 9, 10, 14, 15, 16, 17, 18, 21, 22, 25, 26, 48, 51, 68, 73, 94, 99, 100, 113, 119, 120, 126, 127, 128
Lag2Negative	98	false	true	true	1, 2, 3, 4, 8, 9, 10, 11, 14, 15, 16, 17, 18, 19, 21, 22, 23, 24, 25, 26, 27, 32, 49, 58, 65, 68, 69, 73, 74, 81, 82, 88, 94, 99, 100, 107, 113, 114, 119, 120, 121, 125, 126, 127
Lag2Negative	99	false	true	true	1, 2, 3, 4, 8, 9, 10, 11, 12, 14, 15, 16, 17, 18, 19, 20, 21, 22, 23, 24, 25, 26, 27, 28, 32, 33, 34, 38, 39, 43, 44, 48, 49, 56, 57, 58, 63, 64, 65, 68, 69, 70, 73, 74, 75, 76, 81, 82, 83, 84, 85, 88, 89, 90, 91, 92, 94, 95, 96, 97, 98, 99, 100, 101, 102, 107, 108, 109, 113, 114, 115, 116, 119, 120, 121, 122, 123, 124, 125, 126, 127, 128
Lag2Negative	100	false	true	false	1, 3, 8, 9, 10, 14, 15, 16, 17, 18, 21, 22, 23, 25, 26, 32, 38, 43, 44, 48, 49, 56, 58, 59, 63, 65, 70, 72, 73, 76, 77, 81, 88, 89, 100, 102, 107, 113, 115, 119, 120, 121, 125, 126, 127, 128
Lag8Baseline	1	false	true	false	126, 127
Lag8Baseline	2	true	false	false
Lag8Baseline	3	true	false	false
Lag8Baseline	4	true	false	false
Lag8Baseline	5	true	false	false
Lag8Baseline	6	true	false	false
Lag8Baseline	7	true	false	false	14
Lag8Baseline	8	true	false	false	119
Lag8Baseline	9	true	false	false	119
Lag8Baseline	10	false	true	false	126, 127
Lag8Baseline	11	true	false	false
Lag8Baseline	12	true	false	false
Lag8Baseline	13	true	false	false
Lag8Baseline	14	true	false	false
Lag8Baseline	15	true	false	false
Lag8Baseline	16	true	false	false	119
Lag8Baseline	17	true	false	false
Lag8Baseline	18	true	false	false	9
Lag8Baseline	19	false	true	false	9, 14, 17, 21, 25
Lag8Baseline	20	true	false	false
Lag8Baseline	21	false	true	false	2, 8, 9, 14, 15, 16, 17, 18, 21, 22, 25, 26, 126, 127
Lag8Baseline	22	false	true	false	25, 113
Lag8Baseline	23	true	false	false	14
Lag8Baseline	24	false	true	false	25
Lag8Baseline	25	true	false	false
Lag8Baseline	26	true	false	false	14, 25
Lag8Baseline	27	false	true	false	8, 9, 14, 21, 25
Lag8Baseline	28	true	false	false
Lag8Baseline	29	true	false	false
Lag8Baseline	30	true	false	false
Lag8Baseline	31	false	true	false	14, 25
Lag8Baseline	32	true	false	false
Lag8Baseline	33	true	false	false
Lag8Baseline	34	true	false	false
Lag8Baseline	35	false	true	false	8, 14, 25
Lag8Baseline	36	false	true	false	8, 14, 25, 56, 119
Lag8Baseline	37	true	false	false
Lag8Baseline	38	true	false	false
Lag8Baseline	39	false	true	false	8, 14, 17, 21, 25, 119
Lag8Baseline	40	true	false	false
Lag8Baseline	41	true	false	false
Lag8Baseline	42	false	true	false	8, 14, 21, 25
Lag8Baseline	43	true	false	false
Lag8Baseline	44	true	false	false	119
Lag8Baseline	45	true	false	false
Lag8Baseline	46	false	true	false	1, 2, 8, 9, 14, 17, 21, 25, 58
Lag8Baseline	47	false	true	true	1, 8, 32, 65, 125, 128
Lag8Baseline	48	false	true	false	14, 18, 25
Lag8Baseline	49	false	true	false	8, 9, 14, 15, 17, 21, 22, 25, 26
Lag8Baseline	50	false	true	false	14, 25
Lag8Baseline	51	false	true	false	14, 25
Lag8Baseline	52	true	false	false	58
Lag8Baseline	53	true	false	false	101
Lag8Baseline	54	true	false	false	25
Lag8Baseline	55	true	false	false	14, 17, 25
Lag8Baseline	56	true	false	false
Lag8Baseline	57	true	false	false
Lag8Baseline	58	true	false	false
Lag8Baseline	59	false	true	false	3, 4, 8, 9, 10, 11, 14, 15, 16, 17, 18, 19, 21, 22, 23, 24, 25, 26, 27, 32, 48, 73, 74, 81, 101, 119, 120, 126, 127
Lag8Baseline	60	true	false	false	25
Lag8Baseline	61	false	true	true	9, 17, 25, 32, 33, 38, 43, 48, 49, 128
Lag8Baseline	62	false	true	false	9, 14, 17, 21, 25, 119
Lag8Baseline	63	true	false	false	25, 66
Lag8Baseline	64	true	false	false	14, 25
Lag8Baseline	65	false	true	false	14, 15, 17, 21, 25, 26, 32
Lag8Baseline	66	true	false	false
Lag8Baseline	67	false	true	false	14, 25, 32, 48, 63, 100, 114, 119, 120, 126, 127
Lag8Baseline	68	true	false	false
Lag8Baseline	69	false	true	false	8, 9, 14, 15, 17, 21, 25, 32, 49, 119, 126
Lag8Baseline	70	true	false	false	119
Lag8Baseline	71	false	true	false	4, 14, 17, 38
Lag8Baseline	72	false	true	false	25
Lag8Baseline	73	false	true	false	14, 25
Lag8Baseline	74	false	true	false	2, 8, 9, 14, 17, 21, 25
Lag8Baseline	75	true	false	false
Lag8Baseline	76	false	true	false	14, 17, 18, 21, 25
Lag8Baseline	77	false	true	false	14, 25, 126
Lag8Baseline	78	false	true	true	8, 9, 10, 14, 15, 16, 17, 21, 22, 25, 26, 100, 113, 119, 128
Lag8Baseline	79	true	false	false	113
Lag8Baseline	80	false	true	true	1, 2, 3, 4, 5, 6, 7, 8, 9, 10, 11, 12, 13, 14, 15, 16, 17, 18, 19, 20, 21, 22, 23, 24, 25, 26, 27, 28, 29, 30, 31, 32, 33, 34, 35, 36, 37, 38, 39, 40, 41, 42, 43, 44, 45, 46, 47, 48, 49, 50, 51, 52, 53, 54, 55, 56, 57, 58, 59, 60, 61, 62, 63, 64, 65, 66, 67, 68, 69, 70, 71, 72, 73, 74, 75, 76, 77, 78, 79, 80, 81, 82, 83, 84, 85, 86, 87, 88, 89, 90, 91, 92, 93, 94, 95, 96, 97, 98, 99, 100, 101, 102, 103, 104, 105, 106, 107, 108, 109, 110, 111, 112, 113, 114, 115, 116, 117, 118, 119, 120, 121, 122, 123, 124, 125, 126, 127, 128
Lag8Baseline	81	false	true	false	1, 3, 8, 9, 10, 14, 15, 16, 17, 18, 21, 22, 23, 25, 26, 32, 126, 127
Lag8Baseline	82	false	true	false	14, 18, 25, 32, 49, 56, 113
Lag8Baseline	83	false	true	false	9, 11, 14, 15, 16, 17, 18, 21, 22, 25, 26, 39, 44, 46, 58, 59, 62, 72, 74, 76, 77, 78, 92, 96, 98, 100, 102, 113, 114, 119, 120
Lag8Baseline	84	true	false	false
Lag8Baseline	85	false	true	false	14, 17, 25, 49
Lag8Baseline	86	false	true	false	14, 18, 25
Lag8Baseline	87	true	false	false	14
Lag8Baseline	88	true	false	false	119
Lag8Baseline	89	false	true	false	1, 18, 49, 113, 115, 126, 127
Lag8Baseline	90	true	false	false	115
Lag8Baseline	91	false	true	false	1, 8, 9, 10, 14, 15, 17, 18, 21, 22, 23, 25, 26, 63, 68, 73, 74, 81, 113, 114, 120, 125, 126, 127
Lag8Baseline	92	false	true	false	18, 25, 49, 77, 84, 100, 113, 120
Lag8Baseline	93	false	true	false	8, 18, 77, 113, 126
Lag8Baseline	94	false	true	true	14, 25, 32, 113, 128
Lag8Baseline	95	true	false	false
Lag8Baseline	96	true	false	false
Lag8Baseline	97	false	true	false	14, 17, 21, 25
Lag8Baseline	98	false	true	false	1, 8, 14, 18, 25
Lag8Baseline	99	false	true	false	8, 9, 10, 14, 15, 17, 18, 21, 22, 25, 26, 113, 126
Lag8Baseline	100	true	false	false	18, 25, 58, 65, 113, 120
Lag8Neutral	1	false	true	false	32, 101, 127
Lag8Neutral	2	true	false	false
Lag8Neutral	3	true	false	false
Lag8Neutral	4	true	false	false
Lag8Neutral	5	true	false	false
Lag8Neutral	6	false	true	true	1, 2, 8, 17, 25, 125, 126, 127
Lag8Neutral	7	true	false	false
Lag8Neutral	8	true	false	false
Lag8Neutral	9	true	false	false
Lag8Neutral	10	true	false	false
Lag8Neutral	11	true	false	false
Lag8Neutral	12	true	false	false
Lag8Neutral	13	true	false	false
Lag8Neutral	14	false	true	false	8, 9, 14, 17, 21
Lag8Neutral	15	false	true	false	25
Lag8Neutral	16	true	false	false
Lag8Neutral	17	true	false	false
Lag8Neutral	18	true	false	false
Lag8Neutral	19	false	true	false	22, 56, 113, 126, 127
Lag8Neutral	20	true	false	false	127
Lag8Neutral	21	false	true	false	25, 119
Lag8Neutral	22	true	false	false
Lag8Neutral	23	false	true	false	8
Lag8Neutral	24	true	false	false	119
Lag8Neutral	25	true	false	false
Lag8Neutral	26	false	true	false	8, 9, 14, 17, 21, 25
Lag8Neutral	27	true	false	false
Lag8Neutral	28	true	false	false
Lag8Neutral	29	true	false	false
Lag8Neutral	30	true	false	false
Lag8Neutral	31	true	false	false	58
Lag8Neutral	32	true	false	false
Lag8Neutral	33	false	false	false	11, 14, 25, 56, 58, 63, 68, 69, 73, 74, 81, 82, 88, 89, 94, 95, 99, 107, 113
Lag8Neutral	34	false	true	false	8, 14, 21, 25
Lag8Neutral	35	true	false	false	14
Lag8Neutral	36	false	true	false	10, 14, 25
Lag8Neutral	37	true	false	false
Lag8Neutral	38	true	false	false
Lag8Neutral	39	true	false	false	14, 25, 119
Lag8Neutral	40	true	false	false
Lag8Neutral	41	false	true	false	126
Lag8Neutral	42	true	false	false
Lag8Neutral	43	true	false	false	119
Lag8Neutral	44	false	true	false	14, 17, 119
Lag8Neutral	45	true	false	false	25
Lag8Neutral	46	false	true	false	8, 9, 14, 21, 25
Lag8Neutral	47	true	false	false	119
Lag8Neutral	48	true	false	false
Lag8Neutral	49	true	false	false	14, 25
Lag8Neutral	50	true	false	false
Lag8Neutral	51	true	false	false
Lag8Neutral	52	true	false	false	14, 25
Lag8Neutral	53	false	true	false	25, 101, 114
Lag8Neutral	54	false	false	false	11, 17, 18, 35, 47, 49, 50, 51, 52, 56, 57, 58, 62, 65, 69, 72, 73, 74, 75, 76, 77, 81, 83, 84, 85, 86, 87, 88, 89, 90, 91, 92, 94, 95, 96, 97, 100, 101, 107, 113, 114, 117, 119
Lag8Neutral	55	true	false	false	25
Lag8Neutral	56	true	false	false	49
Lag8Neutral	57	true	false	false
Lag8Neutral	58	false	true	false	14, 17, 25
Lag8Neutral	59	true	false	false
Lag8Neutral	60	false	true	false	14, 17, 25
Lag8Neutral	61	false	true	false	25
Lag8Neutral	62	false	true	false	14, 17, 25
Lag8Neutral	63	true	false	false	32
Lag8Neutral	64	true	false	false	119
Lag8Neutral	65	false	true	false	8, 9, 14, 15, 17, 21, 22, 25, 113
Lag8Neutral	66	false	true	false	1, 8, 9, 10, 14, 15, 16, 17, 18, 21, 22, 23, 25, 26, 32, 73, 74, 81, 88, 113, 114, 119, 120, 126, 127
Lag8Neutral	67	true	false	false
Lag8Neutral	68	false	true	false	14, 25
Lag8Neutral	69	true	false	false	113
Lag8Neutral	70	false	true	false	8, 14, 15, 17, 21, 25, 100, 113, 114, 120
Lag8Neutral	71	false	true	false	14, 25
Lag8Neutral	72	true	false	false
Lag8Neutral	73	true	false	false
Lag8Neutral	74	true	false	false
Lag8Neutral	75	false	true	false	14, 25, 32
Lag8Neutral	76	true	false	false	25
Lag8Neutral	77	true	false	false
Lag8Neutral	78	true	false	false
Lag8Neutral	79	false	true	true	2, 3, 8, 9, 10, 14, 15, 16, 17, 18, 21, 22, 23, 25, 26, 27, 39, 44, 48, 49, 56, 89, 114, 115, 120, 126, 128
Lag8Neutral	80	false	true	false	9, 14, 17, 21, 22, 25
Lag8Neutral	81	false	true	true	1, 2, 3, 4, 5, 6, 7, 8, 9, 10, 11, 12, 13, 14, 15, 16, 17, 18, 19, 20, 21, 22, 23, 24, 25, 26, 27, 28, 29, 30, 31, 32, 33, 34, 35, 36, 37, 38, 39, 40, 41, 42, 43, 44, 45, 46, 47, 48, 49, 50, 51, 52, 53, 54, 56, 57, 58, 59, 60, 61, 62, 63, 64, 65, 66, 67, 68, 69, 70, 71, 72, 73, 74, 75, 76, 77, 78, 79, 80, 81, 82, 83, 84, 85, 86, 87, 88, 89, 90, 91, 92, 93, 94, 95, 96, 97, 98, 99, 100, 101, 102, 103, 104, 106, 107, 108, 109, 110, 111, 112, 113, 114, 115, 116, 117, 118, 119, 120, 121, 122, 123, 124, 125, 126, 127, 128
Lag8Neutral	82	false	true	false	8, 9, 10, 14, 15, 16, 17, 18, 21, 22, 23, 25, 26, 49, 113, 126
Lag8Neutral	83	false	true	false	8, 14, 18, 21, 69, 100, 113
Lag8Neutral	84	false	true	false	8, 9, 10, 14, 15, 16, 17, 18, 21, 22, 23, 25, 26, 32, 39, 48, 58, 66, 113, 120, 126, 127
Lag8Neutral	85	false	true	false	9, 14, 15, 16, 17, 18, 21, 22, 25, 26, 32, 73, 74, 81, 113, 120
Lag8Neutral	86	true	false	false	14, 18, 113, 119
Lag8Neutral	87	false	true	false	14, 25
Lag8Neutral	88	false	true	false	1, 8, 14, 15, 17, 18, 21, 22, 25
Lag8Neutral	89	false	true	false	8, 9, 14, 15, 16, 17, 18, 21, 22, 25, 26, 32, 119
Lag8Neutral	90	false	true	false	8, 14, 17, 21, 22, 25
Lag8Neutral	91	false	false	true	25, 32, 38, 48, 49, 113, 114, 128
Lag8Neutral	92	true	false	false
Lag8Neutral	93	true	false	false
Lag8Neutral	94	false	true	false	14, 25
Lag8Neutral	95	true	false	false
Lag8Neutral	96	false	true	false	18, 25
Lag8Neutral	97	false	true	false	18, 25, 56, 58, 59, 65, 89, 113, 114, 119, 120, 127
Lag8Neutral	98	true	false	false
Lag8Neutral	99	false	true	false	18, 25, 126
Lag8Neutral	100	false	true	false	14, 17, 18, 25, 49, 113, 115, 126
Lag8Negative	1	false	true	false	25, 127
Lag8Negative	2	true	false	false
Lag8Negative	3	false	true	false	14, 25
Lag8Negative	4	true	false	false
Lag8Negative	5	false	true	false	8, 9, 10, 14, 15, 16, 17, 21, 22, 25, 26
Lag8Negative	6	false	true	false	14, 19, 25
Lag8Negative	7	false	false	true	1, 8, 14, 125
Lag8Negative	8	true	false	false	119
Lag8Negative	9	true	false	false	25
Lag8Negative	10	true	false	false
Lag8Negative	11	false	true	false	2, 3, 8, 9, 10, 14, 15, 16, 17, 18, 21, 22, 25, 26, 32, 119
Lag8Negative	12	true	false	false
Lag8Negative	13	true	false	false
Lag8Negative	14	true	false	false
Lag8Negative	15	true	false	false
Lag8Negative	16	true	false	false
Lag8Negative	17	true	false	false
Lag8Negative	18	true	false	false
Lag8Negative	19	false	true	false	25, 113, 119
Lag8Negative	20	true	false	false
Lag8Negative	21	true	false	false	25, 119
Lag8Negative	22	false	true	false	25
Lag8Negative	23	true	false	false	25
Lag8Negative	24	false	true	false	113, 119, 126
Lag8Negative	25	true	false	false
Lag8Negative	26	true	false	false
Lag8Negative	27	true	false	false
Lag8Negative	28	true	false	false
Lag8Negative	29	true	false	false	14
Lag8Negative	30	true	false	false
Lag8Negative	31	true	false	false	14, 17, 21, 25
Lag8Negative	32	false	true	false
Lag8Negative	33	true	false	false
Lag8Negative	34	false	true	false	1, 8, 11, 14, 15, 17, 21, 22, 25, 32, 113, 115, 119, 121, 126, 127
Lag8Negative	35	true	false	false	115
Lag8Negative	36	true	false	false	56
Lag8Negative	37	true	false	false
Lag8Negative	38	true	false	false	119
Lag8Negative	39	true	false	false
Lag8Negative	40	true	false	false
Lag8Negative	41	false	true	true	3, 8, 9, 10, 11, 14, 15, 16, 17, 18, 19, 21, 22, 23, 25, 26, 32, 47, 49, 51, 56, 58, 62, 119, 126, 127, 128
Lag8Negative	42	false	true	false	14, 25
Lag8Negative	43	true	false	false
Lag8Negative	44	false	true	false	8, 9, 14, 15, 17, 18, 21, 22, 25, 26, 119
Lag8Negative	45	false	true	false	9, 14, 21, 22, 25, 26
Lag8Negative	46	false	true	true	1, 2, 8, 9, 11, 14, 15, 17, 21, 22, 25, 49, 56, 63, 88, 100, 101, 114, 119, 120, 121, 122, 125, 126
Lag8Negative	47	false	true	false	14, 25, 32
Lag8Negative	48	false	true	false	14, 25
Lag8Negative	49	false	true	false	8, 14, 25
Lag8Negative	50	false	true	false	14, 25
Lag8Negative	51	false	true	false	14, 17, 25
Lag8Negative	52	true	false	false
Lag8Negative	53	false	true	false	3, 4, 8, 9, 10, 11, 14, 15, 16, 17, 18, 19, 21, 22, 23, 24, 25, 26, 27, 32, 126, 127
Lag8Negative	54	false	true	false	14, 25
Lag8Negative	55	true	false	false	25
Lag8Negative	56	false	true	true	1, 9, 14, 15, 16, 17, 18, 21, 22, 23, 25, 26, 32, 119, 125, 126
Lag8Negative	57	false	true	false	14, 17, 25, 26
Lag8Negative	58	true	false	false
Lag8Negative	59	false	true	false	8, 14, 21, 25, 32, 119
Lag8Negative	60	true	false	false	14, 25
Lag8Negative	61	false	true	false	4, 14, 32, 48, 119
Lag8Negative	62	true	false	false	14, 25
Lag8Negative	63	true	false	false
Lag8Negative	64	false	true	false	25
Lag8Negative	65	true	false	false
Lag8Negative	66	true	false	false	119
Lag8Negative	67	true	false	false
Lag8Negative	68	false	true	false	1, 75, 100, 126
Lag8Negative	69	false	true	false	14, 21, 25
Lag8Negative	70	false	true	false	14, 17, 25, 69, 73, 114, 119, 120, 126, 127
Lag8Negative	71	false	true	false	8, 14, 17, 25
Lag8Negative	72	false	true	false	14, 25
Lag8Negative	73	false	true	false	14, 25
Lag8Negative	74	true	false	false	119
Lag8Negative	75	false	true	false	9, 14, 15, 17, 21, 25
Lag8Negative	76	false	true	false	2, 8, 9, 14, 17, 21, 25, 84
Lag8Negative	77	false	true	false	8, 9, 14, 15, 17, 21, 22, 25, 126
Lag8Negative	78	true	false	false
Lag8Negative	79	false	true	false	2, 3, 4, 8, 9, 10, 11, 14, 15, 16, 17, 18, 21, 22, 23, 25, 26, 27, 32, 33, 39, 44, 48, 50, 51, 56, 57, 58, 59, 65, 68, 69, 72, 73, 74, 75, 78, 81, 82, 83, 84, 85, 87, 88, 89, 90, 94, 95, 96, 99, 100, 101, 102, 109, 110, 113, 114, 115, 116, 117, 118, 119, 120, 121, 122, 124
Lag8Negative	80	true	false	false
Lag8Negative	81	false	true	false	14, 15, 16, 18, 25, 48, 58, 113, 114, 119
Lag8Negative	82	false	true	false	8, 14, 21, 25, 33, 34, 39, 40, 45, 48, 108, 109, 115, 116, 117, 120, 123
Lag8Negative	83	true	false	false	14, 119
Lag8Negative	84	true	false	false
Lag8Negative	85	false	true	false	9, 14, 15, 16, 18, 25, 114, 120
Lag8Negative	86	false	true	false	14, 25
Lag8Negative	87	false	true	false	14, 17, 25
Lag8Negative	88	false	true	false	14, 15, 17, 21, 22, 25, 26
Lag8Negative	89	false	true	true	1, 3, 8, 9, 10, 11, 14, 15, 16, 17, 18, 19, 21, 22, 23, 25, 26, 27, 39, 44, 48, 49, 56, 94, 99, 100, 102, 107, 113, 114, 115, 119, 120, 121, 125, 126, 127
Lag8Negative	90	true	false	false
Lag8Negative	91	false	false	true	18, 32, 113, 128
Lag8Negative	92	true	false	false	84
Lag8Negative	93	false	true	false
Lag8Negative	94	false	true	false	14, 25
Lag8Negative	95	false	true	false
Lag8Negative	96	false	true	false	8, 9, 10, 14, 15, 16, 17, 18, 21, 22, 25, 26, 32, 58, 65, 68, 69, 74, 82, 92, 99
Lag8Negative	97	false	true	true	1, 8, 18, 25, 88, 102, 113, 119, 125, 126
Lag8Negative	98	true	false	false	65, 113
Lag8Negative	99	false	true	true	2, 3, 4, 8, 9, 10, 11, 14, 15, 16, 17, 18, 19, 21, 22, 23, 25, 26, 32, 33, 38, 39, 43, 44, 48, 49, 56, 57, 58, 63, 64, 65, 68, 69, 73, 74, 81, 88, 89, 94, 95, 99, 107, 119, 120, 123, 124, 126, 127, 128
Lag8Negative	100	false	true	false	1, 25, 44, 48, 49, 113, 114, 115, 120, 126
L2NCorrect	1	false	true	false	3, 8, 9, 10, 11, 14, 15, 16, 17, 18, 19, 21, 22, 23, 24, 25, 26, 27, 32, 126, 127
L2NCorrect	2	false	true	false	2, 3, 4, 8, 9, 10, 11, 14, 15, 16, 17, 18, 19, 21, 22, 23, 24, 25, 26, 27, 32, 48, 56, 119, 126, 127
L2NCorrect	3	true	false	false	25
L2NCorrect	4	true	false	false
L2NCorrect	5	false	true	false	8, 9, 10, 14, 15, 16, 17, 18, 21, 22, 25, 26, 32
L2NCorrect	6	false	true	false	3, 8, 9, 10, 14, 15, 16, 17, 18, 19, 21, 22, 23, 25, 26, 32, 126
L2NCorrect	7	false	true	false	8, 9, 10, 14, 15, 16, 17, 18, 19, 21, 22, 23, 25, 26, 32, 126
L2NCorrect	8	false	true	false	8, 9, 10, 14, 15, 16, 17, 18, 21, 22, 23, 25, 26, 119, 126
L2NCorrect	9	false	true	false	1, 2, 3, 4, 8, 9, 10, 11, 14, 15, 16, 17, 18, 19, 21, 22, 23, 24, 25, 26, 27, 32, 43, 48, 49, 56, 57, 63, 64, 68, 69, 73, 74, 81, 82, 88, 89, 94, 95, 99, 100, 107, 113, 114, 119, 120, 121, 125, 126, 127, 128
L2NCorrect	10	true	false	false
L2NCorrect	11	true	false	false	14, 25
L2NCorrect	12	false	true	false	14, 15, 16, 22, 25, 126, 127
L2NCorrect	13	false	true	false	3, 8, 9, 10, 11, 14, 15, 16, 17, 18, 19, 21, 22, 23, 24, 25, 26, 32, 126, 127
L2NCorrect	14	false	true	true	1, 2, 3, 4, 8, 9, 10, 11, 14, 15, 16, 17, 18, 19, 21, 22, 23, 24, 25, 26, 27, 32, 33, 107, 114, 119, 120, 125, 126, 127
L2NCorrect	15	true	false	false	113
L2NCorrect	16	false	true	false	8, 9, 10, 11, 14, 15, 16, 17, 18, 21, 22, 23, 25, 26, 32, 89, 113
L2NCorrect	17	false	true	false	3, 8, 9, 10, 14, 15, 16, 17, 18, 21, 22, 23, 25, 26, 32, 126
L2NCorrect	18	false	true	false	2, 3, 4, 8, 9, 10, 11, 14, 15, 16, 17, 18, 19, 21, 22, 23, 24, 25, 26, 27, 32, 126, 127
L2NCorrect	19	false	true	false	8, 14, 17, 21, 25
L2NCorrect	20	false	true	false	2, 3, 8, 9, 10, 11, 14, 15, 16, 17, 18, 19, 21, 22, 23, 25, 26, 43, 48, 56, 63, 119, 125, 126, 127, 128
L2NCorrect	21	false	true	false	2, 3, 4, 8, 9, 10, 11, 14, 15, 16, 17, 18, 19, 21, 22, 23, 24, 25, 26, 27, 32, 56, 113, 119, 120, 125, 126, 127
L2NCorrect	22	false	true	true	8, 9, 10, 14, 15, 16, 17, 18, 19, 21, 22, 23, 25, 26, 27, 32, 65, 119, 126, 127
L2NCorrect	23	false	true	false	8, 14, 15, 17, 21, 22, 25
L2NCorrect	24	false	true	true	1, 3, 4, 8, 9, 10, 11, 14, 15, 16, 17, 18, 19, 21, 22, 23, 24, 25, 26, 27, 32, 48, 114, 119, 120, 121, 125, 126, 127
L2NCorrect	25	false	true	false	14, 17, 21, 25
L2NCorrect	26	false	true	false	2, 3, 4, 8, 9, 10, 11, 14, 15, 16, 17, 18, 19, 21, 22, 23, 25, 26, 32, 119, 126, 127
L2NCorrect	27	false	true	true	3, 4, 8, 9, 10, 11, 14, 15, 16, 17, 18, 19, 21, 22, 23, 24, 25, 26, 27, 32, 48, 65, 119, 126, 127
L2NCorrect	28	false	true	false	8, 9, 10, 14, 15, 16, 17, 18, 21, 22, 23, 25, 26, 32, 126
L2NCorrect	29	false	true	false	126
L2NCorrect	30	false	true	false	8, 9, 10, 14, 15, 16, 17, 18, 21, 22, 23, 25, 26, 32, 56, 100, 126, 127
L2NCorrect	31	false	true	false	3, 8, 9, 10, 14, 15, 16, 17, 18, 19, 21, 22, 23, 25, 26, 32, 48, 49, 56, 63, 119, 126, 127
L2NCorrect	32	false	true	true	1, 2, 3, 4, 8, 9, 10, 11, 14, 15, 16, 17, 18, 19, 21, 22, 23, 24, 25, 26, 27, 32, 33, 48, 49, 56, 63, 68, 73, 81, 89, 94, 95, 99, 100, 107, 113, 114, 119, 120, 121, 125, 126, 127
L2NCorrect	33	false	true	false	3, 8, 9, 10, 11, 14, 15, 16, 17, 18, 19, 21, 22, 23, 24, 25, 26, 32, 121, 126, 127
L2NCorrect	34	false	true	false	1, 8, 9, 10, 11, 14, 15, 16, 17, 18, 19, 21, 22, 23, 24, 25, 26, 27, 28, 32, 33, 34, 38, 39, 45, 48, 56, 107, 113, 114, 115, 116, 119, 120, 121, 125, 126, 127
L2NCorrect	35	false	true	true	1, 3, 8, 9, 10, 11, 14, 15, 16, 17, 18, 19, 21, 22, 23, 24, 25, 26, 27, 32, 33, 119, 125, 126, 127
L2NCorrect	36	false	true	false	8, 9, 10, 14, 15, 16, 17, 18, 21, 22, 23, 25, 26, 32, 83, 119, 126
L2NCorrect	37	false	true	true	2, 3, 4, 8, 9, 10, 11, 14, 15, 16, 17, 18, 19, 21, 22, 23, 25, 26, 32, 38, 43, 44, 48, 49, 56, 63, 119, 120, 126, 127, 128
L2NCorrect	38	false	true	false	3, 8, 9, 10, 14, 15, 16, 17, 18, 19, 21, 22, 23, 25, 26, 27, 32, 119, 126, 127
L2NCorrect	39	false	true	false	8, 9, 14, 15, 17, 18, 21, 22, 25, 26, 32
L2NCorrect	40	false	true	true	1, 8, 9, 10, 14, 15, 16, 17, 18, 19, 21, 22, 23, 25, 26, 32, 119, 126, 127
L2NCorrect	41	false	true	false	3, 8, 9, 10, 11, 14, 15, 16, 17, 18, 19, 21, 22, 23, 24, 25, 26, 27, 32, 119, 126, 127
L2NCorrect	42	false	true	true	1, 3, 4, 8, 9, 10, 11, 14, 15, 16, 17, 18, 19, 20, 21, 22, 23, 24, 25, 26, 27, 28, 32, 33, 48, 49, 63, 68, 73, 74, 81, 88, 89, 90, 91, 94, 95, 96, 99, 100, 101, 107, 113, 114, 115, 119, 120, 121, 125, 126, 127
L2NCorrect	43	false	true	true	1, 3, 4, 8, 9, 10, 11, 14, 15, 16, 17, 18, 19, 21, 22, 23, 24, 25, 26, 27, 32, 33, 48, 49, 56, 68, 73, 81, 94, 95, 99, 100, 107, 113, 114, 115, 119, 120, 121, 122, 125, 126, 127
L2NCorrect	44	false	true	false	1, 2, 3, 4, 8, 9, 10, 11, 14, 15, 16, 17, 18, 19, 21, 22, 23, 24, 25, 26, 27, 32, 38, 43, 44, 48, 49, 57, 58, 63, 64, 65, 68, 69, 70, 73, 74, 81, 82, 88, 89, 90, 91, 94, 96, 99, 101, 107, 113, 114, 115, 119, 120, 121, 125, 126, 127, 128
L2NCorrect	45	false	true	true	1, 8, 9, 10, 14, 15, 16, 17, 18, 21, 22, 23, 25, 26, 32, 114, 119, 120, 121, 122, 125, 126, 127
L2NCorrect	46	false	true	false	1, 2, 3, 4, 8, 9, 10, 11, 14, 15, 16, 17, 18, 19, 21, 22, 23, 24, 25, 26, 27, 32, 49, 114, 119, 120, 125, 126, 127
L2NCorrect	47	false	true	false	1, 2, 3, 4, 8, 9, 10, 11, 14, 15, 16, 17, 18, 19, 21, 22, 23, 24, 25, 26, 27, 32, 43, 48, 49, 56, 63, 68, 73, 74, 81, 83, 88, 89, 90, 91, 94, 95, 96, 99, 100, 101, 107, 113, 114, 119, 120, 121, 125, 126, 127, 128
L2NCorrect	48	false	true	false	8, 9, 10, 11, 14, 15, 16, 17, 18, 19, 21, 22, 23, 25, 26, 32
L2NCorrect	49	false	true	false	8, 9, 10, 14, 15, 16, 17, 18, 21, 22, 23, 25, 26, 32, 126
L2NCorrect	50	false	true	true	2, 4, 8, 9, 10, 14, 15, 16, 17, 18, 21, 22, 23, 25, 26, 32, 33, 38, 126, 127, 128
L2NCorrect	51	false	true	false	4, 8, 9, 10, 14, 15, 16, 17, 18, 21, 22, 23, 25, 26, 32
L2NCorrect	52	false	true	false	3, 8, 9, 10, 14, 15, 16, 17, 18, 21, 22, 23, 25, 26, 32, 119, 126, 127
L2NCorrect	53	false	true	false	14, 25
L2NCorrect	54	false	true	false	8, 9, 14, 15, 17, 21, 22, 25, 26, 119, 126, 127
L2NCorrect	55	true	false	false	14, 25
L2NCorrect	56	false	true	true	1, 8, 9, 10, 14, 15, 16, 17, 18, 19, 21, 22, 23, 24, 25, 26, 27, 32, 33, 48, 113, 114, 119, 120, 121, 125, 126, 127
L2NCorrect	57	false	true	true	1, 2, 3, 8, 9, 10, 14, 15, 16, 17, 18, 19, 21, 22, 23, 24, 25, 26, 27, 32, 33, 56, 63, 68, 73, 74, 81, 82, 88, 89, 94, 95, 99, 100, 108, 113, 114, 120, 121, 125, 126, 127
L2NCorrect	58	false	true	false	8, 9, 10, 14, 15, 16, 17, 18, 21, 22, 23, 25, 26, 32, 59, 82, 83, 101, 113, 126, 127, 128
L2NCorrect	59	false	true	false	4, 8, 9, 10, 11, 14, 15, 16, 17, 18, 21, 22, 23, 25, 26, 32, 48, 49, 73, 74, 75, 81, 88, 94, 100, 113, 114, 119, 120, 126, 127
L2NCorrect	60	false	true	true	3, 4, 8, 9, 10, 14, 15, 16, 17, 18, 19, 21, 22, 23, 25, 26, 27, 32, 33, 82, 83, 94, 113, 114, 119, 120, 125, 126
L2NCorrect	61	false	true	false	8, 9, 10, 11, 14, 15, 16, 17, 18, 21, 22, 23, 25, 26, 27, 32, 119, 120, 125, 126, 127
L2NCorrect	62	false	true	true	1, 8, 9, 10, 14, 15, 16, 17, 18, 21, 22, 23, 25, 26, 32, 33, 49, 101, 125, 126, 127, 128
L2NCorrect	63	false	true	false	8, 9, 10, 14, 15, 16, 17, 18, 21, 22, 23, 25, 26, 32, 66, 126, 127
L2NCorrect	64	true	false	false	14, 18
L2NCorrect	65	false	true	false	8, 9, 10, 14, 15, 16, 17, 18, 21, 22, 23, 25, 26, 32, 126, 127
L2NCorrect	66	false	true	false	1, 2, 4, 9, 10, 11, 12, 14, 15, 17, 18, 19, 20, 21, 22, 23, 24, 25, 27, 28, 29, 30, 32, 33, 34, 37, 38, 39, 40, 41, 43, 44, 46, 47, 48, 49, 50, 51, 52, 53, 56, 57, 58, 60, 64, 65, 66, 67, 71, 72, 73, 74, 75, 77, 79, 81, 82, 83, 85, 86, 89, 90, 93, 94, 96, 97, 99, 101, 102, 103, 107, 108, 110, 111, 113, 114, 115, 116, 117, 119, 120, 122, 123, 124, 125, 126, 127, 128
L2NCorrect	67	false	true	false	1, 8, 9, 10, 14, 15, 16, 17, 18, 21, 22, 23, 25, 26, 32, 33, 48, 82, 113, 114, 119, 120, 125, 126, 127
L2NCorrect	68	false	true	true	8, 9, 10, 14, 15, 16, 17, 18, 21, 22, 23, 25, 26, 32, 113, 126
L2NCorrect	69	false	true	true	1, 2, 3, 4, 8, 9, 10, 11, 12, 14, 15, 16, 17, 18, 19, 20, 21, 22, 23, 24, 25, 26, 27, 32, 33, 43, 44, 48, 49, 56, 58, 63, 68, 69, 73, 74, 75, 77, 81, 82, 89, 94, 95, 99, 100, 101, 107, 113, 114, 119, 120, 121, 125, 126, 127, 128
L2NCorrect	70	false	true	true	1, 2, 3, 4, 8, 9, 10, 14, 15, 16, 17, 18, 19, 21, 22, 23, 24, 25, 26, 27, 32, 33, 38, 114, 115, 119, 120, 121, 122, 123, 124, 125, 126, 127, 128
L2NCorrect	71	false	true	true	1, 2, 8, 9, 10, 14, 15, 17, 18, 21, 22, 23, 25, 26, 32, 33, 119, 120, 121, 122, 125, 126
L2NCorrect	72	false	true	true	1, 2, 8, 9, 14, 15, 17, 18, 21, 22, 25, 26, 32, 114, 119, 120, 121, 122, 125, 126, 128
L2NCorrect	73	false	true	true	1, 2, 3, 8, 9, 10, 11, 14, 15, 16, 17, 18, 19, 21, 22, 23, 24, 25, 26, 27, 32, 33, 113, 114, 119, 120, 121, 122, 125, 126, 127, 128
L2NCorrect	74	false	true	true	1, 2, 3, 8, 9, 10, 14, 15, 17, 18, 21, 22, 25, 26, 27, 32, 33, 34, 38, 39, 43, 44, 48, 49, 102, 113, 119, 122, 123, 125, 126, 127, 128
L2NCorrect	75	false	true	true	3, 8, 9, 10, 14, 15, 16, 17, 18, 19, 21, 22, 23, 25, 26, 27, 32, 49, 66, 120, 126, 127, 128
L2NCorrect	76	false	true	false	8, 9, 10, 14, 15, 16, 17, 18, 21, 22, 23, 25, 26, 32, 113, 119, 126
L2NCorrect	77	false	true	true	8, 9, 10, 14, 15, 16, 17, 18, 21, 22, 23, 25, 26, 27, 32, 113, 126
L2NCorrect	78	false	true	true	1, 2, 3, 4, 8, 9, 10, 11, 14, 15, 16, 17, 18, 19, 21, 22, 23, 24, 25, 26, 27, 32, 38, 39, 43, 44, 45, 48, 49, 56, 57, 63, 64, 68, 69, 73, 74, 75, 81, 82, 83, 88, 89, 90, 94, 95, 99, 107, 108, 113, 114, 115, 119, 120, 121, 125, 126, 127, 128
L2NCorrect	79	false	true	true	1, 3, 4, 8, 9, 10, 11, 14, 15, 16, 17, 18, 19, 21, 22, 23, 24, 25, 26, 27, 32, 43, 48, 49, 56, 63, 68, 73, 88, 89, 94, 99, 100, 107, 113, 114, 119, 120, 121, 122, 125, 126, 127
L2NCorrect	80	true	false	false	14, 18, 25
L2NCorrect	81	false	true	false	8, 9, 10, 14, 15, 16, 17, 18, 21, 22, 25, 26, 48, 51, 68, 73, 94, 99, 100, 113, 119, 120, 126, 127, 128
L2NCorrect	82	false	true	true	1, 2, 3, 4, 8, 9, 10, 11, 14, 15, 16, 17, 18, 19, 21, 22, 23, 24, 25, 26, 27, 32, 49, 58, 65, 68, 69, 73, 74, 81, 82, 88, 94, 99, 100, 107, 113, 114, 119, 120, 121, 125, 126, 127
L2NCorrect	83	false	true	true	1, 2, 3, 4, 8, 9, 10, 11, 12, 14, 15, 16, 17, 18, 19, 20, 21, 22, 23, 24, 25, 26, 27, 28, 32, 33, 34, 38, 39, 43, 44, 48, 49, 56, 57, 58, 63, 64, 65, 68, 69, 70, 73, 74, 75, 76, 81, 82, 83, 84, 85, 88, 89, 90, 91, 92, 94, 95, 96, 97, 98, 99, 100, 101, 102, 107, 108, 109, 113, 114, 115, 116, 119, 120, 121, 122, 123, 124, 125, 126, 127, 128
L2NCorrect	84	false	true	false	1, 3, 8, 9, 10, 14, 15, 16, 17, 18, 21, 22, 23, 25, 26, 32, 38, 43, 44, 48, 49, 56, 58, 59, 63, 65, 70, 72, 73, 76, 77, 81, 88, 89, 100, 102, 107, 113, 115, 119, 120, 121, 125, 126, 127, 128
L2NIncorrect	1	false	true	false	9, 14, 15, 17, 21, 25
L2NIncorrect	2	true	false	false
L2NIncorrect	3	true	false	false
L2NIncorrect	4	true	false	false	25, 113
L2NIncorrect	5	false	true	false	8, 14, 17, 25
L2NIncorrect	6	true	false	false
L2NIncorrect	7	false	true	false	14, 25
L2NIncorrect	8	false	true	false	3, 8, 9, 10, 11, 14, 15, 16, 17, 18, 19, 21, 22, 23, 25, 26, 32, 126
L2NIncorrect	9	true	false	false
L2NIncorrect	10	false	true	false	9, 14, 15, 25
L2NIncorrect	11	false	true	false	1, 4, 9, 14, 15, 16, 17, 18, 21, 22, 23, 25, 26, 32, 125, 126
L2NIncorrect	12	true	false	false	100
L2NIncorrect	13	true	false	false	75
L2NIncorrect	14	false	true	false	25
L2NIncorrect	15	true	false	false
L2NIncorrect	16	false	true	false	114, 115, 119, 126
