Category	Segment number	Segment Good	Eye Blinks	Eye Movements	Bad Channels
Lag2Baseline	1	true	false	false
Lag2Baseline	2	true	false	false
Lag2Baseline	3	true	false	false	14
Lag2Baseline	4	false	true	false
Lag2Baseline	5	true	false	false
Lag2Baseline	6	true	false	false
Lag2Baseline	7	true	false	false
Lag2Baseline	8	false	true	false	14, 25
Lag2Baseline	9	true	false	false
Lag2Baseline	10	true	false	false
Lag2Baseline	11	true	false	false
Lag2Baseline	12	false	true	false	8, 9, 10, 11, 14, 15, 16, 17, 18, 21, 22, 23, 25, 26, 126
Lag2Baseline	13	true	false	false	86
Lag2Baseline	14	true	false	false
Lag2Baseline	15	false	true	false	8, 9, 10, 11, 12, 14, 15, 16, 17, 18, 19, 21, 22, 23, 25, 26, 126, 127
Lag2Baseline	16	false	true	false	8, 9, 10, 11, 14, 15, 16, 17, 21, 22, 25
Lag2Baseline	17	false	true	false	8, 9, 10, 11, 12, 14, 15, 16, 17, 18, 19, 21, 22, 23, 25, 26, 62, 71, 72, 74, 75, 76, 77, 81, 82, 88, 99, 113, 114, 126
Lag2Baseline	18	false	true	false	8, 9, 14, 15, 16, 17, 18, 21, 22, 25, 126, 127
Lag2Baseline	19	true	false	false
Lag2Baseline	20	true	false	false	14
Lag2Baseline	21	true	false	false	14, 99
Lag2Baseline	22	false	true	false	14, 25, 66
Lag2Baseline	23	true	false	false	14, 99
Lag2Baseline	24	false	true	false	14, 21, 25, 99, 126
Lag2Baseline	25	false	true	false	8, 9, 14, 15, 17, 21, 22, 25, 26, 61, 62, 71, 72, 74, 75, 76, 77, 78, 80, 81, 82, 83, 84, 85, 86, 87, 88, 89, 90, 91, 92, 94, 96, 97, 98, 99, 101, 102, 108, 112, 114, 118
Lag2Baseline	26	true	false	false	14, 44, 99
Lag2Baseline	27	true	false	false	99
Lag2Baseline	28	false	true	false	8, 9, 10, 11, 14, 15, 16, 17, 18, 21, 22, 23, 25, 26, 80, 99
Lag2Baseline	29	false	false	false	14, 17, 18, 21, 25, 62, 71, 72, 74, 81, 99, 109
Lag2Baseline	30	true	false	false	99
Lag2Baseline	31	true	false	false	99
Lag2Baseline	32	false	true	false	14, 21, 25, 58, 59, 61, 62, 66, 70, 71, 72, 73, 74, 75, 76, 77, 78, 80, 81, 82, 83, 84, 85, 86, 88, 89, 90, 91, 92, 97, 98, 99, 109
Lag2Baseline	33	true	false	false	99
Lag2Baseline	34	true	false	false	14, 80, 99
Lag2Baseline	35	false	true	false	8, 9, 14, 15, 17, 21, 22, 25, 48, 97, 98, 99
Lag2Baseline	36	false	true	false	14, 15, 21, 25, 48, 96, 99
Lag2Baseline	37	true	false	false	99
Lag2Baseline	38	true	false	false	99
Lag2Baseline	39	true	false	false	99
Lag2Baseline	40	true	false	false	97, 98, 99
Lag2Baseline	41	true	false	false	86, 98, 99
Lag2Baseline	42	false	false	false	8, 25, 26, 62, 71, 72, 74, 75, 81, 82, 86, 88, 89, 90, 92, 94, 97, 98, 99, 100, 114
Lag2Baseline	43	true	false	false	80, 86, 92, 97, 99, 114
Lag2Baseline	44	false	true	false	14, 25, 97, 99
Lag2Baseline	45	true	false	false	92, 97, 99, 116
Lag2Baseline	46	true	false	false	80, 86, 92, 97, 99
Lag2Baseline	47	false	true	false	9, 14, 15, 21, 22, 25, 80, 86, 92, 97, 99
Lag2Baseline	48	false	true	false	10, 14, 15, 21, 25, 80, 86, 92, 97, 99, 108
Lag2Baseline	49	true	false	false	92, 97, 99, 108, 116
Lag2Baseline	50	false	true	false	14, 86, 92, 97, 99
Lag2Baseline	51	true	false	false	80, 86, 92, 97, 99
Lag2Baseline	52	true	false	false	80, 86, 92, 97, 98, 99, 108
Lag2Baseline	53	true	false	false	14, 80, 86, 92, 97, 99, 108
Lag2Baseline	54	false	false	false	42, 47, 51, 58, 59, 61, 62, 66, 70, 71, 72, 73, 74, 75, 80, 81, 82, 85, 86, 88, 92, 97, 98, 99, 101, 108, 109, 111, 113, 114, 115, 116, 117, 123, 124
Lag2Baseline	55	true	false	false	80, 92, 97, 98, 99, 116
Lag2Baseline	56	false	true	false	14, 80, 86, 92, 97, 99, 116, 123
Lag2Baseline	57	true	false	false	92, 97, 99, 116
Lag2Baseline	58	false	true	false	14, 18, 21, 25, 92, 97, 99, 116, 117
Lag2Baseline	59	true	false	false	14, 17, 21, 25, 80, 86, 92, 97, 99, 108
Lag2Baseline	60	false	true	false	8, 9, 10, 14, 15, 16, 17, 18, 19, 21, 22, 23, 25, 26, 48, 62, 71, 72, 80, 82, 88, 89, 90, 91, 92, 94, 97, 99, 114, 116, 117, 119, 120, 125, 126, 127
Lag2Baseline	61	false	false	false	28, 60, 62, 80, 87, 92, 97, 99, 108, 114, 115, 116, 117, 118, 123
Lag2Baseline	62	true	false	false	60, 80, 92, 97, 99, 108, 116, 117, 123
Lag2Baseline	63	false	true	true	1, 4, 5, 14, 16, 25, 28, 39, 42, 47, 49, 51, 52, 53, 60, 61, 62, 66, 70, 71, 72, 73, 74, 75, 76, 77, 80, 81, 82, 83, 84, 85, 86, 87, 88, 91, 92, 96, 97, 98, 99, 101, 102, 105, 106, 108, 109, 111, 112, 113, 114, 115, 116, 117, 118, 123, 124, 125
Lag2Baseline	64	false	false	false	4, 42, 47, 51, 52, 53, 54, 60, 61, 62, 70, 71, 72, 73, 74, 75, 80, 81, 82, 83, 84, 85, 86, 87, 88, 89, 90, 91, 92, 94, 95, 96, 97, 98, 99, 101, 102, 105, 108, 109, 111, 113, 114, 115, 116, 117, 123, 124
Lag2Baseline	65	false	true	false	14, 15, 21, 25, 80, 92, 97, 99, 108, 113, 116, 117, 123
Lag2Baseline	66	false	false	false	4, 5, 28, 42, 47, 51, 52, 53, 60, 61, 62, 66, 70, 71, 72, 73, 74, 75, 77, 80, 81, 82, 83, 84, 85, 86, 87, 88, 91, 92, 96, 97, 98, 99, 101, 102, 105, 106, 108, 109, 111, 112, 113, 114, 115, 116, 117, 118, 123, 124
Lag2Baseline	67	false	false	false	1, 4, 5, 28, 39, 42, 47, 51, 52, 53, 60, 61, 62, 63, 66, 70, 71, 72, 73, 74, 75, 77, 80, 81, 82, 83, 84, 85, 86, 87, 88, 91, 92, 96, 97, 98, 99, 101, 102, 105, 106, 108, 109, 111, 112, 113, 114, 115, 116, 117, 118, 123, 124
Lag2Baseline	68	false	false	false	4, 5, 28, 42, 47, 51, 52, 53, 60, 61, 62, 63, 66, 70, 71, 72, 73, 74, 75, 77, 80, 81, 82, 83, 84, 85, 86, 87, 88, 91, 92, 96, 97, 98, 99, 101, 102, 105, 106, 108, 109, 111, 112, 113, 114, 115, 116, 117, 118, 123, 124
Lag2Baseline	69	false	false	false	4, 5, 13, 16, 28, 42, 47, 51, 52, 53, 54, 60, 61, 62, 63, 66, 70, 71, 72, 73, 74, 75, 80, 81, 82, 83, 84, 85, 86, 87, 88, 91, 92, 96, 97, 98, 99, 101, 102, 103, 105, 106, 107, 108, 109, 111, 112, 113, 114, 115, 116, 117, 118, 123, 124
Lag2Baseline	70	true	false	false	14, 21, 80, 86, 92, 97, 99, 108
Lag2Baseline	71	false	false	false	4, 5, 28, 29, 30, 39, 42, 47, 50, 51, 52, 53, 54, 56, 58, 59, 60, 61, 62, 63, 64, 66, 67, 70, 71, 72, 73, 74, 75, 77, 79, 80, 81, 82, 83, 84, 85, 86, 87, 88, 91, 92, 96, 97, 98, 99, 101, 102, 103, 105, 106, 108, 109, 111, 112, 113, 115, 116, 117, 118, 123, 124
Lag2Baseline	72	false	false	false	53, 80, 86, 87, 92, 97, 99, 108, 113, 116, 117, 123
Lag2Baseline	73	false	false	false	53, 54, 60, 61, 62, 72, 77, 80, 86, 87, 92, 97, 99, 108, 111, 113, 115, 116, 123
Lag2Baseline	74	false	true	false	14, 21, 42, 51, 53, 60, 61, 80, 86, 92, 97, 98, 99, 108, 113, 116, 117, 123
Lag2Baseline	75	false	false	false	14, 17, 21, 25, 51, 60, 84, 85, 86, 87, 92, 96, 97, 98, 99, 102, 108, 116, 117, 123
Lag2Baseline	76	false	true	false	8, 9, 14, 15, 17, 21, 22, 25, 51, 53, 60, 61, 62, 72, 92, 97, 99, 102, 108, 116, 123
Lag2Baseline	77	false	false	false	4, 16, 28, 42, 47, 49, 50, 51, 57, 58, 60, 61, 62, 63, 64, 72, 80, 84, 85, 86, 87, 89, 90, 91, 92, 94, 96, 97, 98, 99, 101, 102, 108, 109, 111, 113, 114, 115, 116, 117, 123, 124
Lag2Baseline	78	false	false	false	14, 21, 51, 60, 62, 72, 84, 85, 86, 92, 97, 99, 102, 108, 113, 116, 123
Lag2Baseline	79	false	false	false	4, 5, 28, 42, 47, 51, 52, 53, 58, 60, 61, 62, 63, 64, 66, 70, 72, 73, 80, 84, 85, 86, 87, 91, 92, 96, 97, 98, 99, 101, 102, 103, 105, 106, 108, 109, 111, 112, 113, 114, 115, 116, 117, 118, 123, 124
Lag2Baseline	80	false	false	false	4, 14, 28, 39, 40, 42, 47, 51, 52, 53, 58, 60, 61, 62, 63, 64, 66, 72, 80, 84, 85, 86, 87, 91, 92, 96, 97, 98, 99, 101, 102, 103, 106, 108, 109, 111, 113, 114, 115, 116, 117, 118, 123, 124
Lag2Baseline	81	false	false	false	28, 39, 40, 51, 60, 61, 62, 72, 80, 84, 85, 86, 87, 92, 96, 97, 98, 99, 101, 102, 108, 109, 111, 113, 114, 115, 116, 117, 123
Lag2Baseline	82	false	false	false	28, 35, 39, 40, 42, 51, 53, 60, 61, 62, 72, 84, 85, 86, 87, 92, 96, 97, 98, 99, 101, 102, 108, 109, 111, 113, 116, 117, 123
Lag2Baseline	83	false	false	false	39, 40, 50, 51, 53, 60, 61, 62, 72, 84, 85, 86, 87, 92, 96, 97, 98, 99, 101, 102, 108, 109, 113, 115, 116, 117, 123
Lag2Baseline	84	false	false	false	1, 4, 5, 28, 35, 37, 40, 42, 44, 46, 47, 49, 50, 51, 52, 53, 56, 57, 58, 60, 61, 62, 63, 64, 66, 70, 71, 72, 73, 74, 75, 80, 81, 82, 83, 84, 85, 86, 87, 88, 89, 90, 91, 92, 93, 94, 95, 96, 97, 98, 99, 101, 102, 105, 106, 108, 109, 111, 112, 113, 114, 115, 116, 117, 118, 120, 123, 124
Lag2Baseline	85	false	false	false	28, 35, 39, 40, 42, 51, 53, 60, 61, 62, 72, 80, 84, 85, 86, 87, 92, 96, 97, 98, 99, 101, 102, 103, 108, 109, 111, 113, 114, 115, 116, 117, 123, 124
Lag2Baseline	86	false	false	false	39, 40, 51, 53, 60, 61, 62, 72, 80, 84, 86, 87, 92, 96, 97, 98, 99, 101, 102, 108, 109, 113, 114, 115, 116, 117, 123
Lag2Baseline	87	false	false	false	3, 4, 5, 6, 10, 13, 14, 16, 28, 29, 30, 34, 35, 37, 39, 40, 41, 42, 46, 47, 50, 51, 52, 53, 54, 57, 58, 59, 60, 61, 62, 63, 64, 65, 66, 67, 68, 69, 70, 71, 72, 73, 74, 75, 77, 78, 79, 80, 81, 82, 83, 84, 85, 86, 87, 88, 89, 90, 91, 92, 93, 96, 97, 98, 99, 101, 102, 103, 105, 106, 107, 108, 109, 111, 112, 113, 114, 115, 116, 117, 118, 123, 124
Lag2Baseline	88	false	false	true	4, 5, 9, 12, 13, 14, 16, 28, 29, 30, 34, 35, 37, 39, 40, 41, 42, 46, 47, 50, 51, 52, 53, 54, 56, 57, 58, 59, 60, 61, 62, 63, 64, 66, 67, 70, 71, 72, 73, 74, 75, 76, 77, 78, 80, 81, 82, 83, 84, 85, 86, 87, 88, 89, 90, 91, 92, 95, 96, 97, 98, 99, 101, 102, 103, 105, 106, 107, 108, 109, 111, 112, 113, 114, 115, 116, 117, 118, 119, 123, 124, 128
Lag2Baseline	89	false	false	false	3, 4, 5, 9, 13, 16, 28, 29, 30, 34, 35, 37, 39, 40, 41, 42, 46, 47, 50, 51, 52, 53, 54, 56, 57, 58, 59, 60, 61, 62, 63, 64, 65, 66, 67, 68, 69, 70, 71, 72, 73, 74, 75, 76, 77, 78, 79, 80, 81, 82, 83, 84, 85, 86, 87, 88, 89, 90, 91, 92, 96, 97, 98, 99, 101, 102, 103, 105, 106, 107, 108, 109, 111, 112, 113, 114, 115, 116, 117, 118, 123, 124
Lag2Baseline	90	false	false	false	3, 4, 5, 6, 9, 10, 11, 12, 13, 15, 16, 20, 28, 29, 30, 33, 34, 35, 36, 37, 39, 40, 41, 42, 46, 47, 50, 51, 52, 53, 54, 56, 57, 58, 59, 60, 61, 62, 63, 64, 65, 66, 67, 68, 69, 70, 71, 72, 73, 74, 75, 76, 77, 78, 79, 80, 81, 82, 83, 84, 85, 86, 87, 88, 89, 90, 91, 92, 93, 96, 97, 98, 99, 101, 102, 103, 105, 106, 107, 108, 109, 111, 112, 113, 114, 115, 116, 117, 118, 122, 123, 124
Lag2Baseline	91	false	false	false	3, 4, 5, 6, 9, 10, 11, 12, 13, 15, 16, 20, 28, 29, 30, 31, 33, 34, 35, 36, 37, 39, 40, 41, 42, 46, 47, 50, 51, 52, 53, 54, 56, 57, 58, 59, 60, 61, 62, 63, 64, 65, 66, 67, 68, 69, 70, 71, 72, 73, 74, 75, 76, 77, 78, 79, 80, 81, 82, 83, 84, 85, 86, 87, 88, 89, 90, 91, 92, 93, 96, 97, 98, 99, 101, 102, 103, 105, 106, 107, 108, 109, 111, 112, 113, 114, 115, 116, 117, 118, 122, 123, 124
Lag2Baseline	92	false	false	false	3, 4, 5, 6, 9, 10, 11, 12, 13, 15, 16, 20, 28, 29, 30, 31, 33, 34, 35, 36, 37, 39, 40, 41, 42, 46, 47, 48, 50, 51, 52, 53, 54, 56, 57, 58, 59, 60, 61, 62, 63, 64, 65, 66, 67, 68, 69, 70, 71, 72, 73, 74, 75, 76, 77, 78, 79, 80, 81, 82, 83, 84, 85, 86, 87, 88, 89, 90, 91, 92, 93, 96, 97, 98, 99, 101, 102, 103, 105, 106, 107, 108, 109, 111, 112, 113, 114, 115, 116, 117, 118, 122, 123, 124
Lag2Baseline	93	false	true	false	1, 4, 5, 7, 8, 9, 13, 14, 15, 16, 17, 21, 22, 25, 28, 29, 30, 35, 37, 40, 41, 42, 44, 47, 49, 50, 51, 52, 53, 54, 57, 58, 59, 60, 61, 62, 63, 64, 66, 67, 68, 70, 71, 72, 73, 74, 75, 77, 78, 79, 80, 81, 82, 83, 84, 85, 86, 87, 88, 89, 90, 91, 92, 94, 95, 96, 97, 98, 99, 100, 101, 102, 103, 105, 106, 107, 108, 109, 111, 112, 113, 114, 115, 116, 117, 118, 119, 123, 124, 125, 127
Lag2Baseline	94	false	false	false	4, 13, 28, 29, 40, 42, 51, 53, 58, 60, 61, 62, 63, 64, 66, 68, 70, 72, 73, 78, 80, 84, 85, 86, 87, 90, 91, 92, 95, 96, 97, 98, 99, 101, 102, 103, 108, 109, 111, 113, 114, 115, 116, 117, 123, 124
Lag2Baseline	95	false	false	false	4, 5, 13, 16, 28, 29, 30, 34, 35, 39, 40, 41, 42, 46, 47, 50, 51, 52, 53, 56, 57, 58, 59, 60, 61, 62, 63, 64, 65, 66, 67, 68, 69, 70, 71, 72, 73, 74, 75, 76, 77, 78, 79, 80, 81, 82, 83, 84, 85, 86, 87, 88, 90, 91, 92, 96, 97, 98, 99, 101, 102, 103, 105, 106, 107, 108, 109, 111, 112, 113, 115, 116, 117, 118, 123, 124
Lag2Baseline	96	false	false	false	3, 4, 5, 6, 9, 10, 11, 12, 13, 14, 15, 16, 20, 22, 24, 25, 26, 28, 29, 30, 31, 33, 34, 35, 36, 37, 39, 40, 41, 42, 46, 47, 50, 51, 52, 53, 54, 56, 57, 58, 59, 60, 61, 62, 63, 64, 65, 66, 67, 68, 69, 70, 71, 72, 73, 74, 75, 76, 77, 78, 79, 80, 81, 82, 83, 84, 85, 86, 87, 88, 89, 90, 91, 92, 96, 97, 98, 99, 101, 102, 103, 105, 106, 107, 108, 109, 111, 112, 113, 114, 115, 116, 117, 118, 122, 123, 124
Lag2Baseline	97	false	false	false	4, 5, 13, 16, 17, 28, 29, 30, 32, 35, 40, 42, 46, 47, 50, 51, 52, 53, 57, 58, 59, 60, 61, 62, 63, 64, 66, 67, 70, 72, 73, 78, 80, 84, 85, 86, 87, 89, 90, 91, 92, 94, 96, 97, 98, 99, 101, 102, 105, 106, 108, 109, 111, 112, 113, 114, 115, 116, 117, 118, 123, 124
Lag2Baseline	98	false	false	false	4, 28, 29, 40, 42, 44, 46, 49, 51, 53, 57, 58, 59, 60, 61, 62, 66, 67, 70, 72, 73, 78, 80, 84, 85, 86, 87, 91, 92, 94, 96, 97, 98, 99, 100, 101, 102, 103, 105, 107, 108, 109, 111, 113, 116, 117, 123, 124
Lag2Baseline	99	false	false	false	4, 13, 16, 28, 29, 30, 40, 42, 47, 51, 52, 53, 56, 58, 59, 60, 61, 62, 63, 64, 66, 70, 72, 73, 78, 80, 84, 85, 86, 87, 91, 92, 96, 97, 98, 99, 101, 102, 105, 106, 107, 108, 109, 111, 112, 113, 116, 117, 123, 124
Lag2Baseline	100	false	false	true	4, 13, 28, 29, 30, 40, 42, 47, 51, 53, 58, 59, 60, 61, 62, 63, 64, 66, 67, 68, 70, 72, 73, 78, 80, 84, 85, 86, 87, 91, 92, 96, 97, 98, 99, 101, 102, 108, 109, 111, 112, 113, 114, 115, 116, 117, 119, 123, 124, 125
Lag2Neutral	1	true	false	false
Lag2Neutral	2	true	false	false
Lag2Neutral	3	true	false	false
Lag2Neutral	4	true	false	false
Lag2Neutral	5	false	true	false	8, 9, 10, 11, 14, 15, 16, 17, 18, 21, 22, 25, 26
Lag2Neutral	6	false	true	false	14, 15, 17, 21, 24, 25
Lag2Neutral	7	true	false	false
Lag2Neutral	8	true	false	false
Lag2Neutral	9	false	false	false	1, 62, 71, 72, 74, 75, 76, 81, 82, 83, 84, 85, 88, 89, 90, 91, 92, 94, 95, 96, 113
Lag2Neutral	10	false	true	false	8, 14, 15, 17, 21, 22, 25
Lag2Neutral	11	false	true	false	8, 9, 10, 11, 12, 14, 15, 16, 17, 18, 19, 21, 22, 23, 25, 26, 126
Lag2Neutral	12	true	false	false
Lag2Neutral	13	true	false	false	62, 71, 72, 74, 75, 81, 109
Lag2Neutral	14	true	false	false
Lag2Neutral	15	true	false	false	14, 17
Lag2Neutral	16	true	false	false	14
Lag2Neutral	17	false	true	false	8, 9, 14, 15, 21, 22, 25
Lag2Neutral	18	true	false	false
Lag2Neutral	19	true	false	false
Lag2Neutral	20	true	false	false	127
Lag2Neutral	21	true	false	false
Lag2Neutral	22	false	true	false	8, 9, 10, 11, 12, 14, 15, 16, 17, 18, 21, 22, 25
Lag2Neutral	23	true	false	false
Lag2Neutral	24	true	false	false
Lag2Neutral	25	false	true	false	14, 25, 99
Lag2Neutral	26	true	false	false	14, 99
Lag2Neutral	27	true	false	false	99
Lag2Neutral	28	true	false	false	80, 99
Lag2Neutral	29	true	false	false	99
Lag2Neutral	30	true	false	false	14, 99
Lag2Neutral	31	false	false	false	44, 49, 54, 60, 70, 72, 73, 75, 80, 82, 83, 84, 85, 86, 88, 89, 90, 91, 94, 96, 99, 109, 114, 118
Lag2Neutral	32	true	false	false	14, 99
Lag2Neutral	33	true	false	false	80, 99
Lag2Neutral	34	false	true	false	14, 21, 25, 80, 99
Lag2Neutral	35	false	true	false	8, 14, 15, 21, 22, 25, 48, 80, 86, 92, 97, 98, 99
Lag2Neutral	36	true	false	false	14, 21, 25, 99
Lag2Neutral	37	false	false	false	1, 62, 70, 71, 72, 73, 74, 75, 80, 81, 82, 85, 86, 88, 92, 99
Lag2Neutral	38	true	false	false	99
Lag2Neutral	39	true	false	false	99
Lag2Neutral	40	true	false	false	97, 98, 99
Lag2Neutral	41	true	false	false	26, 80, 86, 99, 114
Lag2Neutral	42	true	false	false	86, 92, 97, 99
Lag2Neutral	43	true	false	false	25, 97, 99, 109
Lag2Neutral	44	false	true	false	8, 14, 15, 17, 21, 22, 25, 92, 97, 99
Lag2Neutral	45	false	true	false	14, 21, 86, 97, 99
Lag2Neutral	46	true	false	false	80, 99
Lag2Neutral	47	true	false	false	80, 86, 97, 98, 99
Lag2Neutral	48	false	true	false	80, 86, 92, 97, 99
Lag2Neutral	49	true	false	false	92, 97, 98, 99, 108
Lag2Neutral	50	true	false	false	86, 97, 99
Lag2Neutral	51	false	true	false	9, 14, 15, 21, 22, 25, 80, 92, 97, 99
Lag2Neutral	52	true	false	false	92, 97, 99, 108, 116
Lag2Neutral	53	false	false	false	4, 5, 28, 42, 47, 51, 52, 53, 58, 59, 60, 61, 62, 63, 64, 65, 66, 67, 68, 69, 70, 71, 72, 73, 74, 75, 76, 77, 78, 79, 80, 81, 82, 83, 84, 85, 86, 87, 88, 89, 90, 91, 92, 96, 97, 98, 99, 101, 102, 105, 106, 108, 109, 111, 112, 113, 114, 115, 116, 117, 118, 123, 124
Lag2Neutral	54	false	false	false	5, 28, 42, 47, 51, 52, 58, 59, 60, 61, 62, 63, 64, 66, 68, 70, 71, 72, 73, 74, 75, 76, 77, 78, 80, 81, 82, 83, 84, 85, 86, 87, 88, 90, 91, 92, 96, 97, 98, 99, 101, 102, 105, 106, 108, 109, 111, 112, 113, 114, 115, 116, 117, 118, 123, 124
Lag2Neutral	55	true	false	false	80, 92, 97, 99
Lag2Neutral	56	true	false	false	86, 92, 97, 99
Lag2Neutral	57	true	false	false	80, 92, 97, 99, 116
Lag2Neutral	58	true	false	false	62, 71, 86, 92, 97, 99, 108, 115, 116, 123
Lag2Neutral	59	true	false	false	72, 80, 86, 92, 97, 99, 115, 116, 117
Lag2Neutral	60	false	false	false	1, 5, 61, 62, 63, 71, 72, 73, 74, 75, 80, 81, 82, 83, 84, 85, 86, 87, 88, 92, 96, 97, 98, 99, 101, 108, 109, 111, 113, 115, 116, 117, 118, 123, 124
Lag2Neutral	61	false	false	false	39, 53, 54, 62, 80, 86, 87, 92, 97, 98, 99, 108, 113, 115, 116
Lag2Neutral	62	true	false	false	61, 62, 86, 92, 97, 99, 108, 115, 116, 123
Lag2Neutral	63	true	false	false	51, 92, 97, 98, 99, 108, 123
Lag2Neutral	64	false	true	false	5, 14, 25, 42, 47, 51, 52, 53, 60, 61, 62, 71, 72, 74, 80, 81, 86, 87, 92, 96, 97, 98, 99, 101, 102, 108, 109, 111, 113, 114, 115, 116, 117, 123, 124
Lag2Neutral	65	false	false	false	42, 51, 52, 53, 60, 61, 62, 70, 71, 72, 73, 74, 75, 77, 80, 81, 82, 83, 84, 85, 86, 87, 88, 92, 96, 97, 98, 99, 101, 102, 108, 109, 113, 114, 115, 116, 117, 123, 124
Lag2Neutral	66	false	true	false	4, 14, 21, 25, 28, 41, 42, 47, 51, 53, 58, 60, 61, 62, 63, 64, 72, 74, 79, 80, 81, 82, 85, 86, 87, 89, 90, 92, 94, 95, 96, 97, 98, 99, 101, 102, 108, 109, 111, 112, 113, 114, 115, 116, 117, 118, 123
Lag2Neutral	67	false	true	false	14, 21, 25, 28, 39, 53, 61, 62, 72, 80, 86, 92, 96, 97, 99, 108, 113, 116
Lag2Neutral	68	true	false	false	28, 53, 80, 92, 97, 99, 108, 114
Lag2Neutral	69	true	false	false	4, 51, 60, 61, 80, 92, 97, 99, 116, 117
Lag2Neutral	70	false	false	false	53, 60, 61, 62, 72, 80, 86, 87, 92, 96, 97, 98, 99, 108, 113, 116
Lag2Neutral	71	false	false	false	51, 53, 60, 61, 62, 80, 84, 85, 86, 87, 92, 96, 97, 98, 99, 101, 102, 108, 113, 115, 116, 117, 123, 124
Lag2Neutral	72	false	false	false	4, 5, 16, 28, 29, 40, 42, 47, 49, 50, 51, 52, 53, 54, 58, 59, 60, 61, 62, 63, 64, 65, 66, 70, 71, 72, 73, 74, 75, 77, 80, 81, 82, 83, 84, 85, 86, 87, 88, 89, 91, 92, 96, 97, 98, 99, 101, 102, 103, 105, 106, 108, 109, 111, 112, 113, 114, 115, 116, 117, 118, 123, 124
Lag2Neutral	73	false	true	false	4, 5, 14, 21, 25, 28, 42, 47, 51, 52, 53, 58, 59, 60, 61, 62, 63, 64, 66, 70, 71, 72, 73, 74, 75, 80, 81, 82, 83, 84, 85, 86, 87, 88, 91, 92, 96, 97, 98, 99, 101, 102, 103, 105, 106, 108, 109, 111, 112, 113, 115, 116, 117, 118, 123, 124
Lag2Neutral	74	false	false	true	1, 2, 4, 5, 7, 10, 13, 16, 17, 21, 28, 29, 30, 32, 33, 34, 35, 39, 40, 41, 42, 43, 44, 46, 47, 48, 49, 50, 51, 52, 53, 54, 57, 58, 59, 60, 61, 62, 63, 64, 65, 66, 67, 68, 69, 70, 71, 72, 73, 74, 75, 76, 77, 78, 79, 80, 81, 82, 83, 84, 85, 86, 87, 88, 89, 90, 91, 92, 94, 96, 97, 98, 99, 100, 101, 102, 103, 105, 106, 107, 108, 109, 111, 112, 113, 114, 115, 116, 117, 118, 119, 120, 121, 123, 124, 125, 126, 127, 128
Lag2Neutral	75	false	false	false	1, 4, 5, 16, 28, 29, 30, 35, 39, 40, 42, 46, 47, 50, 51, 52, 53, 58, 59, 60, 61, 62, 63, 64, 65, 66, 67, 68, 69, 70, 71, 72, 73, 74, 75, 76, 77, 79, 80, 81, 82, 83, 84, 85, 86, 87, 88, 89, 90, 91, 92, 94, 96, 97, 98, 99, 101, 102, 103, 105, 106, 107, 108, 109, 111, 112, 113, 114, 115, 116, 117, 118, 123, 124
Lag2Neutral	76	false	false	false	14, 21, 39, 51, 60, 62, 72, 84, 92, 96, 97, 98, 99, 102, 108, 113, 115, 116, 123
Lag2Neutral	77	false	false	false	5, 16, 51, 53, 60, 61, 62, 67, 72, 79, 80, 86, 87, 89, 90, 91, 92, 94, 96, 97, 98, 99, 102, 105, 108, 111, 113, 114, 116, 123, 125
Lag2Neutral	78	false	true	false	4, 5, 13, 14, 16, 21, 25, 28, 29, 30, 39, 40, 42, 47, 51, 52, 53, 58, 60, 61, 62, 63, 64, 66, 67, 70, 71, 72, 73, 74, 75, 77, 80, 81, 82, 83, 84, 85, 86, 87, 88, 90, 91, 92, 96, 97, 98, 99, 101, 102, 103, 105, 106, 107, 108, 109, 111, 112, 113, 114, 115, 116, 117, 118, 123, 124
Lag2Neutral	79	false	true	false	14, 21, 25, 39, 40, 51, 53, 60, 61, 72, 80, 85, 92, 96, 97, 98, 99, 108, 113, 116, 123
Lag2Neutral	80	false	false	false	14, 21, 51, 53, 60, 61, 62, 72, 86, 87, 92, 96, 97, 98, 99, 102, 108, 113, 116, 123
Lag2Neutral	81	false	false	false	1, 5, 10, 13, 14, 16, 28, 29, 30, 35, 37, 40, 41, 42, 44, 47, 48, 51, 52, 53, 59, 60, 61, 62, 65, 66, 67, 68, 69, 70, 71, 72, 73, 74, 75, 79, 80, 81, 82, 83, 84, 85, 86, 87, 88, 89, 90, 91, 92, 94, 95, 96, 97, 98, 99, 100, 101, 102, 105, 107, 108, 109, 111, 112, 113, 114, 115, 116, 117, 118, 120, 121, 123, 124, 125
Lag2Neutral	82	false	false	false	35, 39, 40, 42, 51, 53, 60, 61, 62, 72, 80, 84, 86, 87, 90, 91, 92, 96, 97, 98, 99, 101, 102, 105, 108, 109, 113, 115, 116, 117, 123
Lag2Neutral	83	false	false	false	4, 13, 16, 28, 29, 30, 40, 42, 47, 49, 51, 52, 53, 58, 60, 61, 62, 63, 64, 66, 72, 78, 80, 84, 85, 86, 87, 91, 92, 96, 97, 98, 99, 101, 102, 103, 105, 106, 108, 109, 111, 112, 113, 114, 115, 116, 117, 123, 124
Lag2Neutral	84	false	false	false	28, 35, 42, 49, 51, 53, 60, 61, 62, 70, 72, 73, 80, 84, 85, 86, 87, 91, 92, 96, 97, 98, 99, 101, 102, 108, 109, 113, 114, 115, 116, 117, 123, 124
Lag2Neutral	85	false	false	false	39, 40, 42, 51, 53, 60, 61, 62, 72, 80, 84, 85, 86, 87, 92, 96, 97, 98, 99, 101, 102, 108, 109, 111, 113, 114, 116, 117, 123
Lag2Neutral	86	false	false	true	13, 16, 28, 35, 40, 42, 47, 48, 51, 52, 53, 58, 60, 61, 62, 63, 64, 66, 70, 72, 73, 80, 84, 85, 86, 87, 92, 96, 97, 98, 99, 101, 102, 108, 109, 111, 113, 115, 116, 117, 123, 124, 125
Lag2Neutral	87	false	false	false	40, 51, 53, 60, 61, 62, 72, 80, 84, 86, 87, 92, 97, 98, 99, 101, 102, 108, 109, 113, 115, 116, 117, 123, 124
Lag2Neutral	88	false	false	false	4, 14, 25, 28, 29, 30, 39, 40, 42, 47, 51, 52, 53, 58, 60, 61, 62, 63, 64, 66, 70, 72, 73, 80, 84, 85, 86, 87, 91, 92, 96, 97, 98, 99, 101, 102, 106, 108, 109, 111, 112, 113, 115, 116, 117, 118, 123, 124
Lag2Neutral	89	false	true	false	14, 40, 42, 51, 53, 60, 61, 62, 70, 72, 73, 80, 84, 85, 86, 87, 92, 96, 97, 98, 99, 102, 108, 113, 115, 116, 117, 123
Lag2Neutral	90	false	false	false	3, 4, 5, 6, 13, 16, 28, 29, 30, 34, 35, 37, 39, 40, 41, 42, 46, 47, 50, 51, 52, 53, 56, 57, 58, 59, 60, 61, 62, 63, 64, 65, 66, 67, 68, 69, 70, 71, 72, 73, 74, 75, 77, 78, 79, 80, 81, 82, 83, 84, 85, 86, 87, 88, 89, 90, 91, 92, 96, 97, 98, 99, 101, 102, 103, 105, 106, 107, 108, 109, 111, 112, 113, 114, 115, 116, 117, 118, 123, 124
Lag2Neutral	91	false	true	false	3, 4, 5, 6, 9, 13, 14, 16, 21, 25, 28, 29, 30, 34, 35, 37, 39, 40, 41, 42, 46, 47, 50, 51, 52, 53, 56, 57, 58, 59, 60, 61, 62, 63, 64, 65, 66, 67, 68, 69, 70, 71, 72, 73, 74, 75, 76, 77, 78, 79, 80, 81, 82, 83, 84, 85, 86, 87, 88, 90, 91, 92, 96, 97, 98, 99, 101, 102, 103, 105, 106, 107, 108, 109, 111, 112, 113, 114, 115, 116, 117, 118, 123, 124
Lag2Neutral	92	false	true	false	3, 4, 5, 9, 10, 13, 14, 15, 16, 17, 21, 22, 25, 28, 29, 30, 34, 35, 37, 39, 40, 41, 42, 46, 47, 50, 51, 52, 53, 54, 56, 57, 58, 59, 60, 61, 62, 63, 64, 65, 66, 67, 68, 69, 70, 71, 72, 73, 74, 75, 76, 77, 78, 79, 80, 81, 82, 83, 84, 85, 86, 87, 88, 90, 91, 92, 96, 97, 98, 99, 101, 102, 103, 105, 106, 107, 108, 109, 111, 112, 113, 114, 115, 116, 117, 118, 123, 124
Lag2Neutral	93	false	true	false	3, 4, 5, 6, 8, 9, 10, 11, 12, 13, 14, 15, 16, 17, 18, 20, 21, 22, 25, 26, 28, 29, 30, 33, 34, 35, 36, 37, 39, 40, 41, 42, 46, 47, 50, 51, 52, 53, 54, 56, 57, 58, 59, 60, 61, 62, 63, 64, 65, 66, 67, 68, 69, 70, 71, 72, 73, 74, 75, 76, 77, 78, 79, 80, 81, 82, 83, 84, 85, 86, 87, 88, 89, 90, 91, 92, 96, 97, 98, 99, 101, 102, 103, 105, 106, 107, 108, 109, 111, 112, 113, 114, 115, 116, 117, 118, 122, 123, 124
Lag2Neutral	94	false	false	false	13, 14, 21, 25, 40, 42, 51, 53, 60, 61, 62, 66, 70, 72, 73, 84, 85, 86, 87, 92, 96, 97, 98, 99, 101, 102, 108, 113, 116, 117, 123
Lag2Neutral	95	false	true	false	4, 9, 13, 14, 15, 17, 21, 22, 25, 26, 28, 40, 42, 47, 50, 51, 53, 58, 59, 60, 61, 62, 63, 64, 66, 70, 72, 73, 78, 80, 84, 85, 86, 87, 91, 92, 96, 97, 98, 99, 101, 102, 106, 108, 109, 111, 112, 113, 115, 116, 117, 123, 124
Lag2Neutral	96	false	true	true	3, 4, 5, 8, 9, 11, 13, 14, 15, 16, 17, 18, 21, 22, 25, 26, 28, 29, 30, 34, 35, 39, 40, 41, 42, 44, 45, 46, 47, 50, 51, 52, 53, 54, 56, 57, 58, 59, 60, 61, 62, 63, 64, 65, 66, 67, 68, 69, 70, 71, 72, 73, 74, 75, 77, 78, 79, 80, 81, 82, 83, 84, 85, 86, 87, 88, 89, 90, 91, 92, 93, 94, 96, 97, 98, 99, 101, 102, 103, 105, 106, 107, 108, 109, 111, 112, 113, 114, 115, 116, 117, 118, 121, 122, 123, 124, 125, 126, 127
Lag2Neutral	97	false	false	false	13, 14, 40, 51, 53, 60, 61, 62, 72, 84, 85, 87, 91, 92, 97, 98, 99, 101, 102, 108, 109, 113, 114, 115, 116, 117, 123, 124
Lag2Neutral	98	false	false	false	4, 13, 28, 29, 30, 40, 42, 47, 51, 53, 58, 59, 60, 61, 62, 63, 64, 66, 70, 72, 73, 78, 80, 84, 85, 86, 87, 91, 92, 96, 97, 98, 99, 101, 102, 105, 106, 108, 109, 111, 112, 113, 115, 116, 117, 123, 124
Lag2Neutral	99	false	true	false	2, 4, 5, 8, 13, 14, 16, 21, 25, 28, 29, 30, 31, 35, 37, 39, 40, 41, 42, 44, 46, 47, 48, 49, 50, 51, 52, 53, 54, 56, 57, 58, 59, 60, 61, 62, 63, 64, 65, 66, 67, 68, 69, 70, 72, 73, 77, 78, 79, 80, 83, 84, 85, 86, 87, 90, 91, 92, 93, 94, 96, 97, 98, 99, 101, 102, 103, 105, 106, 108, 109, 111, 112, 113, 114, 115, 116, 117, 118, 119, 120, 123, 124, 126
Lag2Neutral	100	false	false	false	3, 4, 5, 9, 10, 13, 16, 28, 29, 30, 31, 34, 35, 36, 37, 39, 40, 41, 42, 44, 46, 47, 48, 50, 51, 52, 53, 54, 56, 57, 58, 59, 60, 61, 62, 63, 64, 65, 66, 67, 68, 69, 70, 71, 72, 73, 74, 75, 76, 77, 78, 79, 80, 81, 82, 83, 84, 85, 86, 87, 88, 89, 90, 91, 92, 94, 96, 97, 98, 99, 101, 102, 103, 105, 106, 107, 108, 109, 111, 112, 113, 114, 115, 116, 117, 118, 123, 124
Lag2Negative	1	true	false	false
Lag2Negative	2	true	false	false
Lag2Negative	3	true	false	false
Lag2Negative	4	false	true	false	14, 21, 25
Lag2Negative	5	true	false	false
Lag2Negative	6	true	false	false
Lag2Negative	7	false	true	false
Lag2Negative	8	true	false	false
Lag2Negative	9	false	true	false	14, 21, 25
Lag2Negative	10	true	false	false
Lag2Negative	11	false	true	false	14
Lag2Negative	12	false	true	false	14
Lag2Negative	13	true	false	false
Lag2Negative	14	false	true	false	14, 21, 25
Lag2Negative	15	true	false	false
Lag2Negative	16	true	false	false	94, 113
Lag2Negative	17	true	false	false
Lag2Negative	18	false	true	false	14, 21, 25
Lag2Negative	19	true	false	false
Lag2Negative	20	true	false	false
Lag2Negative	21	true	false	false
Lag2Negative	22	true	false	false
Lag2Negative	23	true	false	false
Lag2Negative	24	true	false	false
Lag2Negative	25	false	true	true	1, 2, 8, 9, 17, 23, 25, 26, 32, 125, 127, 128
Lag2Negative	26	false	true	false	8, 14, 15, 17, 21, 22, 25, 26
Lag2Negative	27	true	false	false	14, 99
Lag2Negative	28	true	false	false	99
Lag2Negative	29	true	false	false	99
Lag2Negative	30	true	false	false	80, 99, 117
Lag2Negative	31	true	false	false	14, 99
Lag2Negative	32	false	true	false	14, 99
Lag2Negative	33	true	false	false	14, 99
Lag2Negative	34	true	false	false	99
Lag2Negative	35	false	false	false	62, 71, 72, 74, 75, 81, 82, 83, 88, 99, 109
Lag2Negative	36	true	false	false	62, 71, 98, 99
Lag2Negative	37	true	false	false	14, 39, 48, 99
Lag2Negative	38	false	true	false	8, 9, 14, 15, 17, 18, 21, 22, 25, 26, 62, 71, 72, 73, 74, 81, 99, 117, 126
Lag2Negative	39	true	false	false	48, 99
Lag2Negative	40	true	false	false	80, 99
Lag2Negative	41	false	false	false	62, 71, 74, 80, 81, 86, 92, 97, 98, 99, 114
Lag2Negative	42	false	true	false	14, 86, 92, 97, 98, 99
Lag2Negative	43	true	false	false	86, 92, 97, 99
Lag2Negative	44	true	false	false	86, 92, 98, 99, 109
Lag2Negative	45	false	true	false	8, 9, 10, 14, 15, 16, 17, 18, 21, 22, 25, 26, 86, 92, 97, 99, 126
Lag2Negative	46	true	false	false	97, 99
Lag2Negative	47	false	false	false	1, 17, 25, 62, 71, 72, 74, 75, 76, 77, 80, 81, 82, 83, 84, 85, 86, 88, 92, 97, 98, 99, 108, 109, 114, 115, 117, 123, 124
Lag2Negative	48	false	false	false	1, 62, 71, 72, 74, 75, 80, 81, 86, 92, 97, 99, 109
Lag2Negative	49	true	false	false	97, 98, 99
Lag2Negative	50	false	false	false	62, 71, 72, 74, 75, 80, 81, 82, 83, 86, 88, 92, 96, 97, 98, 99, 101, 108, 109, 111, 113, 114, 115, 116, 117, 118, 123, 124
Lag2Negative	51	false	true	false	59, 61, 62, 70, 71, 72, 73, 74, 75, 76, 77, 80, 81, 82, 83, 84, 85, 86, 88, 92, 96, 97, 98, 99, 101, 105, 106, 108, 109, 111, 112, 117, 118, 123, 124, 127
Lag2Negative	52	true	false	false	80, 86, 92, 97, 99
Lag2Negative	53	false	false	false	59, 62, 80, 86, 92, 97, 99, 108, 109, 111, 116, 118, 123
Lag2Negative	54	false	false	false	4, 60, 61, 62, 66, 70, 71, 72, 73, 74, 75, 77, 80, 81, 82, 83, 84, 85, 86, 87, 88, 89, 90, 91, 92, 96, 97, 98, 99, 101, 102, 105, 108, 109, 111, 112, 113, 114, 115, 116, 117, 118, 123, 124
Lag2Negative	55	true	false	false	80, 86, 92, 97, 99, 108, 115, 116, 123
Lag2Negative	56	true	false	false	80, 86, 97, 98, 99
Lag2Negative	57	false	false	false	44, 61, 62, 70, 71, 73, 74, 80, 81, 86, 92, 96, 97, 98, 99, 101, 108, 109, 111, 113, 114, 116, 117, 123, 124
Lag2Negative	58	true	false	false	60, 80, 86, 97, 99, 108
Lag2Negative	59	true	false	false	86, 92, 97, 99
Lag2Negative	60	true	false	false	92, 97, 99, 102, 108, 116, 117
Lag2Negative	61	false	false	false	39, 62, 80, 92, 97, 98, 99, 108, 113, 114, 115, 116, 117, 123
Lag2Negative	62	false	false	false	39, 51, 86, 92, 97, 98, 99, 108, 114, 115, 116, 117, 123, 124
Lag2Negative	63	false	false	false	80, 86, 92, 96, 97, 98, 99, 105, 108, 113, 116
Lag2Negative	64	false	false	false	4, 16, 28, 30, 39, 42, 47, 49, 51, 52, 53, 58, 60, 61, 62, 63, 64, 70, 72, 73, 80, 85, 86, 87, 91, 92, 94, 96, 97, 98, 99, 101, 102, 105, 108, 109, 111, 113, 114, 115, 116, 117, 118, 123, 124
Lag2Negative	65	false	true	false	14, 15, 21, 22, 25, 51, 60, 61, 72, 80, 86, 87, 92, 97, 99, 108, 113, 115, 116, 123
Lag2Negative	66	false	true	false	14, 25, 53, 60, 61, 62, 80, 86, 87, 92, 97, 98, 99, 108, 113, 116, 123
Lag2Negative	67	false	false	false	4, 5, 16, 28, 29, 39, 40, 42, 46, 47, 50, 51, 52, 53, 54, 58, 59, 60, 61, 62, 63, 64, 65, 66, 70, 71, 72, 73, 74, 75, 77, 80, 81, 82, 83, 84, 85, 86, 87, 88, 91, 92, 96, 97, 98, 99, 101, 102, 103, 105, 106, 108, 109, 111, 112, 113, 114, 115, 116, 117, 118, 123, 124
Lag2Negative	68	false	true	false	4, 5, 14, 15, 16, 21, 25, 28, 40, 42, 47, 51, 52, 53, 58, 59, 60, 61, 62, 63, 64, 66, 70, 71, 72, 73, 74, 75, 77, 80, 81, 82, 84, 85, 86, 87, 88, 91, 92, 96, 97, 98, 99, 101, 102, 103, 105, 106, 108, 109, 111, 112, 113, 114, 115, 116, 117, 118, 123, 124
Lag2Negative	69	false	false	false	4, 42, 51, 53, 60, 72, 84, 86, 91, 92, 94, 97, 98, 99, 101, 108, 111, 113, 116
Lag2Negative	70	false	false	false	42, 53, 54, 61, 62, 72, 80, 84, 86, 87, 92, 96, 97, 98, 99, 102, 108, 113, 116, 123
Lag2Negative	71	false	false	false	4, 5, 16, 28, 29, 35, 39, 40, 42, 47, 51, 52, 53, 58, 59, 60, 61, 62, 63, 64, 66, 70, 71, 72, 73, 74, 75, 77, 80, 81, 82, 83, 84, 85, 86, 87, 88, 90, 91, 92, 96, 97, 98, 99, 101, 102, 103, 105, 106, 108, 109, 111, 112, 113, 115, 116, 117, 118, 123, 124
Lag2Negative	72	false	false	false	4, 5, 13, 14, 16, 28, 29, 30, 34, 35, 39, 40, 42, 46, 47, 50, 51, 52, 53, 58, 59, 60, 61, 62, 63, 64, 65, 66, 67, 68, 69, 70, 71, 72, 73, 74, 75, 76, 77, 79, 80, 81, 82, 83, 84, 85, 86, 87, 88, 89, 91, 92, 96, 97, 98, 99, 101, 102, 103, 105, 106, 107, 108, 109, 111, 112, 113, 114, 115, 116, 117, 118, 123, 124
Lag2Negative	73	false	false	false	4, 5, 16, 28, 29, 30, 35, 39, 40, 42, 46, 47, 51, 52, 53, 58, 59, 60, 61, 62, 63, 64, 65, 66, 70, 71, 72, 73, 74, 75, 77, 80, 81, 82, 83, 84, 85, 86, 87, 88, 91, 92, 96, 97, 98, 99, 101, 102, 103, 105, 106, 108, 109, 111, 112, 113, 114, 115, 116, 117, 118, 123, 124
Lag2Negative	74	false	false	false	4, 5, 16, 28, 42, 46, 47, 48, 50, 51, 52, 53, 54, 58, 60, 61, 62, 63, 64, 70, 72, 73, 80, 84, 85, 86, 87, 91, 92, 96, 97, 98, 99, 101, 102, 105, 106, 107, 108, 109, 111, 112, 113, 114, 115, 116, 117, 119, 123, 124
Lag2Negative	75	false	false	false	4, 28, 42, 47, 50, 51, 52, 53, 57, 58, 60, 61, 62, 63, 64, 66, 70, 72, 80, 84, 85, 86, 87, 91, 92, 96, 97, 98, 99, 101, 102, 105, 106, 107, 108, 109, 111, 112, 113, 115, 116, 117, 118, 123, 124
Lag2Negative	76	false	false	false	51, 53, 60, 61, 62, 72, 80, 87, 92, 96, 97, 98, 99, 102, 108, 113, 116, 123
Lag2Negative	77	false	false	false	14, 51, 60, 61, 62, 72, 80, 84, 86, 92, 96, 97, 98, 99, 102, 108, 113, 116, 123
Lag2Negative	78	false	true	false	4, 9, 14, 21, 42, 51, 52, 53, 60, 61, 62, 72, 73, 80, 84, 85, 86, 87, 92, 96, 97, 98, 99, 101, 102, 105, 108, 109, 111, 113, 114, 115, 116, 117, 118, 123, 124
Lag2Negative	79	false	false	false	4, 5, 13, 16, 28, 29, 30, 35, 39, 40, 42, 44, 46, 47, 50, 51, 52, 53, 54, 58, 59, 60, 61, 62, 63, 64, 65, 66, 67, 68, 69, 70, 71, 72, 73, 74, 75, 77, 79, 80, 81, 82, 83, 84, 85, 86, 87, 88, 91, 92, 96, 97, 98, 99, 101, 102, 103, 105, 106, 107, 108, 109, 111, 112, 113, 114, 115, 116, 117, 118, 123, 124
Lag2Negative	80	false	true	false	9, 14, 15, 16, 17, 21, 22, 25, 26, 28, 39, 40, 51, 53, 60, 61, 62, 72, 80, 84, 86, 87, 92, 96, 97, 98, 99, 101, 102, 108, 113, 116, 117, 123
Lag2Negative	81	false	false	false	28, 30, 36, 37, 39, 40, 42, 49, 51, 52, 53, 60, 61, 62, 72, 80, 84, 85, 86, 87, 90, 91, 92, 94, 96, 97, 98, 99, 101, 102, 103, 105, 108, 109, 111, 112, 113, 114, 116, 117, 123, 124
Lag2Negative	82	false	false	false	4, 5, 13, 16, 24, 28, 29, 30, 35, 40, 41, 42, 46, 47, 50, 51, 52, 53, 56, 58, 60, 61, 62, 63, 64, 66, 70, 71, 72, 73, 75, 79, 80, 82, 83, 84, 85, 86, 87, 88, 89, 90, 91, 92, 96, 97, 98, 99, 101, 102, 103, 105, 106, 107, 108, 109, 111, 112, 113, 114, 115, 116, 117, 118, 123, 124
Lag2Negative	83	false	false	false	3, 4, 5, 9, 13, 16, 28, 29, 30, 35, 40, 42, 46, 47, 50, 51, 52, 53, 54, 56, 57, 58, 60, 61, 62, 63, 64, 66, 67, 68, 70, 71, 72, 73, 74, 75, 77, 78, 79, 80, 81, 82, 83, 84, 85, 86, 87, 88, 90, 91, 92, 96, 97, 98, 99, 101, 102, 103, 105, 106, 108, 109, 111, 112, 113, 114, 115, 116, 117, 118, 123, 124
Lag2Negative	84	false	true	true	1, 4, 5, 7, 10, 11, 13, 16, 20, 24, 28, 29, 30, 34, 35, 36, 37, 39, 40, 41, 42, 44, 46, 47, 49, 50, 51, 52, 53, 54, 56, 57, 58, 59, 60, 61, 62, 63, 64, 65, 66, 67, 68, 69, 70, 71, 72, 73, 74, 75, 76, 77, 78, 79, 80, 81, 82, 83, 84, 85, 86, 87, 88, 89, 90, 91, 92, 93, 94, 95, 96, 97, 98, 99, 100, 101, 102, 103, 105, 106, 107, 108, 109, 111, 112, 113, 114, 115, 116, 117, 118, 123, 124, 125
Lag2Negative	85	false	false	false	39, 40, 42, 51, 53, 60, 61, 62, 72, 80, 84, 85, 86, 87, 92, 96, 97, 98, 99, 101, 102, 108, 109, 113, 114, 115, 116, 117, 123, 124
Lag2Negative	86	false	false	false	39, 40, 42, 51, 53, 60, 61, 62, 72, 80, 84, 85, 86, 87, 92, 96, 97, 98, 99, 101, 102, 108, 109, 113, 114, 115, 116, 117, 123, 124
Lag2Negative	87	false	false	false	40, 42, 51, 53, 60, 61, 62, 72, 80, 84, 85, 86, 87, 92, 96, 97, 98, 99, 101, 102, 108, 109, 113, 115, 116, 117, 123
Lag2Negative	88	false	false	true	40, 42, 51, 53, 60, 61, 62, 72, 80, 84, 85, 86, 87, 92, 96, 97, 98, 99, 101, 102, 108, 109, 111, 113, 114, 115, 116, 117, 123, 124, 125
Lag2Negative	89	false	false	false	4, 5, 13, 16, 28, 29, 30, 35, 40, 42, 47, 50, 51, 52, 53, 57, 58, 60, 61, 62, 63, 64, 66, 67, 70, 72, 73, 78, 80, 84, 85, 86, 87, 91, 92, 96, 97, 98, 99, 101, 102, 105, 106, 108, 109, 111, 112, 113, 115, 116, 117, 118, 123, 124
Lag2Negative	90	false	false	false	40, 42, 51, 53, 60, 61, 62, 70, 72, 73, 84, 85, 86, 87, 92, 96, 97, 98, 99, 102, 108, 109, 113, 116, 117, 123
Lag2Negative	91	false	false	false	4, 5, 13, 16, 28, 29, 30, 35, 37, 39, 40, 42, 46, 47, 49, 50, 51, 52, 53, 56, 57, 58, 60, 61, 62, 63, 64, 65, 66, 67, 68, 70, 72, 73, 77, 78, 80, 84, 85, 86, 87, 89, 90, 91, 92, 96, 97, 98, 99, 100, 101, 102, 103, 105, 106, 107, 108, 109, 111, 112, 113, 114, 115, 116, 117, 118, 123, 124
Lag2Negative	92	false	false	false	35, 39, 40, 42, 51, 53, 60, 61, 62, 66, 70, 72, 73, 80, 84, 85, 86, 87, 91, 92, 96, 97, 98, 99, 101, 102, 108, 109, 113, 116, 117, 123, 124
Lag2Negative	93	false	true	false	4, 5, 8, 13, 14, 15, 21, 28, 29, 30, 35, 40, 42, 46, 47, 50, 51, 52, 53, 57, 58, 59, 60, 61, 62, 63, 64, 65, 66, 67, 68, 69, 70, 71, 72, 73, 74, 75, 77, 78, 79, 80, 81, 82, 83, 84, 85, 86, 87, 88, 91, 92, 96, 97, 98, 99, 101, 102, 103, 105, 106, 108, 109, 111, 112, 113, 115, 116, 117, 118, 123, 124, 127
Lag2Negative	94	false	false	true	1, 4, 5, 13, 16, 28, 29, 30, 35, 40, 41, 42, 44, 46, 47, 49, 50, 51, 52, 53, 58, 59, 60, 61, 62, 63, 64, 66, 67, 68, 70, 71, 72, 73, 74, 75, 77, 78, 80, 81, 82, 83, 84, 85, 86, 87, 88, 89, 90, 91, 92, 96, 97, 98, 99, 100, 101, 102, 103, 105, 106, 107, 108, 109, 111, 112, 113, 114, 115, 116, 117, 118, 123, 124, 125
Lag2Negative	95	false	false	false	3, 4, 5, 6, 9, 10, 12, 13, 16, 20, 28, 29, 30, 31, 34, 35, 36, 37, 39, 40, 41, 42, 44, 46, 47, 50, 51, 52, 53, 54, 56, 57, 58, 59, 60, 61, 62, 63, 64, 65, 66, 67, 68, 69, 70, 71, 72, 73, 74, 75, 76, 77, 78, 79, 80, 81, 82, 83, 84, 85, 86, 87, 88, 89, 90, 91, 92, 93, 94, 96, 97, 98, 99, 101, 102, 103, 104, 105, 106, 107, 108, 109, 111, 112, 113, 114, 115, 116, 117, 118, 119, 122, 123, 124
Lag2Negative	96	false	false	false	4, 5, 13, 28, 29, 30, 40, 42, 46, 47, 50, 51, 52, 53, 58, 59, 60, 61, 62, 63, 64, 66, 70, 72, 73, 78, 80, 84, 85, 86, 87, 91, 92, 96, 97, 98, 99, 101, 102, 105, 106, 108, 109, 111, 112, 113, 114, 115, 116, 117, 123, 124
Lag2Negative	97	false	false	false	13, 30, 35, 40, 42, 51, 53, 60, 61, 62, 66, 70, 72, 73, 78, 80, 84, 85, 86, 87, 91, 92, 96, 97, 98, 99, 101, 102, 108, 109, 113, 115, 116, 117, 123
Lag2Negative	98	false	true	false	14, 21, 25, 39, 40, 42, 48, 51, 60, 61, 62, 66, 72, 78, 84, 85, 91, 92, 96, 97, 98, 99, 101, 102, 108, 109, 113, 116, 117, 123, 124
Lag2Negative	99	false	false	false	4, 5, 13, 28, 29, 30, 40, 42, 47, 50, 51, 52, 53, 57, 58, 59, 60, 61, 62, 63, 64, 66, 67, 68, 70, 72, 73, 78, 80, 84, 85, 86, 87, 91, 92, 96, 97, 98, 99, 101, 102, 103, 105, 106, 107, 108, 109, 111, 112, 113, 114, 115, 116, 117, 118, 123, 124
Lag2Negative	100	false	false	false	4, 13, 28, 29, 40, 42, 46, 47, 51, 53, 58, 59, 60, 61, 62, 63, 64, 66, 70, 72, 73, 78, 80, 84, 85, 86, 87, 91, 92, 96, 97, 98, 99, 101, 102, 106, 107, 108, 109, 112, 113, 115, 116, 117, 123, 124
Lag8Baseline	1	true	false	false	14
Lag8Baseline	2	true	false	false
Lag8Baseline	3	true	false	false
Lag8Baseline	4	true	false	false
Lag8Baseline	5	true	false	false
Lag8Baseline	6	true	false	false	14
Lag8Baseline	7	true	false	false
Lag8Baseline	8	false	true	false	1, 14, 62, 71, 72, 74, 81, 114
Lag8Baseline	9	true	false	false
Lag8Baseline	10	true	false	false
Lag8Baseline	11	true	false	false	113
Lag8Baseline	12	true	false	false
Lag8Baseline	13	true	false	false	113
Lag8Baseline	14	true	false	false
Lag8Baseline	15	true	false	false	113
Lag8Baseline	16	false	true	false	14, 21, 25, 44
Lag8Baseline	17	true	false	false	44
Lag8Baseline	18	true	false	false	14
Lag8Baseline	19	false	true	false
Lag8Baseline	20	true	false	false	14, 25
Lag8Baseline	21	true	false	false	113
Lag8Baseline	22	true	false	false
Lag8Baseline	23	false	true	false	44
Lag8Baseline	24	true	false	false	8, 25
Lag8Baseline	25	true	false	false	62, 71, 72, 74, 75, 81, 82, 88, 99, 114
Lag8Baseline	26	true	false	false	14, 99
Lag8Baseline	27	false	true	false	14, 44, 62, 71, 72, 74, 75, 81, 82, 88, 99, 109, 113, 114
Lag8Baseline	28	true	false	false	62, 71, 72, 74, 75, 80, 81, 94, 99, 113
Lag8Baseline	29	true	false	false	14, 21, 99
Lag8Baseline	30	false	true	false	14, 99
Lag8Baseline	31	true	false	false	14, 99
Lag8Baseline	32	true	false	false	99
Lag8Baseline	33	false	false	false	61, 62, 70, 71, 72, 73, 74, 75, 77, 80, 81, 82, 83, 84, 85, 86, 88, 99
Lag8Baseline	34	true	false	false	14, 99
Lag8Baseline	35	false	true	false	14, 21, 25, 99
Lag8Baseline	36	false	true	false	1, 14, 15, 21, 22, 25, 62, 71, 72, 74, 75, 80, 81, 82, 83, 84, 88, 99, 109, 117, 122
Lag8Baseline	37	false	true	false	14, 21, 25, 49, 92, 98, 99
Lag8Baseline	38	false	true	false	1, 14, 15, 21, 25, 62, 71, 80, 98, 99
Lag8Baseline	39	true	false	false	99
Lag8Baseline	40	true	false	false	14, 48, 80, 97, 99
Lag8Baseline	41	false	true	false	14, 21, 92, 97, 99
Lag8Baseline	42	true	false	false	92, 97, 99
Lag8Baseline	43	true	false	false	62, 71, 72, 74, 80, 81, 86, 92, 97, 99
Lag8Baseline	44	false	false	false	14, 39, 72, 80, 85, 86, 89, 90, 92, 94, 97, 99
Lag8Baseline	45	true	false	false	92, 98, 99
Lag8Baseline	46	true	false	false	92, 97, 98, 99, 114
Lag8Baseline	47	true	false	false	92, 99
Lag8Baseline	48	false	true	false	8, 9, 14, 15, 17, 21, 22, 25, 86, 92, 97, 99, 126, 127
Lag8Baseline	49	true	false	false	42, 80, 86, 92, 97, 99, 116
Lag8Baseline	50	false	true	false	1, 14, 15, 17, 18, 21, 25, 80, 86, 92, 97, 99
Lag8Baseline	51	true	false	false	14, 80, 86, 92, 97, 99, 108
Lag8Baseline	52	false	false	false	42, 47, 59, 62, 71, 72, 74, 75, 80, 81, 82, 83, 84, 85, 86, 87, 88, 89, 90, 91, 92, 94, 96, 97, 98, 99, 101, 105, 108, 109, 111, 113, 114, 115, 116, 117, 123, 124
Lag8Baseline	53	false	false	false	42, 60, 61, 62, 66, 70, 71, 72, 73, 74, 75, 76, 77, 80, 81, 82, 83, 84, 85, 86, 87, 88, 91, 92, 96, 97, 98, 99, 101, 102, 108, 109, 111, 113, 114, 115, 116, 117, 123, 124
Lag8Baseline	54	false	true	false	1, 4, 5, 28, 35, 39, 42, 47, 51, 52, 53, 58, 59, 60, 61, 62, 63, 64, 65, 66, 67, 68, 69, 70, 71, 72, 73, 74, 75, 76, 77, 78, 79, 80, 81, 82, 83, 84, 85, 86, 87, 88, 89, 90, 91, 92, 96, 97, 98, 99, 101, 102, 103, 105, 106, 108, 109, 111, 112, 113, 114, 115, 116, 117, 118, 123, 124
Lag8Baseline	55	false	false	false	62, 71, 80, 86, 92, 97, 98, 99, 101, 108, 109, 111, 114, 115, 116, 117
Lag8Baseline	56	false	false	false	44, 50, 57, 58, 59, 60, 61, 62, 64, 65, 66, 67, 70, 71, 72, 73, 74, 75, 77, 80, 81, 82, 83, 84, 85, 86, 87, 88, 89, 91, 92, 94, 96, 97, 98, 99, 101, 108, 109, 111, 112, 113, 114, 115, 116, 117, 118, 123, 124
Lag8Baseline	57	true	false	false	80, 86, 92, 97, 99, 113, 117
Lag8Baseline	58	true	false	false	1, 80, 92, 97, 99, 108, 123
Lag8Baseline	59	false	false	true	14, 59, 92, 97, 98, 99, 108, 113, 116, 117, 123
Lag8Baseline	60	false	false	false	61, 62, 70, 71, 72, 73, 74, 75, 80, 81, 86, 92, 96, 97, 98, 99, 108, 115, 116, 117, 123, 124
Lag8Baseline	61	false	false	true	2, 8, 14, 17, 25, 28, 60, 61, 72, 86, 92, 97, 99, 108, 111, 113, 114, 117
Lag8Baseline	62	false	false	true	16, 39, 44, 51, 80, 92, 97, 99, 108, 114, 115, 116, 117, 123
Lag8Baseline	63	false	false	false	80, 86, 92, 97, 98, 99, 108, 113, 116, 117, 123
Lag8Baseline	64	false	false	false	4, 5, 14, 28, 42, 47, 51, 52, 53, 60, 61, 62, 66, 70, 71, 72, 73, 74, 75, 80, 81, 82, 83, 84, 85, 86, 87, 88, 91, 92, 96, 97, 98, 99, 101, 102, 106, 108, 109, 111, 112, 113, 115, 116, 117, 118, 123, 124
Lag8Baseline	65	false	false	false	80, 92, 96, 97, 98, 99, 108, 115, 116, 117, 123
Lag8Baseline	66	false	false	false	2, 4, 51, 62, 80, 86, 87, 91, 92, 96, 97, 99, 101, 102, 108, 109, 111, 113, 114, 115, 116, 117, 118, 123, 124
Lag8Baseline	67	true	false	false	53, 80, 92, 97, 98, 99, 108, 113, 116
Lag8Baseline	68	false	false	false	4, 5, 16, 28, 42, 47, 51, 52, 53, 54, 58, 60, 61, 62, 63, 64, 66, 70, 71, 72, 73, 74, 77, 79, 80, 81, 84, 85, 86, 87, 91, 92, 96, 97, 98, 99, 101, 102, 103, 105, 106, 108, 109, 111, 112, 113, 114, 115, 116, 117, 118, 123, 124
Lag8Baseline	69	true	false	false	61, 80, 92, 97, 99, 108
Lag8Baseline	70	false	false	false	4, 5, 28, 42, 47, 51, 52, 53, 58, 60, 61, 62, 63, 64, 66, 70, 71, 72, 73, 74, 75, 80, 81, 84, 85, 86, 87, 91, 92, 96, 97, 98, 99, 101, 102, 105, 106, 108, 109, 111, 112, 113, 115, 116, 117, 118, 123, 124
Lag8Baseline	71	false	false	false	4, 14, 28, 42, 51, 52, 53, 58, 60, 61, 62, 63, 64, 80, 85, 86, 87, 92, 96, 97, 98, 99, 101, 102, 108, 109, 111, 113, 114, 115, 116, 117, 118, 123, 124
Lag8Baseline	72	false	false	false	51, 60, 62, 80, 85, 86, 87, 92, 96, 97, 99, 102, 108, 113, 114, 116, 123
Lag8Baseline	73	false	false	false	14, 49, 53, 60, 62, 80, 86, 87, 92, 97, 98, 99, 102, 108, 113, 116, 123
Lag8Baseline	74	false	false	false	4, 5, 28, 42, 47, 51, 52, 53, 58, 59, 60, 61, 62, 63, 64, 66, 70, 71, 72, 73, 74, 75, 80, 81, 82, 83, 84, 85, 86, 87, 88, 91, 92, 96, 97, 98, 99, 101, 102, 103, 105, 106, 108, 109, 111, 112, 113, 115, 116, 117, 118, 123, 124
Lag8Baseline	75	false	false	false	4, 5, 7, 13, 16, 24, 28, 29, 30, 31, 34, 35, 39, 40, 42, 44, 47, 49, 50, 51, 52, 53, 54, 56, 57, 58, 59, 60, 61, 62, 63, 64, 65, 66, 67, 68, 69, 70, 71, 72, 73, 74, 75, 77, 78, 79, 80, 81, 82, 83, 84, 85, 86, 87, 88, 89, 90, 91, 92, 93, 94, 95, 96, 97, 98, 99, 100, 101, 102, 103, 105, 106, 108, 109, 111, 112, 113, 114, 115, 116, 117, 118, 123, 124
Lag8Baseline	76	false	false	false	4, 5, 13, 16, 28, 39, 40, 42, 47, 51, 52, 53, 58, 60, 61, 62, 63, 64, 70, 72, 73, 80, 84, 85, 86, 87, 91, 92, 96, 97, 98, 99, 101, 102, 103, 105, 106, 108, 109, 111, 112, 113, 114, 115, 116, 117, 123, 124
Lag8Baseline	77	false	false	false	28, 51, 53, 60, 61, 62, 72, 80, 85, 86, 87, 89, 90, 91, 92, 94, 96, 97, 98, 99, 101, 102, 108, 111, 113, 116, 117, 123
Lag8Baseline	78	false	false	false	40, 51, 92, 96, 97, 98, 99, 102, 108, 113, 114, 116, 123
Lag8Baseline	79	false	false	false	51, 54, 60, 62, 72, 80, 84, 85, 86, 87, 92, 96, 97, 98, 99, 102, 105, 108, 111, 113, 114, 116, 123
Lag8Baseline	80	false	false	false	39, 40, 51, 53, 60, 62, 72, 86, 92, 96, 97, 98, 99, 101, 102, 108, 111, 113, 116, 123
Lag8Baseline	81	false	false	false	16, 28, 36, 39, 40, 42, 44, 51, 52, 53, 60, 61, 62, 72, 84, 86, 87, 91, 92, 96, 97, 98, 99, 101, 102, 105, 108, 111, 113, 114, 116, 123
Lag8Baseline	82	false	false	false	40, 42, 51, 53, 60, 61, 62, 72, 80, 84, 85, 86, 87, 92, 96, 97, 98, 99, 101, 102, 103, 108, 109, 111, 113, 114, 115, 116, 117, 123, 124
Lag8Baseline	83	false	false	false	40, 51, 53, 60, 61, 62, 72, 80, 84, 86, 87, 92, 96, 97, 98, 99, 101, 102, 108, 109, 113, 114, 116, 117, 123
Lag8Baseline	84	false	true	false	28, 39, 40, 42, 44, 49, 51, 52, 53, 60, 61, 62, 68, 72, 80, 84, 85, 86, 87, 91, 92, 96, 97, 98, 99, 101, 102, 108, 109, 111, 113, 114, 115, 116, 117, 118, 123, 124
Lag8Baseline	85	false	false	false	13, 16, 28, 29, 30, 35, 37, 40, 42, 47, 49, 50, 51, 52, 53, 60, 61, 62, 65, 66, 67, 68, 69, 70, 72, 73, 78, 79, 80, 84, 85, 86, 87, 89, 90, 91, 92, 94, 96, 97, 98, 99, 101, 102, 103, 105, 106, 107, 108, 109, 111, 112, 113, 114, 115, 116, 117, 118, 123, 124
Lag8Baseline	86	false	false	false	4, 5, 13, 16, 28, 29, 30, 34, 35, 36, 37, 40, 42, 46, 47, 50, 51, 52, 53, 57, 58, 59, 60, 61, 62, 63, 64, 65, 66, 68, 69, 70, 71, 72, 73, 75, 77, 78, 79, 80, 81, 82, 83, 84, 85, 86, 87, 88, 91, 92, 96, 97, 98, 99, 101, 102, 103, 105, 106, 108, 109, 111, 112, 113, 114, 115, 116, 117, 118, 123, 124
Lag8Baseline	87	false	false	false	28, 40, 42, 47, 51, 53, 60, 61, 62, 66, 70, 72, 73, 80, 84, 85, 86, 87, 92, 96, 97, 98, 99, 101, 102, 108, 109, 111, 113, 115, 116, 117, 118, 123, 124
Lag8Baseline	88	false	false	false	39, 40, 42, 51, 53, 60, 61, 62, 72, 80, 84, 86, 87, 92, 96, 97, 98, 99, 101, 102, 108, 113, 115, 116, 117, 123
Lag8Baseline	89	false	false	false	39, 40, 42, 51, 53, 60, 61, 62, 68, 72, 80, 84, 85, 86, 87, 92, 96, 97, 98, 99, 101, 102, 108, 109, 113, 114, 116, 117, 123, 124
Lag8Baseline	90	false	false	false	40, 42, 51, 53, 60, 61, 62, 72, 80, 84, 85, 86, 87, 92, 96, 97, 98, 99, 101, 102, 103, 108, 109, 113, 116, 117, 123
Lag8Baseline	91	false	false	false	3, 4, 5, 6, 10, 13, 16, 28, 29, 30, 34, 35, 37, 39, 40, 41, 42, 46, 47, 50, 51, 52, 53, 54, 56, 57, 58, 59, 60, 61, 62, 63, 64, 65, 66, 67, 68, 69, 70, 71, 72, 73, 74, 75, 76, 77, 78, 79, 80, 81, 82, 83, 84, 85, 86, 87, 88, 90, 91, 92, 96, 97, 98, 99, 101, 102, 103, 105, 106, 107, 108, 109, 111, 112, 113, 114, 115, 116, 117, 118, 122, 123, 124
Lag8Baseline	92	false	false	false	4, 5, 13, 16, 28, 29, 30, 34, 35, 40, 42, 46, 47, 50, 51, 52, 53, 56, 57, 58, 59, 60, 61, 62, 63, 64, 65, 66, 67, 68, 70, 71, 72, 73, 74, 75, 77, 78, 80, 81, 82, 83, 84, 85, 86, 87, 88, 91, 92, 96, 97, 98, 99, 101, 102, 103, 105, 106, 107, 108, 109, 111, 112, 113, 114, 115, 116, 117, 118, 123, 124
Lag8Baseline	93	false	false	true	13, 40, 42, 51, 53, 60, 61, 62, 72, 84, 85, 86, 87, 92, 96, 97, 98, 99, 101, 102, 108, 109, 113, 114, 116, 117, 123
Lag8Baseline	94	false	false	false	3, 4, 5, 6, 9, 10, 11, 12, 13, 14, 15, 16, 20, 21, 28, 29, 30, 33, 34, 35, 36, 37, 39, 40, 41, 42, 46, 47, 50, 51, 52, 53, 54, 56, 57, 58, 59, 60, 61, 62, 63, 64, 65, 66, 67, 68, 69, 70, 71, 72, 73, 74, 75, 76, 77, 78, 79, 80, 81, 82, 83, 84, 85, 86, 87, 88, 89, 90, 91, 92, 93, 96, 97, 98, 99, 101, 102, 103, 105, 106, 107, 108, 109, 111, 112, 113, 114, 115, 116, 117, 118, 122, 123, 124
Lag8Baseline	95	false	false	false	13, 14, 21, 29, 30, 35, 40, 42, 50, 51, 53, 60, 61, 62, 66, 68, 72, 80, 84, 85, 86, 87, 91, 92, 96, 97, 98, 99, 101, 102, 108, 109, 113, 116, 117, 123, 124
Lag8Baseline	96	false	false	false	13, 29, 30, 40, 42, 51, 53, 58, 59, 60, 61, 62, 66, 70, 72, 73, 78, 80, 84, 85, 86, 87, 91, 92, 96, 97, 98, 99, 101, 102, 108, 109, 111, 113, 116, 117, 123, 124
Lag8Baseline	97	false	false	false	4, 5, 13, 16, 20, 28, 29, 30, 35, 40, 42, 46, 47, 50, 51, 52, 53, 54, 56, 57, 58, 59, 60, 61, 62, 63, 64, 65, 66, 67, 68, 69, 70, 71, 72, 73, 74, 75, 76, 77, 78, 79, 80, 81, 82, 83, 84, 85, 86, 87, 88, 90, 91, 92, 96, 97, 98, 99, 101, 102, 103, 105, 106, 108, 109, 111, 112, 113, 114, 116, 117, 118, 123, 124
Lag8Baseline	98	false	true	true	4, 5, 13, 14, 16, 25, 28, 29, 30, 31, 39, 40, 42, 44, 46, 48, 49, 50, 51, 53, 54, 57, 58, 59, 60, 61, 62, 63, 64, 65, 66, 67, 68, 69, 70, 71, 72, 73, 74, 75, 77, 78, 80, 81, 82, 83, 84, 85, 86, 87, 88, 89, 91, 92, 94, 95, 96, 97, 98, 99, 100, 101, 102, 103, 105, 107, 108, 109, 111, 112, 113, 114, 115, 116, 117, 118, 119, 120, 123, 124, 125, 126, 127
Lag8Baseline	99	false	false	true	13, 22, 40, 42, 51, 53, 58, 59, 60, 61, 62, 66, 70, 72, 73, 78, 80, 84, 85, 86, 87, 91, 92, 96, 97, 98, 99, 101, 102, 108, 109, 113, 114, 116, 117, 123, 125
Lag8Baseline	100	false	false	false	13, 29, 30, 40, 42, 51, 53, 58, 59, 60, 61, 62, 63, 66, 70, 72, 73, 80, 84, 85, 86, 87, 91, 92, 96, 97, 98, 99, 101, 102, 108, 109, 112, 113, 116, 117, 123
Lag8Neutral	1	false	true	false	14, 25
Lag8Neutral	2	false	true	false	14, 21, 25
Lag8Neutral	3	true	false	false
Lag8Neutral	4	true	false	false
Lag8Neutral	5	true	false	false
Lag8Neutral	6	true	false	false
Lag8Neutral	7	true	false	false
Lag8Neutral	8	true	false	false
Lag8Neutral	9	true	false	false	14
Lag8Neutral	10	true	false	false	14
Lag8Neutral	11	true	false	false	14
Lag8Neutral	12	true	false	false
Lag8Neutral	13	false	true	false	25
Lag8Neutral	14	false	true	false	14, 21, 25
Lag8Neutral	15	true	false	false
Lag8Neutral	16	true	false	false	14
Lag8Neutral	17	true	false	false	113
Lag8Neutral	18	false	true	false	14, 25
Lag8Neutral	19	true	false	false	14
Lag8Neutral	20	false	true	false	14, 15, 21, 25
Lag8Neutral	21	true	false	false	62, 71, 72, 74, 75, 81
Lag8Neutral	22	true	false	false	14
Lag8Neutral	23	true	false	false
Lag8Neutral	24	true	false	false	99
Lag8Neutral	25	true	false	false	44, 99
Lag8Neutral	26	true	false	false	99
Lag8Neutral	27	true	false	false	99, 118
Lag8Neutral	28	true	false	false	80, 99
Lag8Neutral	29	true	false	false	14, 80, 99
Lag8Neutral	30	true	false	false	99
Lag8Neutral	31	false	true	false	14, 99
Lag8Neutral	32	true	false	false	80, 99
Lag8Neutral	33	false	true	false	9, 14, 17, 21, 25, 27, 99
Lag8Neutral	34	true	false	false	99
Lag8Neutral	35	false	false	true	14, 17, 25, 44, 80, 99, 128
Lag8Neutral	36	false	false	false	1, 48, 62, 71, 72, 74, 75, 80, 81, 82, 86, 88, 92, 98, 99, 109, 111, 113, 114, 117, 122
Lag8Neutral	37	false	true	false	14, 21, 25, 48, 99
Lag8Neutral	38	true	false	false	80, 99
Lag8Neutral	39	false	true	false	14, 98, 99
Lag8Neutral	40	false	true	false	14, 99
Lag8Neutral	41	true	false	false	17, 86, 97, 99
Lag8Neutral	42	false	true	false	14, 15, 17, 21, 25, 80, 86, 97, 99
Lag8Neutral	43	false	true	false	14, 17, 21, 25, 86, 92, 97, 99
Lag8Neutral	44	false	false	false	62, 71, 74, 75, 80, 81, 85, 86, 88, 92, 97, 98, 99, 117
Lag8Neutral	45	false	false	false	14, 62, 71, 72, 74, 81, 86, 92, 97, 98, 99
Lag8Neutral	46	true	false	false	1, 80, 86, 92, 97, 99
Lag8Neutral	47	true	false	false	72, 92, 97, 99
Lag8Neutral	48	false	true	false	8, 9, 14, 15, 17, 21, 22, 25, 80, 86, 92, 97, 99, 108
Lag8Neutral	49	false	false	false	1, 25, 28, 58, 59, 62, 65, 69, 71, 72, 74, 75, 80, 81, 82, 86, 88, 91, 92, 97, 98, 99, 101, 108, 109, 113, 114, 116, 117, 118, 123
Lag8Neutral	50	false	false	false	61, 62, 71, 72, 74, 75, 80, 81, 82, 83, 86, 88, 92, 97, 98, 99, 101, 108, 111, 114, 116, 117, 123, 124
Lag8Neutral	51	false	false	false	53, 62, 71, 72, 74, 75, 80, 81, 82, 83, 84, 85, 86, 88, 89, 90, 92, 94, 96, 97, 98, 99, 101, 108, 113, 114, 116, 117, 123
Lag8Neutral	52	false	false	false	14, 59, 60, 62, 71, 72, 74, 75, 80, 81, 82, 86, 88, 92, 96, 97, 99, 101, 102, 108, 114
Lag8Neutral	53	true	false	false	80, 86, 92, 97, 99, 108
Lag8Neutral	54	true	false	false	80, 92, 97, 99
Lag8Neutral	55	true	false	false	80, 92, 97, 98, 99, 108
Lag8Neutral	56	false	true	false	9, 14, 15, 21, 25, 59, 72, 80, 86, 92, 97, 99, 127
Lag8Neutral	57	true	false	false	14, 86, 92, 97, 98, 99
Lag8Neutral	58	true	false	false	1, 42, 80, 86, 92, 97, 99, 117, 123, 124
Lag8Neutral	59	true	false	false	62, 71, 80, 92, 97, 99, 108, 111
Lag8Neutral	60	true	false	false	80, 92, 97, 98, 99, 108, 116
Lag8Neutral	61	false	false	false	4, 5, 28, 39, 42, 51, 52, 53, 61, 62, 66, 70, 71, 72, 73, 74, 75, 80, 81, 82, 83, 84, 85, 86, 87, 88, 91, 92, 96, 97, 98, 99, 101, 102, 105, 108, 109, 111, 112, 113, 114, 115, 116, 117, 118, 123, 124
Lag8Neutral	62	false	false	true	28, 53, 54, 60, 61, 62, 71, 72, 74, 80, 81, 86, 87, 92, 96, 97, 98, 99, 101, 108, 109, 111, 113, 114, 115, 116, 117, 123
Lag8Neutral	63	false	false	false	80, 86, 97, 99, 102, 108, 113, 115, 116, 117, 123
Lag8Neutral	64	false	false	false	4, 5, 28, 42, 47, 51, 52, 53, 60, 61, 62, 66, 70, 71, 72, 73, 74, 75, 77, 80, 81, 82, 83, 84, 85, 86, 87, 88, 91, 92, 96, 97, 98, 99, 101, 102, 105, 106, 108, 109, 111, 112, 113, 114, 115, 116, 117, 118, 123, 124
Lag8Neutral	65	true	false	false	61, 86, 92, 97, 98, 99, 108, 116, 117
Lag8Neutral	66	false	false	false	4, 28, 39, 42, 50, 51, 53, 61, 85, 86, 87, 89, 90, 92, 94, 95, 97, 99, 101, 102, 105, 108, 111, 113, 114, 116, 117, 118
Lag8Neutral	67	true	false	false	51, 92, 97, 98, 99, 108
Lag8Neutral	68	false	false	false	4, 5, 28, 29, 39, 42, 46, 47, 51, 52, 53, 54, 58, 59, 60, 61, 62, 63, 64, 65, 66, 70, 71, 72, 73, 74, 75, 80, 81, 82, 83, 84, 85, 86, 87, 88, 91, 92, 96, 97, 98, 99, 101, 102, 103, 105, 106, 108, 109, 111, 112, 113, 114, 115, 116, 117, 118, 123, 124
Lag8Neutral	69	false	false	false	60, 62, 72, 80, 84, 86, 92, 96, 97, 99, 108, 116, 117, 123
Lag8Neutral	70	false	false	false	14, 28, 51, 53, 61, 84, 85, 86, 87, 92, 96, 97, 98, 99, 101, 102, 108, 113, 116, 117, 123
Lag8Neutral	71	false	false	false	4, 5, 16, 28, 29, 30, 39, 40, 42, 46, 47, 49, 51, 52, 53, 58, 59, 60, 61, 62, 63, 64, 65, 66, 67, 68, 69, 70, 71, 72, 73, 74, 75, 77, 80, 81, 82, 83, 84, 85, 86, 87, 88, 90, 91, 92, 94, 96, 97, 98, 99, 101, 102, 103, 105, 106, 108, 109, 111, 112, 113, 114, 115, 116, 117, 118, 123, 124
Lag8Neutral	72	false	false	false	4, 28, 40, 42, 44, 49, 51, 52, 53, 54, 60, 61, 62, 68, 72, 80, 84, 85, 86, 87, 89, 90, 91, 92, 94, 96, 97, 98, 99, 101, 102, 105, 108, 111, 113, 114, 115, 116, 117, 118, 123
Lag8Neutral	73	false	true	false	14, 21, 25, 51, 53, 60, 62, 72, 80, 84, 86, 87, 92, 97, 98, 99, 102, 108, 113, 115, 116, 123
Lag8Neutral	74	false	true	false	4, 5, 9, 10, 13, 14, 16, 17, 21, 22, 25, 28, 29, 30, 34, 35, 39, 40, 42, 46, 47, 50, 51, 52, 53, 54, 58, 59, 60, 61, 62, 63, 64, 65, 66, 67, 68, 69, 70, 71, 72, 73, 74, 75, 77, 79, 80, 81, 82, 83, 84, 85, 86, 87, 88, 91, 92, 96, 97, 98, 99, 101, 102, 103, 105, 106, 108, 109, 111, 112, 113, 115, 116, 117, 118, 123, 124
Lag8Neutral	75	false	true	false	1, 4, 14, 15, 16, 21, 25, 28, 39, 42, 47, 49, 50, 51, 52, 53, 57, 58, 60, 61, 62, 63, 64, 66, 70, 71, 72, 73, 74, 75, 80, 81, 82, 83, 84, 85, 86, 87, 88, 89, 90, 91, 92, 94, 95, 96, 97, 98, 99, 101, 102, 105, 108, 109, 111, 112, 113, 114, 115, 116, 117, 118, 123, 124, 126
Lag8Neutral	76	false	false	false	42, 51, 60, 61, 62, 72, 80, 84, 85, 86, 92, 97, 98, 99, 102, 108, 113, 116, 123
Lag8Neutral	77	false	false	false	4, 5, 13, 14, 16, 25, 28, 29, 30, 40, 42, 47, 50, 51, 52, 53, 58, 60, 61, 62, 63, 64, 66, 70, 71, 72, 73, 74, 75, 77, 80, 81, 82, 83, 84, 85, 86, 87, 88, 91, 92, 96, 97, 98, 99, 101, 102, 103, 105, 106, 107, 108, 109, 111, 112, 113, 114, 115, 116, 117, 118, 123, 124
Lag8Neutral	78	false	true	false	14, 40, 42, 51, 60, 61, 62, 72, 84, 85, 86, 92, 97, 99, 102, 108, 113, 116, 123
Lag8Neutral	79	false	true	false	4, 5, 14, 28, 29, 40, 42, 47, 51, 52, 53, 54, 58, 60, 61, 62, 63, 64, 66, 72, 77, 80, 84, 85, 86, 87, 91, 92, 96, 97, 98, 99, 101, 102, 105, 106, 108, 109, 111, 113, 115, 116, 117, 118, 123, 124
Lag8Neutral	80	false	false	false	40, 42, 51, 58, 60, 62, 63, 64, 72, 84, 86, 87, 92, 96, 97, 98, 99, 101, 108, 109, 111, 113, 116, 123
Lag8Neutral	81	false	false	false	29, 30, 35, 39, 40, 44, 51, 53, 60, 61, 62, 72, 80, 84, 86, 87, 92, 96, 97, 98, 99, 101, 102, 108, 109, 113, 115, 116, 123
Lag8Neutral	82	false	false	true	40, 42, 51, 53, 60, 61, 62, 72, 80, 84, 85, 86, 87, 92, 96, 97, 98, 99, 101, 102, 108, 109, 113, 114, 115, 116, 117, 118, 123, 124
Lag8Neutral	83	false	false	false	4, 5, 13, 16, 28, 30, 35, 37, 39, 40, 42, 44, 47, 49, 51, 52, 53, 58, 60, 61, 62, 63, 64, 66, 70, 72, 73, 80, 84, 85, 86, 87, 91, 92, 96, 97, 98, 99, 101, 102, 103, 105, 106, 108, 109, 111, 112, 113, 114, 115, 116, 117, 118, 123, 124
Lag8Neutral	84	false	false	false	40, 42, 51, 53, 60, 61, 62, 72, 80, 84, 85, 86, 87, 92, 96, 97, 98, 99, 101, 102, 108, 109, 113, 116, 117, 123, 124
Lag8Neutral	85	false	false	false	40, 42, 51, 53, 60, 61, 62, 72, 80, 84, 85, 86, 87, 92, 96, 97, 98, 99, 101, 102, 108, 109, 113, 115, 116, 117, 123
Lag8Neutral	86	false	false	false	4, 5, 13, 16, 28, 29, 30, 34, 35, 39, 40, 42, 44, 46, 47, 50, 51, 52, 53, 54, 57, 58, 59, 60, 61, 62, 63, 64, 65, 66, 67, 68, 70, 71, 72, 73, 74, 75, 77, 78, 79, 80, 81, 82, 83, 84, 85, 86, 87, 88, 91, 92, 96, 97, 98, 99, 101, 102, 103, 105, 106, 107, 108, 109, 111, 112, 113, 114, 115, 116, 117, 118, 123, 124
Lag8Neutral	87	false	true	false	14, 15, 17, 21, 22, 25, 40, 42, 50, 51, 53, 59, 60, 61, 62, 68, 69, 70, 72, 73, 78, 80, 84, 85, 86, 87, 92, 96, 97, 98, 99, 101, 102, 105, 108, 109, 113, 116, 117, 123, 124
Lag8Neutral	88	false	false	false	2, 4, 5, 13, 16, 28, 29, 30, 31, 34, 35, 37, 39, 40, 42, 46, 47, 49, 50, 51, 52, 53, 54, 58, 59, 60, 61, 62, 63, 64, 65, 66, 67, 68, 69, 70, 71, 72, 73, 74, 75, 77, 78, 79, 80, 81, 82, 83, 84, 85, 86, 87, 88, 89, 90, 91, 92, 94, 96, 97, 98, 99, 101, 102, 103, 105, 106, 107, 108, 109, 111, 112, 113, 114, 115, 116, 117, 118, 123, 124
Lag8Neutral	89	false	false	true	3, 4, 5, 13, 16, 28, 29, 30, 34, 35, 37, 39, 40, 42, 46, 47, 49, 50, 51, 52, 53, 56, 57, 58, 59, 60, 61, 62, 63, 64, 65, 66, 67, 68, 69, 70, 71, 72, 73, 74, 75, 76, 77, 78, 79, 80, 81, 82, 83, 84, 85, 86, 87, 88, 90, 91, 92, 96, 97, 98, 99, 101, 102, 103, 105, 106, 107, 108, 109, 111, 112, 113, 114, 115, 116, 117, 118, 123, 124
Lag8Neutral	90	false	true	false	3, 4, 5, 6, 9, 10, 13, 14, 15, 16, 21, 25, 28, 29, 30, 34, 35, 37, 39, 40, 41, 42, 46, 47, 50, 51, 52, 53, 54, 56, 57, 58, 59, 60, 61, 62, 63, 64, 65, 66, 67, 68, 69, 70, 71, 72, 73, 74, 75, 76, 77, 78, 79, 80, 81, 82, 83, 84, 85, 86, 87, 88, 89, 90, 91, 92, 96, 97, 98, 99, 101, 102, 103, 105, 106, 107, 108, 109, 111, 112, 113, 114, 115, 116, 117, 118, 123, 124
Lag8Neutral	91	false	false	false	39, 40, 51, 53, 60, 61, 62, 70, 72, 80, 84, 85, 86, 87, 92, 96, 97, 98, 99, 101, 102, 108, 109, 113, 116, 117, 123
Lag8Neutral	92	false	false	false	3, 4, 5, 6, 9, 10, 11, 12, 13, 15, 16, 20, 24, 28, 29, 30, 31, 33, 34, 35, 36, 37, 39, 40, 41, 42, 46, 47, 50, 51, 52, 53, 54, 56, 57, 58, 59, 60, 61, 62, 63, 64, 65, 66, 67, 68, 69, 70, 71, 72, 73, 74, 75, 76, 77, 78, 79, 80, 81, 82, 83, 84, 85, 86, 87, 88, 89, 90, 91, 92, 93, 96, 97, 98, 99, 101, 102, 103, 105, 106, 107, 108, 109, 111, 112, 113, 114, 115, 116, 117, 118, 122, 123, 124
Lag8Neutral	93	false	false	true	3, 4, 5, 6, 9, 13, 16, 28, 29, 30, 31, 34, 35, 37, 39, 40, 41, 42, 46, 47, 49, 50, 51, 52, 53, 54, 56, 57, 58, 59, 60, 61, 62, 63, 64, 65, 66, 67, 68, 69, 70, 71, 72, 73, 74, 75, 76, 77, 78, 79, 80, 81, 82, 83, 84, 85, 86, 87, 88, 89, 90, 91, 92, 93, 94, 96, 97, 98, 99, 101, 102, 103, 105, 106, 107, 108, 109, 111, 112, 113, 114, 115, 116, 117, 118, 123, 124
Lag8Neutral	94	false	false	false	4, 5, 13, 16, 28, 29, 30, 40, 42, 46, 47, 48, 50, 51, 53, 54, 57, 58, 59, 60, 61, 62, 63, 64, 65, 66, 67, 68, 69, 70, 71, 72, 73, 74, 75, 76, 77, 78, 79, 80, 81, 82, 83, 84, 85, 86, 87, 88, 89, 90, 91, 92, 94, 95, 96, 97, 98, 99, 100, 101, 102, 103, 104, 105, 106, 107, 108, 109, 111, 112, 113, 114, 115, 116, 117, 118, 123, 124
Lag8Neutral	95	false	false	false	3, 4, 5, 6, 9, 10, 12, 13, 16, 28, 29, 30, 34, 35, 36, 37, 39, 40, 41, 42, 46, 47, 50, 51, 52, 53, 54, 56, 57, 58, 59, 60, 61, 62, 63, 64, 65, 66, 67, 68, 69, 70, 71, 72, 73, 74, 75, 76, 77, 78, 79, 80, 81, 82, 83, 84, 85, 86, 87, 88, 89, 90, 91, 92, 96, 97, 98, 99, 101, 102, 103, 105, 106, 107, 108, 109, 111, 112, 113, 114, 115, 116, 117, 118, 122, 123, 124
Lag8Neutral	96	false	false	false	3, 4, 5, 6, 9, 10, 11, 12, 13, 15, 16, 20, 28, 29, 30, 31, 34, 35, 36, 37, 39, 40, 41, 42, 46, 47, 50, 51, 52, 53, 54, 56, 57, 58, 59, 60, 61, 62, 63, 64, 65, 66, 67, 68, 69, 70, 71, 72, 73, 74, 75, 76, 77, 78, 79, 80, 81, 82, 83, 84, 85, 86, 87, 88, 89, 90, 91, 92, 96, 97, 98, 99, 101, 102, 103, 105, 106, 107, 108, 109, 111, 112, 113, 114, 115, 116, 117, 118, 122, 123, 124
Lag8Neutral	97	false	false	true	3, 4, 5, 6, 7, 10, 11, 12, 13, 15, 16, 25, 26, 27, 28, 29, 30, 31, 33, 34, 35, 37, 39, 40, 41, 42, 44, 46, 47, 48, 49, 50, 51, 52, 53, 54, 56, 57, 58, 59, 60, 61, 62, 63, 64, 65, 66, 67, 68, 69, 70, 71, 72, 73, 74, 75, 76, 77, 78, 79, 80, 81, 82, 83, 84, 85, 86, 87, 88, 89, 90, 91, 92, 93, 94, 95, 96, 97, 98, 99, 100, 101, 102, 103, 104, 105, 106, 107, 108, 109, 111, 112, 113, 114, 115, 116, 117, 118, 119, 120, 122, 123, 124
Lag8Neutral	98	false	false	false	29, 30, 40, 42, 44, 51, 53, 58, 59, 60, 61, 62, 66, 70, 72, 73, 80, 84, 85, 86, 87, 91, 92, 96, 97, 98, 99, 101, 102, 108, 109, 113, 114, 115, 116, 117, 123
Lag8Neutral	99	false	false	false	31, 35, 40, 42, 44, 46, 48, 49, 51, 53, 54, 58, 59, 60, 61, 62, 64, 66, 70, 72, 73, 78, 80, 84, 85, 86, 87, 91, 92, 96, 97, 98, 99, 101, 102, 108, 109, 111, 113, 115, 116, 117, 123
Lag8Neutral	100	false	false	false	4, 13, 40, 42, 47, 51, 53, 58, 59, 60, 61, 62, 66, 70, 72, 73, 78, 80, 84, 85, 86, 87, 91, 92, 96, 97, 98, 99, 101, 102, 108, 109, 113, 116, 117, 123, 124
Lag8Negative	1	false	true	false	126
Lag8Negative	2	true	false	false
Lag8Negative	3	true	false	false
Lag8Negative	4	true	false	false
Lag8Negative	5	true	false	false
Lag8Negative	6	true	false	false	14
Lag8Negative	7	true	false	false	14
Lag8Negative	8	false	true	false	14, 25
Lag8Negative	9	false	true	false	14
Lag8Negative	10	true	false	false
Lag8Negative	11	true	false	false
Lag8Negative	12	true	false	false	14
Lag8Negative	13	false	true	false	14
Lag8Negative	14	true	false	false	113
Lag8Negative	15	false	true	false	14, 21, 22, 25, 126
Lag8Negative	16	true	false	false
Lag8Negative	17	false	true	false	1, 14, 17, 28, 32, 33, 62, 71, 72, 74, 75, 76, 77, 81, 82, 83, 84, 85, 88, 89, 90, 94, 111, 113, 114, 117
Lag8Negative	18	false	true	false	126
Lag8Negative	19	true	false	false
Lag8Negative	20	true	false	false
Lag8Negative	21	true	false	false
Lag8Negative	22	true	false	false
Lag8Negative	23	true	false	false	14, 25, 96
Lag8Negative	24	false	true	true	1, 2, 8, 9, 17, 23, 25, 32, 126, 127, 128
Lag8Negative	25	true	false	false
Lag8Negative	26	true	false	false	14
Lag8Negative	27	false	true	false	14
Lag8Negative	28	true	false	false	99
Lag8Negative	29	true	false	false	14, 99
Lag8Negative	30	true	false	false	14
Lag8Negative	31	true	false	false	99
Lag8Negative	32	true	false	false	99
Lag8Negative	33	true	false	false	14, 99
Lag8Negative	34	true	false	false	14, 21, 25, 99
Lag8Negative	35	false	true	false	8, 9, 14, 15, 17, 21, 25, 80, 99
Lag8Negative	36	false	true	false	14, 80, 99
Lag8Negative	37	false	true	false	14, 15, 17, 21, 22, 25, 99
Lag8Negative	38	true	false	false	48, 80, 99
Lag8Negative	39	true	false	false	48, 80, 92, 97, 98, 99
Lag8Negative	40	true	false	false	99
Lag8Negative	41	false	true	true	1, 2, 8, 9, 14, 15, 17, 21, 23, 25, 26, 32, 39, 44, 86, 97, 99, 109, 114, 121, 125, 126, 127, 128
Lag8Negative	42	false	true	true	1, 2, 3, 8, 9, 14, 21, 23, 25, 62, 71, 72, 74, 75, 80, 81, 82, 83, 84, 85, 86, 88, 92, 96, 97, 98, 99, 109, 114, 125
Lag8Negative	43	true	false	false	9, 23, 99, 114
Lag8Negative	44	true	false	false	39, 80, 86, 97, 99, 109
Lag8Negative	45	false	false	false	58, 61, 62, 63, 64, 71, 72, 74, 75, 80, 81, 82, 83, 84, 85, 86, 88, 92, 97, 98, 99, 114
Lag8Negative	46	true	false	false	39, 97, 99, 109, 114
Lag8Negative	47	false	true	false	14, 21, 22, 25, 97, 99
Lag8Negative	48	true	false	false	14, 25, 80, 86, 97, 99
Lag8Negative	49	true	false	false	86, 97, 99
Lag8Negative	50	true	false	false	1, 80, 92, 97, 99, 114, 120, 121
Lag8Negative	51	true	false	false	80, 92, 97, 99, 114
Lag8Negative	52	true	false	false	1, 92, 97, 99, 108, 111
Lag8Negative	53	true	false	false	14, 86, 97, 99, 108
Lag8Negative	54	false	false	false	62, 71, 72, 74, 75, 80, 81, 82, 86, 87, 88, 92, 97, 98, 99, 108
Lag8Negative	55	false	false	false	5, 14, 16, 29, 59, 61, 62, 71, 72, 74, 75, 76, 77, 80, 81, 82, 83, 85, 86, 87, 88, 89, 90, 91, 92, 94, 95, 96, 97, 98, 99, 100, 101, 102, 103, 105, 108, 109, 111, 112, 113, 114, 115, 116, 117, 118, 123, 124
Lag8Negative	56	true	false	false	80, 86, 92, 97, 99
Lag8Negative	57	true	false	false	92, 97, 99, 108, 114
Lag8Negative	58	false	false	false	62, 70, 71, 73, 74, 80, 81, 86, 92, 97, 98, 99, 108, 115, 116
Lag8Negative	59	false	false	false	4, 5, 28, 42, 51, 60, 61, 62, 71, 72, 74, 80, 81, 86, 87, 92, 96, 97, 98, 99, 101, 105, 108, 109, 111, 112, 113, 114, 115, 116, 117, 118, 123, 124
Lag8Negative	60	true	false	false	80, 92, 97, 99
Lag8Negative	61	false	false	true	1, 42, 51, 53, 62, 72, 86, 87, 89, 90, 91, 92, 94, 96, 97, 99, 101, 107, 108, 113, 114, 115, 116, 118, 121, 123, 125
Lag8Negative	62	false	false	false	5, 53, 54, 62, 72, 80, 86, 87, 92, 97, 98, 99, 101, 108, 109, 113, 114, 117, 123
Lag8Negative	63	false	true	false	4, 14, 15, 25, 28, 39, 42, 44, 47, 49, 50, 51, 52, 53, 54, 60, 61, 62, 66, 70, 71, 72, 73, 74, 75, 77, 80, 81, 82, 83, 84, 85, 86, 87, 88, 91, 92, 96, 97, 98, 99, 101, 102, 103, 106, 108, 109, 111, 112, 113, 114, 115, 116, 117, 118, 123, 124
Lag8Negative	64	true	false	false	61, 80, 92, 97, 99, 108, 115, 116, 123
Lag8Negative	65	false	true	false	14, 25, 60, 62, 80, 92, 97, 98, 99, 108, 116, 117
Lag8Negative	66	false	false	false	1, 5, 28, 42, 47, 51, 52, 53, 60, 61, 62, 70, 71, 72, 73, 74, 75, 80, 81, 82, 83, 84, 85, 86, 87, 88, 92, 96, 97, 98, 99, 101, 102, 108, 109, 111, 113, 114, 115, 116, 117, 121, 123, 124
Lag8Negative	67	true	false	false	53, 92, 97, 98, 99, 108, 116
Lag8Negative	68	false	false	false	14, 28, 80, 86, 92, 97, 98, 99, 108, 113, 115, 116, 117, 123
Lag8Negative	69	false	false	false	42, 51, 61, 62, 71, 74, 80, 81, 86, 87, 92, 96, 97, 98, 99, 101, 102, 108, 109, 111, 113, 115, 116, 117, 123, 124
Lag8Negative	70	false	false	false	51, 53, 61, 80, 85, 86, 92, 97, 98, 99, 108, 116, 117
Lag8Negative	71	false	false	false	4, 14, 53, 60, 61, 80, 92, 97, 98, 99, 108, 116
Lag8Negative	72	false	false	false	14, 53, 60, 80, 92, 97, 98, 99, 108, 113, 116
Lag8Negative	73	true	false	false	72, 84, 86, 92, 97, 98, 99, 102, 108, 116
Lag8Negative	74	false	false	false	14, 51, 61, 72, 80, 86, 87, 92, 97, 98, 99, 102, 108, 113, 115, 116, 123
Lag8Negative	75	false	true	false	4, 5, 14, 28, 40, 42, 47, 51, 52, 53, 58, 60, 61, 62, 63, 64, 66, 70, 71, 72, 73, 74, 75, 77, 80, 81, 82, 83, 84, 85, 86, 87, 88, 91, 92, 96, 97, 98, 99, 101, 102, 103, 105, 106, 108, 109, 111, 112, 113, 115, 116, 117, 118, 123, 124
Lag8Negative	76	false	false	false	14, 21, 40, 42, 51, 60, 61, 72, 84, 85, 86, 92, 97, 99, 108, 113, 116, 123
Lag8Negative	77	false	false	false	28, 51, 60, 61, 62, 72, 80, 84, 85, 86, 87, 92, 96, 97, 98, 99, 102, 108, 113, 116, 117, 123
Lag8Negative	78	false	true	false	1, 5, 14, 15, 21, 25, 42, 47, 50, 51, 52, 53, 60, 61, 62, 72, 80, 84, 85, 86, 87, 92, 96, 97, 98, 99, 101, 102, 105, 106, 107, 108, 109, 111, 113, 114, 115, 116, 117, 123, 124
Lag8Negative	79	false	false	false	4, 5, 14, 16, 28, 50, 51, 53, 54, 57, 58, 59, 60, 61, 62, 63, 64, 65, 67, 68, 69, 70, 71, 72, 73, 75, 77, 80, 82, 83, 84, 85, 86, 88, 89, 90, 91, 92, 93, 94, 96, 97, 98, 99, 101, 102, 105, 107, 108, 113, 114, 116, 118, 123
Lag8Negative	80	false	false	false	4, 5, 28, 39, 42, 47, 51, 52, 53, 58, 60, 61, 62, 63, 64, 66, 72, 80, 84, 85, 86, 87, 91, 92, 96, 97, 98, 99, 101, 102, 103, 106, 108, 109, 111, 112, 113, 114, 115, 116, 117, 118, 123, 124
Lag8Negative	81	false	false	false	4, 5, 13, 16, 28, 29, 30, 34, 35, 36, 39, 40, 42, 46, 47, 50, 51, 52, 53, 54, 58, 59, 60, 61, 62, 63, 64, 65, 66, 67, 68, 69, 70, 71, 72, 73, 74, 75, 76, 77, 78, 79, 80, 81, 82, 83, 84, 85, 86, 87, 88, 90, 91, 92, 96, 97, 98, 99, 101, 102, 103, 105, 106, 108, 109, 111, 112, 113, 114, 115, 116, 117, 118, 123, 124
Lag8Negative	82	false	false	false	40, 42, 51, 53, 60, 61, 62, 72, 80, 84, 85, 86, 87, 92, 96, 97, 98, 99, 101, 102, 108, 109, 113, 115, 116, 117, 123
Lag8Negative	83	false	false	false	35, 40, 42, 51, 60, 61, 62, 72, 84, 85, 86, 92, 96, 97, 98, 99, 101, 102, 108, 113, 114, 115, 116, 117, 123
Lag8Negative	84	false	false	true	4, 5, 13, 16, 28, 29, 30, 34, 35, 36, 37, 40, 42, 47, 50, 51, 52, 53, 58, 60, 61, 62, 63, 64, 66, 67, 68, 70, 71, 72, 73, 75, 76, 77, 79, 80, 82, 83, 84, 85, 86, 87, 88, 89, 90, 91, 92, 96, 97, 98, 99, 100, 101, 102, 103, 104, 105, 106, 108, 109, 111, 112, 113, 114, 115, 116, 117, 118, 123, 124
Lag8Negative	85	false	false	false	40, 51, 53, 60, 62, 70, 72, 73, 80, 84, 86, 87, 92, 96, 97, 98, 99, 102, 108, 113, 116, 117, 123
Lag8Negative	86	false	true	false	14, 21, 40, 51, 53, 60, 61, 62, 66, 72, 73, 84, 86, 87, 92, 96, 97, 98, 99, 101, 102, 108, 113, 115, 116, 117, 123
Lag8Negative	87	false	false	false	40, 42, 50, 51, 53, 60, 61, 62, 70, 72, 73, 80, 84, 86, 87, 92, 97, 98, 99, 101, 102, 108, 113, 116, 117, 123
Lag8Negative	88	false	false	true	13, 28, 29, 30, 35, 37, 40, 42, 44, 46, 49, 50, 51, 52, 53, 57, 58, 59, 60, 61, 62, 63, 64, 65, 66, 67, 68, 69, 70, 71, 72, 73, 74, 75, 78, 80, 81, 82, 83, 84, 85, 86, 87, 88, 89, 90, 91, 92, 94, 95, 96, 97, 98, 99, 101, 102, 103, 105, 107, 108, 109, 111, 112, 113, 114, 115, 116, 117, 118, 123, 125
Lag8Negative	89	false	false	false	13, 40, 42, 51, 53, 60, 61, 62, 70, 72, 73, 80, 84, 85, 86, 87, 92, 96, 97, 98, 99, 101, 102, 108, 109, 113, 114, 116, 117, 123, 124
Lag8Negative	90	false	false	false	35, 40, 42, 51, 53, 60, 61, 62, 70, 72, 73, 80, 84, 85, 86, 87, 91, 92, 96, 97, 98, 99, 101, 102, 108, 109, 113, 116, 117, 123, 124
Lag8Negative	91	false	false	false	3, 4, 5, 6, 13, 16, 28, 29, 30, 34, 35, 39, 40, 41, 42, 46, 47, 50, 51, 52, 53, 54, 56, 57, 58, 59, 60, 61, 62, 63, 64, 65, 66, 67, 68, 69, 70, 71, 72, 73, 74, 75, 76, 77, 78, 79, 80, 81, 82, 83, 84, 85, 86, 87, 88, 90, 91, 92, 96, 97, 98, 99, 101, 102, 103, 105, 106, 107, 108, 109, 111, 112, 113, 114, 115, 116, 117, 118, 123, 124
Lag8Negative	92	false	false	false	3, 4, 5, 6, 13, 16, 28, 29, 30, 34, 35, 37, 39, 40, 41, 42, 46, 47, 50, 51, 52, 53, 56, 57, 58, 59, 60, 61, 62, 63, 64, 65, 66, 67, 68, 69, 70, 71, 72, 73, 74, 75, 76, 77, 78, 79, 80, 81, 82, 83, 84, 85, 86, 87, 88, 89, 90, 91, 92, 96, 97, 98, 99, 101, 102, 103, 105, 106, 107, 108, 109, 111, 112, 113, 114, 115, 116, 117, 118, 121, 123, 124
Lag8Negative	93	false	false	false	13, 40, 42, 51, 53, 60, 61, 62, 66, 70, 72, 73, 80, 84, 85, 86, 87, 91, 92, 96, 97, 98, 99, 101, 102, 108, 109, 113, 116, 117, 123, 124
Lag8Negative	94	false	false	false	3, 4, 5, 6, 9, 10, 11, 12, 13, 15, 16, 20, 28, 29, 30, 31, 33, 34, 35, 36, 37, 39, 40, 41, 42, 46, 47, 50, 51, 52, 53, 54, 56, 57, 58, 59, 60, 61, 62, 63, 64, 65, 66, 67, 68, 69, 70, 71, 72, 73, 74, 75, 76, 77, 78, 79, 80, 81, 82, 83, 84, 85, 86, 87, 88, 89, 90, 91, 92, 93, 96, 97, 98, 99, 101, 102, 103, 105, 106, 107, 108, 109, 111, 112, 113, 114, 115, 116, 117, 118, 122, 123, 124
Lag8Negative	95	false	false	false	13, 29, 30, 40, 42, 50, 51, 53, 58, 59, 60, 61, 62, 63, 64, 65, 66, 67, 68, 69, 70, 71, 72, 73, 74, 75, 78, 80, 81, 82, 83, 84, 85, 86, 87, 88, 89, 90, 91, 92, 94, 96, 97, 98, 99, 101, 102, 105, 106, 108, 109, 113, 116, 117, 123, 124
Lag8Negative	96	false	false	false	13, 29, 40, 42, 51, 53, 60, 61, 62, 66, 70, 72, 73, 78, 80, 84, 86, 87, 91, 92, 96, 97, 98, 99, 101, 102, 108, 113, 114, 116, 117, 123, 124
Lag8Negative	97	false	false	false	3, 4, 5, 9, 13, 16, 20, 28, 29, 30, 35, 39, 40, 42, 46, 47, 49, 50, 51, 52, 53, 54, 56, 57, 58, 59, 60, 61, 62, 63, 64, 65, 66, 67, 68, 70, 71, 72, 73, 74, 75, 76, 77, 78, 79, 80, 81, 82, 83, 84, 85, 86, 87, 88, 89, 90, 91, 92, 93, 96, 97, 98, 99, 101, 102, 103, 105, 106, 107, 108, 109, 111, 112, 113, 114, 115, 116, 117, 118, 123, 124
Lag8Negative	98	false	false	false	4, 5, 13, 16, 28, 29, 30, 35, 40, 42, 46, 47, 50, 51, 52, 53, 56, 57, 58, 59, 60, 61, 62, 63, 64, 65, 66, 67, 68, 70, 71, 72, 73, 74, 75, 77, 78, 80, 81, 82, 83, 84, 85, 86, 87, 88, 90, 91, 92, 96, 97, 98, 99, 101, 102, 103, 105, 106, 108, 109, 111, 112, 113, 114, 116, 117, 118, 123, 124
Lag8Negative	99	false	false	false	13, 40, 42, 51, 53, 58, 59, 60, 61, 62, 66, 70, 72, 73, 78, 80, 84, 85, 86, 87, 91, 92, 96, 97, 98, 99, 101, 102, 108, 109, 111, 113, 116, 117, 123, 124
Lag8Negative	100	false	false	false	28, 29, 40, 42, 51, 53, 58, 59, 60, 61, 62, 66, 70, 72, 73, 78, 84, 85, 86, 87, 91, 92, 96, 97, 98, 99, 101, 102, 108, 109, 111, 113, 115, 116, 117, 123, 124
L2NCorrect	1	true	false	false
L2NCorrect	2	true	false	false
L2NCorrect	3	true	false	false
L2NCorrect	4	false	true	false	14, 21, 25
L2NCorrect	5	true	false	false
L2NCorrect	6	true	false	false
L2NCorrect	7	false	true	false
L2NCorrect	8	true	false	false
L2NCorrect	9	false	true	false	14
L2NCorrect	10	true	false	false
L2NCorrect	11	false	true	false	14, 21, 25
L2NCorrect	12	true	false	false
L2NCorrect	13	false	true	false	14, 21, 25
L2NCorrect	14	true	false	false
L2NCorrect	15	true	false	false
L2NCorrect	16	false	true	false	8, 14, 15, 17, 21, 22, 25, 26
L2NCorrect	17	true	false	false	99
L2NCorrect	18	true	false	false	99
L2NCorrect	19	true	false	false	14, 99
L2NCorrect	20	false	false	false	62, 71, 72, 74, 75, 81, 82, 83, 88, 99, 109
L2NCorrect	21	true	false	false	14, 39, 48, 99
L2NCorrect	22	false	true	false	8, 9, 14, 15, 17, 18, 21, 22, 25, 26, 62, 71, 72, 73, 74, 81, 99, 117, 126
L2NCorrect	23	true	false	false	80, 99
L2NCorrect	24	false	false	false	62, 71, 74, 80, 81, 86, 92, 97, 98, 99, 114
L2NCorrect	25	false	true	false	14, 86, 92, 97, 98, 99
L2NCorrect	26	true	false	false	86, 92, 97, 99
L2NCorrect	27	false	true	false	8, 9, 10, 14, 15, 16, 17, 18, 21, 22, 25, 26, 86, 92, 97, 99, 126
L2NCorrect	28	true	false	false	97, 99
L2NCorrect	29	false	false	false	1, 17, 25, 62, 71, 72, 74, 75, 76, 77, 80, 81, 82, 83, 84, 85, 86, 88, 92, 97, 98, 99, 108, 109, 114, 115, 117, 123, 124
L2NCorrect	30	false	false	false	1, 62, 71, 72, 74, 75, 80, 81, 86, 92, 97, 99, 109
L2NCorrect	31	true	false	false	97, 98, 99
L2NCorrect	32	false	false	false	62, 71, 72, 74, 75, 80, 81, 82, 83, 86, 88, 92, 96, 97, 98, 99, 101, 108, 109, 111, 113, 114, 115, 116, 117, 118, 123, 124
L2NCorrect	33	false	true	false	59, 61, 62, 70, 71, 72, 73, 74, 75, 76, 77, 80, 81, 82, 83, 84, 85, 86, 88, 92, 96, 97, 98, 99, 101, 105, 106, 108, 109, 111, 112, 117, 118, 123, 124, 127
L2NCorrect	34	false	false	false	44, 61, 62, 70, 71, 73, 74, 80, 81, 86, 92, 96, 97, 98, 99, 101, 108, 109, 111, 113, 114, 116, 117, 123, 124
L2NCorrect	35	false	false	false	39, 62, 80, 92, 97, 98, 99, 108, 113, 114, 115, 116, 117, 123
L2NCorrect	36	false	false	false	39, 51, 86, 92, 97, 98, 99, 108, 114, 115, 116, 117, 123, 124
L2NCorrect	37	false	false	false	80, 86, 92, 96, 97, 98, 99, 105, 108, 113, 116
L2NCorrect	38	false	true	false	14, 15, 21, 22, 25, 51, 60, 61, 72, 80, 86, 87, 92, 97, 99, 108, 113, 115, 116, 123
L2NCorrect	39	false	true	false	14, 25, 53, 60, 61, 62, 80, 86, 87, 92, 97, 98, 99, 108, 113, 116, 123
L2NCorrect	40	false	true	false	4, 5, 14, 15, 16, 21, 25, 28, 40, 42, 47, 51, 52, 53, 58, 59, 60, 61, 62, 63, 64, 66, 70, 71, 72, 73, 74, 75, 77, 80, 81, 82, 84, 85, 86, 87, 88, 91, 92, 96, 97, 98, 99, 101, 102, 103, 105, 106, 108, 109, 111, 112, 113, 114, 115, 116, 117, 118, 123, 124
L2NCorrect	41	false	false	false	4, 42, 51, 53, 60, 72, 84, 86, 91, 92, 94, 97, 98, 99, 101, 108, 111, 113, 116
L2NCorrect	42	false	false	false	4, 5, 13, 14, 16, 28, 29, 30, 34, 35, 39, 40, 42, 46, 47, 50, 51, 52, 53, 58, 59, 60, 61, 62, 63, 64, 65, 66, 67, 68, 69, 70, 71, 72, 73, 74, 75, 76, 77, 79, 80, 81, 82, 83, 84, 85, 86, 87, 88, 89, 91, 92, 96, 97, 98, 99, 101, 102, 103, 105, 106, 107, 108, 109, 111, 112, 113, 114, 115, 116, 117, 118, 123, 124
L2NCorrect	43	false	false	false	4, 5, 16, 28, 42, 46, 47, 48, 50, 51, 52, 53, 54, 58, 60, 61, 62, 63, 64, 70, 72, 73, 80, 84, 85, 86, 87, 91, 92, 96, 97, 98, 99, 101, 102, 105, 106, 107, 108, 109, 111, 112, 113, 114, 115, 116, 117, 119, 123, 124
L2NCorrect	44	false	false	false	4, 28, 42, 47, 50, 51, 52, 53, 57, 58, 60, 61, 62, 63, 64, 66, 70, 72, 80, 84, 85, 86, 87, 91, 92, 96, 97, 98, 99, 101, 102, 105, 106, 107, 108, 109, 111, 112, 113, 115, 116, 117, 118, 123, 124
L2NCorrect	45	false	false	false	51, 53, 60, 61, 62, 72, 80, 87, 92, 96, 97, 98, 99, 102, 108, 113, 116, 123
L2NCorrect	46	false	false	false	4, 5, 13, 16, 24, 28, 29, 30, 35, 40, 41, 42, 46, 47, 50, 51, 52, 53, 56, 58, 60, 61, 62, 63, 64, 66, 70, 71, 72, 73, 75, 79, 80, 82, 83, 84, 85, 86, 87, 88, 89, 90, 91, 92, 96, 97, 98, 99, 101, 102, 103, 105, 106, 107, 108, 109, 111, 112, 113, 114, 115, 116, 117, 118, 123, 124
L2NCorrect	47	false	true	true	1, 4, 5, 7, 10, 11, 13, 16, 20, 24, 28, 29, 30, 34, 35, 36, 37, 39, 40, 41, 42, 44, 46, 47, 49, 50, 51, 52, 53, 54, 56, 57, 58, 59, 60, 61, 62, 63, 64, 65, 66, 67, 68, 69, 70, 71, 72, 73, 74, 75, 76, 77, 78, 79, 80, 81, 82, 83, 84, 85, 86, 87, 88, 89, 90, 91, 92, 93, 94, 95, 96, 97, 98, 99, 100, 101, 102, 103, 105, 106, 107, 108, 109, 111, 112, 113, 114, 115, 116, 117, 118, 123, 124, 125
L2NCorrect	48	false	false	false	39, 40, 42, 51, 53, 60, 61, 62, 72, 80, 84, 85, 86, 87, 92, 96, 97, 98, 99, 101, 102, 108, 109, 113, 114, 115, 116, 117, 123, 124
L2NCorrect	49	false	false	false	39, 40, 42, 51, 53, 60, 61, 62, 72, 80, 84, 85, 86, 87, 92, 96, 97, 98, 99, 101, 102, 108, 109, 113, 114, 115, 116, 117, 123, 124
L2NCorrect	50	false	false	false	3, 4, 5, 6, 9, 10, 12, 13, 16, 20, 28, 29, 30, 31, 34, 35, 36, 37, 39, 40, 41, 42, 44, 46, 47, 50, 51, 52, 53, 54, 56, 57, 58, 59, 60, 61, 62, 63, 64, 65, 66, 67, 68, 69, 70, 71, 72, 73, 74, 75, 76, 77, 78, 79, 80, 81, 82, 83, 84, 85, 86, 87, 88, 89, 90, 91, 92, 93, 94, 96, 97, 98, 99, 101, 102, 103, 104, 105, 106, 107, 108, 109, 111, 112, 113, 114, 115, 116, 117, 118, 119, 122, 123, 124
L2NCorrect	51	false	false	false	4, 5, 13, 28, 29, 30, 40, 42, 46, 47, 50, 51, 52, 53, 58, 59, 60, 61, 62, 63, 64, 66, 70, 72, 73, 78, 80, 84, 85, 86, 87, 91, 92, 96, 97, 98, 99, 101, 102, 105, 106, 108, 109, 111, 112, 113, 114, 115, 116, 117, 123, 124
L2NCorrect	52	false	false	false	13, 30, 35, 40, 42, 51, 53, 60, 61, 62, 66, 70, 72, 73, 78, 80, 84, 85, 86, 87, 91, 92, 96, 97, 98, 99, 101, 102, 108, 109, 113, 115, 116, 117, 123
L2NCorrect	53	false	true	false	14, 21, 25, 39, 40, 42, 48, 51, 60, 61, 62, 66, 72, 78, 84, 85, 91, 92, 96, 97, 98, 99, 101, 102, 108, 109, 113, 116, 117, 123, 124
L2NCorrect	54	false	false	false	4, 5, 13, 28, 29, 30, 40, 42, 47, 50, 51, 52, 53, 57, 58, 59, 60, 61, 62, 63, 64, 66, 67, 68, 70, 72, 73, 78, 80, 84, 85, 86, 87, 91, 92, 96, 97, 98, 99, 101, 102, 103, 105, 106, 107, 108, 109, 111, 112, 113, 114, 115, 116, 117, 118, 123, 124
L2NCorrect	55	false	false	false	4, 13, 28, 29, 40, 42, 46, 47, 51, 53, 58, 59, 60, 61, 62, 63, 64, 66, 70, 72, 73, 78, 80, 84, 85, 86, 87, 91, 92, 96, 97, 98, 99, 101, 102, 106, 107, 108, 109, 112, 113, 115, 116, 117, 123, 124
L2NIncorrect	1	false	true	false	14, 21, 25
L2NIncorrect	2	true	false	false
L2NIncorrect	3	false	true	false	14
L2NIncorrect	4	true	false	false	94, 113
L2NIncorrect	5	true	false	false
L2NIncorrect	6	true	false	false
L2NIncorrect	7	true	false	false
L2NIncorrect	8	true	false	false
L2NIncorrect	9	true	false	false
L2NIncorrect	10	false	true	true	1, 2, 8, 9, 17, 23, 25, 26, 32, 125, 127, 128
L2NIncorrect	11	true	false	false	14, 99
L2NIncorrect	12	true	false	false	80, 99, 117
L2NIncorrect	13	true	false	false	14, 99
L2NIncorrect	14	false	true	false	14, 99
L2NIncorrect	15	true	false	false	99
L2NIncorrect	16	true	false	false	62, 71, 98, 99
L2NIncorrect	17	true	false	false	48, 99
L2NIncorrect	18	true	false	false	86, 92, 98, 99, 109
L2NIncorrect	19	true	false	false	80, 86, 92, 97, 99
L2NIncorrect	20	false	false	false	59, 62, 80, 86, 92, 97, 99, 108, 109, 111, 116, 118, 123
L2NIncorrect	21	false	false	false	4, 60, 61, 62, 66, 70, 71, 72, 73, 74, 75, 77, 80, 81, 82, 83, 84, 85, 86, 87, 88, 89, 90, 91, 92, 96, 97, 98, 99, 101, 102, 105, 108, 109, 111, 112, 113, 114, 115, 116, 117, 118, 123, 124
L2NIncorrect	22	true	false	false	80, 86, 92, 97, 99, 108, 115, 116, 123
L2NIncorrect	23	true	false	false	80, 86, 97, 98, 99
L2NIncorrect	24	true	false	false	60, 80, 86, 97, 99, 108
L2NIncorrect	25	true	false	false	86, 92, 97, 99
L2NIncorrect	26	true	false	false	92, 97, 99, 102, 108, 116, 117
L2NIncorrect	27	false	false	false	4, 16, 28, 30, 39, 42, 47, 49, 51, 52, 53, 58, 60, 61, 62, 63, 64, 70, 72, 73, 80, 85, 86, 87, 91, 92, 94, 96, 97, 98, 99, 101, 102, 105, 108, 109, 111, 113, 114, 115, 116, 117, 118, 123, 124
L2NIncorrect	28	false	false	false	4, 5, 16, 28, 29, 39, 40, 42, 46, 47, 50, 51, 52, 53, 54, 58, 59, 60, 61, 62, 63, 64, 65, 66, 70, 71, 72, 73, 74, 75, 77, 80, 81, 82, 83, 84, 85, 86, 87, 88, 91, 92, 96, 97, 98, 99, 101, 102, 103, 105, 106, 108, 109, 111, 112, 113, 114, 115, 116, 117, 118, 123, 124
L2NIncorrect	29	false	false	false	42, 53, 54, 61, 62, 72, 80, 84, 86, 87, 92, 96, 97, 98, 99, 102, 108, 113, 116, 123
L2NIncorrect	30	false	false	false	4, 5, 16, 28, 29, 35, 39, 40, 42, 47, 51, 52, 53, 58, 59, 60, 61, 62, 63, 64, 66, 70, 71, 72, 73, 74, 75, 77, 80, 81, 82, 83, 84, 85, 86, 87, 88, 90, 91, 92, 96, 97, 98, 99, 101, 102, 103, 105, 106, 108, 109, 111, 112, 113, 115, 116, 117, 118, 123, 124
L2NIncorrect	31	false	false	false	4, 5, 16, 28, 29, 30, 35, 39, 40, 42, 46, 47, 51, 52, 53, 58, 59, 60, 61, 62, 63, 64, 65, 66, 70, 71, 72, 73, 74, 75, 77, 80, 81, 82, 83, 84, 85, 86, 87, 88, 91, 92, 96, 97, 98, 99, 101, 102, 103, 105, 106, 108, 109, 111, 112, 113, 114, 115, 116, 117, 118, 123, 124
L2NIncorrect	32	false	false	false	14, 51, 60, 61, 62, 72, 80, 84, 86, 92, 96, 97, 98, 99, 102, 108, 113, 116, 123
L2NIncorrect	33	false	true	false	4, 9, 14, 21, 42, 51, 52, 53, 60, 61, 62, 72, 73, 80, 84, 85, 86, 87, 92, 96, 97, 98, 99, 101, 102, 105, 108, 109, 111, 113, 114, 115, 116, 117, 118, 123, 124
L2NIncorrect	34	false	false	false	4, 5, 13, 16, 28, 29, 30, 35, 39, 40, 42, 44, 46, 47, 50, 51, 52, 53, 54, 58, 59, 60, 61, 62, 63, 64, 65, 66, 67, 68, 69, 70, 71, 72, 73, 74, 75, 77, 79, 80, 81, 82, 83, 84, 85, 86, 87, 88, 91, 92, 96, 97, 98, 99, 101, 102, 103, 105, 106, 107, 108, 109, 111, 112, 113, 114, 115, 116, 117, 118, 123, 124
L2NIncorrect	35	false	true	false	9, 14, 15, 16, 17, 21, 22, 25, 26, 28, 39, 40, 51, 53, 60, 61, 62, 72, 80, 84, 86, 87, 92, 96, 97, 98, 99, 101, 102, 108, 113, 116, 117, 123
L2NIncorrect	36	false	false	false	28, 30, 36, 37, 39, 40, 42, 49, 51, 52, 53, 60, 61, 62, 72, 80, 84, 85, 86, 87, 90, 91, 92, 94, 96, 97, 98, 99, 101, 102, 103, 105, 108, 109, 111, 112, 113, 114, 116, 117, 123, 124
L2NIncorrect	37	false	false	false	3, 4, 5, 9, 13, 16, 28, 29, 30, 35, 40, 42, 46, 47, 50, 51, 52, 53, 54, 56, 57, 58, 60, 61, 62, 63, 64, 66, 67, 68, 70, 71, 72, 73, 74, 75, 77, 78, 79, 80, 81, 82, 83, 84, 85, 86, 87, 88, 90, 91, 92, 96, 97, 98, 99, 101, 102, 103, 105, 106, 108, 109, 111, 112, 113, 114, 115, 116, 117, 118, 123, 124
L2NIncorrect	38	false	false	false	40, 42, 51, 53, 60, 61, 62, 72, 80, 84, 85, 86, 87, 92, 96, 97, 98, 99, 101, 102, 108, 109, 113, 115, 116, 117, 123
L2NIncorrect	39	false	false	true	40, 42, 51, 53, 60, 61, 62, 72, 80, 84, 85, 86, 87, 92, 96, 97, 98, 99, 101, 102, 108, 109, 111, 113, 114, 115, 116, 117, 123, 124, 125
L2NIncorrect	40	false	false	false	4, 5, 13, 16, 28, 29, 30, 35, 40, 42, 47, 50, 51, 52, 53, 57, 58, 60, 61, 62, 63, 64, 66, 67, 70, 72, 73, 78, 80, 84, 85, 86, 87, 91, 92, 96, 97, 98, 99, 101, 102, 105, 106, 108, 109, 111, 112, 113, 115, 116, 117, 118, 123, 124
L2NIncorrect	41	false	false	false	40, 42, 51, 53, 60, 61, 62, 70, 72, 73, 84, 85, 86, 87, 92, 96, 97, 98, 99, 102, 108, 109, 113, 116, 117, 123
L2NIncorrect	42	false	false	false	4, 5, 13, 16, 28, 29, 30, 35, 37, 39, 40, 42, 46, 47, 49, 50, 51, 52, 53, 56, 57, 58, 60, 61, 62, 63, 64, 65, 66, 67, 68, 70, 72, 73, 77, 78, 80, 84, 85, 86, 87, 89, 90, 91, 92, 96, 97, 98, 99, 100, 101, 102, 103, 105, 106, 107, 108, 109, 111, 112, 113, 114, 115, 116, 117, 118, 123, 124
L2NIncorrect	43	false	false	false	35, 39, 40, 42, 51, 53, 60, 61, 62, 66, 70, 72, 73, 80, 84, 85, 86, 87, 91, 92, 96, 97, 98, 99, 101, 102, 108, 109, 113, 116, 117, 123, 124
L2NIncorrect	44	false	true	false	4, 5, 8, 13, 14, 15, 21, 28, 29, 30, 35, 40, 42, 46, 47, 50, 51, 52, 53, 57, 58, 59, 60, 61, 62, 63, 64, 65, 66, 67, 68, 69, 70, 71, 72, 73, 74, 75, 77, 78, 79, 80, 81, 82, 83, 84, 85, 86, 87, 88, 91, 92, 96, 97, 98, 99, 101, 102, 103, 105, 106, 108, 109, 111, 112, 113, 115, 116, 117, 118, 123, 124, 127
L2NIncorrect	45	false	false	true	1, 4, 5, 13, 16, 28, 29, 30, 35, 40, 41, 42, 44, 46, 47, 49, 50, 51, 52, 53, 58, 59, 60, 61, 62, 63, 64, 66, 67, 68, 70, 71, 72, 73, 74, 75, 77, 78, 80, 81, 82, 83, 84, 85, 86, 87, 88, 89, 90, 91, 92, 96, 97, 98, 99, 100, 101, 102, 103, 105, 106, 107, 108, 109, 111, 112, 113, 114, 115, 116, 117, 118, 123, 124, 125
