Category	Segment number	Segment Good	Eye Blinks	Eye Movements	Bad Channels
Lag2Baseline	1	true	false	false
Lag2Baseline	2	true	false	false
Lag2Baseline	3	true	false	false
Lag2Baseline	4	true	false	false
Lag2Baseline	5	true	false	false
Lag2Baseline	6	false	true	false	8, 9, 14, 15, 16, 17, 21, 22, 25, 26
Lag2Baseline	7	true	false	false
Lag2Baseline	8	true	false	false	26
Lag2Baseline	9	false	true	true	2, 3, 8, 9, 10, 11, 14, 15, 16, 17, 18, 19, 21, 22, 23, 25, 26, 48, 49, 63, 64, 68, 69, 73, 81, 88, 100, 107, 119, 127
Lag2Baseline	10	true	false	false
Lag2Baseline	11	true	false	false
Lag2Baseline	12	true	false	false
Lag2Baseline	13	true	false	false
Lag2Baseline	14	true	false	false
Lag2Baseline	15	true	false	false
Lag2Baseline	16	true	false	false
Lag2Baseline	17	true	false	false
Lag2Baseline	18	true	false	false
Lag2Baseline	19	true	false	false
Lag2Baseline	20	true	false	false	8
Lag2Baseline	21	true	false	false
Lag2Baseline	22	true	false	false
Lag2Baseline	23	true	false	false
Lag2Baseline	24	false	true	false	8, 14, 17, 21, 25, 119
Lag2Baseline	25	true	false	false
Lag2Baseline	26	true	false	false
Lag2Baseline	27	true	false	false
Lag2Baseline	28	true	false	false
Lag2Baseline	29	true	false	false	43
Lag2Baseline	30	true	false	false
Lag2Baseline	31	true	false	false	43
Lag2Baseline	32	true	false	false
Lag2Baseline	33	false	false	true	82, 89, 125
Lag2Baseline	34	true	false	false
Lag2Baseline	35	false	false	true	126, 128
Lag2Baseline	36	true	false	false	2
Lag2Baseline	37	true	false	false
Lag2Baseline	38	true	false	false
Lag2Baseline	39	false	true	true	8, 9, 14, 15, 16, 17, 18, 21, 22, 25, 125
Lag2Baseline	40	true	false	false
Lag2Baseline	41	false	true	false	2, 8, 26, 40, 45, 50, 56, 57, 95, 115, 119, 122
Lag2Baseline	42	true	false	false	33, 45, 50, 57, 108, 115, 119
Lag2Baseline	43	true	false	false
Lag2Baseline	44	false	true	false	8, 9, 14, 15, 17, 21, 22, 25
Lag2Baseline	45	false	false	true	8, 45, 50, 57, 115
Lag2Baseline	46	true	false	false
Lag2Baseline	47	false	true	false	8, 9, 10, 11, 14, 15, 16, 17, 18, 21, 22, 23, 25, 71
Lag2Baseline	48	false	true	true	1, 8, 17, 25, 26, 32, 128
Lag2Baseline	49	true	false	false	2
Lag2Baseline	50	true	false	false	25, 114
Lag2Baseline	51	true	false	false	88
Lag2Baseline	52	true	false	false
Lag2Baseline	53	true	false	false
Lag2Baseline	54	true	false	false
Lag2Baseline	55	false	true	false	1, 2, 25, 32, 33, 34, 38, 43, 44, 45, 46, 48, 49, 50, 57, 63, 68, 73, 81, 88, 94, 100, 110, 114, 116, 119, 120, 121, 123, 125, 126, 127, 128
Lag2Baseline	56	false	true	false	1, 8, 17, 25, 32, 41, 43, 48, 56, 57, 63, 68, 69, 73, 74, 81, 82, 88, 89, 94, 95, 99, 100, 107, 119, 120, 123, 124, 126
Lag2Baseline	57	true	false	false
Lag2Baseline	58	false	true	true	1, 2, 7, 8, 14, 17, 25, 26, 31, 33, 41, 43, 48, 49, 54, 55, 56, 57, 62, 63, 64, 68, 69, 73, 74, 78, 81, 82, 85, 88, 89, 94, 95, 96, 99, 100, 101, 107, 108, 113, 115, 120, 125, 126
Lag2Baseline	59	false	true	false	8, 9, 10, 14, 15, 17, 21, 22, 23, 25, 26, 56
Lag2Baseline	60	true	false	false	1, 81, 100, 120
Lag2Baseline	61	false	true	true	8, 9, 14, 15, 17, 21, 22, 23, 25, 26, 32, 63, 68, 69, 73, 81, 88, 94, 115, 120, 128
Lag2Baseline	62	false	true	true	8, 9, 14, 15, 17, 21, 22, 25, 26, 63, 64, 68, 69, 74, 81, 88, 94, 119, 128
Lag2Baseline	63	false	true	false	8, 9, 14, 15, 17, 18, 21, 22, 25, 26, 88, 127
Lag2Baseline	64	false	true	false	8, 9, 14, 17, 21, 25, 127
Lag2Baseline	65	false	true	true	8, 9, 14, 15, 17, 21, 22, 25, 26
Lag2Baseline	66	true	false	false
Lag2Baseline	67	true	false	false
Lag2Baseline	68	true	false	false
Lag2Baseline	69	true	false	false	8
Lag2Baseline	70	true	false	false
Lag2Baseline	71	true	false	false
Lag2Baseline	72	false	true	false	8, 14, 17, 21, 25
Lag2Baseline	73	false	true	false	2, 8, 9, 10, 14, 15, 17, 21, 22, 25, 26, 56
Lag2Baseline	74	false	true	false	14, 17, 21, 25
Lag2Baseline	75	true	false	false
Lag2Baseline	76	false	true	false	8, 14, 17, 21, 25
Lag2Baseline	77	true	false	false	1
Lag2Baseline	78	true	false	false	1, 56
Lag2Baseline	79	true	false	false	1, 54
Lag2Baseline	80	true	false	false	122
Lag2Baseline	81	false	true	false	25
Lag2Baseline	82	false	true	false	1, 8, 14, 17, 21, 25, 56
Lag2Baseline	83	false	true	false	1, 8, 14, 17, 21, 25
Lag2Baseline	84	true	false	false	56
Lag2Baseline	85	false	true	false	8, 9, 14, 17, 21, 25, 56
Lag2Baseline	86	false	true	false	8, 9, 14, 17, 21, 25, 56
Lag2Baseline	87	false	true	false	8, 9, 14, 15, 17, 21, 22, 25, 127
Lag2Baseline	88	false	true	false	8, 9, 14, 15, 17, 21, 22, 25, 56
Lag2Baseline	89	true	false	false
Lag2Baseline	90	true	false	false
Lag2Baseline	91	true	false	false
Lag2Baseline	92	true	false	false
Lag2Baseline	93	true	false	false
Lag2Baseline	94	true	false	false
Lag2Baseline	95	true	false	false
Lag2Baseline	96	true	false	false
Lag2Baseline	97	false	true	false	8, 14, 15, 17, 21, 22, 25, 26
Lag2Baseline	98	true	false	false
Lag2Baseline	99	true	false	false	121
Lag2Baseline	100	true	false	false
Lag2Neutral	1	true	false	false
Lag2Neutral	2	true	false	false
Lag2Neutral	3	true	false	false
Lag2Neutral	4	true	false	false
Lag2Neutral	5	true	false	false
Lag2Neutral	6	false	false	true	1, 17, 125, 128
Lag2Neutral	7	true	false	false
Lag2Neutral	8	true	false	false
Lag2Neutral	9	true	false	false
Lag2Neutral	10	true	false	false
Lag2Neutral	11	true	false	false
Lag2Neutral	12	true	false	false
Lag2Neutral	13	true	false	false
Lag2Neutral	14	true	false	false
Lag2Neutral	15	true	false	false
Lag2Neutral	16	true	false	false
Lag2Neutral	17	true	false	false	8, 25
Lag2Neutral	18	true	false	false
Lag2Neutral	19	true	false	false
Lag2Neutral	20	true	false	false
Lag2Neutral	21	false	true	true	1, 2, 3, 8, 9, 10, 15, 19, 20, 21, 22, 23, 24, 25, 26, 27, 28, 29, 33, 34, 35, 44, 56, 68, 73, 81, 88, 94, 95, 99, 107, 114, 119, 120, 125
Lag2Neutral	22	false	true	false	8, 17, 25, 26, 56
Lag2Neutral	23	true	false	false
Lag2Neutral	24	true	false	false
Lag2Neutral	25	true	false	false
Lag2Neutral	26	true	false	false	126
Lag2Neutral	27	true	false	false
Lag2Neutral	28	true	false	false
Lag2Neutral	29	false	true	false	1, 8, 25
Lag2Neutral	30	true	false	false
Lag2Neutral	31	true	false	false
Lag2Neutral	32	true	false	false
Lag2Neutral	33	true	false	false
Lag2Neutral	34	true	false	false
Lag2Neutral	35	true	false	false	82
Lag2Neutral	36	true	false	false
Lag2Neutral	37	true	false	false
Lag2Neutral	38	true	false	false
Lag2Neutral	39	true	false	false	21
Lag2Neutral	40	true	false	false
Lag2Neutral	41	true	false	false
Lag2Neutral	42	true	false	false
Lag2Neutral	43	false	false	true	125
Lag2Neutral	44	true	false	false
Lag2Neutral	45	false	true	false	14, 17, 21, 25
Lag2Neutral	46	true	false	false
Lag2Neutral	47	true	false	false
Lag2Neutral	48	true	false	false
Lag2Neutral	49	false	true	false	8, 9, 14, 15, 17, 21, 25
Lag2Neutral	50	true	false	false
Lag2Neutral	51	true	false	false
Lag2Neutral	52	true	false	false
Lag2Neutral	53	false	true	false	8, 14, 17, 21, 25, 100
Lag2Neutral	54	false	false	true	1, 3, 8, 17, 25, 26, 32, 38, 48, 49, 74, 82, 88, 89, 90, 95, 119, 126, 127, 128
Lag2Neutral	55	true	false	false	17, 25, 32, 120, 128
Lag2Neutral	56	false	true	false	1, 2, 25, 32, 48, 49, 57, 120, 123, 124, 126
Lag2Neutral	57	true	false	false
Lag2Neutral	58	false	true	true	1, 3, 8, 9, 14, 15, 17, 21, 22, 25, 26, 38, 43, 48, 119, 126, 127, 128
Lag2Neutral	59	true	false	false
Lag2Neutral	60	false	true	true	1, 2, 3, 4, 8, 9, 10, 11, 14, 15, 16, 17, 18, 19, 21, 22, 23, 25, 26, 27, 38, 44, 45, 46, 48, 49, 50, 56, 57, 63, 68, 73, 119, 126, 127, 128
Lag2Neutral	61	false	true	true	1, 39, 43, 56, 73, 81, 88, 94, 126
Lag2Neutral	62	true	false	false
Lag2Neutral	63	false	true	true	1, 2, 3, 5, 6, 7, 8, 9, 10, 11, 12, 13, 14, 15, 16, 17, 18, 19, 20, 21, 22, 23, 24, 25, 26, 27, 28, 29, 30, 31, 33, 34, 35, 36, 37, 38, 39, 43, 44, 46, 48, 49, 51, 53, 55, 56, 62, 65, 68, 69, 70, 71, 72, 73, 74, 75, 76, 77, 78, 79, 80, 81, 82, 83, 84, 85, 88, 89, 90, 91, 93, 94, 95, 96, 98, 102, 103, 104, 106, 109, 110, 111, 113, 114, 115, 117, 118, 119, 120, 122, 123, 124, 125, 126, 127, 128
Lag2Neutral	64	false	true	false	1, 2, 8, 17, 21, 27, 32, 34, 40, 41, 48, 49, 56, 63, 68, 69, 73, 74, 81, 82, 88, 89, 94, 95, 99, 100, 107, 113, 114, 116, 119, 120, 122, 126, 127
Lag2Neutral	65	false	true	false	1, 8, 38, 39, 40, 45, 46, 50, 55, 57, 64, 68, 73, 81, 82, 88, 94, 114, 115
Lag2Neutral	66	true	false	false
Lag2Neutral	67	false	true	false	8, 9, 14, 15, 17, 21, 25
Lag2Neutral	68	true	false	false
Lag2Neutral	69	false	true	false	1, 8, 9, 14, 15, 17, 21, 22, 25, 26, 125
Lag2Neutral	70	true	false	false
Lag2Neutral	71	true	false	false
Lag2Neutral	72	true	false	false
Lag2Neutral	73	true	false	false
Lag2Neutral	74	true	false	false
Lag2Neutral	75	true	false	false
Lag2Neutral	76	true	false	false
Lag2Neutral	77	false	true	false	8, 9, 14, 15, 17, 21, 22, 25, 26
Lag2Neutral	78	true	false	false
Lag2Neutral	79	true	false	false
Lag2Neutral	80	true	false	false	42, 73, 81, 88, 100
Lag2Neutral	81	false	true	true	1, 8, 9, 10, 14, 15, 16, 17, 21, 22, 25, 38, 48, 56, 88, 95, 113, 126, 127, 128
Lag2Neutral	82	true	false	false	1, 121
Lag2Neutral	83	true	false	false
Lag2Neutral	84	true	false	false
Lag2Neutral	85	true	false	false
Lag2Neutral	86	true	false	false
Lag2Neutral	87	true	false	false
Lag2Neutral	88	true	false	false	114
Lag2Neutral	89	false	true	false	1, 8, 9, 14, 15, 17, 21, 22, 25, 26, 127
Lag2Neutral	90	true	false	false	1, 63, 68, 69, 73, 81, 88, 114, 120
Lag2Neutral	91	true	false	false
Lag2Neutral	92	false	true	false	8, 9, 14, 15, 17, 21, 22, 25, 26
Lag2Neutral	93	true	false	false
Lag2Neutral	94	true	false	false
Lag2Neutral	95	true	false	false	114
Lag2Neutral	96	true	false	false	38, 48, 49, 119, 120, 127
Lag2Neutral	97	true	false	false	48
Lag2Neutral	98	true	false	false	1, 48, 56, 68, 73, 119, 120
Lag2Neutral	99	false	true	false	8, 9, 14, 15, 17, 21, 25
Lag2Neutral	100	false	true	true	1, 25, 26, 32, 33, 38, 39, 41, 43, 44, 45, 46, 47, 49, 50, 51, 55, 57, 114, 115, 120, 121, 122, 125, 126, 127, 128
Lag2Negative	1	true	false	false
Lag2Negative	2	true	false	false
Lag2Negative	3	true	false	false
Lag2Negative	4	true	false	false
Lag2Negative	5	true	false	false
Lag2Negative	6	false	false	true	8, 12, 17, 125
Lag2Negative	7	false	true	false	8, 17, 25, 26
Lag2Negative	8	true	false	false
Lag2Negative	9	true	false	false
Lag2Negative	10	true	false	false
Lag2Negative	11	true	false	false
Lag2Negative	12	true	false	false
Lag2Negative	13	true	false	false
Lag2Negative	14	true	false	false
Lag2Negative	15	true	false	false
Lag2Negative	16	true	false	false
Lag2Negative	17	true	false	false
Lag2Negative	18	true	false	false
Lag2Negative	19	true	false	false
Lag2Negative	20	false	true	true	1, 2, 3, 4, 5, 8, 9, 10, 11, 14, 15, 16, 17, 18, 20, 22, 23, 24, 25, 26, 27, 28, 29, 30, 32, 33, 34, 35, 36, 38, 39, 40, 41, 44, 45, 46, 47, 48, 49, 50, 51, 52, 57, 58, 59, 60, 63, 64, 65, 66, 68, 69, 70, 71, 72, 73, 74, 75, 76, 81, 82, 83, 84, 88, 89, 90, 91, 94, 95, 96, 97, 98, 99, 100, 101, 102, 103, 104, 107, 108, 109, 110, 111, 112, 115, 116, 117, 118, 120, 122, 123, 124, 125, 126
Lag2Negative	21	true	false	false
Lag2Negative	22	true	false	false
Lag2Negative	23	true	false	false
Lag2Negative	24	true	false	false	119
Lag2Negative	25	true	false	false
Lag2Negative	26	true	false	false
Lag2Negative	27	true	false	false	100
Lag2Negative	28	true	false	false
Lag2Negative	29	true	false	false
Lag2Negative	30	true	false	false	8
Lag2Negative	31	true	false	false
Lag2Negative	32	true	false	false
Lag2Negative	33	true	false	false
Lag2Negative	34	true	false	false
Lag2Negative	35	true	false	false	102
Lag2Negative	36	true	false	false
Lag2Negative	37	true	false	false
Lag2Negative	38	true	false	false
Lag2Negative	39	true	false	false	88
Lag2Negative	40	false	false	false	1, 56, 64, 68, 69, 73, 74, 81, 82, 89, 94, 99, 107, 113
Lag2Negative	41	true	false	false
Lag2Negative	42	false	true	true	1, 8, 17, 25, 125
Lag2Negative	43	true	false	false
Lag2Negative	44	false	true	false	14, 25
Lag2Negative	45	true	false	false
Lag2Negative	46	true	false	false
Lag2Negative	47	false	true	false	1, 3, 4, 8, 9, 10, 15, 16, 17, 21, 22, 23
Lag2Negative	48	true	false	false
Lag2Negative	49	true	false	false
Lag2Negative	50	true	false	false	94
Lag2Negative	51	true	false	false
Lag2Negative	52	true	false	false	100
Lag2Negative	53	false	true	true	1, 2, 3, 4, 7, 8, 10, 11, 13, 14, 16, 17, 18, 19, 20, 21, 22, 23, 24, 25, 26, 27, 28, 29, 30, 31, 32, 33, 34, 35, 36, 37, 38, 39, 40, 41, 43, 44, 47, 48, 50, 54, 55, 63, 64, 69, 74, 75, 78, 80, 82, 83, 88, 89, 90, 94, 95, 96, 99, 100, 108, 111, 114, 115, 116, 117, 118, 119, 120, 121, 122, 123, 125, 126, 127, 128
Lag2Negative	54	false	true	true	9, 10, 14, 15, 16, 17, 18, 21, 22, 25, 32
Lag2Negative	55	true	false	false	25, 26, 43, 48, 56
Lag2Negative	56	false	true	false	2, 8, 48
Lag2Negative	57	false	true	true	1, 2, 4, 14, 17, 21, 25, 27, 32, 38, 43, 48, 49, 50, 55, 56, 57, 64, 69, 108, 110, 113, 116, 119, 120, 122, 125, 126, 127, 128
Lag2Negative	58	true	false	false	7, 31, 49, 55, 78
Lag2Negative	59	false	true	true	1, 8, 9, 17, 21, 22, 25, 26, 27, 32, 38, 39, 40, 41, 43, 48, 49, 55, 56, 57, 58, 64, 68, 74, 81, 82, 83, 88, 89, 90, 94, 95, 99, 100, 107, 108, 113, 114, 115, 116, 119, 120, 121, 122, 125, 126, 127, 128
Lag2Negative	60	false	true	false	8, 14, 15, 17, 21, 22, 25, 26, 49, 114, 126, 127
Lag2Negative	61	true	false	false	120
Lag2Negative	62	true	false	false
Lag2Negative	63	true	false	false
Lag2Negative	64	false	true	false	25, 120
Lag2Negative	65	false	true	false	8, 9, 14, 15, 17, 21, 22, 25, 26, 68, 69, 73, 81
Lag2Negative	66	false	true	false	8, 9, 14, 15, 17, 21, 22, 25, 26, 58, 127
Lag2Negative	67	true	false	false
Lag2Negative	68	true	false	false
Lag2Negative	69	false	true	false	8, 9, 14, 15, 16, 17, 18, 21, 22, 23, 25, 26
Lag2Negative	70	true	false	false
Lag2Negative	71	false	true	true	1, 2, 8, 9, 17, 21, 25, 26, 32, 33, 38, 56, 120, 121, 125, 128
Lag2Negative	72	false	true	true	8, 9, 14, 15, 17, 21, 25, 32, 33, 38, 44, 56, 73, 81, 95, 120, 125
Lag2Negative	73	true	false	false
Lag2Negative	74	true	false	false
Lag2Negative	75	true	false	false
Lag2Negative	76	true	false	false
Lag2Negative	77	false	true	false	1, 8, 14, 17, 25, 26, 45, 56, 73, 81, 88, 89, 115
Lag2Negative	78	true	false	false
Lag2Negative	79	true	false	false	25, 89
Lag2Negative	80	true	false	false
Lag2Negative	81	false	false	true	1, 8, 9, 14, 17, 49, 56, 63, 64, 68, 69, 73, 74, 81, 82, 88, 89, 94, 99, 119, 120, 125
Lag2Negative	82	true	false	false
Lag2Negative	83	true	false	false	17, 56, 127
Lag2Negative	84	true	false	false
Lag2Negative	85	true	false	false
Lag2Negative	86	true	false	false
Lag2Negative	87	true	false	false	56
Lag2Negative	88	true	false	false	99
Lag2Negative	89	true	false	false	56
Lag2Negative	90	true	false	false	56
Lag2Negative	91	true	false	false	56
Lag2Negative	92	false	true	false	1, 8, 9, 10, 11, 14, 15, 16, 17, 18, 21, 22, 23, 25, 26
Lag2Negative	93	true	false	false
Lag2Negative	94	true	false	false
Lag2Negative	95	false	true	false	1, 8, 9, 10, 14, 15, 17, 21, 22, 23, 25, 26
Lag2Negative	96	false	true	false	1, 2, 32, 33, 46, 47, 51, 63, 68, 69, 73, 81, 82, 88, 114, 115, 116, 126
Lag2Negative	97	false	false	true	42, 44, 45, 48, 50, 51, 56, 57, 58, 59, 63, 64, 68, 69, 70, 73, 74, 81, 82, 88, 94, 95, 99, 107, 113, 114, 119, 120
Lag2Negative	98	true	false	false	68, 73, 119
Lag2Negative	99	true	false	false
Lag2Negative	100	true	false	false	32
Lag8Baseline	1	true	false	false
Lag8Baseline	2	true	false	false
Lag8Baseline	3	true	false	false
Lag8Baseline	4	true	false	false
Lag8Baseline	5	true	false	false
Lag8Baseline	6	true	false	false
Lag8Baseline	7	true	false	false
Lag8Baseline	8	true	false	false
Lag8Baseline	9	true	false	false
Lag8Baseline	10	true	false	false
Lag8Baseline	11	false	false	true	125
Lag8Baseline	12	true	false	false
Lag8Baseline	13	true	false	false
Lag8Baseline	14	true	false	false
Lag8Baseline	15	true	false	false
Lag8Baseline	16	true	false	false
Lag8Baseline	17	true	false	false
Lag8Baseline	18	true	false	false
Lag8Baseline	19	true	false	false
Lag8Baseline	20	false	true	true	1, 2, 3, 4, 5, 7, 8, 10, 11, 12, 13, 14, 16, 17, 18, 20, 23, 24, 25, 26, 27, 28, 29, 30, 31, 32, 33, 34, 35, 37, 39, 40, 41, 42, 44, 45, 46, 47, 49, 50, 51, 52, 53, 54, 56, 57, 58, 59, 60, 61, 63, 64, 65, 66, 67, 68, 69, 70, 71, 72, 73, 74, 75, 76, 77, 81, 82, 83, 84, 88, 89, 90, 91, 94, 95, 96, 97, 98, 99, 100, 101, 102, 103, 104, 105, 107, 108, 109, 110, 111, 112, 115, 116, 117, 118, 119, 122, 123, 124, 126
Lag8Baseline	21	true	false	false
Lag8Baseline	22	true	false	false
Lag8Baseline	23	true	false	false
Lag8Baseline	24	true	false	false
Lag8Baseline	25	true	false	false
Lag8Baseline	26	true	false	false
Lag8Baseline	27	true	false	false
Lag8Baseline	28	true	false	false
Lag8Baseline	29	true	false	false
Lag8Baseline	30	true	false	false
Lag8Baseline	31	false	true	false	1, 8, 25
Lag8Baseline	32	true	false	false
Lag8Baseline	33	true	false	false
Lag8Baseline	34	true	false	false
Lag8Baseline	35	true	false	false
Lag8Baseline	36	true	false	false
Lag8Baseline	37	false	true	false	1, 8, 25
Lag8Baseline	38	false	true	false	17, 25
Lag8Baseline	39	true	false	false	115
Lag8Baseline	40	true	false	false
Lag8Baseline	41	true	false	false
Lag8Baseline	42	true	false	false
Lag8Baseline	43	true	false	false
Lag8Baseline	44	false	false	true	1, 25, 32, 125
Lag8Baseline	45	false	false	true	32, 125
Lag8Baseline	46	true	false	false
Lag8Baseline	47	true	false	false
Lag8Baseline	48	true	false	false
Lag8Baseline	49	true	false	false
Lag8Baseline	50	true	false	false	8, 17, 25
Lag8Baseline	51	true	false	false
Lag8Baseline	52	true	false	false
Lag8Baseline	53	false	true	false	25
Lag8Baseline	54	true	false	false	1, 45, 48, 49, 50, 56, 57, 114, 115
Lag8Baseline	55	true	false	false	1, 32, 48, 49, 63, 119
Lag8Baseline	56	false	true	false	1, 2, 8, 9, 14, 17, 32, 48
Lag8Baseline	57	true	false	false	8, 17, 25, 43, 56, 94, 120, 126, 127
Lag8Baseline	58	true	false	false	2
Lag8Baseline	59	true	false	false	73, 81, 89, 94, 99
Lag8Baseline	60	true	false	false
Lag8Baseline	61	true	false	false
Lag8Baseline	62	true	false	false	82
Lag8Baseline	63	false	true	true	1, 8, 17, 25, 26, 32, 38, 120, 121, 128
Lag8Baseline	64	true	false	false
Lag8Baseline	65	true	false	false
Lag8Baseline	66	true	false	false
Lag8Baseline	67	true	false	false
Lag8Baseline	68	true	false	false
Lag8Baseline	69	true	false	false
Lag8Baseline	70	true	false	false
Lag8Baseline	71	true	false	false
Lag8Baseline	72	true	false	false
Lag8Baseline	73	true	false	false	122
Lag8Baseline	74	true	false	false
Lag8Baseline	75	true	false	false
Lag8Baseline	76	false	true	false	8, 25
Lag8Baseline	77	true	false	false
Lag8Baseline	78	true	false	false	55, 88
Lag8Baseline	79	true	false	false
Lag8Baseline	80	true	false	false
Lag8Baseline	81	true	false	false
Lag8Baseline	82	true	false	false
Lag8Baseline	83	true	false	false
Lag8Baseline	84	true	false	false
Lag8Baseline	85	true	false	false	56
Lag8Baseline	86	true	false	false
Lag8Baseline	87	true	false	false
Lag8Baseline	88	true	false	false
Lag8Baseline	89	true	false	false	31, 55
Lag8Baseline	90	true	false	false
Lag8Baseline	91	true	false	false
Lag8Baseline	92	true	false	false
Lag8Baseline	93	true	false	false
Lag8Baseline	94	false	true	false	1, 8, 46, 59, 68, 69, 73, 74, 81, 82, 88, 89, 94, 95, 96, 99, 126
Lag8Baseline	95	true	false	false	25, 73
Lag8Baseline	96	false	true	false	1, 2, 3, 8, 14, 17, 25, 32, 33, 38, 43, 48, 49, 69, 88, 94, 95, 100, 119, 120, 126, 127
Lag8Baseline	97	true	false	false
Lag8Baseline	98	true	false	false
Lag8Baseline	99	false	false	true	1, 32, 45, 128
Lag8Baseline	100	true	false	false
Lag8Neutral	1	true	false	false
Lag8Neutral	2	true	false	false
Lag8Neutral	3	true	false	false
Lag8Neutral	4	true	false	false
Lag8Neutral	5	true	false	false
Lag8Neutral	6	true	false	false
Lag8Neutral	7	true	false	false
Lag8Neutral	8	true	false	false
Lag8Neutral	9	true	false	false
Lag8Neutral	10	true	false	false
Lag8Neutral	11	true	false	false
Lag8Neutral	12	true	false	false
Lag8Neutral	13	true	false	false
Lag8Neutral	14	true	false	false
Lag8Neutral	15	true	false	false
Lag8Neutral	16	true	false	false
Lag8Neutral	17	true	false	false
Lag8Neutral	18	true	false	false
Lag8Neutral	19	true	false	false
Lag8Neutral	20	true	false	false
Lag8Neutral	21	true	false	false	119
Lag8Neutral	22	true	false	false	81
Lag8Neutral	23	true	false	false
Lag8Neutral	24	true	false	false
Lag8Neutral	25	true	false	false
Lag8Neutral	26	true	false	false
Lag8Neutral	27	true	false	false	80
Lag8Neutral	28	true	false	false	56
Lag8Neutral	29	true	false	false
Lag8Neutral	30	true	false	false
Lag8Neutral	31	true	false	false
Lag8Neutral	32	true	false	false
Lag8Neutral	33	true	false	false	2, 32, 41, 107
Lag8Neutral	34	true	false	false
Lag8Neutral	35	true	false	false
Lag8Neutral	36	true	false	false
Lag8Neutral	37	true	false	false
Lag8Neutral	38	false	true	false	1, 8, 25, 26
Lag8Neutral	39	false	true	false	1, 25
Lag8Neutral	40	true	false	false
Lag8Neutral	41	true	false	false
Lag8Neutral	42	true	false	false
Lag8Neutral	43	true	false	false
Lag8Neutral	44	true	false	false
Lag8Neutral	45	false	true	true	1, 2, 8, 9, 17, 21, 25, 26, 32, 33, 38, 56, 120, 121, 128
Lag8Neutral	46	true	false	false
Lag8Neutral	47	true	false	false
Lag8Neutral	48	true	false	false
Lag8Neutral	49	true	false	false
Lag8Neutral	50	true	false	false
Lag8Neutral	51	true	false	false
Lag8Neutral	52	true	false	false
Lag8Neutral	53	true	false	false
Lag8Neutral	54	true	false	false
Lag8Neutral	55	true	false	false
Lag8Neutral	56	false	true	false	1, 8, 17, 25, 41, 43, 48, 51, 52, 54, 56, 60, 63, 64, 68, 69, 73, 74, 81, 82, 88, 89, 94, 95, 99, 100, 107, 114, 115, 119
Lag8Neutral	57	false	true	true	1, 2, 25, 32, 40, 41, 50, 56, 58, 64, 68, 69, 73, 74, 81, 82, 88, 99, 100, 107, 113, 114, 115, 116, 120, 125, 126
Lag8Neutral	58	true	false	false	8, 17, 25
Lag8Neutral	59	false	true	false	8, 14, 25
Lag8Neutral	60	true	false	false
Lag8Neutral	61	true	false	false
Lag8Neutral	62	true	false	false
Lag8Neutral	63	true	false	false
Lag8Neutral	64	true	false	false	25
Lag8Neutral	65	true	false	false
Lag8Neutral	66	true	false	false
Lag8Neutral	67	true	false	false	1, 8, 26, 125, 128
Lag8Neutral	68	true	false	false
Lag8Neutral	69	true	false	false
Lag8Neutral	70	true	false	false
Lag8Neutral	71	true	false	false
Lag8Neutral	72	true	false	false
Lag8Neutral	73	true	false	false
Lag8Neutral	74	true	false	false
Lag8Neutral	75	true	false	false
Lag8Neutral	76	true	false	false	25, 56, 57
Lag8Neutral	77	true	false	false
Lag8Neutral	78	true	false	false
Lag8Neutral	79	true	false	false	1, 56, 63, 73, 81, 88, 94, 95, 99, 114
Lag8Neutral	80	true	false	false	1, 74, 88
Lag8Neutral	81	true	false	false
Lag8Neutral	82	true	false	false
Lag8Neutral	83	true	false	false
Lag8Neutral	84	true	false	false	56
Lag8Neutral	85	true	false	false	56
Lag8Neutral	86	true	false	false	56
Lag8Neutral	87	true	false	false	56
Lag8Neutral	88	true	false	false
Lag8Neutral	89	true	false	false
Lag8Neutral	90	true	false	false
Lag8Neutral	91	false	true	false	8, 9, 14, 17, 21, 25
Lag8Neutral	92	false	true	false	25
Lag8Neutral	93	true	false	false
Lag8Neutral	94	true	false	false
Lag8Neutral	95	true	false	false	1
Lag8Neutral	96	true	false	false
Lag8Neutral	97	true	false	false	119
Lag8Neutral	98	true	false	false
Lag8Neutral	99	true	false	false	114
Lag8Neutral	100	false	false	true	32, 38, 45, 47, 125, 128
Lag8Negative	1	true	false	false
Lag8Negative	2	true	false	false
Lag8Negative	3	true	false	false	74
Lag8Negative	4	true	false	false
Lag8Negative	5	true	false	false
Lag8Negative	6	true	false	false
Lag8Negative	7	true	false	false
Lag8Negative	8	true	false	false
Lag8Negative	9	true	false	false
Lag8Negative	10	true	false	false
Lag8Negative	11	true	false	false
Lag8Negative	12	true	false	false
Lag8Negative	13	true	false	false
Lag8Negative	14	true	false	false
Lag8Negative	15	true	false	false
Lag8Negative	16	true	false	false
Lag8Negative	17	true	false	false
Lag8Negative	18	true	false	false	120
Lag8Negative	19	true	false	false
Lag8Negative	20	true	false	false
Lag8Negative	21	false	true	false	17, 25, 26, 100
Lag8Negative	22	true	false	false
Lag8Negative	23	true	false	false
Lag8Negative	24	true	false	false
Lag8Negative	25	true	false	false
Lag8Negative	26	true	false	false
Lag8Negative	27	true	false	false
Lag8Negative	28	true	false	false
Lag8Negative	29	true	false	false
Lag8Negative	30	true	false	false
Lag8Negative	31	true	false	false
Lag8Negative	32	true	false	false
Lag8Negative	33	true	false	false
Lag8Negative	34	true	false	false	56
Lag8Negative	35	true	false	false
Lag8Negative	36	true	false	false
Lag8Negative	37	true	false	false
Lag8Negative	38	true	false	false
Lag8Negative	39	true	false	false	1, 45, 57, 115, 119
Lag8Negative	40	true	false	false
Lag8Negative	41	true	false	false
Lag8Negative	42	true	false	false
Lag8Negative	43	false	true	true	1, 2, 3, 8, 14, 17, 21, 25, 26, 32, 33, 38, 43, 44, 121, 125, 128
Lag8Negative	44	true	false	false
Lag8Negative	45	false	true	false	8, 25, 26
Lag8Negative	46	true	false	false
Lag8Negative	47	true	false	false
Lag8Negative	48	true	false	false
Lag8Negative	49	true	false	false
Lag8Negative	50	true	false	false
Lag8Negative	51	true	false	false
Lag8Negative	52	false	true	false	1, 8, 17, 21, 25, 33, 38, 44, 48, 58, 69, 70, 73, 74, 75, 76, 81, 82, 83, 84, 88, 89, 90, 94, 95, 96, 99, 100, 101, 115, 119, 120, 125, 126, 127, 128
Lag8Negative	53	true	false	false	64
Lag8Negative	54	true	false	false	48
Lag8Negative	55	true	false	false	25, 43
Lag8Negative	56	true	false	false	120
Lag8Negative	57	true	false	false
Lag8Negative	58	true	false	false	43
Lag8Negative	59	false	true	false	25
Lag8Negative	60	true	false	false
Lag8Negative	61	true	false	false	48, 108, 120
Lag8Negative	62	true	false	false
Lag8Negative	63	false	true	true	1, 25, 38, 43, 48, 64, 65, 68, 69, 70, 71, 72, 73, 74, 75, 76, 81, 82, 83, 84, 88, 89, 90, 94, 95, 96, 99, 119, 120, 126, 127, 128
Lag8Negative	64	true	false	false	17, 32, 38, 119
Lag8Negative	65	true	false	false	17, 56, 63, 68, 73, 81, 82, 88, 94, 107
Lag8Negative	66	false	true	false	1, 8, 14, 17, 21, 25, 26, 48, 51, 53, 56, 58, 63, 64, 68, 69, 73, 81, 82, 88, 89, 94, 99, 115, 119, 127
Lag8Negative	67	true	false	false
Lag8Negative	68	true	false	false	45, 56, 57, 115, 116
Lag8Negative	69	true	false	false	109
Lag8Negative	70	true	false	false
Lag8Negative	71	true	false	false
Lag8Negative	72	true	false	false
Lag8Negative	73	true	false	false
Lag8Negative	74	true	false	false
Lag8Negative	75	true	false	false
Lag8Negative	76	true	false	false
Lag8Negative	77	true	false	false	107
Lag8Negative	78	true	false	false
Lag8Negative	79	true	false	false
Lag8Negative	80	true	false	false
Lag8Negative	81	true	false	false	120
Lag8Negative	82	true	false	false	1, 120
Lag8Negative	83	false	true	false	25
Lag8Negative	84	true	false	false
Lag8Negative	85	true	false	false
Lag8Negative	86	true	false	false
Lag8Negative	87	true	false	false	1
Lag8Negative	88	true	false	false
Lag8Negative	89	true	false	false
Lag8Negative	90	true	false	false	56
Lag8Negative	91	true	false	false	56
Lag8Negative	92	true	false	false	1
Lag8Negative	93	true	false	false
Lag8Negative	94	true	false	false
Lag8Negative	95	true	false	false
Lag8Negative	96	false	true	false	25
Lag8Negative	97	true	false	false
Lag8Negative	98	true	false	false
Lag8Negative	99	true	false	false
Lag8Negative	100	true	false	false
L2NCorrect	1	true	false	false
L2NCorrect	2	true	false	false
L2NCorrect	3	true	false	false
L2NCorrect	4	true	false	false
L2NCorrect	5	true	false	false
L2NCorrect	6	true	false	false
L2NCorrect	7	true	false	false
L2NCorrect	8	true	false	false
L2NCorrect	9	true	false	false
L2NCorrect	10	true	false	false
L2NCorrect	11	true	false	false
L2NCorrect	12	true	false	false
L2NCorrect	13	true	false	false
L2NCorrect	14	true	false	false
L2NCorrect	15	false	true	true	1, 2, 3, 4, 5, 8, 9, 10, 11, 14, 15, 16, 17, 18, 20, 22, 23, 24, 25, 26, 27, 28, 29, 30, 32, 33, 34, 35, 36, 38, 39, 40, 41, 44, 45, 46, 47, 48, 49, 50, 51, 52, 57, 58, 59, 60, 63, 64, 65, 66, 68, 69, 70, 71, 72, 73, 74, 75, 76, 81, 82, 83, 84, 88, 89, 90, 91, 94, 95, 96, 97, 98, 99, 100, 101, 102, 103, 104, 107, 108, 109, 110, 111, 112, 115, 116, 117, 118, 120, 122, 123, 124, 125, 126
L2NCorrect	16	true	false	false
L2NCorrect	17	true	false	false
L2NCorrect	18	true	false	false
L2NCorrect	19	true	false	false	8
L2NCorrect	20	true	false	false
L2NCorrect	21	true	false	false	102
L2NCorrect	22	true	false	false
L2NCorrect	23	false	true	false	14, 25
L2NCorrect	24	false	true	false	1, 3, 4, 8, 9, 10, 15, 16, 17, 21, 22, 23
L2NCorrect	25	true	false	false
L2NCorrect	26	true	false	false	94
L2NCorrect	27	true	false	false
L2NCorrect	28	true	false	false	100
L2NCorrect	29	false	true	true	9, 10, 14, 15, 16, 17, 18, 21, 22, 25, 32
L2NCorrect	30	true	false	false	25, 26, 43, 48, 56
L2NCorrect	31	false	true	true	1, 2, 4, 14, 17, 21, 25, 27, 32, 38, 43, 48, 49, 50, 55, 56, 57, 64, 69, 108, 110, 113, 116, 119, 120, 122, 125, 126, 127, 128
L2NCorrect	32	true	false	false	7, 31, 49, 55, 78
L2NCorrect	33	false	true	false	8, 14, 15, 17, 21, 22, 25, 26, 49, 114, 126, 127
L2NCorrect	34	true	false	false	120
L2NCorrect	35	false	true	false	25, 120
L2NCorrect	36	false	true	false	8, 9, 14, 15, 17, 21, 22, 25, 26, 68, 69, 73, 81
L2NCorrect	37	false	true	false	8, 9, 14, 15, 17, 21, 22, 25, 26, 58, 127
L2NCorrect	38	true	false	false
L2NCorrect	39	false	true	false	8, 9, 14, 15, 16, 17, 18, 21, 22, 23, 25, 26
L2NCorrect	40	true	false	false
L2NCorrect	41	false	true	true	8, 9, 14, 15, 17, 21, 25, 32, 33, 38, 44, 56, 73, 81, 95, 120, 125
L2NCorrect	42	true	false	false
L2NCorrect	43	true	false	false
L2NCorrect	44	true	false	false
L2NCorrect	45	false	true	false	1, 8, 14, 17, 25, 26, 45, 56, 73, 81, 88, 89, 115
L2NCorrect	46	true	false	false	25, 89
L2NCorrect	47	true	false	false
L2NCorrect	48	true	false	false	17, 56, 127
L2NCorrect	49	true	false	false
L2NCorrect	50	true	false	false
L2NCorrect	51	true	false	false
L2NCorrect	52	true	false	false	99
L2NCorrect	53	true	false	false	56
L2NCorrect	54	false	true	false	1, 8, 9, 10, 11, 14, 15, 16, 17, 18, 21, 22, 23, 25, 26
L2NCorrect	55	true	false	false
L2NCorrect	56	false	true	false	1, 8, 9, 10, 14, 15, 17, 21, 22, 23, 25, 26
L2NCorrect	57	true	false	false	68, 73, 119
L2NCorrect	58	true	false	false
L2NIncorrect	1	false	false	true	8, 12, 17, 125
L2NIncorrect	2	false	true	false	8, 17, 25, 26
L2NIncorrect	3	true	false	false
L2NIncorrect	4	true	false	false
L2NIncorrect	5	true	false	false
L2NIncorrect	6	true	false	false
L2NIncorrect	7	true	false	false	119
L2NIncorrect	8	true	false	false
L2NIncorrect	9	true	false	false
L2NIncorrect	10	true	false	false	100
L2NIncorrect	11	true	false	false
L2NIncorrect	12	true	false	false
L2NIncorrect	13	true	false	false
L2NIncorrect	14	true	false	false
L2NIncorrect	15	true	false	false
L2NIncorrect	16	true	false	false
L2NIncorrect	17	true	false	false	88
L2NIncorrect	18	false	false	false	1, 56, 64, 68, 69, 73, 74, 81, 82, 89, 94, 99, 107, 113
L2NIncorrect	19	true	false	false
L2NIncorrect	20	false	true	true	1, 8, 17, 25, 125
L2NIncorrect	21	true	false	false
L2NIncorrect	22	true	false	false
L2NIncorrect	23	true	false	false
L2NIncorrect	24	true	false	false
L2NIncorrect	25	false	true	true	1, 2, 3, 4, 7, 8, 10, 11, 13, 14, 16, 17, 18, 19, 20, 21, 22, 23, 24, 25, 26, 27, 28, 29, 30, 31, 32, 33, 34, 35, 36, 37, 38, 39, 40, 41, 43, 44, 47, 48, 50, 54, 55, 63, 64, 69, 74, 75, 78, 80, 82, 83, 88, 89, 90, 94, 95, 96, 99, 100, 108, 111, 114, 115, 116, 117, 118, 119, 120, 121, 122, 123, 125, 126, 127, 128
L2NIncorrect	26	false	true	false	2, 8, 48
L2NIncorrect	27	false	true	true	1, 8, 9, 17, 21, 22, 25, 26, 27, 32, 38, 39, 40, 41, 43, 48, 49, 55, 56, 57, 58, 64, 68, 74, 81, 82, 83, 88, 89, 90, 94, 95, 99, 100, 107, 108, 113, 114, 115, 116, 119, 120, 121, 122, 125, 126, 127, 128
L2NIncorrect	28	true	false	false
L2NIncorrect	29	true	false	false
L2NIncorrect	30	true	false	false
L2NIncorrect	31	false	true	true	1, 2, 8, 9, 17, 21, 25, 26, 32, 33, 38, 56, 120, 121, 125, 128
L2NIncorrect	32	true	false	false
L2NIncorrect	33	true	false	false
L2NIncorrect	34	true	false	false
L2NIncorrect	35	false	false	true	1, 8, 9, 14, 17, 49, 56, 63, 64, 68, 69, 73, 74, 81, 82, 88, 89, 94, 99, 119, 120, 125
L2NIncorrect	36	true	false	false	56
L2NIncorrect	37	true	false	false	56
L2NIncorrect	38	true	false	false	56
L2NIncorrect	39	true	false	false
L2NIncorrect	40	false	true	false	1, 2, 32, 33, 46, 47, 51, 63, 68, 69, 73, 81, 82, 88, 114, 115, 116, 126
L2NIncorrect	41	false	false	true	42, 44, 45, 48, 50, 51, 56, 57, 58, 59, 63, 64, 68, 69, 70, 73, 74, 81, 82, 88, 94, 95, 99, 107, 113, 114, 119, 120
L2NIncorrect	42	true	false	false	32
