Category	Segment number	Segment Good	Eye Blinks	Eye Movements	Bad Channels
Lag2Baseline	1	true	false	false	8
Lag2Baseline	2	true	false	false	49, 115
Lag2Baseline	3	false	false	false	21, 33, 34, 90, 97, 101, 109, 110, 114, 115, 116, 122
Lag2Baseline	4	true	false	false	49
Lag2Baseline	5	true	false	false	49
Lag2Baseline	6	true	false	false	49
Lag2Baseline	7	true	false	false
Lag2Baseline	8	true	false	false
Lag2Baseline	9	true	false	false	49
Lag2Baseline	10	true	false	false	49, 113
Lag2Baseline	11	true	false	false	49
Lag2Baseline	12	true	false	false	49
Lag2Baseline	13	false	true	false	1, 2, 3, 4, 8, 9, 10, 14, 15, 16, 17, 21, 22, 27, 29, 33, 34, 39, 40, 45, 47, 49, 63, 65, 66, 73, 81, 82, 83, 88, 90, 92, 93, 94, 95, 96, 97, 98, 100, 101, 102, 103, 104, 107, 108, 109, 110, 111, 114, 115, 116, 117, 119, 120, 121, 122, 123, 124, 127
Lag2Baseline	14	true	false	false	29
Lag2Baseline	15	true	false	false
Lag2Baseline	16	true	false	false	32, 49
Lag2Baseline	17	true	false	false
Lag2Baseline	18	true	false	false
Lag2Baseline	19	true	false	false	51
Lag2Baseline	20	true	false	false	49
Lag2Baseline	21	true	false	false
Lag2Baseline	22	true	false	false
Lag2Baseline	23	true	false	false	49
Lag2Baseline	24	true	false	false	49
Lag2Baseline	25	false	true	false	25, 49, 99, 107
Lag2Baseline	26	true	false	false	46, 49, 91
Lag2Baseline	27	true	false	false
Lag2Baseline	28	true	false	false	49, 91
Lag2Baseline	29	false	true	false	2, 8, 9, 14, 17, 21, 25, 49, 68, 73, 74, 75, 82, 83, 91, 126
Lag2Baseline	30	true	false	false	49
Lag2Baseline	31	false	true	false	126
Lag2Baseline	32	true	false	false	36
Lag2Baseline	33	true	false	false	91
Lag2Baseline	34	true	false	false
Lag2Baseline	35	true	false	false
Lag2Baseline	36	true	false	false	91
Lag2Baseline	37	false	true	false	8, 14, 17, 21, 25, 91
Lag2Baseline	38	true	false	false	91
Lag2Baseline	39	false	true	true	1, 2, 3, 4, 6, 7, 8, 9, 10, 11, 12, 13, 14, 15, 16, 17, 18, 19, 20, 21, 22, 23, 24, 25, 26, 27, 28, 29, 32, 33, 34, 35, 36, 37, 38, 39, 40, 41, 42, 43, 44, 45, 46, 47, 48, 49, 51, 52, 53, 55, 59, 60, 62, 63, 65, 66, 67, 68, 69, 70, 71, 72, 73, 74, 75, 76, 81, 82, 83, 84, 88, 89, 90, 92, 93, 94, 95, 96, 97, 98, 99, 100, 101, 102, 103, 104, 107, 108, 109, 110, 113, 114, 115, 116, 117, 118, 119, 120, 121, 122, 123, 124, 125, 126, 127, 128
Lag2Baseline	40	true	false	false	91
Lag2Baseline	41	true	false	false	79, 91, 112
Lag2Baseline	42	true	false	false	36, 91
Lag2Baseline	43	false	true	false	8, 14, 17, 21, 25, 34, 36, 49, 91, 126
Lag2Baseline	44	true	false	false	36, 91
Lag2Baseline	45	true	false	false	36, 91
Lag2Baseline	46	false	false	false	3, 10, 15, 16, 17, 19, 20, 23, 27, 29, 33, 36, 39, 40, 43, 44, 48, 49, 63, 79, 80, 91, 92, 98, 99, 100, 101, 102, 107, 112, 113, 114, 115, 116, 119, 121, 122, 123
Lag2Baseline	47	true	false	false	8, 21, 36
Lag2Baseline	48	false	true	false	2, 8, 9, 14, 15, 17, 21, 22, 25, 36, 91
Lag2Baseline	49	false	true	true	1, 2, 3, 4, 8, 9, 10, 11, 12, 14, 15, 16, 17, 18, 19, 20, 21, 22, 23, 24, 25, 26, 27, 32, 33, 34, 35, 36, 38, 39, 40, 42, 45, 47, 51, 56, 59, 63, 65, 66, 68, 70, 71, 81, 83, 88, 90, 94, 95, 96, 97, 98, 99, 100, 101, 102, 103, 107, 108, 109, 110, 114, 115, 116, 117, 119, 120, 121, 122, 123, 124, 127, 128
Lag2Baseline	50	false	true	false	8, 17, 21, 79
Lag2Baseline	51	true	false	false	36
Lag2Baseline	52	false	true	false	8, 14, 17, 21, 25, 36, 107
Lag2Baseline	53	false	true	true	1, 2, 3, 4, 6, 7, 8, 9, 10, 11, 12, 13, 14, 15, 16, 17, 18, 19, 20, 21, 22, 23, 24, 25, 26, 27, 28, 29, 31, 32, 33, 34, 35, 36, 38, 39, 40, 41, 42, 43, 44, 45, 46, 47, 48, 49, 50, 51, 52, 53, 55, 56, 57, 58, 59, 60, 61, 62, 63, 64, 65, 66, 67, 68, 69, 70, 71, 73, 74, 75, 76, 81, 83, 84, 85, 88, 89, 90, 92, 93, 94, 95, 96, 97, 98, 99, 100, 101, 102, 103, 104, 107, 108, 109, 113, 114, 115, 116, 117, 118, 119, 120, 121, 122, 123, 124, 125, 126, 127, 128
Lag2Baseline	54	true	false	false	36, 77, 79, 80, 112
Lag2Baseline	55	false	false	true	125
Lag2Baseline	56	false	true	false	1, 2, 8, 9, 14, 15, 17, 21, 22, 25, 36, 79
Lag2Baseline	57	false	true	true	1, 8, 21, 125, 126
Lag2Baseline	58	false	true	false	8, 14, 17, 21, 22, 25, 36, 72, 77, 79, 80, 91, 97, 110, 111, 112, 117, 118
Lag2Baseline	59	true	false	false	77
Lag2Baseline	60	false	true	false	1, 2, 3, 8, 9, 10, 14, 15, 17, 21, 22, 25, 36
Lag2Baseline	61	true	false	false	36
Lag2Baseline	62	true	false	false	36
Lag2Baseline	63	true	false	false	36, 77
Lag2Baseline	64	false	false	false	34, 36, 44, 49, 59, 61, 65, 66, 72, 77, 78, 79, 80, 81, 82, 91, 96, 97, 110, 111, 112, 114, 117, 118
Lag2Baseline	65	false	true	true	1, 2, 8, 9, 14, 15, 17, 21, 22, 25, 26, 32, 91, 121, 125, 126
Lag2Baseline	66	true	false	false	91
Lag2Baseline	67	true	false	false	91
Lag2Baseline	68	false	false	false	4, 24, 36, 49, 59, 61, 65, 66, 68, 69, 72, 73, 74, 75, 76, 77, 78, 79, 80, 82, 90, 91, 92, 93, 96, 97, 98, 105, 107, 110, 111, 112, 113, 117, 118
Lag2Baseline	69	true	false	false	36, 59, 66, 72, 77, 82, 88, 91, 97, 117
Lag2Baseline	70	true	false	false	36, 72, 91
Lag2Baseline	71	true	false	false	26, 36, 72, 77, 81, 91
Lag2Baseline	72	true	false	false	36, 49, 91
Lag2Baseline	73	false	false	false	24, 36, 49, 51, 52, 56, 59, 60, 65, 66, 67, 68, 69, 70, 71, 72, 73, 74, 75, 76, 77, 79, 80, 81, 82, 83, 84, 88, 90, 91, 92, 93, 94, 96, 97, 98, 99, 110, 111, 112, 117, 118
Lag2Baseline	74	true	false	false	36, 77, 91, 117
Lag2Baseline	75	true	false	false	24, 36, 44, 91
Lag2Baseline	76	false	true	false	44, 49, 61, 66, 67, 69, 72, 74, 77, 91, 94, 107, 113, 126, 127
Lag2Baseline	77	false	true	false	2, 8, 9, 14, 15, 17, 21, 22, 23, 25, 26, 32, 91, 126
Lag2Baseline	78	true	false	false	36, 59, 72, 77, 82, 91, 97, 112, 117
Lag2Baseline	79	false	true	false	8, 14, 17, 21, 22, 25, 32, 91, 126, 127
Lag2Baseline	80	true	false	false	91
Lag2Baseline	81	false	true	true	2, 3, 8, 9, 14, 15, 17, 18, 19, 20, 21, 22, 23, 25, 26, 33, 34, 35, 38, 39, 40, 43, 47, 48, 49, 50, 51, 57, 63, 70, 73, 74, 75, 81, 91, 92, 94, 96, 99, 101, 102, 107, 109, 114, 119, 120, 121, 122, 123, 124, 127, 128
Lag2Baseline	82	false	true	true	2, 8, 9, 14, 15, 17, 21, 22, 25, 26, 32, 36, 50, 51, 57, 58, 63, 64, 65, 66, 68, 69, 70, 71, 73, 74, 75, 77, 81, 82, 89, 91, 94, 119, 126
Lag2Baseline	83	false	true	false	8, 9, 14, 15, 17, 21, 22, 25, 57, 64, 69, 73, 74, 77, 91, 125, 126
Lag2Baseline	84	false	true	false	36, 77, 91, 92, 117, 127
Lag2Baseline	85	true	false	false	36, 77, 91
Lag2Baseline	86	false	true	false	8, 14, 17, 21, 22, 25, 66, 91
Lag2Baseline	87	false	false	false	24, 36, 43, 59, 61, 65, 66, 67, 70, 71, 72, 76, 77, 78, 79, 80, 82, 83, 91, 92, 93, 96, 97, 98, 102, 110, 111, 112, 117, 118
Lag2Baseline	88	false	true	false	8, 9, 14, 15, 17, 21, 24, 25, 36, 59, 65, 66, 71, 72, 75, 77, 82, 91, 92, 96, 97, 117, 126, 127
Lag2Baseline	89	false	false	false	36, 59, 66, 72, 77, 82, 91, 96, 97, 110, 117
Lag2Baseline	90	true	false	false	91
Lag2Baseline	91	false	true	false	8, 9, 14, 15, 17, 21, 22, 25, 36, 77, 82, 126
Lag2Baseline	92	true	false	false	63, 71, 77, 91
Lag2Baseline	93	true	false	false	71, 91
Lag2Baseline	94	false	true	false	2, 8, 9, 14, 15, 17, 21, 22, 24, 25, 36, 59, 60, 61, 65, 66, 67, 70, 71, 72, 73, 76, 77, 78, 82, 91, 92, 93, 96, 97, 98, 107, 110, 111, 112, 113, 117, 118
Lag2Baseline	95	false	true	false	36, 59, 61, 65, 66, 71, 72, 77, 78, 82, 91, 92, 96, 97, 98, 110, 111, 117, 118, 127
Lag2Baseline	96	false	true	false	2, 8, 9, 14, 15, 17, 21, 22, 24, 25, 36, 59, 65, 66, 71, 72, 77, 82, 91, 96, 97, 98, 110, 117, 118, 126
Lag2Baseline	97	false	false	false	24, 36, 59, 61, 65, 66, 71, 72, 77, 78, 82, 91, 92, 96, 97, 98, 110, 111, 112, 117, 118
Lag2Baseline	98	false	false	false	24, 32, 36, 59, 60, 61, 65, 66, 67, 70, 71, 72, 77, 78, 82, 91, 92, 96, 97, 98, 110, 111, 112, 117, 118
Lag2Baseline	99	true	false	false	36, 77, 91, 119
Lag2Baseline	100	false	false	false	24, 36, 59, 61, 65, 66, 71, 72, 76, 77, 78, 82, 91, 92, 93, 96, 97, 98, 110, 111, 112, 117, 118
Lag2Neutral	1	true	false	false	49
Lag2Neutral	2	true	false	false
Lag2Neutral	3	false	true	false	1, 2, 3, 4, 8, 9, 10, 11, 14, 15, 16, 17, 18, 21, 22, 26, 27, 28, 29, 33, 34, 35, 36, 39, 40, 41, 42, 45, 47, 49, 52, 63, 65, 66, 68, 73, 81, 83, 88, 92, 93, 94, 95, 96, 97, 98, 100, 101, 102, 103, 107, 108, 109, 110, 111, 114, 115, 116, 117, 118, 119, 120, 121, 122, 123, 124, 127
Lag2Neutral	4	true	false	false	49
Lag2Neutral	5	false	true	true	1, 2, 3, 4, 6, 7, 8, 9, 10, 11, 12, 13, 14, 15, 16, 17, 18, 19, 20, 21, 22, 23, 25, 26, 27, 28, 29, 31, 32, 33, 34, 35, 36, 37, 38, 39, 40, 41, 42, 43, 44, 45, 46, 47, 48, 49, 50, 51, 52, 53, 56, 57, 58, 59, 62, 63, 64, 65, 66, 68, 69, 70, 71, 72, 73, 74, 75, 76, 77, 78, 79, 80, 81, 82, 83, 84, 85, 86, 87, 88, 89, 90, 91, 92, 93, 94, 95, 96, 97, 98, 99, 100, 101, 102, 103, 104, 105, 106, 107, 108, 109, 110, 111, 112, 113, 114, 115, 116, 117, 118, 119, 120, 121, 122, 123, 124, 125, 126, 127, 128
Lag2Neutral	6	true	false	false
Lag2Neutral	7	false	true	false	8
Lag2Neutral	8	false	true	true	1, 2, 3, 4, 8, 9, 14, 15, 17, 21, 26, 27, 33, 34, 40, 45, 46, 50, 51, 57, 81, 88, 94, 97, 98, 99, 100, 101, 102, 103, 107, 108, 109, 111, 114, 115, 116, 117, 119, 121, 122, 123, 124, 126
Lag2Neutral	9	true	false	false	49
Lag2Neutral	10	false	true	false	8, 14, 17, 21, 25, 68, 69, 73, 74
Lag2Neutral	11	true	false	false
Lag2Neutral	12	true	false	false
Lag2Neutral	13	true	false	false	49
Lag2Neutral	14	true	false	false	49
Lag2Neutral	15	true	false	false
Lag2Neutral	16	true	false	false
Lag2Neutral	17	true	false	false
Lag2Neutral	18	false	true	true	1, 2, 3, 4, 5, 6, 7, 8, 9, 10, 11, 12, 13, 14, 15, 16, 17, 18, 19, 20, 21, 22, 23, 24, 25, 26, 27, 28, 29, 32, 33, 34, 35, 36, 38, 39, 40, 41, 42, 43, 44, 45, 46, 47, 48, 49, 50, 51, 52, 53, 55, 57, 59, 60, 63, 64, 65, 66, 67, 68, 69, 70, 71, 72, 73, 74, 75, 76, 81, 82, 83, 86, 87, 88, 90, 92, 94, 95, 96, 97, 98, 99, 100, 101, 102, 103, 105, 106, 107, 108, 109, 110, 113, 114, 115, 116, 117, 119, 120, 121, 122, 123, 124, 127, 128
Lag2Neutral	19	true	false	false
Lag2Neutral	20	false	true	false	2, 8, 9, 14, 15, 17, 21, 22, 25, 49, 126
Lag2Neutral	21	true	false	false
Lag2Neutral	22	true	false	false	49
Lag2Neutral	23	true	false	false	49
Lag2Neutral	24	true	false	false	49
Lag2Neutral	25	true	false	false	49
Lag2Neutral	26	true	false	false
Lag2Neutral	27	true	false	false
Lag2Neutral	28	true	false	false
Lag2Neutral	29	true	false	false	49
Lag2Neutral	30	false	false	true	49, 91, 125
Lag2Neutral	31	true	false	false
Lag2Neutral	32	true	false	false
Lag2Neutral	33	false	true	false	1, 2, 3, 4, 8, 9, 10, 14, 15, 21, 22, 27, 29, 33, 34, 35, 36, 37, 39, 40, 41, 45, 47, 52, 57, 62, 63, 64, 65, 66, 68, 69, 70, 71, 72, 73, 74, 75, 76, 81, 82, 83, 84, 85, 88, 89, 90, 91, 92, 93, 94, 95, 96, 97, 98, 99, 100, 101, 102, 103, 104, 107, 108, 109, 110, 114, 115, 116, 117, 119, 120, 121, 122, 123, 124, 126, 127
Lag2Neutral	34	true	false	false
Lag2Neutral	35	true	false	false
Lag2Neutral	36	true	false	false	49, 65, 114, 122
Lag2Neutral	37	true	false	false	34
Lag2Neutral	38	true	false	false	49
Lag2Neutral	39	true	false	false	49, 91, 114, 117
Lag2Neutral	40	true	false	false
Lag2Neutral	41	false	true	false	2, 3, 9, 14, 15, 17, 18, 21, 22, 23, 26, 27, 39, 49, 91, 101, 107, 114, 115, 117, 123, 124
Lag2Neutral	42	false	true	true	1, 2, 3, 4, 6, 7, 8, 9, 10, 11, 12, 13, 14, 15, 16, 17, 18, 19, 20, 21, 22, 23, 24, 25, 26, 27, 28, 29, 31, 32, 33, 34, 35, 36, 37, 38, 39, 40, 41, 42, 43, 44, 45, 46, 47, 48, 49, 50, 51, 52, 53, 54, 55, 56, 57, 58, 59, 60, 61, 62, 63, 64, 65, 66, 67, 68, 69, 70, 71, 73, 74, 75, 76, 81, 83, 84, 85, 87, 88, 90, 91, 92, 93, 94, 95, 96, 97, 98, 99, 100, 101, 102, 103, 104, 106, 107, 108, 109, 110, 113, 114, 115, 116, 117, 118, 119, 120, 121, 122, 123, 124, 125, 126, 127, 128
Lag2Neutral	43	true	false	false	36, 91, 117
Lag2Neutral	44	true	false	false	36, 49, 78, 79, 80, 112
Lag2Neutral	45	false	true	false	8, 14, 15, 17, 21, 22, 25, 36, 77, 78, 79, 80, 91, 112, 117
Lag2Neutral	46	true	false	false	21, 33, 36, 39, 79
Lag2Neutral	47	true	false	false	34, 36, 77, 78, 79, 80, 91, 112, 118
Lag2Neutral	48	true	false	false	36
Lag2Neutral	49	true	false	false	40, 51, 65, 66, 70, 90, 101, 115
Lag2Neutral	50	false	true	true	1, 2, 3, 4, 6, 7, 8, 9, 10, 11, 12, 13, 14, 15, 16, 17, 18, 19, 20, 21, 22, 23, 24, 25, 26, 27, 28, 29, 32, 33, 34, 35, 36, 37, 38, 39, 40, 41, 42, 43, 45, 46, 47, 48, 49, 50, 52, 53, 54, 55, 56, 57, 58, 59, 60, 61, 62, 63, 64, 65, 66, 67, 68, 69, 70, 71, 72, 73, 74, 75, 76, 77, 81, 83, 85, 88, 89, 90, 92, 93, 95, 96, 97, 98, 99, 100, 101, 102, 103, 104, 107, 108, 109, 110, 113, 114, 115, 116, 117, 119, 120, 121, 122, 123, 124, 125, 126, 127, 128
Lag2Neutral	51	false	true	false	8, 9, 14, 17, 21, 25, 36, 117, 126
Lag2Neutral	52	false	false	false	2, 3, 14, 17, 33, 34, 36, 39, 40, 63, 66, 88, 90, 94, 95, 97, 99, 100, 101, 102, 107, 108, 109, 110, 114, 115, 116, 117, 121, 122, 123, 124
Lag2Neutral	53	true	false	false
Lag2Neutral	54	true	false	false
Lag2Neutral	55	true	false	false	36, 77, 79, 80, 112, 117, 118
Lag2Neutral	56	false	false	false	36, 72, 77, 79, 80, 91, 97, 110, 112, 113, 117, 118
Lag2Neutral	57	false	true	false	8, 17, 25, 33, 36, 61, 66, 72, 77, 79, 80, 91, 97, 101, 105, 110, 111, 112, 115, 117, 118
Lag2Neutral	58	false	false	false	36, 72, 77, 79, 80, 91, 97, 110, 111, 112, 117, 118
Lag2Neutral	59	false	false	true	63, 68, 69, 74, 81, 107, 113, 125
Lag2Neutral	60	true	false	false	36
Lag2Neutral	61	false	false	false	34, 36, 44, 59, 66, 69, 72, 77, 81, 82, 84, 107, 113
Lag2Neutral	62	false	true	false	8, 14, 17, 21
Lag2Neutral	63	true	false	false	36
Lag2Neutral	64	true	false	false
Lag2Neutral	65	true	false	false	36
Lag2Neutral	66	true	false	false	101, 115
Lag2Neutral	67	true	false	false	91
Lag2Neutral	68	true	false	false	36
Lag2Neutral	69	true	false	false	36
Lag2Neutral	70	false	false	false	1, 2, 3, 8, 9, 14, 22, 36, 72, 77, 91, 97, 115, 117, 123, 124
Lag2Neutral	71	true	false	false	91
Lag2Neutral	72	false	false	true	24, 27, 33, 36, 48, 49, 59, 61, 64, 65, 66, 68, 69, 70, 71, 72, 73, 74, 75, 76, 77, 78, 79, 80, 81, 82, 83, 84, 88, 90, 91, 92, 93, 94, 96, 97, 98, 100, 102, 107, 110, 111, 112, 113, 117, 118, 122, 125
Lag2Neutral	73	false	false	false	33, 36, 59, 66, 72, 73, 74, 77, 81, 82, 84, 88, 90, 91, 96, 97, 110, 117
Lag2Neutral	74	false	true	false	17, 24, 36, 39, 43, 44, 48, 49, 51, 56, 59, 61, 64, 66, 67, 68, 69, 70, 71, 72, 73, 74, 75, 77, 79, 81, 82, 84, 86, 88, 89, 91, 94, 96, 97, 99, 107, 110, 111, 112, 113, 117, 118, 126, 127
Lag2Neutral	75	false	false	true	38, 43, 44, 91, 128
Lag2Neutral	76	false	true	false	24, 25, 32, 36, 39, 49, 56, 57, 59, 61, 63, 66, 68, 69, 72, 73, 74, 75, 76, 77, 78, 79, 80, 81, 82, 83, 88, 91, 94, 96, 97, 98, 107, 110, 111, 112, 113, 114, 115, 117, 118, 119, 126
Lag2Neutral	77	true	false	false	36, 59, 72, 77, 82, 91, 97, 117
Lag2Neutral	78	true	false	false	91
Lag2Neutral	79	true	false	false	91
Lag2Neutral	80	true	false	false	36, 91
Lag2Neutral	81	true	false	false	36, 69, 77, 91
Lag2Neutral	82	false	false	false	6, 24, 36, 42, 46, 49, 56, 57, 59, 60, 61, 63, 64, 65, 66, 67, 68, 69, 70, 71, 72, 73, 74, 75, 76, 77, 78, 79, 80, 81, 82, 83, 84, 87, 88, 90, 91, 92, 93, 94, 96, 97, 98, 99, 100, 102, 107, 110, 111, 112, 113, 117, 118, 119
Lag2Neutral	83	false	true	false	24, 36, 56, 59, 61, 63, 65, 66, 67, 70, 71, 72, 76, 77, 78, 79, 80, 81, 82, 83, 84, 90, 91, 92, 93, 96, 97, 98, 107, 110, 111, 112, 117, 118, 127
Lag2Neutral	84	true	false	false	36, 91
Lag2Neutral	85	false	true	false	8, 9, 14, 17, 21, 25, 77, 91
Lag2Neutral	86	false	true	false	2, 8, 9, 14, 15, 17, 21, 22, 24, 25, 36, 44, 59, 66, 72, 77, 82, 91, 96, 97, 110, 117
Lag2Neutral	87	false	false	false	24, 36, 44, 59, 61, 65, 66, 71, 72, 77, 82, 91, 96, 97, 98, 110, 111, 112, 117
Lag2Neutral	88	false	true	false	4, 6, 8, 9, 10, 14, 15, 16, 17, 21, 22, 24, 25, 29, 30, 36, 42, 46, 52, 53, 55, 59, 60, 61, 65, 66, 67, 69, 70, 71, 72, 73, 74, 75, 76, 77, 78, 79, 80, 81, 82, 83, 84, 86, 87, 88, 90, 91, 92, 93, 96, 97, 98, 100, 102, 103, 104, 105, 107, 109, 110, 111, 112, 113, 117, 118, 123, 124, 126
Lag2Neutral	89	true	false	false	36, 77, 91
Lag2Neutral	90	true	false	false	36
Lag2Neutral	91	true	false	false	36, 82, 91
Lag2Neutral	92	true	false	false	36, 67, 77, 82, 91
Lag2Neutral	93	true	false	false	77, 91
Lag2Neutral	94	true	false	false	77, 82, 91
Lag2Neutral	95	false	false	false	36, 59, 61, 65, 66, 70, 71, 72, 77, 78, 82, 91, 92, 96, 97, 98, 110, 111, 113, 117, 118
Lag2Neutral	96	false	false	false	36, 59, 61, 66, 71, 72, 77, 82, 91, 92, 96, 97, 98, 110, 111, 117
Lag2Neutral	97	false	false	false	24, 36, 59, 61, 65, 66, 67, 70, 71, 72, 77, 78, 82, 91, 92, 96, 97, 98, 110, 111, 117
Lag2Neutral	98	false	true	false	8, 21, 24, 32, 36, 59, 61, 65, 66, 70, 71, 72, 73, 77, 78, 82, 91, 92, 96, 97, 98, 110, 111, 117, 118
Lag2Neutral	99	false	true	false	2, 3, 4, 5, 6, 8, 9, 14, 15, 17, 18, 21, 22, 23, 24, 25, 26, 27, 28, 29, 30, 32, 33, 34, 36, 39, 40, 42, 46, 48, 49, 51, 52, 53, 55, 57, 59, 60, 61, 63, 65, 66, 67, 69, 70, 71, 72, 73, 74, 75, 76, 77, 78, 79, 80, 81, 82, 83, 84, 87, 88, 90, 91, 92, 93, 94, 95, 96, 97, 98, 99, 100, 101, 102, 103, 104, 105, 107, 108, 110, 111, 112, 113, 114, 116, 117, 118, 119, 121, 122, 123, 124, 126, 127, 128
Lag2Neutral	100	false	false	false	4, 9, 24, 36, 52, 59, 60, 61, 65, 66, 67, 70, 71, 72, 76, 77, 78, 79, 80, 82, 83, 84, 90, 91, 92, 93, 96, 97, 98, 102, 103, 104, 107, 110, 111, 112, 113, 117, 118, 123
Lag2Negative	1	true	false	false	49
Lag2Negative	2	true	false	false	8
Lag2Negative	3	false	true	true	1, 8, 121, 125
Lag2Negative	4	false	false	true	8, 125
Lag2Negative	5	true	false	false	1, 8, 126
Lag2Negative	6	true	false	false
Lag2Negative	7	true	false	false
Lag2Negative	8	true	false	false	8, 49
Lag2Negative	9	true	false	false
Lag2Negative	10	true	false	false	49
Lag2Negative	11	true	false	false	49
Lag2Negative	12	false	true	false	2, 8, 9, 14, 15, 17, 21, 22, 25, 49, 126, 127
Lag2Negative	13	true	false	false	49
Lag2Negative	14	true	false	false	49
Lag2Negative	15	false	true	false	2, 3, 8, 9, 14, 15, 17, 21, 27, 29, 33, 34, 36, 39, 40, 47, 49, 62, 63, 65, 66, 81, 82, 83, 84, 85, 88, 89, 90, 91, 92, 93, 94, 95, 96, 97, 98, 99, 100, 101, 102, 103, 104, 107, 108, 109, 110, 114, 115, 116, 117, 119, 121, 122, 123, 124
Lag2Negative	16	true	false	false
Lag2Negative	17	true	false	false
Lag2Negative	18	true	false	false	49
Lag2Negative	19	true	false	false
Lag2Negative	20	true	false	false	15, 17, 21, 22, 26, 27, 33, 39, 49
Lag2Negative	21	false	false	true	49, 107, 113, 114, 125
Lag2Negative	22	false	true	true	1, 2, 3, 5, 6, 8, 9, 10, 11, 12, 13, 14, 15, 16, 17, 18, 19, 20, 21, 22, 23, 24, 25, 26, 27, 29, 33, 34, 36, 38, 39, 40, 41, 42, 43, 44, 45, 46, 47, 48, 49, 57, 59, 63, 65, 66, 81, 88, 97, 99, 100, 101, 102, 106, 108, 109, 113, 114, 115, 116, 119, 122, 123, 124, 125, 126, 127, 128
Lag2Negative	23	true	false	false	49
Lag2Negative	24	true	false	false	49
Lag2Negative	25	false	true	true	1, 2, 3, 4, 6, 8, 9, 10, 11, 12, 13, 14, 15, 16, 17, 18, 19, 20, 21, 22, 23, 24, 25, 26, 27, 28, 29, 32, 33, 34, 35, 36, 38, 39, 40, 41, 42, 43, 45, 46, 47, 48, 52, 53, 59, 60, 63, 64, 65, 66, 67, 68, 69, 70, 71, 72, 73, 74, 75, 81, 82, 83, 88, 89, 90, 94, 95, 96, 97, 98, 100, 101, 102, 103, 107, 108, 109, 110, 114, 115, 116, 117, 119, 121, 122, 123, 124, 127, 128
Lag2Negative	26	true	false	false	49
Lag2Negative	27	true	false	false	49
Lag2Negative	28	false	true	true	1, 8, 49, 125
Lag2Negative	29	true	false	false	49
Lag2Negative	30	true	false	false	49, 91
Lag2Negative	31	true	false	false
Lag2Negative	32	true	false	false	39, 81, 82
Lag2Negative	33	true	false	false	88
Lag2Negative	34	true	false	false
Lag2Negative	35	true	false	false	49
Lag2Negative	36	true	false	false	91
Lag2Negative	37	true	false	false	91
Lag2Negative	38	true	false	false	91
Lag2Negative	39	true	false	false	36, 81, 91
Lag2Negative	40	false	true	true	2, 3, 8, 9, 10, 11, 14, 15, 16, 17, 20, 21, 23, 25, 26, 27, 28, 29, 32, 33, 36, 38, 39, 40, 41, 42, 43, 44, 46, 48, 49, 50, 53, 57, 62, 63, 65, 66, 68, 69, 73, 74, 75, 81, 85, 88, 90, 91, 92, 93, 94, 96, 98, 99, 100, 101, 102, 107, 108, 109, 113, 114, 115, 116, 119, 120, 121, 122, 123, 125, 127
Lag2Negative	41	true	false	false	49, 77, 84, 91
Lag2Negative	42	false	true	true	1, 2, 3, 4, 6, 7, 8, 9, 10, 11, 12, 13, 14, 15, 16, 17, 18, 19, 20, 21, 22, 23, 24, 25, 26, 27, 31, 32, 33, 35, 36, 38, 39, 40, 41, 42, 43, 45, 48, 50, 56, 57, 58, 59, 63, 66, 81, 91, 100, 101, 102, 107, 108, 109, 114, 115, 119, 121, 122, 123, 124, 127, 128
Lag2Negative	43	false	false	false	3, 9, 10, 11, 13, 15, 16, 17, 18, 19, 20, 23, 24, 26, 29, 33, 34, 36, 38, 39, 40, 41, 43, 48, 49, 50, 57, 63, 68, 73, 74, 75, 78, 81, 88, 91, 92, 93, 94, 97, 98, 99, 100, 101, 102, 107, 109, 110, 114, 115, 116, 119, 120, 121, 122, 123, 127
Lag2Negative	44	true	false	false	8, 36, 49, 91, 117, 126
Lag2Negative	45	true	false	false	36
Lag2Negative	46	true	false	false	36
Lag2Negative	47	false	false	false	34, 36, 49, 56, 63, 64, 68, 69, 71, 73, 74, 75, 77, 82, 84, 89, 90, 91, 99, 107, 113
Lag2Negative	48	false	true	false	2, 3, 8, 9, 10, 14, 15, 17, 21, 25, 36, 39, 72, 107, 119, 121
Lag2Negative	49	false	true	false	8, 9, 14, 17, 21, 22, 25, 36
Lag2Negative	50	false	true	true	1, 2, 3, 4, 8, 9, 10, 11, 12, 13, 14, 15, 16, 17, 18, 19, 20, 21, 22, 23, 24, 25, 26, 27, 29, 32, 33, 34, 35, 36, 38, 39, 40, 41, 42, 43, 45, 47, 51, 59, 63, 66, 68, 70, 71, 75, 81, 83, 88, 90, 92, 94, 95, 96, 97, 98, 99, 100, 101, 102, 103, 107, 108, 109, 110, 114, 115, 116, 117, 119, 121, 122, 123, 124, 127, 128
Lag2Negative	51	true	false	false
Lag2Negative	52	true	false	false	70, 71, 73, 74, 75, 77
Lag2Negative	53	true	false	false	36, 49, 113
Lag2Negative	54	true	false	false	36
Lag2Negative	55	false	true	false	1, 2, 3, 4, 8, 9, 10, 14, 15, 17, 18, 21, 22, 23, 26, 27, 29, 33, 34, 36, 38, 39, 40, 41, 45, 46, 47, 48, 52, 62, 63, 66, 68, 69, 70, 71, 73, 74, 75, 76, 81, 82, 83, 84, 85, 88, 89, 90, 92, 93, 94, 95, 96, 97, 98, 99, 100, 101, 102, 103, 104, 107, 108, 109, 110, 114, 115, 116, 117, 118, 119, 120, 121, 122, 123, 124, 125, 127, 128
Lag2Negative	56	true	false	false	34, 36, 49, 57, 65, 107, 114, 124
Lag2Negative	57	true	false	false	36
Lag2Negative	58	false	true	false	2, 8, 9, 14, 15, 17, 21, 22, 25, 36
Lag2Negative	59	false	false	false	36, 72, 77, 79, 80, 91, 97, 110, 112, 117, 118
Lag2Negative	60	true	false	false	113
Lag2Negative	61	true	false	false	36, 77, 79, 117
Lag2Negative	62	true	false	false	77
Lag2Negative	63	true	false	false
Lag2Negative	64	true	false	false	36
Lag2Negative	65	true	false	false	36
Lag2Negative	66	true	false	false	24, 36, 69, 73, 74, 77, 107, 113, 128
Lag2Negative	67	false	true	true	1, 2, 3, 6, 8, 9, 10, 11, 12, 13, 14, 15, 16, 17, 18, 19, 20, 21, 22, 23, 24, 25, 26, 27, 29, 32, 33, 34, 35, 36, 37, 38, 39, 40, 41, 42, 43, 44, 45, 46, 47, 48, 50, 51, 52, 53, 55, 56, 57, 58, 59, 60, 61, 62, 63, 64, 65, 66, 68, 69, 70, 71, 72, 73, 74, 75, 76, 77, 78, 79, 80, 81, 82, 83, 85, 86, 87, 89, 90, 91, 92, 94, 95, 96, 97, 98, 99, 100, 101, 102, 103, 107, 108, 109, 110, 111, 112, 113, 114, 115, 116, 117, 118, 119, 120, 121, 122, 123, 124, 125, 126, 127, 128
Lag2Negative	68	false	true	true	1, 2, 8, 9, 14, 15, 17, 21, 22, 25, 32, 91, 120, 121, 125, 126
Lag2Negative	69	false	true	true	25, 33, 36, 44, 49, 56, 59, 61, 65, 66, 69, 70, 71, 72, 73, 76, 77, 78, 79, 80, 81, 82, 83, 84, 86, 88, 90, 91, 92, 93, 94, 96, 97, 98, 107, 110, 111, 112, 113, 115, 117, 118, 126
Lag2Negative	70	true	false	false	91
Lag2Negative	71	true	false	false	36, 59, 66, 72, 77, 79, 82, 91, 97, 117
Lag2Negative	72	false	false	false	5, 24, 27, 36, 59, 61, 65, 66, 68, 69, 71, 72, 74, 76, 77, 78, 79, 80, 81, 82, 83, 91, 93, 96, 97, 98, 107, 110, 111, 112, 113, 117, 118
Lag2Negative	73	false	false	true	32, 33, 34, 36, 38, 39, 43, 44, 45, 48, 49, 56, 61, 69, 74, 77, 82, 91, 117, 128
Lag2Negative	74	false	true	true	2, 8, 9, 14, 15, 17, 21, 22, 25, 36, 38, 39, 43, 44, 48, 77, 82, 91, 117, 128
Lag2Negative	75	false	false	false	36, 43, 48, 59, 66, 72, 77, 82, 91, 97, 110, 117
Lag2Negative	76	true	false	false	36, 77, 91, 97, 110, 117
Lag2Negative	77	true	false	false	36, 59, 72, 77, 88, 91, 97, 117
Lag2Negative	78	false	true	false	4, 8, 9, 14, 15, 17, 21, 22, 24, 25, 32, 36, 46, 53, 56, 59, 61, 65, 66, 67, 69, 70, 71, 72, 73, 74, 76, 77, 78, 79, 80, 81, 82, 83, 84, 88, 90, 91, 92, 93, 96, 97, 98, 102, 103, 107, 110, 111, 112, 117, 118, 123, 126
Lag2Negative	79	false	false	false	4, 24, 36, 59, 61, 65, 66, 71, 72, 76, 77, 78, 79, 80, 81, 82, 83, 90, 91, 92, 93, 96, 97, 98, 102, 110, 111, 112, 117, 118, 123
Lag2Negative	80	false	false	true	36, 44, 59, 61, 65, 66, 71, 72, 73, 77, 82, 91, 96, 97, 110, 111, 112, 117, 118, 125
Lag2Negative	81	true	false	false	91, 114, 124
Lag2Negative	82	true	false	false	36, 77, 91
Lag2Negative	83	true	false	false	77, 91
Lag2Negative	84	true	false	false	21, 77, 91
Lag2Negative	85	true	false	false	36, 66, 67, 77, 91
Lag2Negative	86	true	false	false	36, 59, 66, 72, 77, 82, 91, 96, 97, 117
Lag2Negative	87	true	false	false	77, 91
Lag2Negative	88	false	true	false	8, 14, 17, 21, 22, 25, 36, 69, 91
Lag2Negative	89	true	false	false	36, 59, 66, 72, 77, 82, 91, 97, 117
Lag2Negative	90	false	true	false	8, 14, 17, 21, 25, 36, 51, 66, 90, 91, 96, 97
Lag2Negative	91	true	false	false	60, 65, 77, 91, 95
Lag2Negative	92	false	false	false	36, 59, 61, 65, 66, 70, 71, 72, 77, 82, 91, 92, 96, 97, 98, 110, 111, 117
Lag2Negative	93	false	false	false	36, 59, 65, 66, 71, 72, 77, 82, 91, 92, 96, 97, 98, 110, 111, 112, 117, 118
Lag2Negative	94	false	true	false	8, 14, 17, 21, 24, 25, 36, 59, 61, 65, 66, 67, 70, 71, 72, 76, 77, 78, 82, 91, 92, 96, 97, 98, 110, 111, 112, 113, 117, 118, 126, 127
Lag2Negative	95	false	false	false	24, 36, 59, 61, 65, 66, 71, 72, 77, 78, 82, 91, 92, 96, 97, 98, 110, 111, 117
Lag2Negative	96	false	false	false	24, 36, 59, 61, 65, 66, 70, 71, 72, 77, 78, 82, 91, 92, 96, 97, 98, 110, 111, 112, 117, 118
Lag2Negative	97	false	false	false	8, 24, 36, 59, 61, 65, 66, 70, 71, 72, 77, 78, 82, 91, 92, 96, 97, 98, 110, 111, 117
Lag2Negative	98	false	false	false	15, 24, 36, 40, 57, 59, 61, 65, 66, 70, 71, 72, 76, 77, 78, 82, 91, 92, 96, 97, 98, 107, 110, 117, 119
Lag2Negative	99	false	true	false	2, 3, 8, 9, 10, 14, 15, 17, 18, 21, 22, 23, 26, 27, 32, 33, 34, 35, 38, 39, 40, 43, 47, 48, 57, 59, 62, 63, 66, 70, 77, 81, 82, 88, 91, 95, 97, 99, 100, 101, 102, 107, 114, 115, 116, 117, 119, 120, 121, 122, 123, 124, 127, 128
Lag2Negative	100	false	true	false	2, 8, 9, 14, 15, 17, 21, 22, 25, 36, 59, 71, 73, 74, 77, 82, 91, 97, 107, 117
Lag8Baseline	1	true	false	false	49
Lag8Baseline	2	true	false	false	49
Lag8Baseline	3	true	false	false	49
Lag8Baseline	4	true	false	false	49
Lag8Baseline	5	true	false	false	49
Lag8Baseline	6	false	true	false	8, 49, 121, 126
Lag8Baseline	7	true	false	false	49
Lag8Baseline	8	false	true	true	8, 49, 125
Lag8Baseline	9	true	false	false	49
Lag8Baseline	10	true	false	false	49
Lag8Baseline	11	true	false	false
Lag8Baseline	12	true	false	false	49
Lag8Baseline	13	true	false	false	49
Lag8Baseline	14	true	false	false	49
Lag8Baseline	15	true	false	false	99, 107, 121, 122
Lag8Baseline	16	false	true	false	2, 3, 8, 9, 14, 17, 27, 33, 34, 49, 65, 88, 97, 100, 101, 108, 109, 113, 115, 116, 121, 122, 123
Lag8Baseline	17	false	true	true	2, 3, 6, 8, 9, 10, 11, 12, 13, 14, 15, 16, 17, 18, 19, 20, 21, 22, 23, 24, 25, 26, 27, 28, 29, 32, 33, 34, 36, 38, 39, 40, 41, 42, 43, 44, 45, 46, 47, 48, 49, 57, 59, 63, 65, 66, 68, 71, 73, 74, 81, 88, 97, 98, 99, 100, 101, 102, 107, 108, 109, 113, 114, 115, 116, 117, 119, 120, 121, 122, 123, 124, 127, 128
Lag8Baseline	18	false	false	false	15, 16, 18, 21, 23, 26, 43, 45, 46, 48, 57, 63, 68, 88, 99, 107, 119, 122
Lag8Baseline	19	true	false	false
Lag8Baseline	20	true	false	false
Lag8Baseline	21	true	false	false	49
Lag8Baseline	22	true	false	false	49
Lag8Baseline	23	true	false	false
Lag8Baseline	24	true	false	false	49, 113
Lag8Baseline	25	true	false	false	49
Lag8Baseline	26	true	false	false
Lag8Baseline	27	true	false	false
Lag8Baseline	28	true	false	false
Lag8Baseline	29	true	false	false	105
Lag8Baseline	30	true	false	false	49, 91, 113
Lag8Baseline	31	true	false	false	91
Lag8Baseline	32	true	false	false
Lag8Baseline	33	false	true	true	1, 2, 3, 4, 6, 8, 9, 10, 11, 12, 13, 14, 15, 16, 17, 18, 19, 20, 21, 22, 23, 24, 25, 26, 27, 28, 29, 32, 33, 34, 35, 36, 37, 38, 39, 40, 41, 42, 43, 45, 46, 47, 48, 49, 52, 53, 57, 59, 62, 63, 64, 65, 66, 68, 69, 70, 71, 72, 73, 74, 75, 76, 77, 81, 82, 83, 84, 85, 88, 89, 90, 91, 92, 93, 94, 95, 96, 97, 98, 99, 100, 101, 102, 103, 104, 107, 108, 109, 110, 111, 113, 114, 115, 116, 117, 118, 119, 120, 121, 122, 123, 124, 125, 127, 128
Lag8Baseline	34	true	false	false
Lag8Baseline	35	true	false	false	101, 115, 119, 122, 126
Lag8Baseline	36	true	false	false	63, 64, 69, 73, 74, 82, 107
Lag8Baseline	37	true	false	false
Lag8Baseline	38	true	false	false	91
Lag8Baseline	39	true	false	false	69, 73, 74, 79, 80, 91, 112
Lag8Baseline	40	true	false	false	91
Lag8Baseline	41	true	false	false	36, 49
Lag8Baseline	42	true	false	false	91
Lag8Baseline	43	true	false	false	34, 36, 55, 77, 78, 79, 80, 91, 112, 118
Lag8Baseline	44	true	false	false	36, 78
Lag8Baseline	45	true	false	false	36, 77, 78, 79, 80, 91, 112
Lag8Baseline	46	false	true	true	1, 8, 36, 49, 79, 80, 112, 125
Lag8Baseline	47	false	true	false	1, 2, 8, 9, 14, 15, 17, 21, 22, 25, 36, 79, 80, 112, 122
Lag8Baseline	48	true	false	false	34, 36
Lag8Baseline	49	true	false	false
Lag8Baseline	50	true	false	false	36
Lag8Baseline	51	true	false	false
Lag8Baseline	52	true	false	false
Lag8Baseline	53	true	false	false
Lag8Baseline	54	true	false	false
Lag8Baseline	55	true	false	false	94, 101, 115
Lag8Baseline	56	true	false	false
Lag8Baseline	57	true	false	false	36
Lag8Baseline	58	true	false	false
Lag8Baseline	59	true	false	false	36
Lag8Baseline	60	true	false	false	36
Lag8Baseline	61	true	false	false	36, 66, 72, 77, 79, 84, 90, 113, 114
Lag8Baseline	62	true	false	false
Lag8Baseline	63	true	false	false	13, 59
Lag8Baseline	64	true	false	false	2, 36, 99, 101, 109, 115
Lag8Baseline	65	true	false	false
Lag8Baseline	66	true	false	false	36
Lag8Baseline	67	true	false	false	36
Lag8Baseline	68	true	false	false	36, 77
Lag8Baseline	69	true	false	false
Lag8Baseline	70	true	false	false	36
Lag8Baseline	71	true	false	false	91
Lag8Baseline	72	false	true	true	1, 2, 3, 7, 8, 9, 10, 11, 12, 13, 14, 15, 16, 17, 18, 19, 20, 21, 22, 23, 24, 25, 26, 27, 28, 29, 31, 32, 34, 35, 36, 38, 39, 40, 41, 42, 43, 45, 46, 47, 48, 49, 50, 51, 53, 54, 56, 57, 58, 59, 60, 62, 63, 64, 66, 67, 68, 69, 70, 71, 72, 73, 74, 75, 76, 77, 79, 80, 81, 82, 83, 84, 85, 88, 89, 90, 91, 92, 94, 96, 97, 99, 100, 101, 102, 103, 107, 108, 109, 110, 112, 114, 115, 116, 117, 118, 119, 120, 121, 122, 123, 124, 125, 126, 127, 128
Lag8Baseline	73	false	false	true	91, 125
Lag8Baseline	74	true	false	false	72, 91
Lag8Baseline	75	false	false	false	24, 36, 56, 59, 61, 66, 69, 72, 74, 75, 77, 79, 82, 83, 91, 97, 107, 110, 111, 117
Lag8Baseline	76	true	false	false	44, 77
Lag8Baseline	77	true	false	false	77, 91
Lag8Baseline	78	true	false	false	36
Lag8Baseline	79	false	false	false	4, 24, 36, 55, 59, 61, 65, 66, 67, 68, 70, 71, 72, 73, 76, 77, 78, 79, 80, 81, 82, 83, 84, 87, 90, 91, 92, 93, 96, 97, 98, 102, 103, 104, 105, 110, 111, 112, 113, 117, 118, 123, 124
Lag8Baseline	80	true	false	false	77, 91
Lag8Baseline	81	false	false	false	36, 57, 59, 66, 73, 74, 77, 81, 82, 91, 117
Lag8Baseline	82	true	false	false	36, 66, 67, 77, 91
Lag8Baseline	83	false	false	false	36, 59, 66, 67, 69, 71, 72, 77, 78, 81, 82, 91, 97, 117
Lag8Baseline	84	false	true	false	36, 59, 61, 65, 66, 72, 77, 82, 91, 96, 97, 98, 110, 111, 112, 117, 127
Lag8Baseline	85	true	false	false	77, 91
Lag8Baseline	86	false	true	false	3, 4, 5, 6, 14, 16, 20, 24, 25, 28, 29, 30, 33, 36, 39, 40, 42, 46, 49, 51, 52, 53, 55, 59, 60, 61, 64, 65, 66, 67, 68, 69, 70, 71, 72, 73, 74, 75, 76, 77, 78, 79, 80, 81, 82, 83, 84, 86, 87, 88, 90, 91, 92, 93, 95, 96, 97, 98, 99, 100, 101, 102, 103, 104, 105, 107, 108, 109, 110, 111, 112, 113, 114, 115, 116, 117, 118, 120, 121, 122, 123, 124
Lag8Baseline	87	true	false	false	36, 60, 71, 77, 82, 91, 117
Lag8Baseline	88	true	false	false	77, 91
Lag8Baseline	89	false	false	false	4, 24, 36, 59, 60, 61, 65, 66, 67, 70, 71, 72, 73, 74, 75, 76, 77, 78, 79, 80, 82, 83, 89, 90, 91, 92, 93, 96, 97, 98, 102, 107, 110, 111, 112, 117, 118, 120
Lag8Baseline	90	true	false	false	36, 71, 82, 84, 91, 120
Lag8Baseline	91	true	false	false	36, 91
Lag8Baseline	92	true	false	false	36, 59, 66, 82, 91
Lag8Baseline	93	true	false	false	36
Lag8Baseline	94	true	false	false	36, 59, 77, 91
Lag8Baseline	95	true	false	false	77, 91
Lag8Baseline	96	false	true	false	2, 4, 5, 6, 8, 9, 10, 12, 14, 15, 16, 17, 20, 21, 22, 23, 24, 25, 28, 29, 30, 36, 42, 46, 49, 52, 53, 55, 56, 59, 60, 61, 64, 65, 66, 67, 69, 70, 71, 72, 73, 74, 75, 76, 77, 78, 79, 80, 81, 82, 83, 84, 86, 87, 88, 90, 91, 92, 93, 96, 97, 98, 99, 102, 103, 104, 105, 107, 109, 110, 111, 112, 113, 117, 118, 119, 123, 124, 126
Lag8Baseline	97	false	false	false	36, 59, 60, 61, 65, 66, 70, 71, 72, 77, 78, 82, 90, 91, 92, 96, 97, 98, 110, 111, 117, 118
Lag8Baseline	98	false	false	false	36, 59, 61, 65, 66, 67, 71, 72, 77, 82, 91, 92, 96, 97, 98, 110, 111, 117
Lag8Baseline	99	false	false	false	24, 36, 59, 61, 65, 66, 67, 70, 71, 72, 76, 77, 78, 82, 91, 92, 96, 97, 98, 110, 111, 112, 117, 118
Lag8Baseline	100	false	false	false	24, 36, 59, 61, 66, 67, 71, 72, 73, 77, 78, 82, 91, 92, 96, 97, 98, 110, 117
Lag8Neutral	1	true	false	false
Lag8Neutral	2	true	false	false
Lag8Neutral	3	true	false	false	49
Lag8Neutral	4	true	false	false	25, 87
Lag8Neutral	5	true	false	false	49
Lag8Neutral	6	true	false	false
Lag8Neutral	7	true	false	false	26, 32, 33, 43, 48, 49, 107, 114, 115
Lag8Neutral	8	true	false	false
Lag8Neutral	9	false	true	true	8, 49, 121, 125, 126
Lag8Neutral	10	false	false	true	1, 8, 49, 125
Lag8Neutral	11	true	false	false
Lag8Neutral	12	true	false	false
Lag8Neutral	13	true	false	false	49
Lag8Neutral	14	true	false	false
Lag8Neutral	15	true	false	false	49
Lag8Neutral	16	true	false	false	49
Lag8Neutral	17	true	false	false	49
Lag8Neutral	18	true	false	false
Lag8Neutral	19	true	false	false
Lag8Neutral	20	false	true	true	1, 2, 3, 4, 5, 6, 8, 9, 10, 11, 12, 13, 14, 15, 16, 17, 18, 19, 20, 21, 22, 23, 24, 25, 26, 27, 28, 29, 32, 33, 34, 35, 36, 37, 38, 39, 40, 41, 42, 43, 44, 45, 46, 47, 48, 49, 50, 51, 52, 53, 54, 55, 57, 58, 59, 60, 61, 62, 63, 64, 65, 66, 67, 68, 69, 70, 71, 72, 73, 74, 75, 76, 77, 81, 82, 83, 84, 85, 86, 87, 88, 89, 90, 92, 93, 94, 95, 96, 97, 98, 99, 100, 101, 102, 103, 106, 107, 108, 109, 110, 111, 113, 114, 115, 116, 117, 119, 120, 121, 122, 123, 124, 125, 126, 127, 128
Lag8Neutral	21	false	true	true	10, 11, 14, 15, 16, 17, 18, 19, 20, 21, 22, 23, 25, 26, 27, 29, 32, 33, 34, 36, 38, 39, 40, 41, 42, 43, 45, 46, 47, 48, 57, 59, 63, 65, 66, 73, 88, 97, 100, 101, 102, 107, 114, 115, 119, 121, 122, 123, 127, 128
Lag8Neutral	22	true	false	false	49
Lag8Neutral	23	true	false	false	49
Lag8Neutral	24	true	false	false	49
Lag8Neutral	25	true	false	false	86
Lag8Neutral	26	true	false	false	91
Lag8Neutral	27	true	false	false	91
Lag8Neutral	28	true	false	false	49
Lag8Neutral	29	false	true	false	25, 33, 49
Lag8Neutral	30	true	false	false
Lag8Neutral	31	true	false	false	91
Lag8Neutral	32	true	false	false
Lag8Neutral	33	true	false	false
Lag8Neutral	34	true	false	false	91
Lag8Neutral	35	false	false	true	49, 91, 125
Lag8Neutral	36	true	false	false	25, 26, 99, 101, 107, 114, 115, 117, 121, 122
Lag8Neutral	37	true	false	false	107, 113
Lag8Neutral	38	true	false	false	91
Lag8Neutral	39	true	false	false	91
Lag8Neutral	40	true	false	false	91
Lag8Neutral	41	true	false	false	36, 91
Lag8Neutral	42	true	false	false	91
Lag8Neutral	43	false	true	true	2, 3, 9, 10, 12, 13, 14, 15, 16, 17, 18, 19, 20, 21, 22, 23, 24, 26, 27, 33, 34, 36, 39, 40, 43, 45, 48, 50, 51, 56, 59, 63, 66, 73, 81, 101, 109, 114, 115, 122, 123, 124, 127, 128
Lag8Neutral	44	true	false	false	36, 91
Lag8Neutral	45	true	false	false	8, 36, 49, 91
Lag8Neutral	46	true	false	false	36
Lag8Neutral	47	true	false	false	36, 79, 80
Lag8Neutral	48	true	false	false	36, 78, 79, 80, 91, 112
Lag8Neutral	49	true	false	false	36, 91
Lag8Neutral	50	true	false	false	36, 55, 77, 78, 79, 80, 112, 118
Lag8Neutral	51	true	false	false	36, 49, 79, 80, 112
Lag8Neutral	52	true	false	false	36, 113
Lag8Neutral	53	true	false	false
Lag8Neutral	54	false	false	false	34, 36, 49, 72, 77, 78, 79, 80, 91, 97, 110, 112, 117, 118, 119, 123
Lag8Neutral	55	true	false	false	36
Lag8Neutral	56	true	false	false	36, 72, 77, 79, 80, 91, 97, 112, 117, 118
Lag8Neutral	57	true	false	false
Lag8Neutral	58	false	false	false	36, 61, 72, 77, 79, 80, 91, 97, 110, 112, 117, 118
Lag8Neutral	59	false	false	false	36, 48, 49, 51, 56, 57, 59, 61, 63, 64, 66, 68, 69, 70, 71, 72, 73, 74, 75, 77, 78, 79, 80, 81, 82, 83, 84, 86, 88, 90, 91, 94, 95, 99, 107, 112, 113, 114, 117, 118
Lag8Neutral	60	false	true	false	2, 3, 8, 9, 14, 15, 21, 22, 26, 33, 39, 40, 45, 49, 63, 88, 90, 99, 100, 101, 102, 107, 109, 115, 116, 121, 122, 123, 124
Lag8Neutral	61	true	false	false	34, 36, 44
Lag8Neutral	62	true	false	false	34, 81
Lag8Neutral	63	true	false	false
Lag8Neutral	64	true	false	false	36, 77, 115, 117
Lag8Neutral	65	false	false	true	36, 48, 49, 51, 56, 59, 61, 65, 66, 69, 71, 72, 73, 74, 75, 77, 78, 79, 80, 81, 82, 83, 84, 86, 88, 90, 91, 92, 93, 94, 96, 97, 98, 99, 107, 110, 111, 112, 113, 117, 118, 128
Lag8Neutral	66	true	false	false	36
Lag8Neutral	67	true	false	false	77
Lag8Neutral	68	true	false	false
Lag8Neutral	69	true	false	false	10, 26, 34, 114
Lag8Neutral	70	true	false	false	36, 44
Lag8Neutral	71	false	false	true	1, 77, 91, 121, 125, 126
Lag8Neutral	72	true	false	false
Lag8Neutral	73	true	false	false	44, 91
Lag8Neutral	74	true	false	false	36, 91, 117
Lag8Neutral	75	false	false	false	36, 66, 69, 72, 74, 77, 79, 82, 91, 97, 110, 117
Lag8Neutral	76	true	false	false	36, 77, 91, 99
Lag8Neutral	77	false	false	false	24, 36, 44, 59, 61, 65, 66, 71, 72, 76, 77, 78, 79, 80, 82, 91, 92, 93, 96, 97, 98, 110, 111, 112, 117, 118
Lag8Neutral	78	true	false	false	36, 77, 91
Lag8Neutral	79	false	false	false	4, 24, 36, 40, 49, 57, 59, 61, 65, 66, 67, 71, 72, 76, 77, 78, 79, 80, 81, 82, 83, 84, 91, 92, 93, 96, 97, 98, 99, 101, 102, 103, 110, 111, 112, 113, 115, 117, 118, 119, 122, 123, 127
Lag8Neutral	80	true	false	false	91
Lag8Neutral	81	false	false	true	24, 29, 30, 36, 37, 39, 41, 42, 45, 46, 47, 48, 49, 50, 51, 52, 53, 54, 55, 56, 57, 58, 59, 60, 61, 62, 63, 64, 65, 66, 67, 68, 69, 70, 71, 72, 73, 74, 75, 76, 77, 78, 79, 80, 81, 82, 83, 84, 86, 87, 88, 89, 90, 91, 92, 93, 94, 96, 97, 98, 99, 102, 107, 110, 111, 112, 113, 117, 118, 119, 128
Lag8Neutral	82	true	false	false	36, 77, 91
Lag8Neutral	83	true	false	false	82, 91
Lag8Neutral	84	true	false	false	59, 72, 77, 91
Lag8Neutral	85	false	true	false	24, 36, 49, 56, 59, 61, 63, 65, 66, 67, 68, 69, 70, 71, 72, 73, 75, 77, 78, 81, 82, 83, 84, 88, 90, 91, 97, 98, 107, 110, 112, 117, 126
Lag8Neutral	86	true	false	false	36, 77, 91
Lag8Neutral	87	true	false	false	36, 91
Lag8Neutral	88	true	false	false	36, 77, 91
Lag8Neutral	89	false	false	false	3, 9, 14, 59, 71, 73, 77, 82, 84, 88, 91, 97, 99, 100, 101, 107, 117, 121, 123
Lag8Neutral	90	false	true	false	2, 3, 9, 14, 15, 18, 21, 22, 26, 36, 38, 40, 57, 63, 66, 67, 68, 69, 71, 72, 74, 77, 81, 82, 88, 91, 99, 107, 113, 117, 119, 123
Lag8Neutral	91	true	false	false	36, 91
Lag8Neutral	92	true	false	false	36
Lag8Neutral	93	false	false	false	4, 24, 36, 42, 46, 51, 52, 53, 59, 60, 61, 65, 66, 67, 69, 70, 71, 72, 74, 75, 76, 77, 78, 79, 80, 81, 82, 83, 84, 87, 90, 91, 92, 93, 96, 97, 98, 102, 103, 104, 107, 110, 111, 112, 113, 117, 118, 119, 120, 123
Lag8Neutral	94	true	false	false	77, 91
Lag8Neutral	95	false	false	false	36, 59, 61, 65, 66, 71, 72, 77, 82, 91, 96, 97, 98, 110, 111, 117
Lag8Neutral	96	false	false	false	36, 59, 61, 65, 66, 70, 71, 72, 77, 78, 82, 91, 92, 96, 97, 98, 110, 111, 117
Lag8Neutral	97	false	false	false	24, 36, 59, 61, 65, 66, 71, 72, 77, 78, 82, 91, 92, 96, 97, 98, 110, 111, 112, 117
Lag8Neutral	98	false	false	false	24, 36, 59, 61, 65, 66, 67, 70, 71, 72, 77, 78, 82, 91, 92, 96, 97, 98, 110, 111, 117, 118
Lag8Neutral	99	true	false	false	36, 59, 66, 77, 82, 91, 97, 117
Lag8Neutral	100	true	false	false	36, 59, 77, 91
Lag8Negative	1	true	false	false	49
Lag8Negative	2	false	true	true	1, 2, 8, 9, 21, 22, 32, 49, 121, 125, 126
Lag8Negative	3	false	true	false	1, 2, 8, 49, 121
Lag8Negative	4	true	false	false	115, 122
Lag8Negative	5	true	false	false	8
Lag8Negative	6	true	false	false	49
Lag8Negative	7	true	false	false
Lag8Negative	8	true	false	false
Lag8Negative	9	true	false	false
Lag8Negative	10	true	false	false	32, 49, 115
Lag8Negative	11	true	false	false	46, 49
Lag8Negative	12	false	true	true	1, 2, 3, 4, 6, 8, 9, 10, 11, 12, 13, 14, 15, 16, 17, 18, 19, 20, 21, 22, 23, 25, 26, 27, 28, 29, 32, 33, 34, 35, 36, 37, 38, 39, 40, 41, 42, 43, 44, 45, 46, 47, 48, 49, 50, 52, 53, 54, 57, 58, 59, 60, 62, 63, 64, 65, 66, 67, 68, 69, 70, 71, 72, 73, 74, 75, 76, 77, 78, 81, 82, 83, 84, 85, 88, 89, 90, 91, 92, 93, 94, 95, 96, 97, 98, 99, 100, 101, 102, 103, 104, 107, 108, 109, 110, 111, 112, 113, 114, 115, 116, 117, 118, 119, 120, 121, 122, 123, 124, 125, 126, 127, 128
Lag8Negative	13	true	false	false	49
Lag8Negative	14	true	false	false	49
Lag8Negative	15	true	false	false	49
Lag8Negative	16	true	false	false
Lag8Negative	17	true	false	false	34, 114, 115, 122
Lag8Negative	18	false	false	true	49, 125
Lag8Negative	19	false	true	false	2, 3, 8, 9, 10, 11, 14, 15, 16, 17, 18, 21, 22, 23, 25, 26, 27, 29, 33, 34, 35, 36, 39, 40, 45, 47, 49, 63, 64, 65, 66, 70, 71, 81, 88, 94, 95, 96, 97, 100, 101, 102, 108, 109, 114, 115, 116, 117, 121, 122, 123, 124, 127
Lag8Negative	20	true	false	false	49, 68, 69, 73, 74, 75, 77, 81, 82, 107
Lag8Negative	21	true	false	false	49
Lag8Negative	22	true	false	false	49
Lag8Negative	23	true	false	false	49, 81, 111
Lag8Negative	24	true	false	false	49
Lag8Negative	25	true	false	false	49
Lag8Negative	26	true	false	false	49
Lag8Negative	27	true	false	false
Lag8Negative	28	true	false	false	49
Lag8Negative	29	true	false	false
Lag8Negative	30	true	false	false	49
Lag8Negative	31	false	true	true	8, 25, 49, 76, 77, 84, 90, 121, 125, 126
Lag8Negative	32	false	false	true	8, 49, 125
Lag8Negative	33	true	false	false
Lag8Negative	34	false	false	true	31, 48, 51, 55, 63, 68, 69, 74, 78, 79, 80, 81, 107, 112, 113, 114, 119, 122, 125, 127
Lag8Negative	35	true	false	false	49, 91
Lag8Negative	36	true	false	false	49, 91
Lag8Negative	37	true	false	false	91
Lag8Negative	38	true	false	false	3, 33, 49, 101, 109, 115, 116, 122, 123
Lag8Negative	39	true	false	false	91
Lag8Negative	40	true	false	false	57, 91
Lag8Negative	41	false	false	false	3, 9, 10, 12, 13, 14, 15, 16, 17, 18, 19, 20, 21, 22, 23, 24, 26, 34, 38, 46, 48, 49, 50, 56, 57, 59, 60, 63, 65, 69, 89, 91, 94, 99, 102, 107, 114, 119, 120, 121, 123, 127, 128
Lag8Negative	42	true	false	false	49, 81, 84, 91, 113, 123
Lag8Negative	43	true	false	false	91
Lag8Negative	44	false	false	false	2, 3, 9, 14, 17, 22, 26, 31, 36, 43, 48, 55, 56, 57, 64, 77, 78, 79, 80, 91, 94, 112, 113, 117, 118, 123
Lag8Negative	45	false	true	true	11, 12, 13, 15, 16, 17, 18, 19, 20, 21, 22, 23, 24, 25, 26, 27, 33, 34, 36, 38, 39, 40, 43, 45, 48, 50, 56, 57, 59, 63, 66, 70, 71, 91, 127, 128
Lag8Negative	46	true	false	false	36
Lag8Negative	47	true	false	false	36
Lag8Negative	48	true	false	false	36
Lag8Negative	49	true	false	false	36, 91
Lag8Negative	50	true	false	false	36, 91
Lag8Negative	51	true	false	false	36, 91
Lag8Negative	52	true	false	false	36
Lag8Negative	53	true	false	false	36
Lag8Negative	54	false	true	false	21, 36, 91
Lag8Negative	55	false	true	true	1, 2, 3, 8, 9, 10, 14, 15, 17, 18, 21, 22, 26, 27, 29, 32, 33, 34, 36, 37, 39, 40, 42, 45, 46, 47, 48, 49, 51, 52, 56, 63, 64, 65, 66, 68, 69, 70, 71, 72, 73, 74, 75, 77, 81, 82, 83, 84, 88, 90, 91, 92, 93, 94, 95, 96, 97, 98, 99, 100, 101, 102, 103, 104, 107, 108, 109, 110, 113, 114, 115, 116, 117, 118, 121, 122, 123, 124, 125, 127
Lag8Negative	56	true	false	false	36, 91
Lag8Negative	57	true	false	false	36
Lag8Negative	58	false	true	true	1, 8, 36, 121, 125
Lag8Negative	59	true	false	false	36, 72
Lag8Negative	60	true	false	false	36, 72, 77, 79, 80, 97, 112, 117, 118
Lag8Negative	61	true	false	false	34, 107
Lag8Negative	62	true	false	false
Lag8Negative	63	false	true	false	2, 3, 9, 10, 15, 16, 17, 18, 23, 24, 26, 27, 32, 36, 38, 40, 43, 46, 48, 65, 71, 76, 85, 99, 107, 114, 119, 120, 121, 123, 125, 127
Lag8Negative	64	true	false	false	36
Lag8Negative	65	true	false	false	36
Lag8Negative	66	false	true	true	4, 8, 9, 14, 17, 21, 24, 25, 29, 36, 44, 48, 49, 55, 56, 59, 60, 61, 65, 66, 67, 69, 71, 72, 73, 74, 75, 76, 77, 78, 79, 80, 81, 82, 83, 84, 86, 87, 88, 90, 91, 92, 93, 96, 97, 98, 99, 102, 103, 104, 105, 107, 110, 111, 112, 113, 117, 118, 120, 123, 124, 125, 126, 127, 128
Lag8Negative	67	true	false	false	36, 91
Lag8Negative	68	false	false	false	36, 59, 66, 72, 77, 82, 91, 96, 97, 110, 117
Lag8Negative	69	false	false	true	36, 43, 48, 59, 66, 72, 77, 79, 82, 91, 97, 110, 117, 128
Lag8Negative	70	false	false	true	24, 36, 38, 39, 43, 48, 49, 59, 66, 72, 77, 82, 83, 91, 96, 97, 110, 117, 128
Lag8Negative	71	true	false	false	36, 59, 66, 72, 77, 82, 91, 97, 110, 117
Lag8Negative	72	false	false	false	4, 5, 20, 24, 26, 29, 32, 36, 49, 56, 57, 59, 61, 65, 66, 68, 71, 72, 73, 74, 77, 78, 79, 80, 81, 82, 83, 91, 93, 96, 97, 98, 107, 110, 111, 112, 117, 118, 119
Lag8Negative	73	true	false	false	36, 91
Lag8Negative	74	true	false	false	36, 59, 77, 91
Lag8Negative	75	true	false	false	36, 44, 77, 91
Lag8Negative	76	false	true	false	2, 3, 4, 8, 9, 14, 15, 17, 18, 21, 22, 23, 24, 26, 27, 29, 32, 33, 34, 35, 36, 38, 39, 40, 41, 42, 45, 46, 47, 48, 50, 53, 56, 57, 58, 59, 61, 63, 65, 66, 67, 68, 70, 71, 72, 73, 74, 75, 76, 77, 78, 79, 80, 81, 82, 83, 88, 90, 91, 92, 93, 94, 95, 96, 97, 98, 99, 100, 101, 102, 107, 108, 109, 110, 111, 112, 113, 114, 115, 116, 117, 118, 119, 121, 122, 123, 124, 127, 128
Lag8Negative	77	false	false	true	4, 24, 29, 36, 52, 56, 59, 61, 66, 67, 68, 69, 72, 73, 74, 77, 78, 79, 80, 81, 82, 83, 84, 90, 91, 96, 97, 98, 107, 110, 111, 112, 113, 117
Lag8Negative	78	true	false	false	36, 91
Lag8Negative	79	true	false	false	91
Lag8Negative	80	false	true	false	77, 91, 127
Lag8Negative	81	false	true	false	36, 59, 72, 77, 91, 97, 117, 127
Lag8Negative	82	true	false	false	36, 66, 67, 73, 74, 77, 91
Lag8Negative	83	false	false	false	36, 60, 67, 72, 74, 75, 77, 79, 82, 91, 95, 101, 109, 115, 117, 123, 124, 126
Lag8Negative	84	true	false	false	36, 66, 67, 77, 91
Lag8Negative	85	false	false	false	4, 24, 36, 59, 61, 65, 66, 67, 70, 71, 72, 76, 77, 78, 79, 80, 82, 83, 84, 90, 91, 92, 93, 96, 97, 98, 102, 103, 110, 111, 112, 117, 118, 123
Lag8Negative	86	true	false	false	36, 59, 66, 72, 77, 82, 91, 96, 97, 117
Lag8Negative	87	false	false	false	24, 36, 59, 61, 65, 66, 71, 72, 77, 78, 79, 82, 91, 92, 96, 97, 98, 110, 111, 112, 117, 118
Lag8Negative	88	false	false	false	24, 36, 59, 61, 65, 66, 67, 71, 72, 76, 77, 78, 79, 80, 82, 91, 92, 93, 96, 97, 98, 102, 110, 111, 112, 117, 118
Lag8Negative	89	false	true	false	4, 6, 17, 24, 28, 29, 30, 36, 37, 41, 42, 44, 46, 47, 49, 51, 52, 53, 55, 59, 60, 61, 64, 65, 66, 67, 68, 69, 70, 71, 72, 73, 74, 75, 76, 77, 78, 79, 80, 81, 82, 83, 84, 86, 88, 89, 90, 91, 92, 93, 94, 96, 97, 98, 99, 101, 102, 104, 107, 110, 111, 112, 113, 117, 118, 123, 126
Lag8Negative	90	false	false	false	36, 49, 59, 66, 72, 77, 82, 91, 96, 97, 110, 117
Lag8Negative	91	false	false	false	24, 36, 59, 60, 61, 65, 66, 67, 70, 71, 72, 74, 76, 77, 78, 79, 80, 82, 83, 90, 91, 92, 93, 96, 97, 98, 107, 110, 111, 112, 113, 114, 117, 118
Lag8Negative	92	false	false	false	4, 13, 24, 29, 30, 36, 37, 42, 49, 52, 53, 55, 59, 60, 61, 63, 64, 65, 66, 67, 68, 69, 70, 71, 72, 73, 74, 75, 76, 77, 78, 79, 80, 81, 82, 83, 84, 86, 87, 88, 89, 90, 91, 92, 93, 94, 96, 97, 98, 102, 103, 104, 107, 110, 111, 112, 113, 117, 118, 120, 123
Lag8Negative	93	false	true	false	8, 14, 17, 36, 65, 69, 90, 91, 97, 99, 100, 101, 102, 114, 115, 116, 121, 126
Lag8Negative	94	true	false	false	36, 91
Lag8Negative	95	true	false	false	36, 77
Lag8Negative	96	false	false	false	24, 36, 59, 61, 65, 66, 70, 71, 72, 77, 78, 82, 91, 92, 96, 97, 98, 110, 111, 112, 117, 118
Lag8Negative	97	false	false	false	24, 36, 59, 61, 65, 66, 70, 71, 72, 77, 82, 91, 92, 96, 97, 98, 110, 111, 117
Lag8Negative	98	false	false	false	24, 36, 59, 61, 65, 66, 70, 71, 72, 77, 78, 82, 91, 92, 96, 97, 98, 110, 111, 112, 117, 118
Lag8Negative	99	false	true	false	4, 5, 6, 13, 16, 20, 24, 28, 29, 30, 36, 42, 46, 49, 51, 52, 53, 55, 56, 57, 59, 60, 61, 63, 64, 65, 66, 67, 68, 69, 70, 71, 72, 73, 74, 75, 76, 77, 78, 79, 80, 81, 82, 83, 84, 86, 87, 88, 90, 91, 92, 93, 94, 95, 96, 97, 98, 99, 100, 101, 102, 103, 104, 105, 107, 109, 110, 111, 112, 113, 114, 117, 118, 123, 124, 126
Lag8Negative	100	false	false	false	36, 59, 66, 71, 72, 77, 82, 91, 96, 97, 112, 117
L2NCorrect	1	true	false	false	49
L2NCorrect	2	true	false	false	8
L2NCorrect	3	false	true	true	1, 8, 121, 125
L2NCorrect	4	false	false	true	8, 125
L2NCorrect	5	true	false	false
L2NCorrect	6	true	false	false
L2NCorrect	7	true	false	false	8, 49
L2NCorrect	8	true	false	false
L2NCorrect	9	true	false	false	49
L2NCorrect	10	false	true	false	2, 8, 9, 14, 15, 17, 21, 22, 25, 49, 126, 127
L2NCorrect	11	true	false	false	49
L2NCorrect	12	true	false	false	49
L2NCorrect	13	true	false	false
L2NCorrect	14	true	false	false
L2NCorrect	15	false	true	true	1, 2, 3, 5, 6, 8, 9, 10, 11, 12, 13, 14, 15, 16, 17, 18, 19, 20, 21, 22, 23, 24, 25, 26, 27, 29, 33, 34, 36, 38, 39, 40, 41, 42, 43, 44, 45, 46, 47, 48, 49, 57, 59, 63, 65, 66, 81, 88, 97, 99, 100, 101, 102, 106, 108, 109, 113, 114, 115, 116, 119, 122, 123, 124, 125, 126, 127, 128
L2NCorrect	16	true	false	false	49
L2NCorrect	17	false	true	true	1, 2, 3, 4, 6, 8, 9, 10, 11, 12, 13, 14, 15, 16, 17, 18, 19, 20, 21, 22, 23, 24, 25, 26, 27, 28, 29, 32, 33, 34, 35, 36, 38, 39, 40, 41, 42, 43, 45, 46, 47, 48, 52, 53, 59, 60, 63, 64, 65, 66, 67, 68, 69, 70, 71, 72, 73, 74, 75, 81, 82, 83, 88, 89, 90, 94, 95, 96, 97, 98, 100, 101, 102, 103, 107, 108, 109, 110, 114, 115, 116, 117, 119, 121, 122, 123, 124, 127, 128
L2NCorrect	18	true	false	false	49
L2NCorrect	19	true	false	false	49
L2NCorrect	20	false	true	true	1, 8, 49, 125
L2NCorrect	21	true	false	false	49
L2NCorrect	22	true	false	false
L2NCorrect	23	true	false	false	39, 81, 82
L2NCorrect	24	true	false	false
L2NCorrect	25	true	false	false	49
L2NCorrect	26	true	false	false	91
L2NCorrect	27	true	false	false	91
L2NCorrect	28	true	false	false	36, 81, 91
L2NCorrect	29	true	false	false	49, 77, 84, 91
L2NCorrect	30	false	false	false	3, 9, 10, 11, 13, 15, 16, 17, 18, 19, 20, 23, 24, 26, 29, 33, 34, 36, 38, 39, 40, 41, 43, 48, 49, 50, 57, 63, 68, 73, 74, 75, 78, 81, 88, 91, 92, 93, 94, 97, 98, 99, 100, 101, 102, 107, 109, 110, 114, 115, 116, 119, 120, 121, 122, 123, 127
L2NCorrect	31	true	false	false	36
L2NCorrect	32	true	false	false	36
L2NCorrect	33	false	false	false	34, 36, 49, 56, 63, 64, 68, 69, 71, 73, 74, 75, 77, 82, 84, 89, 90, 91, 99, 107, 113
L2NCorrect	34	false	true	false	2, 3, 8, 9, 10, 14, 15, 17, 21, 25, 36, 39, 72, 107, 119, 121
L2NCorrect	35	false	true	false	8, 9, 14, 17, 21, 22, 25, 36
L2NCorrect	36	false	true	true	1, 2, 3, 4, 8, 9, 10, 11, 12, 13, 14, 15, 16, 17, 18, 19, 20, 21, 22, 23, 24, 25, 26, 27, 29, 32, 33, 34, 35, 36, 38, 39, 40, 41, 42, 43, 45, 47, 51, 59, 63, 66, 68, 70, 71, 75, 81, 83, 88, 90, 92, 94, 95, 96, 97, 98, 99, 100, 101, 102, 103, 107, 108, 109, 110, 114, 115, 116, 117, 119, 121, 122, 123, 124, 127, 128
L2NCorrect	37	true	false	false	36, 49, 113
L2NCorrect	38	false	true	false	1, 2, 3, 4, 8, 9, 10, 14, 15, 17, 18, 21, 22, 23, 26, 27, 29, 33, 34, 36, 38, 39, 40, 41, 45, 46, 47, 48, 52, 62, 63, 66, 68, 69, 70, 71, 73, 74, 75, 76, 81, 82, 83, 84, 85, 88, 89, 90, 92, 93, 94, 95, 96, 97, 98, 99, 100, 101, 102, 103, 104, 107, 108, 109, 110, 114, 115, 116, 117, 118, 119, 120, 121, 122, 123, 124, 125, 127, 128
L2NCorrect	39	true	false	false	113
L2NCorrect	40	true	false	false	36, 77, 79, 117
L2NCorrect	41	true	false	false	77
L2NCorrect	42	true	false	false	36
L2NCorrect	43	false	true	true	1, 2, 3, 6, 8, 9, 10, 11, 12, 13, 14, 15, 16, 17, 18, 19, 20, 21, 22, 23, 24, 25, 26, 27, 29, 32, 33, 34, 35, 36, 37, 38, 39, 40, 41, 42, 43, 44, 45, 46, 47, 48, 50, 51, 52, 53, 55, 56, 57, 58, 59, 60, 61, 62, 63, 64, 65, 66, 68, 69, 70, 71, 72, 73, 74, 75, 76, 77, 78, 79, 80, 81, 82, 83, 85, 86, 87, 89, 90, 91, 92, 94, 95, 96, 97, 98, 99, 100, 101, 102, 103, 107, 108, 109, 110, 111, 112, 113, 114, 115, 116, 117, 118, 119, 120, 121, 122, 123, 124, 125, 126, 127, 128
L2NCorrect	44	false	true	true	1, 2, 8, 9, 14, 15, 17, 21, 22, 25, 32, 91, 120, 121, 125, 126
L2NCorrect	45	false	true	true	25, 33, 36, 44, 49, 56, 59, 61, 65, 66, 69, 70, 71, 72, 73, 76, 77, 78, 79, 80, 81, 82, 83, 84, 86, 88, 90, 91, 92, 93, 94, 96, 97, 98, 107, 110, 111, 112, 113, 115, 117, 118, 126
L2NCorrect	46	true	false	false	91
L2NCorrect	47	true	false	false	36, 59, 66, 72, 77, 79, 82, 91, 97, 117
L2NCorrect	48	false	false	false	5, 24, 27, 36, 59, 61, 65, 66, 68, 69, 71, 72, 74, 76, 77, 78, 79, 80, 81, 82, 83, 91, 93, 96, 97, 98, 107, 110, 111, 112, 113, 117, 118
L2NCorrect	49	false	true	true	2, 8, 9, 14, 15, 17, 21, 22, 25, 36, 38, 39, 43, 44, 48, 77, 82, 91, 117, 128
L2NCorrect	50	true	false	false	36, 59, 72, 77, 88, 91, 97, 117
L2NCorrect	51	false	true	false	4, 8, 9, 14, 15, 17, 21, 22, 24, 25, 32, 36, 46, 53, 56, 59, 61, 65, 66, 67, 69, 70, 71, 72, 73, 74, 76, 77, 78, 79, 80, 81, 82, 83, 84, 88, 90, 91, 92, 93, 96, 97, 98, 102, 103, 107, 110, 111, 112, 117, 118, 123, 126
L2NCorrect	52	false	false	false	4, 24, 36, 59, 61, 65, 66, 71, 72, 76, 77, 78, 79, 80, 81, 82, 83, 90, 91, 92, 93, 96, 97, 98, 102, 110, 111, 112, 117, 118, 123
L2NCorrect	53	false	false	true	36, 44, 59, 61, 65, 66, 71, 72, 73, 77, 82, 91, 96, 97, 110, 111, 112, 117, 118, 125
L2NCorrect	54	true	false	false	91, 114, 124
L2NCorrect	55	true	false	false	77, 91
L2NCorrect	56	true	false	false	21, 77, 91
L2NCorrect	57	true	false	false	36, 66, 67, 77, 91
L2NCorrect	58	true	false	false	36, 59, 66, 72, 77, 82, 91, 96, 97, 117
L2NCorrect	59	false	true	false	8, 14, 17, 21, 22, 25, 36, 69, 91
L2NCorrect	60	true	false	false	36, 59, 66, 72, 77, 82, 91, 97, 117
L2NCorrect	61	false	true	false	8, 14, 17, 21, 25, 36, 51, 66, 90, 91, 96, 97
L2NCorrect	62	true	false	false	60, 65, 77, 91, 95
L2NCorrect	63	false	false	false	36, 59, 65, 66, 71, 72, 77, 82, 91, 92, 96, 97, 98, 110, 111, 112, 117, 118
L2NCorrect	64	false	true	false	8, 14, 17, 21, 24, 25, 36, 59, 61, 65, 66, 67, 70, 71, 72, 76, 77, 78, 82, 91, 92, 96, 97, 98, 110, 111, 112, 113, 117, 118, 126, 127
L2NCorrect	65	false	false	false	24, 36, 59, 61, 65, 66, 70, 71, 72, 77, 78, 82, 91, 92, 96, 97, 98, 110, 111, 112, 117, 118
L2NCorrect	66	false	false	false	8, 24, 36, 59, 61, 65, 66, 70, 71, 72, 77, 78, 82, 91, 92, 96, 97, 98, 110, 111, 117
L2NCorrect	67	false	true	false	2, 3, 8, 9, 10, 14, 15, 17, 18, 21, 22, 23, 26, 27, 32, 33, 34, 35, 38, 39, 40, 43, 47, 48, 57, 59, 62, 63, 66, 70, 77, 81, 82, 88, 91, 95, 97, 99, 100, 101, 102, 107, 114, 115, 116, 117, 119, 120, 121, 122, 123, 124, 127, 128
L2NCorrect	68	false	true	false	2, 8, 9, 14, 15, 17, 21, 22, 25, 36, 59, 71, 73, 74, 77, 82, 91, 97, 107, 117
L2NIncorrect	1	true	false	false	1, 8, 126
L2NIncorrect	2	true	false	false	49
L2NIncorrect	3	false	true	false	2, 3, 8, 9, 14, 15, 17, 21, 27, 29, 33, 34, 36, 39, 40, 47, 49, 62, 63, 65, 66, 81, 82, 83, 84, 85, 88, 89, 90, 91, 92, 93, 94, 95, 96, 97, 98, 99, 100, 101, 102, 103, 104, 107, 108, 109, 110, 114, 115, 116, 117, 119, 121, 122, 123, 124
L2NIncorrect	4	true	false	false	49
L2NIncorrect	5	true	false	false
L2NIncorrect	6	true	false	false	15, 17, 21, 22, 26, 27, 33, 39, 49
L2NIncorrect	7	false	false	true	49, 107, 113, 114, 125
L2NIncorrect	8	true	false	false	49
L2NIncorrect	9	true	false	false	49, 91
L2NIncorrect	10	true	false	false	88
L2NIncorrect	11	true	false	false	91
L2NIncorrect	12	false	true	true	2, 3, 8, 9, 10, 11, 14, 15, 16, 17, 20, 21, 23, 25, 26, 27, 28, 29, 32, 33, 36, 38, 39, 40, 41, 42, 43, 44, 46, 48, 49, 50, 53, 57, 62, 63, 65, 66, 68, 69, 73, 74, 75, 81, 85, 88, 90, 91, 92, 93, 94, 96, 98, 99, 100, 101, 102, 107, 108, 109, 113, 114, 115, 116, 119, 120, 121, 122, 123, 125, 127
L2NIncorrect	13	false	true	true	1, 2, 3, 4, 6, 7, 8, 9, 10, 11, 12, 13, 14, 15, 16, 17, 18, 19, 20, 21, 22, 23, 24, 25, 26, 27, 31, 32, 33, 35, 36, 38, 39, 40, 41, 42, 43, 45, 48, 50, 56, 57, 58, 59, 63, 66, 81, 91, 100, 101, 102, 107, 108, 109, 114, 115, 119, 121, 122, 123, 124, 127, 128
L2NIncorrect	14	true	false	false	8, 36, 49, 91, 117, 126
L2NIncorrect	15	true	false	false
L2NIncorrect	16	true	false	false	70, 71, 73, 74, 75, 77
L2NIncorrect	17	true	false	false	36
L2NIncorrect	18	true	false	false	34, 36, 49, 57, 65, 107, 114, 124
L2NIncorrect	19	true	false	false	36
L2NIncorrect	20	false	true	false	2, 8, 9, 14, 15, 17, 21, 22, 25, 36
L2NIncorrect	21	false	false	false	36, 72, 77, 79, 80, 91, 97, 110, 112, 117, 118
L2NIncorrect	22	true	false	false
L2NIncorrect	23	true	false	false	36
L2NIncorrect	24	true	false	false	24, 36, 69, 73, 74, 77, 107, 113, 128
L2NIncorrect	25	false	false	true	32, 33, 34, 36, 38, 39, 43, 44, 45, 48, 49, 56, 61, 69, 74, 77, 82, 91, 117, 128
L2NIncorrect	26	false	false	false	36, 43, 48, 59, 66, 72, 77, 82, 91, 97, 110, 117
L2NIncorrect	27	true	false	false	36, 77, 91, 97, 110, 117
L2NIncorrect	28	true	false	false	36, 77, 91
L2NIncorrect	29	true	false	false	77, 91
L2NIncorrect	30	false	false	false	36, 59, 61, 65, 66, 70, 71, 72, 77, 82, 91, 92, 96, 97, 98, 110, 111, 117
L2NIncorrect	31	false	false	false	24, 36, 59, 61, 65, 66, 71, 72, 77, 78, 82, 91, 92, 96, 97, 98, 110, 111, 117
L2NIncorrect	32	false	false	false	15, 24, 36, 40, 57, 59, 61, 65, 66, 70, 71, 72, 76, 77, 78, 82, 91, 92, 96, 97, 98, 107, 110, 117, 119
