Category	Segment number	Segment Good	Eye Blinks	Eye Movements	Bad Channels
Lag2Baseline	1	true	false	false
Lag2Baseline	2	true	false	false	63, 94, 99
Lag2Baseline	3	true	false	false	4, 109
Lag2Baseline	4	true	false	false
Lag2Baseline	5	true	false	false
Lag2Baseline	6	true	false	false
Lag2Baseline	7	true	false	false	24, 109, 115
Lag2Baseline	8	true	false	false
Lag2Baseline	9	true	false	false	109
Lag2Baseline	10	true	false	false
Lag2Baseline	11	true	false	false	56, 109
Lag2Baseline	12	true	false	false	24, 109, 115
Lag2Baseline	13	true	false	false	24, 56
Lag2Baseline	14	true	false	false	4
Lag2Baseline	15	true	false	false
Lag2Baseline	16	true	false	false	44, 124
Lag2Baseline	17	true	false	false
Lag2Baseline	18	true	false	false	44
Lag2Baseline	19	true	false	false
Lag2Baseline	20	true	false	false	56
Lag2Baseline	21	true	false	false	56, 94
Lag2Baseline	22	true	false	false	56
Lag2Baseline	23	true	false	false	56, 122
Lag2Baseline	24	true	false	false	56, 109
Lag2Baseline	25	true	false	false	19, 56, 108, 109
Lag2Baseline	26	false	false	true	56, 99
Lag2Baseline	27	true	false	false	56
Lag2Baseline	28	true	false	false	56, 63, 108, 109, 115, 116
Lag2Baseline	29	false	false	true	56, 114
Lag2Baseline	30	true	false	false	56, 102, 111, 112, 115, 116, 118
Lag2Baseline	31	true	false	false	56, 63, 122
Lag2Baseline	32	true	false	false	56, 63
Lag2Baseline	33	true	false	false	56, 115, 116
Lag2Baseline	34	true	false	false	56, 94, 102, 105, 111, 112, 115, 116, 118, 122
Lag2Baseline	35	true	false	false	56, 115, 116
Lag2Baseline	36	true	false	false	56, 63, 94, 109, 114
Lag2Baseline	37	true	false	false	19, 56, 108, 109, 115, 117
Lag2Baseline	38	true	false	false	56, 109
Lag2Baseline	39	true	false	false	56, 99, 108, 109, 115
Lag2Baseline	40	true	false	false	56, 108, 109, 115
Lag2Baseline	41	true	false	false	56, 109, 115
Lag2Baseline	42	true	false	false	56
Lag2Baseline	43	true	false	false	56, 109, 115
Lag2Baseline	44	true	false	false	56, 115
Lag2Baseline	45	true	false	false	1, 2, 56, 63, 105, 108, 109, 115, 122
Lag2Baseline	46	true	false	false	56, 109
Lag2Baseline	47	true	false	false	56, 109
Lag2Baseline	48	true	false	false	2, 14, 25, 26, 56
Lag2Baseline	49	true	false	false	32, 38, 43, 109, 115, 127, 128
Lag2Baseline	50	true	false	false	24, 56, 109
Lag2Baseline	51	true	false	false	56, 99
Lag2Baseline	52	true	false	false	19
Lag2Baseline	53	true	false	false	25, 32, 43, 56, 109, 113, 115
Lag2Baseline	54	true	false	false
Lag2Baseline	55	true	false	false	115
Lag2Baseline	56	true	false	false	94
Lag2Baseline	57	false	true	false	1, 2, 8, 14, 17, 21, 56, 114, 122, 125
Lag2Baseline	58	true	false	false	24, 56, 94
Lag2Baseline	59	true	false	false	24, 56, 115
Lag2Baseline	60	true	false	false	44, 56, 63, 68, 73, 81, 88, 99, 113, 126
Lag2Baseline	61	true	false	false	56, 105, 115
Lag2Baseline	62	true	false	false	56
Lag2Baseline	63	true	false	false	56, 114
Lag2Baseline	64	true	false	false	56, 63, 114, 115
Lag2Baseline	65	false	true	false	8, 14, 15, 17, 21, 22, 25, 27, 56, 63, 73, 99, 109, 115, 126
Lag2Baseline	66	true	false	false	56, 68, 115
Lag2Baseline	67	false	false	false	33, 46, 56, 63, 89, 96, 107, 113, 114, 115, 122
Lag2Baseline	68	true	false	false	27, 56
Lag2Baseline	69	true	false	false	56
Lag2Baseline	70	true	false	false	56, 63, 105, 109, 114, 115
Lag2Baseline	71	true	false	false	27, 56, 63
Lag2Baseline	72	true	false	false	56
Lag2Baseline	73	true	false	false	56, 114
Lag2Baseline	74	true	false	false	27, 56
Lag2Baseline	75	true	false	false	21, 24, 25, 26, 35, 46, 56, 115
Lag2Baseline	76	true	false	false	27, 46, 56, 115
Lag2Baseline	77	true	false	false	56, 63, 99, 105, 107, 115
Lag2Baseline	78	true	false	false	24, 46, 56, 102, 109, 110, 115, 116
Lag2Baseline	79	true	false	false	56, 102, 107, 110, 114, 115, 116
Lag2Baseline	80	true	false	false	24, 48, 56, 102, 110, 114, 115, 116
Lag2Baseline	81	true	false	false	24, 56, 63
Lag2Baseline	82	true	false	false	46, 56, 68, 73
Lag2Baseline	83	true	false	false	24, 56, 57, 63, 115
Lag2Baseline	84	false	true	false	8, 17, 21, 22, 25, 46, 56
Lag2Baseline	85	true	false	false	56, 107, 115
Lag2Baseline	86	true	false	false	56, 63, 109, 115
Lag2Baseline	87	true	false	false	56, 63, 99, 115
Lag2Baseline	88	true	false	false	56, 63, 114, 115
Lag2Baseline	89	true	false	false	24, 56, 63, 68
Lag2Baseline	90	true	false	false	56, 102, 115, 116
Lag2Baseline	91	true	false	false	56, 63, 115
Lag2Baseline	92	true	false	false	27, 56, 63, 68
Lag2Baseline	93	true	false	false	24, 56, 63, 115, 116
Lag2Baseline	94	true	false	false	56
Lag2Baseline	95	false	false	true	56, 117
Lag2Baseline	96	true	false	false	56, 63, 68, 109, 115
Lag2Baseline	97	true	false	false	56, 63
Lag2Baseline	98	true	false	false	11, 56, 63
Lag2Baseline	99	true	false	false	56
Lag2Baseline	100	true	false	false	24, 56, 68
Lag2Neutral	1	true	false	false	94
Lag2Neutral	2	true	false	false	56
Lag2Neutral	3	true	false	false	4, 24, 115
Lag2Neutral	4	true	false	false	109
Lag2Neutral	5	true	false	false
Lag2Neutral	6	true	false	false
Lag2Neutral	7	true	false	false
Lag2Neutral	8	true	false	false
Lag2Neutral	9	true	false	false	4
Lag2Neutral	10	true	false	false
Lag2Neutral	11	true	false	false	109
Lag2Neutral	12	true	false	false	48, 115
Lag2Neutral	13	true	false	false
Lag2Neutral	14	true	false	false
Lag2Neutral	15	true	false	false
Lag2Neutral	16	true	false	false
Lag2Neutral	17	true	false	false	94
Lag2Neutral	18	true	false	false	19, 56, 115
Lag2Neutral	19	false	true	false	2, 3, 4, 8, 9, 10, 11, 14, 15, 16, 17, 18, 21, 22, 23, 25, 26, 56, 126
Lag2Neutral	20	true	false	false	56
Lag2Neutral	21	true	false	false	19, 56
Lag2Neutral	22	true	false	false	56
Lag2Neutral	23	true	false	false	56
Lag2Neutral	24	true	false	false	56, 102, 115, 116
Lag2Neutral	25	true	false	false	115, 116
Lag2Neutral	26	true	false	false	56, 94
Lag2Neutral	27	true	false	false	56
Lag2Neutral	28	true	false	false	56, 102, 111, 112, 115, 116, 118
Lag2Neutral	29	true	false	false	8, 24, 56
Lag2Neutral	30	true	false	false	32, 56
Lag2Neutral	31	true	false	false	56, 102, 111, 112, 115, 116, 118
Lag2Neutral	32	true	false	false	56
Lag2Neutral	33	true	false	false	56
Lag2Neutral	34	true	false	false	56, 109, 114, 115
Lag2Neutral	35	true	false	false	38, 56, 109, 115
Lag2Neutral	36	true	false	false	56, 94, 109, 115
Lag2Neutral	37	true	false	false	56
Lag2Neutral	38	true	false	false	56, 109
Lag2Neutral	39	true	false	false	56, 99, 108, 109, 115, 123, 124
Lag2Neutral	40	true	false	false	56, 99, 109, 115
Lag2Neutral	41	true	false	false	1, 8, 17, 25, 56, 63, 115, 117, 127
Lag2Neutral	42	true	false	false	44, 107, 115
Lag2Neutral	43	true	false	false	14, 17, 56, 63, 109
Lag2Neutral	44	true	false	false
Lag2Neutral	45	true	false	false
Lag2Neutral	46	true	false	false	56
Lag2Neutral	47	true	false	false	109, 115
Lag2Neutral	48	true	false	false
Lag2Neutral	49	true	false	false	56, 109, 115
Lag2Neutral	50	true	false	false
Lag2Neutral	51	true	false	false	108, 109, 115
Lag2Neutral	52	true	false	false	109, 115
Lag2Neutral	53	true	false	false	3
Lag2Neutral	54	true	false	false	56, 94
Lag2Neutral	55	false	false	true	56, 63
Lag2Neutral	56	true	false	false	56
Lag2Neutral	57	true	false	false
Lag2Neutral	58	true	false	false	56
Lag2Neutral	59	true	false	false	56, 108, 109, 115
Lag2Neutral	60	true	false	false	56, 102, 109, 115
Lag2Neutral	61	true	false	false	6, 56, 63, 88, 94, 99, 105
Lag2Neutral	62	true	false	false	56, 63, 105, 115
Lag2Neutral	63	true	false	false	56
Lag2Neutral	64	true	false	false	56, 114, 122
Lag2Neutral	65	true	false	false	56, 63, 113, 114
Lag2Neutral	66	true	false	false	56, 115
Lag2Neutral	67	true	false	false	8, 24, 48, 56, 99, 109, 115
Lag2Neutral	68	true	false	false	19, 24, 56, 114, 115
Lag2Neutral	69	true	false	false	56
Lag2Neutral	70	true	false	false	26, 32, 38, 56, 93
Lag2Neutral	71	false	false	false	1, 2, 3, 8, 9, 10, 14, 15, 16, 17, 18, 21, 22, 23, 25, 26, 32, 38, 43, 44, 48, 56, 113, 114, 115, 119, 120, 121, 122, 125, 126, 127, 128
Lag2Neutral	72	true	false	false	56, 115
Lag2Neutral	73	true	false	false	56, 115
Lag2Neutral	74	false	false	true	1, 6, 7, 8, 30, 33, 36, 43, 44, 45, 49, 56, 57, 61, 63, 67, 68, 73, 80, 87, 88, 102, 104, 105, 107, 108, 113, 114, 115, 116, 124, 125
Lag2Neutral	75	true	false	false	56, 110, 115, 116
Lag2Neutral	76	true	false	false	1, 46, 56, 102, 109, 110, 115, 116
Lag2Neutral	77	false	false	false	46, 56, 57, 63, 73, 102, 104, 105, 107, 109, 110, 111, 113, 115, 116
Lag2Neutral	78	true	false	false	24, 56, 110, 115, 116
Lag2Neutral	79	true	false	false	56, 63, 110, 115, 116
Lag2Neutral	80	true	false	false	56, 63, 110, 115, 116
Lag2Neutral	81	false	false	false	17, 21, 25, 33, 36, 45, 46, 48, 56, 57, 63, 68, 73, 99, 107, 109, 115
Lag2Neutral	82	true	false	false	56
Lag2Neutral	83	true	false	false	24, 56, 63, 68, 73, 115
Lag2Neutral	84	false	false	false	8, 9, 14, 15, 17, 21, 22, 24, 25, 26, 33, 46, 56, 63, 68, 107, 109, 115
Lag2Neutral	85	false	false	false	33, 44, 48, 49, 56, 57, 63, 94, 99, 107, 113, 114, 115
Lag2Neutral	86	true	false	false	56, 63
Lag2Neutral	87	true	false	false	41, 56, 63, 68, 107, 115
Lag2Neutral	88	true	false	false	33, 36, 46, 56, 57, 63, 68, 99, 109, 115
Lag2Neutral	89	false	false	false	6, 22, 26, 56, 57, 63, 67, 68, 107, 108, 109, 114, 115
Lag2Neutral	90	true	false	false	56, 109, 115
Lag2Neutral	91	false	false	true	56, 102, 114, 115, 116
Lag2Neutral	92	true	false	false	14, 17, 21, 25, 27, 32, 56
Lag2Neutral	93	true	false	false	56, 68, 102, 115
Lag2Neutral	94	true	false	false	56, 68, 102, 107, 115, 116
Lag2Neutral	95	true	false	false	56, 63, 102, 115
Lag2Neutral	96	true	false	false	56, 102, 115, 116
Lag2Neutral	97	true	false	false	56
Lag2Neutral	98	true	false	false	56, 99
Lag2Neutral	99	true	false	false	14, 24, 46, 56, 115
Lag2Neutral	100	true	false	false	27, 56, 68
Lag2Negative	1	true	false	false
Lag2Negative	2	true	false	false	56, 63, 94, 99
Lag2Negative	3	true	false	false	109
Lag2Negative	4	true	false	false	114
Lag2Negative	5	true	false	false
Lag2Negative	6	true	false	false
Lag2Negative	7	true	false	false
Lag2Negative	8	true	false	false	56
Lag2Negative	9	true	false	false
Lag2Negative	10	true	false	false	122
Lag2Negative	11	true	false	false	56, 94, 109, 115
Lag2Negative	12	true	false	false
Lag2Negative	13	true	false	false	25
Lag2Negative	14	true	false	false
Lag2Negative	15	true	false	false
Lag2Negative	16	true	false	false	24, 56
Lag2Negative	17	false	false	false	2, 8, 9, 10, 14, 15, 16, 17, 18, 21, 22, 23, 25, 26, 32
Lag2Negative	18	true	false	false	56
Lag2Negative	19	true	false	false
Lag2Negative	20	true	false	false	56
Lag2Negative	21	true	false	false	56, 63, 88, 89, 94, 107
Lag2Negative	22	true	false	false	56, 99, 115
Lag2Negative	23	true	false	false
Lag2Negative	24	true	false	false	19, 56
Lag2Negative	25	true	false	false	56, 115
Lag2Negative	26	true	false	false	2, 56
Lag2Negative	27	true	false	false	44, 56
Lag2Negative	28	true	false	false	44, 56
Lag2Negative	29	false	true	false	8, 9, 14, 17, 21, 22, 25, 56, 115, 116
Lag2Negative	30	true	false	false	56, 105, 115
Lag2Negative	31	true	false	false	56, 102, 110, 111, 112, 115, 116, 117, 118
Lag2Negative	32	true	false	false	56, 102, 111, 112, 115, 116, 117, 118
Lag2Negative	33	true	false	false	56, 99
Lag2Negative	34	true	false	false	17, 21, 22, 25, 26, 56, 94
Lag2Negative	35	true	false	false	1, 8, 38, 56, 115, 116, 122
Lag2Negative	36	true	false	false	19, 56, 109, 115, 116
Lag2Negative	37	true	false	false	24, 35, 56
Lag2Negative	38	true	false	false	56, 115
Lag2Negative	39	true	false	false	56, 89, 94, 99, 108, 109, 115
Lag2Negative	40	true	false	false	56, 99, 109
Lag2Negative	41	true	false	false	56, 94, 99, 109, 115, 116
Lag2Negative	42	true	false	false	19
Lag2Negative	43	true	false	false
Lag2Negative	44	true	false	false
Lag2Negative	45	true	false	false	56
Lag2Negative	46	true	false	false	56, 99, 109, 115
Lag2Negative	47	true	false	false	56
Lag2Negative	48	true	false	false	56, 109, 115
Lag2Negative	49	true	false	false	56
Lag2Negative	50	true	false	false	56
Lag2Negative	51	true	false	false	56, 115, 117, 122
Lag2Negative	52	true	false	false	56, 109, 115
Lag2Negative	53	true	false	false
Lag2Negative	54	true	false	false	109, 115
Lag2Negative	55	true	false	false
Lag2Negative	56	true	false	false
Lag2Negative	57	true	false	false	1, 56, 105, 109, 115
Lag2Negative	58	true	false	false
Lag2Negative	59	true	false	false	56, 94
Lag2Negative	60	false	false	true	32, 33, 38, 39, 44, 45
Lag2Negative	61	true	false	false	8, 56, 109, 114, 115
Lag2Negative	62	true	false	false	56, 114
Lag2Negative	63	false	true	false	8, 9, 14, 15, 17, 19, 21, 22, 24, 25, 26, 32, 56, 114
Lag2Negative	64	true	false	false	56, 114
Lag2Negative	65	true	false	false	56, 109
Lag2Negative	66	true	false	false	56, 115, 122
Lag2Negative	67	false	true	false	8, 56, 109
Lag2Negative	68	true	false	false	24, 46, 56, 63, 115
Lag2Negative	69	true	false	false	56
Lag2Negative	70	true	false	false	46, 56
Lag2Negative	71	true	false	false	38, 39, 45, 56, 63
Lag2Negative	72	true	false	false	46, 56, 63
Lag2Negative	73	true	false	false	27, 56, 63
Lag2Negative	74	false	true	false	1, 2, 3, 8, 9, 10, 14, 15, 16, 17, 18, 21, 22, 23, 25, 26, 46, 56, 107
Lag2Negative	75	true	false	false	46, 56, 115
Lag2Negative	76	true	false	false	56, 63, 93, 115
Lag2Negative	77	false	true	false	24, 56, 63, 115
Lag2Negative	78	true	false	false	110
Lag2Negative	79	true	false	false	46, 56, 110, 115
Lag2Negative	80	true	false	false	56, 63, 102, 107, 110, 115, 116
Lag2Negative	81	true	false	false	56, 63
Lag2Negative	82	true	false	false	38, 56
Lag2Negative	83	true	false	false	56, 63
Lag2Negative	84	true	false	false	33, 56, 57, 63, 68, 73, 99, 107, 109, 115
Lag2Negative	85	true	false	false	46, 56, 63, 68, 107, 109, 115
Lag2Negative	86	false	false	false	8, 9, 10, 14, 15, 16, 17, 18, 21, 22, 23, 25, 26, 46, 56, 63, 68, 109, 115
Lag2Negative	87	true	false	false	56, 63, 68, 115
Lag2Negative	88	true	false	false	56, 63, 99
Lag2Negative	89	true	false	false	6, 56, 63, 107, 115, 116
Lag2Negative	90	true	false	false	27, 56, 115
Lag2Negative	91	true	false	false	24, 27, 46, 56, 63, 68, 109, 115
Lag2Negative	92	true	false	false	56, 115
Lag2Negative	93	true	false	false	56, 63, 68, 109, 115
Lag2Negative	94	true	false	false	24, 27, 56, 68
Lag2Negative	95	true	false	false	56, 63, 68, 107, 115
Lag2Negative	96	true	false	false	56, 63, 68
Lag2Negative	97	true	false	false	8, 14, 24, 56
Lag2Negative	98	true	false	false	27, 56
Lag2Negative	99	true	false	false	11, 56
Lag2Negative	100	true	false	false	8, 46, 56
Lag8Baseline	1	true	false	false	56, 114
Lag8Baseline	2	true	false	false
Lag8Baseline	3	true	false	false
Lag8Baseline	4	true	false	false	109
Lag8Baseline	5	true	false	false	109, 115
Lag8Baseline	6	true	false	false	116
Lag8Baseline	7	true	false	false
Lag8Baseline	8	true	false	false
Lag8Baseline	9	true	false	false	56, 109
Lag8Baseline	10	true	false	false	114
Lag8Baseline	11	true	false	false
Lag8Baseline	12	true	false	false
Lag8Baseline	13	true	false	false
Lag8Baseline	14	true	false	false
Lag8Baseline	15	true	false	false	4, 21, 25, 38, 56
Lag8Baseline	16	true	false	false	56
Lag8Baseline	17	true	false	false	56
Lag8Baseline	18	true	false	false
Lag8Baseline	19	true	false	false
Lag8Baseline	20	true	false	false
Lag8Baseline	21	true	false	false	56
Lag8Baseline	22	true	false	false	56
Lag8Baseline	23	true	false	false	44, 56
Lag8Baseline	24	true	false	false	56, 99
Lag8Baseline	25	true	false	false	56
Lag8Baseline	26	false	false	false	1, 2, 8, 9, 14, 15, 16, 17, 21, 22, 25, 26, 32, 56, 102, 111, 112, 115, 116, 117, 118, 125, 126, 127
Lag8Baseline	27	true	false	false	56, 115, 116
Lag8Baseline	28	true	false	false	56, 115, 122
Lag8Baseline	29	false	false	false	1, 8, 14, 15, 17, 21, 22, 25, 26, 32, 56, 102, 111, 112, 115, 116
Lag8Baseline	30	true	false	false	56, 102, 111, 112, 115, 116, 117
Lag8Baseline	31	true	false	false	56, 115, 116
Lag8Baseline	32	true	false	false	56, 102, 111, 112, 115, 116
Lag8Baseline	33	true	false	false	56, 102, 111, 112, 115, 116, 118
Lag8Baseline	34	true	false	false	56, 109, 115, 116
Lag8Baseline	35	true	false	false	56, 109, 115
Lag8Baseline	36	true	false	false	56, 99, 109, 114, 115
Lag8Baseline	37	true	false	false	56, 99, 108, 109, 115
Lag8Baseline	38	true	false	false	56
Lag8Baseline	39	true	false	false	56, 108, 109, 115
Lag8Baseline	40	true	false	false	56, 122
Lag8Baseline	41	true	false	false	44, 56, 63, 99, 105, 107, 113, 115
Lag8Baseline	42	false	false	false	56, 99, 102, 107, 108, 109, 111, 114, 115, 116, 122
Lag8Baseline	43	true	false	false	56, 88, 89, 94, 99, 109
Lag8Baseline	44	true	false	false	8, 14, 17, 21, 25, 99, 109, 114, 115
Lag8Baseline	45	true	false	false	56, 105, 114
Lag8Baseline	46	false	true	false	8, 17, 56, 99, 105, 109
Lag8Baseline	47	true	false	false	56
Lag8Baseline	48	true	false	false	8, 14, 17, 21, 25, 56
Lag8Baseline	49	true	false	false	56, 109
Lag8Baseline	50	true	false	false	56, 94, 109, 115
Lag8Baseline	51	true	false	false	56
Lag8Baseline	52	true	false	false	56
Lag8Baseline	53	true	false	false	24, 56, 109, 115
Lag8Baseline	54	true	false	false	24, 56
Lag8Baseline	55	true	false	false	63
Lag8Baseline	56	true	false	false	26, 56, 109
Lag8Baseline	57	true	false	false	56
Lag8Baseline	58	false	false	false	14, 15, 17, 21, 22, 23, 25, 26, 27, 32, 33, 38, 43, 56, 127, 128
Lag8Baseline	59	true	false	false	56
Lag8Baseline	60	true	false	false	63, 68
Lag8Baseline	61	true	false	false	56, 105, 115
Lag8Baseline	62	true	false	false	56
Lag8Baseline	63	true	false	false	6, 27, 56, 63, 105, 107, 108, 109, 115
Lag8Baseline	64	true	false	false	56, 102, 111, 114, 115, 116
Lag8Baseline	65	true	false	false	24, 56, 102, 115, 116
Lag8Baseline	66	true	false	false	56, 63, 99
Lag8Baseline	67	true	false	false	56, 63
Lag8Baseline	68	true	false	false	27, 46, 56, 63, 73, 115
Lag8Baseline	69	true	false	false	56
Lag8Baseline	70	true	false	false	24, 56, 122
Lag8Baseline	71	true	false	false	56
Lag8Baseline	72	true	false	false	56, 105
Lag8Baseline	73	true	false	false	46, 56, 94
Lag8Baseline	74	true	false	false	46, 56, 115
Lag8Baseline	75	true	false	false	46, 56, 114, 115
Lag8Baseline	76	true	false	false	56, 110
Lag8Baseline	77	true	false	false	14, 24, 46, 56, 110, 115, 116
Lag8Baseline	78	true	false	false	46, 56, 110, 115, 116
Lag8Baseline	79	true	false	false	56, 99, 110, 115, 116
Lag8Baseline	80	true	false	false	56, 63, 102, 110, 114, 115, 116
Lag8Baseline	81	true	false	false	56, 109
Lag8Baseline	82	true	false	false	56, 63, 68
Lag8Baseline	83	true	false	false	46, 56, 63, 114, 115
Lag8Baseline	84	true	false	false	56, 115
Lag8Baseline	85	true	false	false	33, 45, 56, 63, 68, 102, 115
Lag8Baseline	86	true	false	false	56, 63
Lag8Baseline	87	false	false	true	6, 33, 56, 57, 63, 68, 102, 107, 109, 115, 116
Lag8Baseline	88	true	false	false	24, 56, 68, 109, 115
Lag8Baseline	89	true	false	false	24, 56, 68, 115, 116
Lag8Baseline	90	true	false	false	56, 63, 68, 115
Lag8Baseline	91	true	false	false	56, 63, 68, 107, 115
Lag8Baseline	92	false	false	false	33, 38, 39, 44, 45, 56, 57, 63, 68, 102, 115, 116
Lag8Baseline	93	false	false	false	6, 24, 36, 56, 57, 63, 67, 68, 80, 87, 99, 102, 105, 107, 109, 114, 115
Lag8Baseline	94	true	false	false	11, 27, 56, 99, 102, 115
Lag8Baseline	95	true	false	false	56
Lag8Baseline	96	true	false	false	11, 24, 56, 63, 68, 99
Lag8Baseline	97	true	false	false	56, 115
Lag8Baseline	98	false	false	false	1, 8, 17, 25, 26, 32, 33, 38, 39, 43, 44, 46, 48, 49, 56, 63, 68, 121, 127, 128
Lag8Baseline	99	true	false	false	56
Lag8Baseline	100	true	false	false	46, 56
Lag8Neutral	1	true	false	false	94
Lag8Neutral	2	true	false	false	19
Lag8Neutral	3	true	false	false	24, 109
Lag8Neutral	4	true	false	false	109
Lag8Neutral	5	true	false	false	109, 114
Lag8Neutral	6	true	false	false
Lag8Neutral	7	true	false	false	56
Lag8Neutral	8	true	false	false
Lag8Neutral	9	true	false	false	4
Lag8Neutral	10	true	false	false	8, 14, 17
Lag8Neutral	11	false	false	true	49, 124
Lag8Neutral	12	true	false	false
Lag8Neutral	13	true	false	false	56
Lag8Neutral	14	true	false	false
Lag8Neutral	15	true	false	false
Lag8Neutral	16	true	false	false
Lag8Neutral	17	true	false	false	56
Lag8Neutral	18	true	false	false	24, 56
Lag8Neutral	19	true	false	false	56
Lag8Neutral	20	true	false	false	56
Lag8Neutral	21	true	false	false	56, 83, 84, 88, 89, 90, 94, 95, 99
Lag8Neutral	22	true	false	false	56, 63, 94, 99, 109
Lag8Neutral	23	true	false	false	56, 94
Lag8Neutral	24	true	false	false	24, 44, 56, 109
Lag8Neutral	25	true	false	false	56, 99
Lag8Neutral	26	true	false	false	56, 99, 102, 111, 112, 115, 116, 118
Lag8Neutral	27	true	false	false	19, 56, 102, 111, 112, 115, 116, 118
Lag8Neutral	28	true	false	false	19, 56, 115, 116
Lag8Neutral	29	true	false	false	56
Lag8Neutral	30	true	false	false	38, 56, 99, 107, 117
Lag8Neutral	31	true	false	false	56, 102, 111, 112, 115, 116
Lag8Neutral	32	true	false	false	56, 99
Lag8Neutral	33	true	false	false	56
Lag8Neutral	34	true	false	false	32, 38, 56, 63, 94, 108, 109, 115
Lag8Neutral	35	true	false	false	48, 56, 63, 94, 99, 105, 109, 113, 115
Lag8Neutral	36	true	false	false	56, 109, 115
Lag8Neutral	37	true	false	false	56
Lag8Neutral	38	true	false	false	56, 109, 115
Lag8Neutral	39	true	false	false	56, 99, 109, 115
Lag8Neutral	40	true	false	false	2, 8, 14, 17, 56
Lag8Neutral	41	true	false	false	8, 14, 17, 21, 22, 25, 56, 63, 99, 115
Lag8Neutral	42	true	false	false	56
Lag8Neutral	43	true	false	false	56
Lag8Neutral	44	true	false	false	56, 115
Lag8Neutral	45	true	false	false	56, 57, 63, 99, 108, 109, 113, 114, 115
Lag8Neutral	46	false	false	true	38, 44, 45
Lag8Neutral	47	true	false	false
Lag8Neutral	48	true	false	false	56, 63, 115
Lag8Neutral	49	true	false	false	56, 109, 115
Lag8Neutral	50	true	false	false	3, 109, 115
Lag8Neutral	51	true	false	false	3
Lag8Neutral	52	true	false	false
Lag8Neutral	53	true	false	false	56
Lag8Neutral	54	true	false	false
Lag8Neutral	55	true	false	false	24, 56, 63, 109, 115
Lag8Neutral	56	false	false	true	56, 63, 88, 105, 109, 113, 115
Lag8Neutral	57	true	false	false	56, 63
Lag8Neutral	58	true	false	false	56
Lag8Neutral	59	true	false	false	3, 56, 63, 109, 115
Lag8Neutral	60	true	false	false	3, 56, 63, 92
Lag8Neutral	61	true	false	false	56, 109, 115
Lag8Neutral	62	true	false	false	21, 56, 114, 115, 116
Lag8Neutral	63	true	false	false	24, 56, 114, 115, 116
Lag8Neutral	64	true	false	false	8, 56, 63
Lag8Neutral	65	true	false	false	56, 63, 122
Lag8Neutral	66	true	false	false	56, 63, 114, 115
Lag8Neutral	67	true	false	false	24, 56, 63, 109
Lag8Neutral	68	false	false	false	6, 36, 44, 46, 48, 49, 53, 56, 57, 60, 63, 67, 68, 80, 87, 88, 99, 102, 105, 107, 108, 109, 113, 114, 115, 116
Lag8Neutral	69	false	false	false	6, 14, 21, 22, 25, 44, 46, 49, 56, 57, 63, 67, 88, 89, 94, 99, 104, 107, 113
Lag8Neutral	70	true	false	false	56, 63, 107, 115
Lag8Neutral	71	true	false	false	56, 63, 107, 115
Lag8Neutral	72	true	false	false	8, 17, 21, 25, 26, 56
Lag8Neutral	73	true	false	false	24, 46, 56, 63, 89, 94, 110
Lag8Neutral	74	true	false	false	56, 110, 114, 115, 117
Lag8Neutral	75	true	false	false	24, 46, 56, 102, 109, 110, 115, 116
Lag8Neutral	76	true	false	false	46, 56, 102, 110, 115, 116
Lag8Neutral	77	true	false	false	46, 56, 63, 110, 115
Lag8Neutral	78	true	false	false	56, 110, 115
Lag8Neutral	79	true	false	false	56, 63, 102, 107, 110, 111, 115, 116
Lag8Neutral	80	true	false	false	46, 56, 63, 110, 115, 116
Lag8Neutral	81	true	false	false	56, 68, 115
Lag8Neutral	82	true	false	false	56, 63
Lag8Neutral	83	true	false	false	2, 56, 63
Lag8Neutral	84	true	false	false	56, 63
Lag8Neutral	85	true	false	false	56
Lag8Neutral	86	true	false	false	56, 107
Lag8Neutral	87	true	false	false	56, 68, 107, 109, 115
Lag8Neutral	88	true	false	false	48, 56, 73, 107, 116
Lag8Neutral	89	false	false	true	6, 33, 36, 45, 56, 57, 61, 63, 67, 68, 73, 104, 107, 108, 110, 111, 115, 125
Lag8Neutral	90	true	false	false	46, 56, 63, 115
Lag8Neutral	91	true	false	false	56, 63, 115
Lag8Neutral	92	true	false	false	24, 56, 115
Lag8Neutral	93	true	false	false	24, 56, 102, 115, 116
Lag8Neutral	94	true	false	false	6, 27, 56, 57, 63, 67, 68, 107, 109, 115
Lag8Neutral	95	true	false	false	24, 56
Lag8Neutral	96	true	false	false	24, 56, 63, 68, 115
Lag8Neutral	97	true	false	false	56, 63
Lag8Neutral	98	true	false	false	27, 56
Lag8Neutral	99	false	false	true	33, 56
Lag8Neutral	100	false	false	true	8, 14, 17, 21, 22, 24, 25, 26, 32, 33, 36, 38, 39, 43, 44, 45, 56, 57, 63, 102, 108, 109, 114, 115, 128
Lag8Negative	1	true	false	false	24, 109, 114
Lag8Negative	2	true	false	false	109
Lag8Negative	3	true	false	false
Lag8Negative	4	true	false	false	122
Lag8Negative	5	true	false	false
Lag8Negative	6	true	false	false	4, 56
Lag8Negative	7	true	false	false	122
Lag8Negative	8	true	false	false
Lag8Negative	9	true	false	false
Lag8Negative	10	false	false	true	56
Lag8Negative	11	true	false	false
Lag8Negative	12	true	false	false	4
Lag8Negative	13	true	false	false
Lag8Negative	14	true	false	false
Lag8Negative	15	true	false	false
Lag8Negative	16	true	false	false	56, 63, 109
Lag8Negative	17	true	false	false
Lag8Negative	18	true	false	false	56
Lag8Negative	19	true	false	false
Lag8Negative	20	true	false	false
Lag8Negative	21	true	false	false	56
Lag8Negative	22	true	false	false	56, 99, 109
Lag8Negative	23	true	false	false	56, 109, 115
Lag8Negative	24	true	false	false	56, 94, 109, 115
Lag8Negative	25	true	false	false	56, 94
Lag8Negative	26	true	false	false	44, 56
Lag8Negative	27	true	false	false	56, 102, 115, 116
Lag8Negative	28	true	false	false	56, 99
Lag8Negative	29	true	false	false	56, 117
Lag8Negative	30	true	false	false	56, 99, 115, 116
Lag8Negative	31	true	false	false	56, 99, 102, 111, 112, 115, 116, 118
Lag8Negative	32	true	false	false	56, 99
Lag8Negative	33	true	false	false	19, 56
Lag8Negative	34	true	false	false	2, 8, 9, 14, 17, 21, 56, 116
Lag8Negative	35	true	false	false	56
Lag8Negative	36	true	false	false	56, 114
Lag8Negative	37	true	false	false	56, 94
Lag8Negative	38	false	false	false	2, 3, 8, 9, 14, 15, 16, 17, 18, 21, 22, 23, 25, 26, 32, 56, 99, 109, 115
Lag8Negative	39	true	false	false	56, 99, 108, 109, 115
Lag8Negative	40	true	false	false	56
Lag8Negative	41	true	false	false	19, 44, 56, 107, 111, 115, 122
Lag8Negative	42	true	false	false	56, 63, 108, 109, 115, 122
Lag8Negative	43	true	false	false	56, 63, 114
Lag8Negative	44	true	false	false	56
Lag8Negative	45	true	false	false	56
Lag8Negative	46	true	false	false	19, 115
Lag8Negative	47	true	false	false	109, 115
Lag8Negative	48	true	false	false	109, 115
Lag8Negative	49	true	false	false	2, 3, 25, 56, 115, 120
Lag8Negative	50	true	false	false	3, 24
Lag8Negative	51	true	false	false	56, 63, 107, 115
Lag8Negative	52	true	false	false	56, 57, 63, 97, 99, 105, 107, 108, 109, 115
Lag8Negative	53	true	false	false	56
Lag8Negative	54	true	false	false	56, 109
Lag8Negative	55	true	false	false	56, 109
Lag8Negative	56	true	false	false	56
Lag8Negative	57	true	false	false	56
Lag8Negative	58	true	false	false	63, 114
Lag8Negative	59	true	false	false
Lag8Negative	60	true	false	false	56
Lag8Negative	61	true	false	false	56, 115
Lag8Negative	62	true	false	false	19, 56, 107, 114
Lag8Negative	63	true	false	false	56, 109, 115
Lag8Negative	64	true	false	false	8, 24, 56, 114
Lag8Negative	65	true	false	false	56, 115
Lag8Negative	66	false	false	false	2, 44, 56, 63, 68, 73, 88, 94, 99, 105, 114, 115, 116, 120, 122, 123
Lag8Negative	67	true	false	false	2, 21, 25, 26, 27, 56, 63, 113, 114, 122
Lag8Negative	68	true	false	false	56, 63
Lag8Negative	69	true	false	false	16, 56, 115
Lag8Negative	70	true	false	false	24, 56, 63, 115
Lag8Negative	71	true	false	false	56
Lag8Negative	72	true	false	false	24, 56, 63
Lag8Negative	73	true	false	false	46, 56
Lag8Negative	74	true	false	false	24, 56, 63, 115
Lag8Negative	75	false	false	false	6, 30, 36, 49, 53, 56, 57, 63, 67, 68, 87, 94, 99, 105, 107, 111, 113, 115, 125
Lag8Negative	76	true	false	false	56, 110, 115, 116
Lag8Negative	77	true	false	false	56, 110, 115
Lag8Negative	78	false	false	true	6, 30, 33, 44, 48, 49, 53, 56, 57, 60, 63, 67, 68, 81, 87, 88, 94, 99, 102, 104, 105, 107, 108, 109, 110, 111, 113, 114, 115, 116, 125
Lag8Negative	79	true	false	false	27, 48, 56, 63, 110, 115, 116
Lag8Negative	80	true	false	false	56, 63, 102, 110, 111, 115, 116
Lag8Negative	81	true	false	false	46, 56, 63, 68, 73, 109
Lag8Negative	82	true	false	false	56, 63, 109
Lag8Negative	83	true	false	false	56, 63
Lag8Negative	84	true	false	false	56, 63
Lag8Negative	85	true	false	false	36, 56, 57, 63, 68, 73, 99, 107, 109, 115
Lag8Negative	86	true	false	false	56, 63, 68, 103, 109, 115
Lag8Negative	87	true	false	false	56
Lag8Negative	88	false	false	false	6, 8, 9, 14, 15, 17, 21, 22, 25, 26, 27, 29, 30, 31, 33, 34, 36, 39, 45, 46, 50, 51, 52, 53, 56, 57, 59, 60, 61, 62, 63, 66, 67, 68, 69, 71, 73, 80, 81, 86, 87, 88, 89, 94, 95, 96, 97, 99, 100, 101, 102, 103, 104, 105, 107, 108, 109, 111, 112, 114, 115, 118, 121, 124, 127
Lag8Negative	89	true	false	false	56, 63, 99, 107, 115
Lag8Negative	90	true	false	false	56, 63, 99, 107, 125
Lag8Negative	91	true	false	false	56, 63, 99, 116
Lag8Negative	92	true	false	false	56, 114
Lag8Negative	93	true	false	false	56, 107, 115
Lag8Negative	94	true	false	false	24, 56, 102, 115, 116
Lag8Negative	95	true	false	false	56, 63, 107, 115
Lag8Negative	96	true	false	false	56
Lag8Negative	97	true	false	false	11, 56, 63, 68
Lag8Negative	98	true	false	false	56, 63, 68, 99
Lag8Negative	99	false	false	false	14, 15, 17, 21, 22, 23, 25, 26, 32, 43, 45, 56, 63
Lag8Negative	100	true	false	false	24, 56, 68, 115
L2NCorrect	1	true	false	false	56, 63, 94, 99
L2NCorrect	2	true	false	false	114
L2NCorrect	3	true	false	false
L2NCorrect	4	true	false	false	56
L2NCorrect	5	true	false	false
L2NCorrect	6	true	false	false	122
L2NCorrect	7	true	false	false
L2NCorrect	8	true	false	false
L2NCorrect	9	true	false	false	24, 56
L2NCorrect	10	false	false	false	2, 8, 9, 10, 14, 15, 16, 17, 18, 21, 22, 23, 25, 26, 32
L2NCorrect	11	true	false	false	56, 63, 88, 89, 94, 107
L2NCorrect	12	true	false	false	56, 99, 115
L2NCorrect	13	true	false	false
L2NCorrect	14	true	false	false	19, 56
L2NCorrect	15	true	false	false	56, 115
L2NCorrect	16	true	false	false	2, 56
L2NCorrect	17	true	false	false	44, 56
L2NCorrect	18	false	true	false	8, 9, 14, 17, 21, 22, 25, 56, 115, 116
L2NCorrect	19	true	false	false	56, 102, 110, 111, 112, 115, 116, 117, 118
L2NCorrect	20	true	false	false	56, 99
L2NCorrect	21	true	false	false	17, 21, 22, 25, 26, 56, 94
L2NCorrect	22	true	false	false	1, 8, 38, 56, 115, 116, 122
L2NCorrect	23	true	false	false	24, 35, 56
L2NCorrect	24	true	false	false	56, 115
L2NCorrect	25	true	false	false	56, 89, 94, 99, 108, 109, 115
L2NCorrect	26	true	false	false	19
L2NCorrect	27	true	false	false
L2NCorrect	28	true	false	false	56, 99, 109, 115
L2NCorrect	29	true	false	false	56
L2NCorrect	30	true	false	false	56
L2NCorrect	31	true	false	false	56
L2NCorrect	32	true	false	false	56, 115, 117, 122
L2NCorrect	33	true	false	false	56, 109, 115
L2NCorrect	34	true	false	false
L2NCorrect	35	true	false	false	109, 115
L2NCorrect	36	true	false	false
L2NCorrect	37	true	false	false	56, 94
L2NCorrect	38	true	false	false	8, 56, 109, 114, 115
L2NCorrect	39	true	false	false	56, 109
L2NCorrect	40	true	false	false	24, 46, 56, 63, 115
L2NCorrect	41	true	false	false	56
L2NCorrect	42	true	false	false	46, 56
L2NCorrect	43	true	false	false	46, 56, 63
L2NCorrect	44	true	false	false	27, 56, 63
L2NCorrect	45	false	true	false	1, 2, 3, 8, 9, 10, 14, 15, 16, 17, 18, 21, 22, 23, 25, 26, 46, 56, 107
L2NCorrect	46	false	true	false	24, 56, 63, 115
L2NCorrect	47	true	false	false	110
L2NCorrect	48	true	false	false	56, 63
L2NCorrect	49	true	false	false	38, 56
L2NCorrect	50	true	false	false	56, 63
L2NCorrect	51	true	false	false	33, 56, 57, 63, 68, 73, 99, 107, 109, 115
L2NCorrect	52	true	false	false	56, 63, 68, 115
L2NCorrect	53	true	false	false	56, 63, 99
L2NCorrect	54	true	false	false	6, 56, 63, 107, 115, 116
L2NCorrect	55	true	false	false	27, 56, 115
L2NCorrect	56	true	false	false	24, 27, 46, 56, 63, 68, 109, 115
L2NCorrect	57	true	false	false	56, 115
L2NCorrect	58	true	false	false	24, 27, 56, 68
L2NCorrect	59	true	false	false	56, 63, 68
L2NCorrect	60	true	false	false	11, 56
L2NCorrect	61	true	false	false	8, 46, 56
L2NIncorrect	1	true	false	false
L2NIncorrect	2	true	false	false	109
L2NIncorrect	3	true	false	false
L2NIncorrect	4	true	false	false
L2NIncorrect	5	true	false	false	56, 94, 109, 115
L2NIncorrect	6	true	false	false	25
L2NIncorrect	7	true	false	false
L2NIncorrect	8	true	false	false	56
L2NIncorrect	9	true	false	false
L2NIncorrect	10	true	false	false	56
L2NIncorrect	11	true	false	false	44, 56
L2NIncorrect	12	true	false	false	56, 105, 115
L2NIncorrect	13	true	false	false	56, 102, 111, 112, 115, 116, 117, 118
L2NIncorrect	14	true	false	false	19, 56, 109, 115, 116
L2NIncorrect	15	true	false	false	56, 99, 109
L2NIncorrect	16	true	false	false	56, 94, 99, 109, 115, 116
L2NIncorrect	17	true	false	false
L2NIncorrect	18	true	false	false	56
L2NIncorrect	19	true	false	false	56, 109, 115
L2NIncorrect	20	true	false	false
L2NIncorrect	21	true	false	false	1, 56, 105, 109, 115
L2NIncorrect	22	true	false	false
L2NIncorrect	23	false	false	true	32, 33, 38, 39, 44, 45
L2NIncorrect	24	true	false	false	56, 114
L2NIncorrect	25	false	true	false	8, 9, 14, 15, 17, 19, 21, 22, 24, 25, 26, 32, 56, 114
L2NIncorrect	26	true	false	false	56, 114
L2NIncorrect	27	true	false	false	56, 115, 122
L2NIncorrect	28	false	true	false	8, 56, 109
L2NIncorrect	29	true	false	false	38, 39, 45, 56, 63
L2NIncorrect	30	true	false	false	46, 56, 115
L2NIncorrect	31	true	false	false	56, 63, 93, 115
L2NIncorrect	32	true	false	false	46, 56, 110, 115
L2NIncorrect	33	true	false	false	56, 63, 102, 107, 110, 115, 116
L2NIncorrect	34	true	false	false	46, 56, 63, 68, 107, 109, 115
L2NIncorrect	35	false	false	false	8, 9, 10, 14, 15, 16, 17, 18, 21, 22, 23, 25, 26, 46, 56, 63, 68, 109, 115
L2NIncorrect	36	true	false	false	56, 63, 68, 109, 115
L2NIncorrect	37	true	false	false	56, 63, 68, 107, 115
L2NIncorrect	38	true	false	false	8, 14, 24, 56
L2NIncorrect	39	true	false	false	27, 56
