Category	Segment number	Segment Good	Eye Blinks	Eye Movements	Bad Channels
Lag2Baseline	1	false	false	true	73, 123
Lag2Baseline	2	true	false	false	57, 75, 91
Lag2Baseline	3	true	false	false	57, 75
Lag2Baseline	4	true	false	false	56
Lag2Baseline	5	false	true	true	14, 17, 21, 22, 25, 32, 119, 127
Lag2Baseline	6	true	false	false	2, 4, 39, 75, 119, 122, 124
Lag2Baseline	7	true	false	false	74, 75, 119
Lag2Baseline	8	true	false	false	74, 75
Lag2Baseline	9	false	true	false	8, 9, 14, 17, 21, 22, 25, 32, 63, 74, 75
Lag2Baseline	10	false	false	true	66, 74, 75
Lag2Baseline	11	true	false	false	74, 75
Lag2Baseline	12	true	false	false	75, 119
Lag2Baseline	13	true	false	false	39, 41, 74, 75
Lag2Baseline	14	true	false	false	120
Lag2Baseline	15	false	true	false	9, 14, 17, 21, 22, 25, 26, 32, 39, 63, 74, 75
Lag2Baseline	16	true	false	false	74, 75
Lag2Baseline	17	true	false	false
Lag2Baseline	18	true	false	false	119
Lag2Baseline	19	true	false	false
Lag2Baseline	20	true	false	false	74, 75
Lag2Baseline	21	false	true	false	1, 4, 56, 57, 63, 64, 68, 69, 70, 71, 73, 74, 81, 82, 88, 89, 94, 95, 96, 99, 107, 113, 126
Lag2Baseline	22	true	false	false
Lag2Baseline	23	true	false	false	107
Lag2Baseline	24	true	false	false	74
Lag2Baseline	25	true	false	false
Lag2Baseline	26	true	false	false	74
Lag2Baseline	27	true	false	false
Lag2Baseline	28	true	false	false	40, 74, 75, 119
Lag2Baseline	29	true	false	false	58
Lag2Baseline	30	true	false	false	74, 119
Lag2Baseline	31	false	false	true	2, 32, 33, 40, 44, 45, 48, 73, 74, 81, 107, 113, 119, 122, 126, 127
Lag2Baseline	32	true	false	false	1, 32, 74, 107, 120
Lag2Baseline	33	true	false	false	119
Lag2Baseline	34	true	false	false	59, 74
Lag2Baseline	35	true	false	false
Lag2Baseline	36	true	false	false	2, 56, 73, 74, 81, 113, 120, 122
Lag2Baseline	37	true	false	false	115, 122
Lag2Baseline	38	false	true	false	113, 120, 126, 127
Lag2Baseline	39	true	false	false	63, 73, 74, 81, 82, 88, 89, 90, 113, 119
Lag2Baseline	40	true	false	false
Lag2Baseline	41	false	true	false	1, 2, 3, 4, 5, 6, 7, 8, 9, 10, 11, 12, 13, 14, 15, 16, 17, 18, 19, 20, 21, 22, 23, 24, 25, 26, 27, 28, 29, 30, 31, 32, 33, 34, 35, 36, 37, 38, 39, 40, 41, 42, 43, 44, 45, 46, 47, 48, 49, 50, 51, 52, 53, 54, 55, 56, 57, 58, 59, 60, 61, 62, 63, 64, 65, 66, 67, 68, 69, 70, 71, 72, 73, 74, 75, 76, 77, 78, 79, 80, 81, 82, 83, 84, 85, 86, 87, 88, 89, 90, 91, 92, 93, 94, 95, 96, 97, 98, 99, 100, 101, 102, 103, 104, 105, 106, 107, 108, 109, 110, 111, 112, 113, 114, 115, 116, 117, 118, 119, 120, 121, 122, 123, 124, 125, 126, 127, 128
Lag2Baseline	42	true	false	false	119
Lag2Baseline	43	true	false	false	119
Lag2Baseline	44	false	true	true	8, 14, 17, 21, 22, 25, 26, 32, 119, 127
Lag2Baseline	45	true	false	false	119
Lag2Baseline	46	true	false	false	59, 119
Lag2Baseline	47	true	false	false	38, 75, 97, 122
Lag2Baseline	48	true	false	false	18, 119
Lag2Baseline	49	true	false	false
Lag2Baseline	50	true	false	false
Lag2Baseline	51	true	false	false	3, 9
Lag2Baseline	52	true	false	false
Lag2Baseline	53	true	false	false	113
Lag2Baseline	54	true	false	false	26, 107
Lag2Baseline	55	true	false	false	113
Lag2Baseline	56	false	true	true	1, 2, 3, 4, 5, 6, 7, 8, 9, 10, 11, 12, 13, 14, 15, 16, 17, 18, 19, 20, 21, 22, 23, 24, 25, 26, 27, 28, 29, 30, 31, 32, 33, 34, 35, 36, 37, 38, 39, 40, 41, 42, 43, 44, 45, 46, 47, 48, 49, 50, 51, 52, 54, 55, 56, 57, 58, 59, 60, 62, 63, 64, 65, 68, 69, 70, 72, 73, 74, 75, 76, 77, 78, 79, 80, 81, 82, 83, 84, 85, 86, 87, 88, 89, 90, 91, 93, 94, 95, 96, 97, 98, 99, 100, 101, 102, 103, 104, 106, 107, 108, 109, 110, 111, 112, 113, 115, 116, 117, 118, 119, 120, 121, 122, 123, 124, 125, 126, 127, 128
Lag2Baseline	57	false	true	true	2, 14, 15, 17, 32, 33, 34, 38, 39, 40, 41, 43, 44, 45, 46, 48, 49, 50, 56, 57, 58, 59, 63, 64, 69, 73, 74, 75, 81, 82, 83, 84, 88, 89, 90, 91, 94, 95, 96, 97, 99, 100, 113, 119, 120, 121, 125, 126, 127, 128
Lag2Baseline	58	true	false	false	16, 48, 58, 73, 74, 81, 113, 120, 122
Lag2Baseline	59	true	false	false	113
Lag2Baseline	60	true	false	false	63, 64, 97, 113
Lag2Baseline	61	true	false	false	122
Lag2Baseline	62	true	false	false
Lag2Baseline	63	true	false	false	121
Lag2Baseline	64	true	false	false
Lag2Baseline	65	true	false	false
Lag2Baseline	66	true	false	false
Lag2Baseline	67	true	false	false
Lag2Baseline	68	true	false	false
Lag2Baseline	69	true	false	false
Lag2Baseline	70	true	false	false
Lag2Baseline	71	true	false	false
Lag2Baseline	72	true	false	false
Lag2Baseline	73	true	false	false	22
Lag2Baseline	74	true	false	false
Lag2Baseline	75	true	false	false	84, 88
Lag2Baseline	76	false	true	true	2, 8, 9, 10, 14, 15, 17, 18, 21, 22, 23, 25, 26, 32, 59, 74, 75, 81, 126, 127, 128
Lag2Baseline	77	true	false	false	25, 26, 113
Lag2Baseline	78	true	false	false	84, 88, 113
Lag2Baseline	79	false	true	true	1, 3, 8, 9, 14, 17, 57, 58, 63, 68, 69, 73, 74, 75, 81, 82, 83, 84, 88, 89, 90, 93, 94, 95, 96, 97, 99, 100, 107, 113, 114, 119, 120, 121, 126, 127
Lag2Baseline	80	false	true	false	2, 3, 8, 17, 21, 25, 56, 81, 100, 102, 107, 113, 119
Lag2Baseline	81	true	false	false
Lag2Baseline	82	true	false	false
Lag2Baseline	83	true	false	false	113
Lag2Baseline	84	true	false	false	119
Lag2Baseline	85	true	false	false	74, 75, 91, 94, 96, 113, 119
Lag2Baseline	86	true	false	false	119
Lag2Baseline	87	true	false	false
Lag2Baseline	88	true	false	false
Lag2Baseline	89	true	false	false
Lag2Baseline	90	true	false	false	74, 113
Lag2Baseline	91	true	false	false
Lag2Baseline	92	true	false	false	113
Lag2Baseline	93	true	false	false
Lag2Baseline	94	false	true	true	1, 2, 32, 33, 38, 39, 48, 56, 57, 58, 63, 64, 69, 73, 74, 75, 81, 82, 84, 88, 89, 90, 94, 95, 99, 100, 107, 108, 109, 113, 115, 119, 121, 122, 123, 125, 126, 127
Lag2Baseline	95	false	true	false	25
Lag2Baseline	96	true	false	false
Lag2Baseline	97	true	false	false
Lag2Baseline	98	true	false	false	118
Lag2Baseline	99	true	false	false
Lag2Baseline	100	true	false	false	96
Lag2Neutral	1	true	false	false
Lag2Neutral	2	true	false	false	119
Lag2Neutral	3	true	false	false	73, 74, 75, 119
Lag2Neutral	4	true	false	false	34
Lag2Neutral	5	true	false	false	39, 58, 75
Lag2Neutral	6	true	false	false	75, 91
Lag2Neutral	7	true	false	false	74, 75, 91, 119
Lag2Neutral	8	true	false	false	74, 75, 119
Lag2Neutral	9	true	false	false	75
Lag2Neutral	10	true	false	false	9, 74, 75
Lag2Neutral	11	true	false	false	119
Lag2Neutral	12	true	false	false	74, 75
Lag2Neutral	13	false	true	true	8, 18, 25, 32, 63, 74, 119, 126
Lag2Neutral	14	true	false	false	2, 39
Lag2Neutral	15	true	false	false	113
Lag2Neutral	16	true	false	false	113
Lag2Neutral	17	true	false	false	74
Lag2Neutral	18	true	false	false	73, 74
Lag2Neutral	19	true	false	false
Lag2Neutral	20	true	false	false
Lag2Neutral	21	true	false	false
Lag2Neutral	22	true	false	false	20
Lag2Neutral	23	true	false	false	74
Lag2Neutral	24	true	false	false
Lag2Neutral	25	true	false	false	119
Lag2Neutral	26	true	false	false
Lag2Neutral	27	false	true	false	2, 8, 15, 18, 19, 32, 39, 74, 115, 117, 119, 123, 124
Lag2Neutral	28	true	false	false
Lag2Neutral	29	true	false	false	74, 75, 108
Lag2Neutral	30	true	false	false	27, 108
Lag2Neutral	31	true	false	false	17, 18, 21, 22, 25, 26, 27, 32
Lag2Neutral	32	true	false	false	59, 74
Lag2Neutral	33	false	true	false	15, 25
Lag2Neutral	34	true	false	false
Lag2Neutral	35	true	false	false	74
Lag2Neutral	36	true	false	false	113, 119
Lag2Neutral	37	false	false	true	128
Lag2Neutral	38	true	false	false	75, 113
Lag2Neutral	39	true	false	false	2, 39
Lag2Neutral	40	true	false	false	38
Lag2Neutral	41	false	true	true	1, 2, 3, 4, 5, 6, 7, 8, 9, 10, 11, 12, 13, 14, 15, 16, 17, 18, 19, 20, 21, 22, 23, 24, 25, 26, 27, 28, 29, 30, 31, 32, 33, 34, 35, 36, 37, 38, 39, 40, 41, 42, 43, 44, 45, 46, 47, 48, 49, 50, 51, 52, 53, 54, 55, 56, 57, 58, 59, 60, 61, 62, 63, 64, 65, 66, 67, 68, 69, 70, 71, 72, 73, 74, 75, 76, 77, 78, 79, 80, 81, 82, 83, 84, 85, 86, 87, 88, 89, 90, 91, 92, 93, 94, 95, 96, 97, 98, 99, 100, 101, 102, 103, 104, 105, 106, 107, 108, 109, 110, 111, 112, 113, 114, 115, 116, 117, 118, 119, 120, 121, 122, 123, 124, 125, 126, 127, 128
Lag2Neutral	42	false	true	true	1, 2, 3, 4, 5, 6, 7, 8, 9, 10, 11, 12, 13, 14, 15, 16, 17, 18, 19, 20, 21, 22, 23, 24, 25, 26, 27, 28, 29, 30, 31, 32, 33, 34, 35, 36, 38, 39, 40, 41, 42, 43, 44, 46, 47, 48, 49, 50, 51, 52, 54, 55, 56, 57, 60, 61, 62, 63, 64, 65, 67, 68, 70, 71, 73, 74, 75, 77, 78, 79, 80, 81, 82, 83, 86, 87, 88, 89, 90, 91, 92, 93, 94, 95, 96, 97, 98, 99, 100, 101, 102, 103, 105, 107, 108, 109, 110, 111, 112, 113, 114, 115, 116, 117, 118, 119, 120, 121, 123, 124, 125, 126, 127, 128
Lag2Neutral	43	true	false	false	119
Lag2Neutral	44	true	false	false	109, 113, 115
Lag2Neutral	45	true	false	false	113, 119
Lag2Neutral	46	true	false	false	120
Lag2Neutral	47	true	false	false	119
Lag2Neutral	48	true	false	false	64, 119
Lag2Neutral	49	false	false	false	18, 39, 64, 73, 74, 75, 81, 82, 83, 84, 88, 89, 90, 91, 93, 94, 95, 96, 99, 100, 101, 107, 113, 119, 120, 126, 128
Lag2Neutral	50	true	false	false	84
Lag2Neutral	51	true	false	false	84, 113
Lag2Neutral	52	true	false	false	63
Lag2Neutral	53	true	false	false	97
Lag2Neutral	54	true	false	false
Lag2Neutral	55	true	false	false
Lag2Neutral	56	true	false	false	74, 75, 97
Lag2Neutral	57	true	false	false	26, 32, 33, 41, 59
Lag2Neutral	58	true	false	false
Lag2Neutral	59	true	false	false	113
Lag2Neutral	60	true	false	false
Lag2Neutral	61	false	true	true	1, 2, 18, 48, 56, 63, 64, 66, 68, 69, 73, 74, 75, 81, 82, 84, 88, 89, 90, 91, 94, 96, 97, 99, 107, 113, 114, 119, 121, 122, 125, 126, 127
Lag2Neutral	62	true	false	false	59
Lag2Neutral	63	true	false	false
Lag2Neutral	64	true	false	false
Lag2Neutral	65	true	false	false	18
Lag2Neutral	66	true	false	false	82, 88
Lag2Neutral	67	true	false	false	88
Lag2Neutral	68	true	false	false	16, 113
Lag2Neutral	69	true	false	false	8, 14, 17, 21, 25
Lag2Neutral	70	true	false	false	3
Lag2Neutral	71	false	false	true	59
Lag2Neutral	72	true	false	false
Lag2Neutral	73	true	false	false	73, 81, 82, 88, 113, 119
Lag2Neutral	74	false	true	false
Lag2Neutral	75	false	true	false
Lag2Neutral	76	false	true	true	1, 49, 56, 58, 63, 68, 73, 74, 75, 81, 82, 84, 88, 89, 90, 91, 94, 95, 96, 97, 99, 107, 111, 113, 114, 119, 120, 121, 125, 128
Lag2Neutral	77	true	false	false	84, 113
Lag2Neutral	78	false	true	false	18, 20, 25, 113
Lag2Neutral	79	true	false	false	113
Lag2Neutral	80	false	true	true	3, 8, 9, 14, 15, 17, 21, 22, 25, 32, 33, 48, 63, 64, 65, 69, 71, 73, 74, 75, 81, 82, 83, 84, 88, 89, 90, 91, 94, 95, 96, 97, 99, 100, 107, 113, 115, 119, 120, 121, 126, 127
Lag2Neutral	81	false	false	true	1, 27, 49, 56, 57, 58, 59, 63, 64, 65, 69, 73, 74, 75, 81, 82, 83, 88, 89, 90, 92, 94, 95, 99, 100, 107, 113, 119, 120, 121
Lag2Neutral	82	true	false	false	113
Lag2Neutral	83	true	false	false	8, 9, 14, 119
Lag2Neutral	84	true	false	false
Lag2Neutral	85	true	false	false	119
Lag2Neutral	86	true	false	false	119
Lag2Neutral	87	true	false	false
Lag2Neutral	88	true	false	false	102, 119
Lag2Neutral	89	true	false	false	83
Lag2Neutral	90	true	false	false
Lag2Neutral	91	false	true	false	25
Lag2Neutral	92	true	false	false	14, 17, 21, 25, 26
Lag2Neutral	93	true	false	false
Lag2Neutral	94	true	false	false
Lag2Neutral	95	true	false	false	57, 58, 74
Lag2Neutral	96	true	false	false	33
Lag2Neutral	97	true	false	false
Lag2Neutral	98	false	false	false	2, 48, 56, 57, 58, 63, 69, 73, 74, 75, 81, 82, 88, 89, 90, 94, 95, 99, 100, 113, 119, 122, 123
Lag2Neutral	99	true	false	false	84, 96
Lag2Neutral	100	true	false	false	118
Lag2Negative	1	true	false	false	57
Lag2Negative	2	true	false	false	75
Lag2Negative	3	true	false	false	75, 119, 123
Lag2Negative	4	true	false	false	63, 75, 119, 123
Lag2Negative	5	true	false	false
Lag2Negative	6	false	false	false	2, 10, 23, 32, 33, 34, 38, 39, 40, 44, 45, 46, 48, 49, 50, 57, 73, 74, 75, 108, 113, 119, 120, 121, 122, 124, 125, 126, 128
Lag2Negative	7	true	false	false	9, 75
Lag2Negative	8	true	false	false	14, 17, 21, 25, 26, 74, 75
Lag2Negative	9	true	false	false	75
Lag2Negative	10	true	false	false	75, 89
Lag2Negative	11	false	false	true	74, 75, 91, 119, 128
Lag2Negative	12	true	false	false	74, 75
Lag2Negative	13	true	false	false	63, 91, 113, 119
Lag2Negative	14	true	false	false	119
Lag2Negative	15	true	false	false	2, 119
Lag2Negative	16	true	false	false	119
Lag2Negative	17	true	false	false	73, 74, 75
Lag2Negative	18	true	false	false	74, 119
Lag2Negative	19	true	false	false
Lag2Negative	20	true	false	false	74, 75, 113
Lag2Negative	21	false	true	true	1, 32, 49, 57, 58, 63, 64, 68, 69, 70, 73, 74, 81, 82, 83, 88, 89, 90, 91, 94, 95, 96, 99, 100, 107, 113, 119, 120, 121, 126
Lag2Negative	22	true	false	false
Lag2Negative	23	true	false	false
Lag2Negative	24	true	false	false	74
Lag2Negative	25	true	false	false	119
Lag2Negative	26	true	false	false	113
Lag2Negative	27	false	false	true	74
Lag2Negative	28	true	false	false
Lag2Negative	29	false	true	true	1, 2, 3, 4, 5, 7, 8, 9, 10, 11, 12, 13, 14, 15, 16, 17, 18, 19, 20, 21, 22, 23, 24, 25, 26, 27, 28, 29, 30, 31, 32, 33, 34, 35, 36, 37, 38, 39, 40, 41, 42, 43, 44, 45, 46, 47, 48, 49, 50, 51, 52, 53, 54, 55, 56, 57, 58, 59, 60, 62, 63, 64, 65, 68, 69, 73, 74, 75, 76, 77, 78, 79, 80, 81, 82, 83, 84, 85, 86, 87, 88, 89, 90, 91, 92, 93, 94, 95, 96, 97, 98, 99, 100, 101, 102, 103, 104, 106, 107, 108, 109, 110, 111, 112, 113, 114, 115, 116, 117, 118, 119, 120, 121, 122, 123, 124, 125, 126, 127, 128
Lag2Negative	30	true	false	false	74, 108
Lag2Negative	31	true	false	false	63, 119
Lag2Negative	32	true	false	false
Lag2Negative	33	true	false	false	74
Lag2Negative	34	false	false	false	1, 2, 3, 5, 8, 9, 10, 11, 12, 13, 14, 15, 16, 17, 18, 19, 20, 21, 22, 23, 24, 25, 26, 27, 28, 29, 30, 31, 32, 33, 34, 35, 37, 38, 39, 40, 41, 42, 43, 44, 45, 46, 47, 48, 49, 50, 52, 54, 57, 58, 59, 60, 62, 63, 64, 68, 69, 73, 74, 75, 76, 77, 78, 79, 80, 81, 82, 83, 84, 85, 86, 87, 88, 89, 90, 93, 94, 95, 96, 97, 98, 99, 100, 101, 102, 103, 104, 106, 107, 108, 109, 110, 112, 113, 115, 116, 117, 120, 121, 122, 123, 125, 126, 127, 128
Lag2Negative	35	true	false	false
Lag2Negative	36	true	false	false
Lag2Negative	37	true	false	false
Lag2Negative	38	true	false	false
Lag2Negative	39	true	false	false	58
Lag2Negative	40	true	false	false	39, 119
Lag2Negative	41	true	false	false	119, 124
Lag2Negative	42	true	false	false	119
Lag2Negative	43	true	false	false	119
Lag2Negative	44	false	true	false	39, 44, 56, 58, 63, 64, 73, 74, 75, 81, 89, 95, 97, 100, 107, 113, 115, 119, 127
Lag2Negative	45	true	false	false	113, 119
Lag2Negative	46	true	false	false
Lag2Negative	47	false	false	true	25, 119
Lag2Negative	48	true	false	false
Lag2Negative	49	true	false	false
Lag2Negative	50	true	false	false	120
Lag2Negative	51	true	false	false	75
Lag2Negative	52	true	false	false	113, 119
Lag2Negative	53	false	false	true	9, 113
Lag2Negative	54	true	false	false	49, 91, 113
Lag2Negative	55	true	false	false
Lag2Negative	56	true	false	false	63
Lag2Negative	57	true	false	false
Lag2Negative	58	false	false	false	56, 63, 73, 81, 82, 88, 89, 94, 97, 99, 107, 119
Lag2Negative	59	true	false	false	50
Lag2Negative	60	true	false	false
Lag2Negative	61	true	false	false
Lag2Negative	62	true	false	false
Lag2Negative	63	true	false	false
Lag2Negative	64	true	false	false	113
Lag2Negative	65	true	false	false	58
Lag2Negative	66	true	false	false	82, 88
Lag2Negative	67	true	false	false
Lag2Negative	68	true	false	false
Lag2Negative	69	true	false	false
Lag2Negative	70	true	false	false
Lag2Negative	71	false	true	false	1, 2, 33, 48, 114, 115, 116, 121, 122, 126, 127
Lag2Negative	72	false	true	false	127
Lag2Negative	73	true	false	false	85, 88
Lag2Negative	74	true	false	false	59
Lag2Negative	75	true	false	false
Lag2Negative	76	true	false	false	59
Lag2Negative	77	false	true	false	8
Lag2Negative	78	true	false	false	22
Lag2Negative	79	true	false	false	22, 81
Lag2Negative	80	true	false	false	22
Lag2Negative	81	true	false	false
Lag2Negative	82	true	false	false
Lag2Negative	83	true	false	false
Lag2Negative	84	false	true	false	8, 14, 15, 17, 21, 22, 25, 26, 32, 119, 126, 127
Lag2Negative	85	true	false	false	113
Lag2Negative	86	true	false	false	119
Lag2Negative	87	true	false	false
Lag2Negative	88	true	false	false
Lag2Negative	89	false	true	false	33
Lag2Negative	90	false	true	true	8, 9, 10, 14, 15, 16, 17, 18, 21, 22, 23, 25, 26, 27, 32, 48, 73, 74, 75, 91, 113, 119, 126, 127, 128
Lag2Negative	91	true	false	false	90
Lag2Negative	92	true	false	false	119
Lag2Negative	93	true	false	false	118
Lag2Negative	94	false	false	true	125
Lag2Negative	95	true	false	false
Lag2Negative	96	false	true	false	14, 17, 21, 25, 32, 57, 113, 127
Lag2Negative	97	false	false	true	1, 2, 11, 16, 43, 56, 82, 84, 90, 113, 114, 118, 120, 125
Lag2Negative	98	true	false	false	118
Lag2Negative	99	true	false	false
Lag2Negative	100	false	false	true	51
Lag8Baseline	1	true	false	false
Lag8Baseline	2	true	false	false
Lag8Baseline	3	true	false	false	74, 75, 119, 120
Lag8Baseline	4	true	false	false	74, 75
Lag8Baseline	5	true	false	false
Lag8Baseline	6	true	false	false	66, 73, 74, 75, 89, 91, 119
Lag8Baseline	7	true	false	false	74, 75, 119
Lag8Baseline	8	true	false	false	74, 75, 119
Lag8Baseline	9	true	false	false	74, 75
Lag8Baseline	10	false	true	false	119, 127
Lag8Baseline	11	false	true	true	1, 2, 4, 41, 48, 56, 62, 63, 64, 69, 70, 73, 74, 75, 81, 82, 83, 88, 89, 90, 91, 94, 95, 96, 99, 100, 107, 113, 119, 120, 121, 126, 127
Lag8Baseline	12	true	false	false	50, 63
Lag8Baseline	13	true	false	false	119
Lag8Baseline	14	true	false	false
Lag8Baseline	15	true	false	false
Lag8Baseline	16	false	true	true	2, 8, 32, 63, 68, 69, 72, 73, 74, 75, 81, 82, 83, 88, 89, 90, 91, 94, 95, 99, 107, 113, 119, 120, 121, 122, 127, 128
Lag8Baseline	17	true	false	false
Lag8Baseline	18	true	false	false
Lag8Baseline	19	true	false	false	73, 74, 75
Lag8Baseline	20	true	false	false
Lag8Baseline	21	true	false	false	39, 74, 113, 119
Lag8Baseline	22	true	false	false
Lag8Baseline	23	true	false	false
Lag8Baseline	24	true	false	false
Lag8Baseline	25	false	false	true
Lag8Baseline	26	true	false	false
Lag8Baseline	27	true	false	false	74, 113
Lag8Baseline	28	true	false	false	119
Lag8Baseline	29	true	false	false	108
Lag8Baseline	30	true	false	false	27, 73
Lag8Baseline	31	true	false	false	74
Lag8Baseline	32	true	false	false	119
Lag8Baseline	33	true	false	false	74
Lag8Baseline	34	true	false	false
Lag8Baseline	35	true	false	false
Lag8Baseline	36	true	false	false
Lag8Baseline	37	true	false	false
Lag8Baseline	38	true	false	false
Lag8Baseline	39	true	false	false	18, 19
Lag8Baseline	40	true	false	false
Lag8Baseline	41	false	true	true	1, 2, 3, 4, 5, 6, 7, 8, 9, 10, 11, 12, 13, 14, 15, 16, 17, 18, 19, 20, 21, 22, 23, 24, 25, 26, 27, 28, 29, 30, 31, 32, 33, 34, 35, 36, 37, 38, 39, 40, 41, 42, 43, 44, 45, 46, 47, 48, 49, 50, 51, 52, 53, 54, 55, 56, 57, 58, 59, 60, 61, 62, 63, 64, 65, 66, 67, 68, 69, 70, 71, 72, 73, 74, 75, 76, 77, 78, 79, 80, 81, 82, 83, 84, 85, 86, 87, 88, 89, 90, 91, 92, 93, 94, 95, 96, 97, 98, 99, 100, 101, 102, 103, 104, 105, 106, 107, 108, 109, 110, 111, 112, 113, 114, 115, 116, 117, 118, 119, 120, 121, 122, 123, 124, 125, 126, 127, 128
Lag8Baseline	42	false	true	false	1, 2, 3, 4, 5, 6, 7, 8, 9, 10, 11, 12, 13, 14, 15, 16, 17, 18, 19, 20, 21, 22, 23, 24, 25, 26, 27, 28, 29, 30, 31, 32, 33, 34, 35, 36, 37, 38, 39, 40, 41, 42, 43, 44, 45, 46, 47, 48, 49, 50, 51, 52, 53, 54, 55, 56, 57, 58, 59, 60, 61, 62, 63, 64, 65, 66, 67, 68, 69, 70, 71, 72, 73, 74, 75, 76, 77, 78, 79, 80, 81, 82, 83, 84, 85, 86, 87, 88, 89, 90, 91, 92, 93, 94, 95, 96, 97, 98, 99, 100, 101, 102, 103, 104, 105, 106, 107, 108, 109, 110, 111, 112, 113, 114, 115, 116, 117, 118, 119, 120, 121, 122, 123, 124, 125, 126, 127, 128
Lag8Baseline	43	false	true	true	1, 2, 3, 4, 5, 6, 7, 8, 9, 10, 11, 12, 13, 14, 15, 16, 17, 18, 19, 20, 21, 22, 23, 24, 25, 26, 27, 28, 29, 30, 31, 32, 33, 34, 35, 36, 37, 38, 39, 40, 41, 42, 43, 44, 45, 46, 47, 48, 49, 50, 51, 52, 53, 54, 55, 56, 57, 58, 59, 60, 61, 62, 63, 64, 65, 66, 67, 68, 69, 70, 71, 72, 73, 74, 75, 76, 77, 78, 79, 80, 81, 82, 83, 84, 85, 86, 87, 88, 89, 90, 91, 92, 93, 94, 95, 96, 97, 98, 99, 100, 101, 102, 103, 104, 105, 106, 107, 108, 109, 110, 111, 112, 113, 114, 115, 116, 117, 118, 119, 120, 121, 122, 123, 124, 125, 126, 127, 128
Lag8Baseline	44	true	false	false	119
Lag8Baseline	45	false	true	false	73, 74, 75, 89, 94, 99, 100, 107, 113, 119, 126
Lag8Baseline	46	true	false	false
Lag8Baseline	47	true	false	false	119
Lag8Baseline	48	true	false	false	2, 39, 75, 115
Lag8Baseline	49	true	false	false	75
Lag8Baseline	50	true	false	false	75
Lag8Baseline	51	true	false	false	59, 119
Lag8Baseline	52	false	true	false	1, 2, 8, 56, 59, 64, 73, 74, 75, 81, 88, 89, 90, 94, 100, 113, 114, 119, 120
Lag8Baseline	53	true	false	false
Lag8Baseline	54	true	false	false	2, 74, 115
Lag8Baseline	55	true	false	false	115
Lag8Baseline	56	true	false	false	73, 74, 75, 81, 113
Lag8Baseline	57	true	false	false
Lag8Baseline	58	true	false	false	113
Lag8Baseline	59	false	false	true
Lag8Baseline	60	true	false	false
Lag8Baseline	61	true	false	false
Lag8Baseline	62	true	false	false	16
Lag8Baseline	63	true	false	false
Lag8Baseline	64	true	false	false
Lag8Baseline	65	true	false	false
Lag8Baseline	66	true	false	false
Lag8Baseline	67	true	false	false
Lag8Baseline	68	true	false	false
Lag8Baseline	69	true	false	false
Lag8Baseline	70	true	false	false
Lag8Baseline	71	false	false	true	25, 26
Lag8Baseline	72	true	false	false
Lag8Baseline	73	false	true	false	59
Lag8Baseline	74	true	false	false
Lag8Baseline	75	false	true	true	32, 33, 39, 48, 114, 115, 116, 119, 121, 122, 123, 125, 126, 127
Lag8Baseline	76	false	true	true	2, 33, 44, 48, 56, 63, 65, 69, 73, 74, 75, 81, 84, 89, 91, 94, 99, 108, 109, 113, 114, 115, 116, 119, 121, 122, 123, 126, 127, 128
Lag8Baseline	77	true	false	false	33, 39, 44, 45, 50, 57, 119
Lag8Baseline	78	true	false	false
Lag8Baseline	79	true	false	false	8
Lag8Baseline	80	true	false	false
Lag8Baseline	81	true	false	false	58, 91
Lag8Baseline	82	true	false	false	119
Lag8Baseline	83	true	false	false
Lag8Baseline	84	true	false	false
Lag8Baseline	85	true	false	false	22
Lag8Baseline	86	true	false	false	113, 119
Lag8Baseline	87	true	false	false	90
Lag8Baseline	88	false	false	true
Lag8Baseline	89	true	false	false
Lag8Baseline	90	true	false	false
Lag8Baseline	91	true	false	false	119
Lag8Baseline	92	true	false	false
Lag8Baseline	93	true	false	false	96
Lag8Baseline	94	true	false	false
Lag8Baseline	95	true	false	false	36
Lag8Baseline	96	true	false	false
Lag8Baseline	97	true	false	false
Lag8Baseline	98	false	false	false	1, 56, 58, 59, 63, 64, 69, 73, 74, 75, 81, 82, 83, 84, 88, 89, 90, 91, 94, 95, 96, 99, 100, 107, 113, 114, 118, 119, 120, 125
Lag8Baseline	99	true	false	false	74
Lag8Baseline	100	true	false	false	118
Lag8Neutral	1	true	false	false
Lag8Neutral	2	true	false	false	85, 119
Lag8Neutral	3	true	false	false	6, 75, 119
Lag8Neutral	4	true	false	false	75, 92, 119
Lag8Neutral	5	false	false	true	119
Lag8Neutral	6	true	false	false	75, 119
Lag8Neutral	7	true	false	false	63, 74, 75, 108, 119, 124
Lag8Neutral	8	true	false	false	25, 91
Lag8Neutral	9	true	false	false	74, 75
Lag8Neutral	10	true	false	false	74, 75, 119
Lag8Neutral	11	true	false	false
Lag8Neutral	12	false	false	true	15, 17, 21, 25, 26, 32, 33, 38, 39, 43, 44, 45, 48, 119, 128
Lag8Neutral	13	true	false	false
Lag8Neutral	14	true	false	false	74, 75
Lag8Neutral	15	true	false	false	36, 73, 74, 75, 81, 82, 88
Lag8Neutral	16	true	false	false
Lag8Neutral	17	true	false	false	3
Lag8Neutral	18	true	false	false	25, 119
Lag8Neutral	19	true	false	false	74
Lag8Neutral	20	true	false	false	74
Lag8Neutral	21	true	false	false	58, 63, 68, 82, 88, 113, 119
Lag8Neutral	22	true	false	false	74
Lag8Neutral	23	true	false	false
Lag8Neutral	24	true	false	false
Lag8Neutral	25	true	false	false	74, 113
Lag8Neutral	26	true	false	false	119
Lag8Neutral	27	true	false	false	119
Lag8Neutral	28	true	false	false	21
Lag8Neutral	29	true	false	false	2, 115
Lag8Neutral	30	true	false	false
Lag8Neutral	31	true	false	false	108
Lag8Neutral	32	true	false	false	58, 124
Lag8Neutral	33	true	false	false	74, 119
Lag8Neutral	34	true	false	false
Lag8Neutral	35	true	false	false
Lag8Neutral	36	true	false	false
Lag8Neutral	37	true	false	false	91
Lag8Neutral	38	true	false	false
Lag8Neutral	39	true	false	false	15, 63, 74
Lag8Neutral	40	true	false	false	73, 74, 81
Lag8Neutral	41	false	true	false	1, 2, 3, 8, 9, 10, 15, 16, 17, 18, 19, 22, 23, 26, 27, 33, 38, 39, 43, 48, 56, 68, 73, 74, 81, 82, 96, 108, 116, 119, 121, 123, 125, 128
Lag8Neutral	42	true	false	false	90, 119
Lag8Neutral	43	true	false	false	119
Lag8Neutral	44	true	false	false	73, 113, 119
Lag8Neutral	45	true	false	false	81, 97
Lag8Neutral	46	true	false	false	119
Lag8Neutral	47	true	false	false	59, 113, 119
Lag8Neutral	48	false	false	true	59, 113
Lag8Neutral	49	true	false	false	2
Lag8Neutral	50	true	false	false
Lag8Neutral	51	false	true	true	1, 2, 32, 33, 39, 40, 43, 49, 50, 53, 56, 57, 58, 59, 63, 64, 66, 68, 69, 73, 74, 75, 81, 82, 83, 84, 85, 88, 89, 90, 91, 92, 93, 94, 95, 96, 99, 100, 101, 102, 107, 110, 113, 118, 119, 120, 122, 125, 126, 128
Lag8Neutral	52	true	false	false	56, 113
Lag8Neutral	53	false	false	false	56, 59, 63, 69, 73, 74, 75, 90, 91, 96, 97, 113, 119, 126
Lag8Neutral	54	true	false	false	119
Lag8Neutral	55	true	false	false	90
Lag8Neutral	56	true	false	false
Lag8Neutral	57	false	false	false	1, 2, 3, 4, 5, 6, 7, 8, 9, 10, 11, 12, 13, 14, 15, 16, 17, 18, 19, 20, 21, 22, 23, 24, 25, 26, 27, 28, 29, 30, 31, 32, 33, 34, 35, 36, 37, 38, 39, 40, 41, 42, 43, 44, 45, 46, 47, 48, 49, 50, 51, 52, 53, 54, 55, 56, 57, 58, 59, 60, 61, 62, 63, 64, 65, 68, 69, 70, 71, 72, 73, 74, 75, 76, 77, 78, 79, 80, 81, 82, 83, 84, 85, 86, 87, 88, 89, 90, 91, 92, 93, 94, 95, 96, 97, 98, 99, 100, 101, 102, 103, 104, 106, 107, 108, 109, 110, 111, 112, 113, 114, 115, 116, 117, 118, 120, 121, 122, 123, 124, 125, 126, 127, 128
Lag8Neutral	58	true	false	false
Lag8Neutral	59	false	false	true	1, 33, 40, 43, 45, 50, 56, 57, 69, 73, 75, 81, 82, 88, 89, 90, 91, 94, 95, 96, 97, 99, 107, 113, 119, 120, 122, 127
Lag8Neutral	60	true	false	false	9, 119
Lag8Neutral	61	false	true	false	113, 120, 126
Lag8Neutral	62	true	false	false
Lag8Neutral	63	true	false	false	113
Lag8Neutral	64	true	false	false
Lag8Neutral	65	true	false	false	82, 88
Lag8Neutral	66	false	true	false	2, 33, 40, 44, 46, 48, 50, 56, 63, 73, 74, 81, 82, 88, 89, 94, 99, 100, 113, 114, 115, 119, 121, 126
Lag8Neutral	67	true	false	false	22
Lag8Neutral	68	true	false	false	63, 100
Lag8Neutral	69	true	false	false	18
Lag8Neutral	70	true	false	false
Lag8Neutral	71	true	false	false	22
Lag8Neutral	72	false	true	false	2, 33, 48, 56, 69, 73, 74, 75, 81, 82, 88, 89, 91, 94, 95, 99, 108, 109, 113, 114, 115, 116, 119, 121, 122, 123, 126, 127
Lag8Neutral	73	true	false	false	81, 88, 113, 127
Lag8Neutral	74	true	false	false
Lag8Neutral	75	true	false	false
Lag8Neutral	76	true	false	false	74, 82, 88, 113
Lag8Neutral	77	true	false	false	16
Lag8Neutral	78	false	false	true	1, 56, 68, 73, 81, 82, 88, 89, 91, 94, 95, 99, 107, 113, 120, 125
Lag8Neutral	79	true	false	false
Lag8Neutral	80	true	false	false	8
Lag8Neutral	81	false	true	false	113
Lag8Neutral	82	true	false	false	59, 119
Lag8Neutral	83	true	false	false
Lag8Neutral	84	true	false	false	119
Lag8Neutral	85	true	false	false	25, 45, 58, 119
Lag8Neutral	86	true	false	false	119
Lag8Neutral	87	true	false	false
Lag8Neutral	88	true	false	false
Lag8Neutral	89	true	false	false	10
Lag8Neutral	90	true	false	false
Lag8Neutral	91	true	false	false	96
Lag8Neutral	92	true	false	false	50
Lag8Neutral	93	true	false	false
Lag8Neutral	94	true	false	false
Lag8Neutral	95	true	false	false
Lag8Neutral	96	true	false	false	4
Lag8Neutral	97	true	false	false
Lag8Neutral	98	true	false	false	14, 25
Lag8Neutral	99	true	false	false	96, 98
Lag8Neutral	100	true	false	false
Lag8Negative	1	true	false	false
Lag8Negative	2	true	false	false
Lag8Negative	3	true	false	false	75
Lag8Negative	4	true	false	false	75, 119
Lag8Negative	5	true	false	false	74, 75, 119
Lag8Negative	6	true	false	false	75, 119
Lag8Negative	7	true	false	false	34, 75
Lag8Negative	8	true	false	false	2, 39, 74, 75, 119, 122, 123, 124
Lag8Negative	9	true	false	false	74, 75, 119
Lag8Negative	10	true	false	false	74, 75
Lag8Negative	11	true	false	false
Lag8Negative	12	true	false	false	2, 10, 23, 25, 39, 122, 123, 124
Lag8Negative	13	true	false	false	74, 75
Lag8Negative	14	true	false	false	74, 75
Lag8Negative	15	true	false	false	119
Lag8Negative	16	true	false	false	1, 8, 32, 127, 128
Lag8Negative	17	false	true	false	8, 113, 119
Lag8Negative	18	false	false	true	25, 32, 33, 119
Lag8Negative	19	true	false	false	39
Lag8Negative	20	false	true	false	22, 25, 26
Lag8Negative	21	true	false	false
Lag8Negative	22	true	false	false	63, 68, 74, 81, 113
Lag8Negative	23	true	false	false	63
Lag8Negative	24	true	false	false
Lag8Negative	25	true	false	false	119
Lag8Negative	26	true	false	false
Lag8Negative	27	true	false	false	73, 74, 81, 113
Lag8Negative	28	true	false	false
Lag8Negative	29	true	false	false
Lag8Negative	30	false	true	false	74
Lag8Negative	31	true	false	false
Lag8Negative	32	true	false	false	119
Lag8Negative	33	true	false	false	59
Lag8Negative	34	true	false	false
Lag8Negative	35	true	false	false	18, 19
Lag8Negative	36	true	false	false	113
Lag8Negative	37	true	false	false
Lag8Negative	38	true	false	false	113
Lag8Negative	39	true	false	false
Lag8Negative	40	true	false	false	2, 39, 74, 115, 119
Lag8Negative	41	false	false	false	1, 2, 3, 4, 5, 6, 7, 8, 9, 10, 11, 12, 13, 14, 15, 16, 17, 18, 19, 20, 21, 22, 23, 24, 25, 26, 27, 28, 29, 30, 31, 32, 33, 34, 35, 36, 37, 38, 39, 40, 41, 42, 43, 44, 45, 46, 47, 48, 49, 50, 51, 52, 53, 54, 55, 56, 57, 58, 59, 60, 61, 62, 63, 64, 65, 66, 67, 68, 69, 70, 71, 72, 73, 74, 75, 76, 77, 78, 79, 80, 81, 82, 83, 84, 85, 86, 87, 88, 89, 90, 91, 92, 93, 94, 95, 96, 97, 98, 99, 100, 101, 102, 103, 104, 105, 106, 107, 108, 109, 110, 111, 112, 113, 114, 115, 116, 117, 118, 119, 120, 121, 122, 123, 124, 125, 126, 127, 128
Lag8Negative	42	true	false	false	96, 119
Lag8Negative	43	true	false	false	119
Lag8Negative	44	true	false	false	43, 119
Lag8Negative	45	true	false	false	119
Lag8Negative	46	true	false	false
Lag8Negative	47	true	false	false
Lag8Negative	48	true	false	false	119, 120
Lag8Negative	49	false	true	false	1, 2, 8, 56, 57, 63, 64, 75, 81, 82, 88, 90, 91, 94, 95, 107, 109, 113, 114, 115, 121, 122
Lag8Negative	50	true	false	false	61
Lag8Negative	51	true	false	false
Lag8Negative	52	true	false	false
Lag8Negative	53	true	false	false
Lag8Negative	54	true	false	false	120
Lag8Negative	55	true	false	false	69, 74, 75, 90, 113
Lag8Negative	56	true	false	false
Lag8Negative	57	false	true	true	1, 2, 18, 32, 33, 34, 38, 39, 40, 43, 45, 46, 48, 49, 50, 51, 56, 58, 59, 64, 65, 68, 69, 73, 74, 75, 81, 82, 88, 89, 90, 91, 94, 95, 96, 97, 99, 100, 107, 109, 113, 115, 116, 119, 120, 121, 122, 126, 128
Lag8Negative	58	true	false	false	1, 113, 119, 120
Lag8Negative	59	true	false	false
Lag8Negative	60	false	false	false	9, 14, 17, 18, 32, 44, 59, 73, 74, 75, 113
Lag8Negative	61	true	false	false	96, 113
Lag8Negative	62	true	false	false
Lag8Negative	63	true	false	false
Lag8Negative	64	true	false	false
Lag8Negative	65	true	false	false
Lag8Negative	66	true	false	false
Lag8Negative	67	true	false	false
Lag8Negative	68	true	false	false	59, 74, 89, 94, 99, 113, 119
Lag8Negative	69	true	false	false
Lag8Negative	70	false	true	false	73, 81, 84, 88, 89, 91, 94, 95, 99, 113, 114, 119, 126, 127
Lag8Negative	71	true	false	false	22
Lag8Negative	72	true	false	false	81
Lag8Negative	73	true	false	false
Lag8Negative	74	true	false	false
Lag8Negative	75	true	false	false	16
Lag8Negative	76	true	false	false
Lag8Negative	77	false	true	false	8, 50, 63, 73, 81, 88, 113
Lag8Negative	78	true	false	false
Lag8Negative	79	true	false	false	63, 113, 119
Lag8Negative	80	false	true	false	2, 33, 50, 56, 68, 73, 74, 75, 81, 88, 91, 94, 111, 113, 115, 119, 120
Lag8Negative	81	false	false	false	1, 56, 58, 59, 67, 69, 73, 74, 75, 81, 82, 83, 88, 89, 90, 94, 95, 96, 99, 113, 120
Lag8Negative	82	true	false	false	2, 58, 75
Lag8Negative	83	true	false	false
Lag8Negative	84	true	false	false	65, 119
Lag8Negative	85	true	false	false
Lag8Negative	86	true	false	false	74, 113
Lag8Negative	87	true	false	false
Lag8Negative	88	true	false	false
Lag8Negative	89	true	false	false
Lag8Negative	90	true	false	false
Lag8Negative	91	true	false	false
Lag8Negative	92	true	false	false	38
Lag8Negative	93	true	false	false	2, 3, 18, 54, 122
Lag8Negative	94	true	false	false
Lag8Negative	95	true	false	false
Lag8Negative	96	true	false	false
Lag8Negative	97	false	false	true	4, 25
Lag8Negative	98	false	true	true	43, 90, 94, 119, 127
Lag8Negative	99	true	false	false	68, 74
Lag8Negative	100	true	false	false	96
L2NCorrect	1	true	false	false	57
L2NCorrect	2	false	false	false	2, 10, 23, 32, 33, 34, 38, 39, 40, 44, 45, 46, 48, 49, 50, 57, 73, 74, 75, 108, 113, 119, 120, 121, 122, 124, 125, 126, 128
L2NCorrect	3	true	false	false	9, 75
L2NCorrect	4	true	false	false	14, 17, 21, 25, 26, 74, 75
L2NCorrect	5	true	false	false	75
L2NCorrect	6	true	false	false	75, 89
L2NCorrect	7	true	false	false	74, 75
L2NCorrect	8	true	false	false	119
L2NCorrect	9	true	false	false	74, 119
L2NCorrect	10	true	false	false
L2NCorrect	11	false	true	true	1, 32, 49, 57, 58, 63, 64, 68, 69, 70, 73, 74, 81, 82, 83, 88, 89, 90, 91, 94, 95, 96, 99, 100, 107, 113, 119, 120, 121, 126
L2NCorrect	12	true	false	false	113
L2NCorrect	13	true	false	false
L2NCorrect	14	false	true	true	1, 2, 3, 4, 5, 7, 8, 9, 10, 11, 12, 13, 14, 15, 16, 17, 18, 19, 20, 21, 22, 23, 24, 25, 26, 27, 28, 29, 30, 31, 32, 33, 34, 35, 36, 37, 38, 39, 40, 41, 42, 43, 44, 45, 46, 47, 48, 49, 50, 51, 52, 53, 54, 55, 56, 57, 58, 59, 60, 62, 63, 64, 65, 68, 69, 73, 74, 75, 76, 77, 78, 79, 80, 81, 82, 83, 84, 85, 86, 87, 88, 89, 90, 91, 92, 93, 94, 95, 96, 97, 98, 99, 100, 101, 102, 103, 104, 106, 107, 108, 109, 110, 111, 112, 113, 114, 115, 116, 117, 118, 119, 120, 121, 122, 123, 124, 125, 126, 127, 128
L2NCorrect	15	true	false	false
L2NCorrect	16	true	false	false	74
L2NCorrect	17	true	false	false
L2NCorrect	18	true	false	false	58
L2NCorrect	19	true	false	false	39, 119
L2NCorrect	20	false	true	false	39, 44, 56, 58, 63, 64, 73, 74, 75, 81, 89, 95, 97, 100, 107, 113, 115, 119, 127
L2NCorrect	21	true	false	false
L2NCorrect	22	false	false	true	25, 119
L2NCorrect	23	true	false	false
L2NCorrect	24	true	false	false	75
L2NCorrect	25	true	false	false	113, 119
L2NCorrect	26	true	false	false	49, 91, 113
L2NCorrect	27	true	false	false
L2NCorrect	28	true	false	false
L2NCorrect	29	false	false	false	56, 63, 73, 81, 82, 88, 89, 94, 97, 99, 107, 119
L2NCorrect	30	true	false	false	50
L2NCorrect	31	true	false	false
L2NCorrect	32	true	false	false
L2NCorrect	33	true	false	false
L2NCorrect	34	true	false	false	58
L2NCorrect	35	true	false	false
L2NCorrect	36	true	false	false
L2NCorrect	37	false	true	false	1, 2, 33, 48, 114, 115, 116, 121, 122, 126, 127
L2NCorrect	38	false	true	false	127
L2NCorrect	39	true	false	false
L2NCorrect	40	true	false	false	59
L2NCorrect	41	false	true	false	8
L2NCorrect	42	true	false	false	22
L2NCorrect	43	true	false	false
L2NCorrect	44	true	false	false
L2NCorrect	45	true	false	false
L2NCorrect	46	false	true	false	8, 14, 15, 17, 21, 22, 25, 26, 32, 119, 126, 127
L2NCorrect	47	true	false	false	119
L2NCorrect	48	true	false	false
L2NCorrect	49	false	true	true	8, 9, 10, 14, 15, 16, 17, 18, 21, 22, 23, 25, 26, 27, 32, 48, 73, 74, 75, 91, 113, 119, 126, 127, 128
L2NCorrect	50	true	false	false	118
L2NCorrect	51	false	false	true	125
L2NCorrect	52	false	true	false	14, 17, 21, 25, 32, 57, 113, 127
L2NCorrect	53	false	false	true	1, 2, 11, 16, 43, 56, 82, 84, 90, 113, 114, 118, 120, 125
L2NCorrect	54	true	false	false
L2NIncorrect	1	true	false	false	75
L2NIncorrect	2	true	false	false	75, 119, 123
L2NIncorrect	3	true	false	false	63, 75, 119, 123
L2NIncorrect	4	true	false	false
L2NIncorrect	5	false	false	true	74, 75, 91, 119, 128
L2NIncorrect	6	true	false	false	63, 91, 113, 119
L2NIncorrect	7	true	false	false	2, 119
L2NIncorrect	8	true	false	false	119
L2NIncorrect	9	true	false	false	73, 74, 75
L2NIncorrect	10	true	false	false	74, 75, 113
L2NIncorrect	11	true	false	false
L2NIncorrect	12	true	false	false
L2NIncorrect	13	true	false	false	74
L2NIncorrect	14	true	false	false	119
L2NIncorrect	15	false	false	true	74
L2NIncorrect	16	true	false	false	74, 108
L2NIncorrect	17	true	false	false	63, 119
L2NIncorrect	18	false	false	false	1, 2, 3, 5, 8, 9, 10, 11, 12, 13, 14, 15, 16, 17, 18, 19, 20, 21, 22, 23, 24, 25, 26, 27, 28, 29, 30, 31, 32, 33, 34, 35, 37, 38, 39, 40, 41, 42, 43, 44, 45, 46, 47, 48, 49, 50, 52, 54, 57, 58, 59, 60, 62, 63, 64, 68, 69, 73, 74, 75, 76, 77, 78, 79, 80, 81, 82, 83, 84, 85, 86, 87, 88, 89, 90, 93, 94, 95, 96, 97, 98, 99, 100, 101, 102, 103, 104, 106, 107, 108, 109, 110, 112, 113, 115, 116, 117, 120, 121, 122, 123, 125, 126, 127, 128
L2NIncorrect	19	true	false	false
L2NIncorrect	20	true	false	false
L2NIncorrect	21	true	false	false
L2NIncorrect	22	true	false	false	119, 124
L2NIncorrect	23	true	false	false	119
L2NIncorrect	24	true	false	false	119
L2NIncorrect	25	true	false	false	113, 119
L2NIncorrect	26	true	false	false
L2NIncorrect	27	true	false	false	120
L2NIncorrect	28	false	false	true	9, 113
L2NIncorrect	29	true	false	false	63
L2NIncorrect	30	true	false	false
L2NIncorrect	31	true	false	false	113
L2NIncorrect	32	true	false	false	82, 88
L2NIncorrect	33	true	false	false
L2NIncorrect	34	true	false	false
L2NIncorrect	35	true	false	false	85, 88
L2NIncorrect	36	true	false	false	59
L2NIncorrect	37	true	false	false	22
L2NIncorrect	38	true	false	false	22, 81
L2NIncorrect	39	true	false	false	113
L2NIncorrect	40	true	false	false
L2NIncorrect	41	false	true	false	33
L2NIncorrect	42	true	false	false	90
L2NIncorrect	43	true	false	false	119
L2NIncorrect	44	true	false	false
L2NIncorrect	45	true	false	false	118
L2NIncorrect	46	false	false	true	51
