Category	Segment number	Segment Good	Eye Blinks	Eye Movements	Bad Channels
Lag2Baseline	1	true	false	false
Lag2Baseline	2	true	false	false
Lag2Baseline	3	true	false	false
Lag2Baseline	4	true	false	false
Lag2Baseline	5	true	false	false
Lag2Baseline	6	true	false	false
Lag2Baseline	7	false	false	false	2, 3, 4, 9, 10, 63, 101, 118, 122, 123, 124
Lag2Baseline	8	false	true	false	8
Lag2Baseline	9	true	false	false	27, 57
Lag2Baseline	10	true	false	false
Lag2Baseline	11	true	false	false
Lag2Baseline	12	true	false	false	63
Lag2Baseline	13	true	false	false
Lag2Baseline	14	true	false	false
Lag2Baseline	15	true	false	false
Lag2Baseline	16	true	false	false
Lag2Baseline	17	true	false	false
Lag2Baseline	18	true	false	false
Lag2Baseline	19	true	false	false	27, 63
Lag2Baseline	20	false	true	true	2, 3, 8, 9, 10, 14, 15, 16, 17, 21, 25, 48, 121, 125, 126, 127
Lag2Baseline	21	true	false	false
Lag2Baseline	22	false	true	true	2, 3, 8, 9, 10, 14, 15, 17, 21, 25, 32, 125, 126, 127
Lag2Baseline	23	true	false	false
Lag2Baseline	24	true	false	false
Lag2Baseline	25	true	false	false
Lag2Baseline	26	false	false	false	2, 3, 10, 16, 22, 27, 33, 34, 40, 41, 43, 44, 45, 46, 50, 51, 56, 58, 59, 63, 64, 65, 68, 69, 70, 73, 81, 91, 95, 97, 98, 99, 100, 101, 102, 105, 107, 108, 109, 111, 112, 113, 115, 116, 117, 118, 121, 124
Lag2Baseline	27	true	false	false
Lag2Baseline	28	true	false	false
Lag2Baseline	29	true	false	false	50
Lag2Baseline	30	true	false	false
Lag2Baseline	31	false	true	true	2, 8, 9, 14, 15, 17, 21, 25, 32, 107, 126, 127
Lag2Baseline	32	true	false	false
Lag2Baseline	33	false	false	false	16, 18, 22, 23, 26, 27, 28, 29, 30, 33, 34, 35, 36, 39, 44, 45, 56, 57, 63, 65, 68, 69, 71, 72, 73, 74, 81, 127
Lag2Baseline	34	false	true	false	2, 3, 4, 8, 9, 10, 14, 15, 16, 17, 21, 25, 27, 32, 34, 40, 44, 50, 63, 126, 127
Lag2Baseline	35	false	false	false	3, 4, 9, 10, 19, 23, 26, 27, 28, 29, 30, 33, 34, 35, 39, 44, 45, 50, 51, 56, 57, 58, 88, 91, 92, 93, 94, 95, 96, 97, 98, 99, 102, 103, 107, 109, 113, 115, 116, 123, 124
Lag2Baseline	36	true	false	false
Lag2Baseline	37	false	true	true	2, 3, 4, 8, 9, 10, 11, 14, 15, 16, 17, 18, 19, 21, 22, 23, 25, 26, 27, 28, 29, 32, 33, 34, 35, 36, 39, 44, 45, 50, 57, 60, 64, 88, 118, 123, 124, 126, 127
Lag2Baseline	38	true	false	false
Lag2Baseline	39	false	false	false	2, 3, 4, 9, 10, 94, 95, 100, 107, 108, 109, 115, 116, 118, 122, 123, 124
Lag2Baseline	40	true	false	false	27, 39, 44
Lag2Baseline	41	false	false	false	23, 26, 27, 28, 29, 33, 39, 44, 45, 57, 58, 73, 81
Lag2Baseline	42	true	false	false	4, 11, 16, 18, 22, 27, 31, 33, 36, 57
Lag2Baseline	43	false	true	true	2, 3, 4, 5, 8, 9, 10, 11, 14, 15, 16, 17, 18, 19, 20, 21, 22, 23, 24, 25, 26, 27, 28, 29, 30, 32, 33, 35, 36, 39, 44, 45, 47, 48, 49, 50, 57, 58, 63, 64, 68, 69, 72, 73, 81, 88, 94, 97, 98, 100, 101, 102, 108, 113, 115, 116, 117, 118, 119, 120, 122, 123, 124, 125, 126, 127
Lag2Baseline	44	true	false	false	24
Lag2Baseline	45	true	false	false
Lag2Baseline	46	true	false	false	113
Lag2Baseline	47	true	false	false	113
Lag2Baseline	48	true	false	false	26, 27, 33, 56
Lag2Baseline	49	true	false	false
Lag2Baseline	50	true	false	false
Lag2Baseline	51	false	true	false	2, 3, 4, 5, 9, 10, 11, 15, 16, 17, 18, 19, 20, 22, 23, 24, 25, 26, 27, 28, 29, 31, 33, 38, 39, 40, 43, 44, 45, 47, 50, 51, 52, 56, 57, 58, 65, 68, 69, 71, 72, 73, 74, 75, 76, 81, 88, 90, 93, 96, 97, 98, 99, 100, 101, 102, 103, 107, 108, 109, 110, 112, 115, 117, 118, 123, 124
Lag2Baseline	52	true	false	false	16, 27, 56
Lag2Baseline	53	false	true	false	1, 2, 3, 4, 5, 8, 9, 10, 11, 14, 15, 16, 18, 19, 20, 21, 22, 23, 24, 26, 27, 28, 29, 30, 33, 34, 35, 36, 39, 42, 44, 45, 49, 50, 52, 53, 54, 56, 57, 58, 61, 63, 64, 65, 68, 69, 70, 71, 72, 73, 74, 75, 78, 79, 81, 88, 89, 90, 94, 95, 97, 99, 100, 102, 107, 108, 110, 112, 113, 115, 116, 117, 118, 119, 122, 123, 124, 125, 126, 127, 128
Lag2Baseline	54	false	true	false	1, 2, 3, 4, 5, 8, 9, 10, 11, 13, 14, 15, 16, 17, 18, 19, 20, 21, 22, 23, 24, 26, 27, 28, 29, 30, 33, 34, 35, 36, 38, 39, 40, 42, 43, 44, 45, 47, 48, 49, 50, 51, 52, 53, 54, 56, 57, 58, 60, 61, 63, 64, 65, 68, 69, 70, 71, 72, 73, 74, 75, 78, 79, 80, 81, 85, 86, 87, 88, 89, 90, 93, 94, 95, 97, 98, 99, 100, 101, 102, 107, 108, 110, 112, 113, 114, 115, 116, 117, 118, 119, 120, 122, 123, 124, 125, 126, 127, 128
Lag2Baseline	55	true	false	false	54, 56
Lag2Baseline	56	false	true	true	2, 8, 9, 14, 15, 17, 21, 25, 32, 36, 60, 113, 127
Lag2Baseline	57	true	false	false	54
Lag2Baseline	58	false	true	true	2, 3, 8, 9, 10, 14, 15, 16, 17, 21, 22, 25, 126, 127
Lag2Baseline	59	true	false	false
Lag2Baseline	60	false	true	true	2, 3, 8, 9, 10, 14, 15, 16, 17, 21, 25, 32, 126, 127, 128
Lag2Baseline	61	false	true	true	1, 2, 3, 4, 5, 6, 7, 8, 9, 10, 11, 12, 13, 14, 15, 16, 17, 18, 19, 20, 21, 22, 23, 24, 25, 26, 27, 28, 29, 30, 31, 32, 33, 34, 35, 36, 37, 38, 39, 40, 41, 42, 43, 44, 45, 46, 47, 48, 49, 50, 52, 53, 54, 56, 57, 58, 59, 61, 62, 63, 64, 65, 66, 67, 68, 69, 70, 71, 72, 73, 74, 75, 76, 77, 78, 79, 80, 81, 82, 83, 84, 85, 86, 87, 88, 89, 90, 91, 92, 93, 94, 95, 96, 97, 98, 99, 100, 101, 102, 104, 105, 107, 108, 109, 110, 111, 112, 113, 115, 116, 117, 118, 119, 120, 121, 122, 123, 124, 125, 126, 127, 128
Lag2Baseline	62	true	false	false	23, 27, 54
Lag2Baseline	63	true	false	false	54
Lag2Baseline	64	true	false	false	54
Lag2Baseline	65	false	true	true	23, 28, 29, 31, 35, 36, 44, 48, 54, 55, 61, 68, 99, 113, 126, 127, 128
Lag2Baseline	66	false	true	false	48, 126, 127
Lag2Baseline	67	false	false	false	18, 19, 20, 22, 23, 24, 26, 27, 28, 29, 33, 35, 39, 44, 45, 50, 51, 56, 57, 58, 63, 73, 81, 101
Lag2Baseline	68	false	false	false	11, 18, 22, 23, 26, 27, 33, 39, 44, 50, 54, 57, 58, 63, 91, 97
Lag2Baseline	69	false	false	false	2, 3, 4, 10, 11, 16, 18, 19, 22, 23, 24, 26, 27, 28, 29, 33, 39, 44, 50, 51, 54, 57, 58, 63, 71, 72, 73, 81, 88, 90, 94, 97, 101, 102, 107, 108, 115, 116, 118, 122, 123, 124
Lag2Baseline	70	false	true	true	2, 3, 8, 9, 10, 14, 15, 16, 17, 18, 21, 22, 25, 48, 49, 63, 119, 125, 126, 127, 128
Lag2Baseline	71	true	false	false
Lag2Baseline	72	true	false	false	5
Lag2Baseline	73	true	false	false	5, 54
Lag2Baseline	74	true	false	false
Lag2Baseline	75	true	false	false	36, 54
Lag2Baseline	76	false	false	false	2, 3, 4, 5, 9, 10, 11, 12, 15, 16, 18, 19, 20, 22, 23, 24, 26, 27, 28, 29, 30, 31, 33, 34, 35, 36, 37, 39, 44, 47, 49, 50, 53, 54, 55, 57, 61, 69, 78, 81, 82, 84, 88, 89, 90, 92, 93, 94, 95, 97, 99, 100, 102, 103, 104, 108, 109, 110, 111, 112, 114, 115, 116, 117, 118, 121, 122, 123, 124, 125, 127
Lag2Baseline	77	false	true	false	1, 2, 3, 4, 5, 7, 8, 9, 10, 11, 12, 13, 14, 15, 16, 17, 18, 19, 20, 21, 22, 23, 24, 25, 26, 27, 28, 29, 30, 32, 33, 34, 35, 36, 37, 39, 40, 42, 43, 44, 45, 46, 47, 48, 49, 50, 51, 52, 53, 54, 55, 56, 57, 58, 60, 61, 62, 63, 64, 66, 67, 68, 69, 71, 72, 73, 74, 75, 76, 77, 78, 79, 80, 81, 83, 84, 85, 86, 87, 88, 90, 91, 92, 93, 94, 96, 97, 98, 101, 102, 104, 105, 106, 107, 108, 109, 110, 111, 112, 113, 114, 115, 116, 117, 118, 119, 121, 122, 123, 124, 125, 126, 127, 128
Lag2Baseline	78	true	false	false	54, 102, 113
Lag2Baseline	79	true	false	false	54
Lag2Baseline	80	true	false	false	5, 36, 113
Lag2Baseline	81	false	true	false	1, 2, 3, 4, 5, 7, 8, 9, 10, 11, 12, 13, 14, 15, 16, 17, 18, 19, 20, 21, 22, 23, 24, 25, 26, 27, 28, 29, 30, 31, 32, 33, 34, 35, 36, 37, 38, 39, 40, 41, 42, 43, 44, 45, 46, 47, 48, 49, 50, 51, 52, 53, 54, 55, 56, 57, 58, 59, 61, 62, 63, 64, 65, 66, 67, 68, 69, 70, 71, 72, 73, 74, 75, 76, 77, 78, 79, 80, 81, 82, 83, 84, 85, 86, 87, 88, 89, 90, 91, 92, 93, 94, 95, 96, 97, 98, 99, 100, 101, 102, 103, 104, 105, 106, 107, 108, 109, 110, 111, 112, 113, 114, 115, 116, 117, 118, 119, 120, 121, 122, 123, 124, 125, 126, 127, 128
Lag2Baseline	82	true	false	false
Lag2Baseline	83	true	false	false	60
Lag2Baseline	84	true	false	false
Lag2Baseline	85	true	false	false	5, 54
Lag2Baseline	86	false	true	false	8, 14, 25
Lag2Baseline	87	false	false	false	4, 11, 16, 34, 40, 43, 44, 47, 49, 54, 56, 63, 90, 93, 96, 101, 104, 127
Lag2Baseline	88	true	false	false	54, 60
Lag2Baseline	89	true	false	false	36
Lag2Baseline	90	true	false	false	16, 23, 47, 56, 57, 99, 101
Lag2Baseline	91	false	true	true	2, 3, 8, 9, 10, 14, 15, 16, 17, 18, 21, 22, 25, 26, 32, 35, 48, 60, 119, 125, 126, 127
Lag2Baseline	92	true	false	false	6, 12, 19, 60
Lag2Baseline	93	false	false	false	7, 8, 13, 18, 19, 20, 22, 23, 24, 25, 26, 27, 28, 29, 33, 34, 35, 36, 39, 44, 45, 57, 58, 60, 61, 69, 84, 112, 113
Lag2Baseline	94	true	false	false	5, 26, 35, 36, 54, 84, 90, 100, 113, 115
Lag2Baseline	95	false	true	false	29, 36, 48, 107, 126, 127
Lag2Baseline	96	false	false	false	1, 2, 3, 4, 5, 6, 7, 8, 9, 10, 11, 12, 13, 14, 15, 16, 17, 18, 19, 20, 21, 22, 23, 24, 25, 26, 27, 28, 29, 30, 31, 32, 33, 34, 35, 36, 37, 38, 39, 40, 41, 42, 43, 44, 45, 46, 47, 48, 49, 50, 51, 52, 53, 54, 55, 56, 57, 58, 59, 60, 61, 62, 63, 64, 65, 66, 67, 68, 69, 70, 71, 72, 73, 74, 75, 76, 77, 78, 79, 80, 81, 82, 83, 84, 85, 86, 87, 88, 89, 90, 91, 92, 93, 94, 95, 96, 97, 98, 99, 100, 101, 102, 103, 104, 105, 106, 107, 108, 109, 110, 111, 112, 113, 114, 115, 116, 117, 118, 119, 120, 121, 122, 123, 124, 125, 126, 127, 128
Lag2Baseline	97	true	false	false	91
Lag2Baseline	98	false	false	false	5, 22, 25, 26, 32, 34, 35, 36, 38, 39, 44, 48, 49, 50, 59, 60, 61, 63, 88, 113, 115, 119, 122, 128
Lag2Baseline	99	true	false	false	26, 35, 36, 60
Lag2Baseline	100	false	true	false	19, 23, 26, 27, 33, 34, 36, 44, 57, 60, 88, 127
Lag2Neutral	1	true	false	false
Lag2Neutral	2	true	false	false
Lag2Neutral	3	true	false	false
Lag2Neutral	4	true	false	false
Lag2Neutral	5	true	false	false	34, 63, 113
Lag2Neutral	6	true	false	false
Lag2Neutral	7	true	false	false
Lag2Neutral	8	false	true	false	2, 3, 4, 5, 8, 9, 10, 11, 15, 16, 18, 19, 21, 22, 23, 24, 26, 27, 28, 29, 32, 33, 34, 35, 36, 56, 58, 64, 68, 69, 71, 72, 73, 74, 75, 82, 83, 84, 88, 89, 93, 94, 99, 100, 104, 105, 107, 108, 110, 111, 112, 115, 116, 117, 118, 122, 123, 124
Lag2Neutral	9	true	false	false	34, 63
Lag2Neutral	10	false	false	false	3, 26, 27, 33, 34, 44, 45, 50, 51, 57, 63, 79, 101
Lag2Neutral	11	true	false	false
Lag2Neutral	12	false	true	true	2, 3, 8, 9, 10, 14, 15, 16, 17, 18, 21, 22, 25, 32, 113, 119, 125, 126, 127, 128
Lag2Neutral	13	true	false	false	34, 46, 63
Lag2Neutral	14	false	true	true	2, 3, 8, 9, 10, 14, 15, 16, 17, 21, 25, 32, 126, 127
Lag2Neutral	15	true	false	false
Lag2Neutral	16	true	false	false	34, 39, 40, 44, 63, 95, 99
Lag2Neutral	17	true	false	false
Lag2Neutral	18	true	false	false
Lag2Neutral	19	true	false	false
Lag2Neutral	20	true	false	false
Lag2Neutral	21	true	false	false
Lag2Neutral	22	true	false	false
Lag2Neutral	23	true	false	false	27, 56, 63
Lag2Neutral	24	true	false	false
Lag2Neutral	25	false	false	false	2, 3, 4, 5, 9, 10, 11, 15, 16, 18, 19, 22, 27, 28, 33, 35, 36, 63, 93, 110, 111, 117, 118, 123, 124
Lag2Neutral	26	false	true	false	2, 3, 4, 9, 10, 11, 15, 16, 18, 22, 23, 25, 26, 27, 28, 29, 30, 33, 34, 35, 36, 39, 41, 44, 45, 47, 48, 50, 56, 57, 58, 63, 64, 68, 69, 72, 73, 99, 101, 102, 107, 108, 110, 113, 115, 116, 117, 118, 122, 123, 124
Lag2Neutral	27	false	true	false	2, 3, 4, 5, 9, 10, 11, 15, 16, 18, 19, 22, 23, 24, 25, 26, 27, 28, 29, 30, 31, 33, 34, 35, 36, 39, 44, 45, 50, 56, 57, 58, 64, 65, 68, 69, 70, 71, 72, 73, 74, 75, 81, 91, 92, 93, 96, 97, 98, 101, 102, 103, 105, 107, 108, 110, 111, 112, 113, 115, 116, 117, 118, 122, 123, 124
Lag2Neutral	28	false	false	false	3, 4, 9, 10, 11, 16, 18, 22, 23, 26, 27, 28, 29, 33, 34, 39, 44, 56, 57, 115, 122, 123, 124
Lag2Neutral	29	false	true	true	2, 3, 8, 9, 10, 14, 15, 16, 17, 18, 19, 21, 22, 23, 24, 25, 26, 27, 28, 29, 30, 32, 33, 34, 35, 36, 39, 40, 44, 45, 50, 56, 57, 58, 63, 64, 68, 69, 70, 71, 72, 73, 74, 75, 81, 84, 96, 101, 113, 126, 127, 128
Lag2Neutral	30	true	false	false
Lag2Neutral	31	true	false	false
Lag2Neutral	32	true	false	false
Lag2Neutral	33	true	false	false
Lag2Neutral	34	false	true	true	2, 3, 8, 9, 10, 14, 15, 16, 17, 21, 25, 32, 126, 127
Lag2Neutral	35	false	true	false	1, 2, 3, 4, 5, 9, 10, 11, 14, 15, 16, 17, 18, 19, 20, 22, 23, 24, 26, 27, 28, 29, 30, 33, 35, 36, 39, 44, 45, 48, 49, 50, 52, 56, 57, 58, 63, 64, 68, 69, 71, 72, 73, 74, 75, 81, 89, 94, 95, 96, 97, 99, 100, 101, 102, 107, 108, 110, 111, 112, 113, 115, 116, 117, 118, 119, 120, 122, 123, 124, 125, 126, 127, 128
Lag2Neutral	36	false	true	false	1, 2, 3, 4, 9, 10, 15, 16, 18, 19, 22, 23, 24, 25, 26, 27, 28, 29, 30, 33, 34, 35, 36, 38, 39, 40, 41, 42, 43, 44, 45, 47, 48, 50, 51, 52, 57, 58, 59, 63, 64, 65, 68, 69, 71, 72, 73, 74, 75, 76, 81, 83, 84, 88, 89, 91, 92, 94, 95, 96, 97, 98, 100, 101, 102, 110, 112, 113, 115, 116, 117, 118, 119, 120, 122, 123, 124, 125, 126, 127, 128
Lag2Neutral	37	false	true	false	1, 2, 3, 4, 5, 9, 10, 11, 14, 15, 16, 18, 22, 23, 24, 26, 27, 28, 29, 30, 33, 34, 35, 36, 39, 40, 41, 42, 43, 44, 45, 46, 48, 49, 50, 56, 57, 58, 60, 61, 63, 64, 65, 66, 68, 69, 70, 71, 72, 73, 74, 75, 78, 79, 81, 88, 94, 95, 97, 99, 100, 102, 107, 110, 112, 113, 115, 116, 119, 120, 121, 122, 123, 124, 125, 126, 127, 128
Lag2Neutral	38	false	true	false	2, 3, 4, 5, 9, 10, 11, 13, 15, 16, 18, 20, 22, 24, 25, 26, 27, 28, 29, 30, 31, 33, 34, 35, 36, 37, 38, 39, 40, 41, 42, 43, 44, 45, 46, 47, 50, 51, 52, 56, 57, 58, 63, 64, 65, 66, 67, 69, 70, 71, 72, 73, 74, 75, 76, 77, 81, 82, 83, 84, 85, 87, 88, 89, 90, 91, 92, 93, 94, 95, 96, 97, 98, 99, 100, 101, 102, 103, 104, 105, 107, 108, 109, 110, 111, 112, 113, 114, 115, 116, 117, 118, 119, 120, 121, 122, 123, 124
Lag2Neutral	39	true	false	false
Lag2Neutral	40	false	false	false	2, 3, 4, 5, 9, 10, 11, 15, 16, 18, 19, 20, 22, 23, 24, 26, 27, 28, 29, 30, 33, 34, 35, 36, 39, 44, 45, 47, 49, 50, 56, 57, 58, 60, 61, 63, 64, 68, 69, 71, 72, 73, 74, 75, 81, 82, 85, 88, 89, 94, 95, 99, 100, 102, 108, 109, 110, 111, 112, 113, 115, 116, 117, 118, 122, 123, 124, 126, 127, 128
Lag2Neutral	41	false	true	false	8, 23, 26, 27, 28, 29, 33, 35, 38, 39, 40, 44, 45, 49, 50, 51, 57, 60, 61, 72, 78, 81, 83, 85, 90, 91, 92, 96, 97, 98, 101, 102, 109, 111, 113, 114, 116, 117, 119, 120, 121, 125, 127
Lag2Neutral	42	false	false	false	1, 2, 3, 6, 8, 9, 10, 11, 12, 14, 15, 16, 17, 18, 21, 22, 25, 32, 34, 37, 38, 40, 41, 42, 43, 44, 45, 46, 47, 48, 49, 50, 51, 52, 53, 54, 55, 56, 57, 59, 60, 61, 62, 63, 64, 65, 66, 67, 68, 69, 70, 71, 72, 73, 74, 75, 77, 78, 79, 80, 81, 82, 83, 85, 86, 87, 89, 90, 91, 95, 96, 97, 98, 100, 101, 102, 103, 105, 106, 108, 109, 110, 111, 113, 114, 115, 117, 118, 119, 120, 121, 122, 124, 125, 126, 127, 128
Lag2Neutral	43	false	true	false	2, 3, 8, 9, 10, 14, 15, 17, 21, 25, 27, 126, 127
Lag2Neutral	44	false	true	true	2, 8, 9, 10, 14, 15, 16, 17, 21, 25, 32, 126, 127
Lag2Neutral	45	true	false	false
Lag2Neutral	46	true	false	false
Lag2Neutral	47	false	false	false	18, 19, 23, 26, 27, 28, 31, 33, 39, 44, 45, 50, 51, 57, 72, 73, 81, 97, 101, 102
Lag2Neutral	48	false	true	false	1, 2, 3, 4, 9, 10, 11, 15, 16, 18, 19, 20, 22, 23, 24, 26, 27, 28, 29, 30, 33, 35, 39, 40, 44, 45, 48, 49, 50, 51, 52, 56, 57, 58, 63, 64, 68, 69, 71, 72, 73, 74, 75, 78, 81, 92, 96, 97, 98, 99, 101, 102, 108, 109, 113, 115, 118, 120, 121, 123, 124, 125, 126, 127
Lag2Neutral	49	false	true	true	1, 2, 3, 4, 5, 6, 8, 9, 10, 11, 12, 14, 15, 16, 17, 18, 20, 21, 22, 23, 24, 25, 26, 27, 28, 29, 30, 32, 33, 34, 35, 36, 37, 38, 39, 40, 42, 43, 44, 45, 46, 47, 48, 49, 50, 51, 52, 53, 54, 55, 56, 57, 59, 60, 61, 62, 63, 64, 65, 66, 67, 68, 69, 70, 71, 72, 73, 74, 75, 76, 77, 78, 79, 81, 82, 83, 84, 85, 88, 89, 90, 91, 92, 93, 94, 95, 96, 97, 98, 99, 100, 101, 102, 103, 104, 107, 108, 109, 110, 111, 112, 113, 114, 115, 116, 117, 118, 119, 120, 121, 122, 123, 124, 125, 126, 127, 128
Lag2Neutral	50	true	false	false
Lag2Neutral	51	false	true	true	2, 3, 4, 5, 8, 9, 10, 11, 14, 15, 16, 17, 18, 19, 20, 21, 22, 23, 24, 25, 26, 27, 28, 29, 32, 33, 34, 35, 36, 39, 44, 45, 48, 49, 50, 51, 52, 56, 57, 58, 63, 64, 68, 72, 73, 81, 90, 91, 93, 94, 97, 100, 101, 102, 104, 107, 108, 109, 110, 111, 112, 113, 115, 116, 117, 118, 119, 122, 123, 124, 126, 127
Lag2Neutral	52	true	false	false
Lag2Neutral	53	false	false	false	1, 2, 3, 4, 9, 10, 11, 15, 16, 18, 19, 20, 22, 23, 24, 26, 27, 28, 29, 30, 33, 35, 39, 44, 45, 49, 50, 51, 52, 56, 57, 58, 63, 68, 69, 70, 71, 72, 73, 74, 75, 81, 96, 97, 98, 99, 101, 102, 107, 108, 113, 115, 118, 119, 120, 122, 123, 124, 125, 127
Lag2Neutral	54	false	true	false	2, 4, 5, 11, 15, 16, 18, 22, 24, 26, 27, 28, 29, 30, 33, 35, 36, 37, 42, 44, 45, 49, 50, 51, 52, 56, 57, 58, 59, 63, 64, 65, 66, 67, 68, 69, 70, 71, 72, 73, 74, 75, 76, 90, 91, 93, 99, 102, 107, 110, 112, 113, 116, 119, 125, 126, 127
Lag2Neutral	55	false	false	false	2, 11, 16, 18, 19, 20, 22, 24, 26, 27, 28, 29, 33, 35, 36, 39, 41, 44, 45, 50, 52, 54, 56, 57, 63, 64, 66, 71, 72, 75, 99, 107, 108, 112, 116, 122, 123, 124
Lag2Neutral	56	true	false	false
Lag2Neutral	57	true	false	false
Lag2Neutral	58	false	false	false	3, 10, 11, 16, 18, 19, 20, 22, 23, 24, 26, 27, 28, 29, 30, 33, 35, 36, 39, 44, 45, 50, 51, 54, 57, 58, 63, 64, 68, 69, 72, 73, 81, 102, 115
Lag2Neutral	59	true	false	false	113
Lag2Neutral	60	false	true	false	2, 8, 9, 14, 15, 17, 21, 25, 127
Lag2Neutral	61	true	false	false	44
Lag2Neutral	62	true	false	false	12, 54
Lag2Neutral	63	true	false	false	3, 26, 27, 63
Lag2Neutral	64	false	false	false	2, 3, 4, 5, 8, 9, 10, 11, 13, 15, 16, 18, 19, 20, 22, 23, 24, 26, 27, 28, 29, 30, 31, 32, 33, 34, 35, 36, 37, 38, 39, 40, 41, 42, 43, 44, 45, 46, 47, 48, 50, 51, 52, 57, 58, 59, 62, 63, 64, 65, 66, 67, 68, 69, 70, 71, 72, 73, 74, 75, 76, 77, 78, 79, 81, 82, 83, 84, 85, 88, 89, 90, 91, 92, 93, 94, 95, 96, 97, 98, 99, 100, 101, 102, 103, 104, 105, 107, 108, 109, 110, 111, 112, 113, 115, 116, 117, 118, 120, 121, 122, 123, 124
Lag2Neutral	65	true	false	false
Lag2Neutral	66	true	false	false	12, 17, 35, 36, 60, 61, 113
Lag2Neutral	67	true	false	false	54
Lag2Neutral	68	true	false	false	19, 23, 26, 27, 33, 54
Lag2Neutral	69	false	true	true	2, 3, 8, 9, 10, 14, 15, 16, 17, 18, 21, 22, 25, 26, 43, 48, 54, 63, 68, 81, 94, 95, 100, 107, 113, 119, 126, 127, 128
Lag2Neutral	70	false	true	false	1, 2, 3, 4, 5, 6, 9, 10, 11, 13, 15, 16, 18, 19, 20, 22, 23, 24, 25, 26, 27, 28, 29, 33, 34, 35, 36, 39, 40, 43, 44, 45, 47, 48, 49, 50, 51, 53, 54, 57, 60, 61, 62, 63, 65, 66, 67, 69, 71, 72, 75, 78, 79, 80, 81, 84, 85, 88, 90, 91, 92, 94, 95, 97, 99, 101, 102, 103, 106, 108, 110, 113, 114, 115, 117, 118, 119, 123, 124, 125, 126, 127, 128
Lag2Neutral	71	false	true	true	2, 3, 5, 8, 9, 10, 14, 15, 16, 17, 18, 19, 21, 22, 23, 25, 26, 27, 33, 44, 48, 49, 56, 57, 63, 68, 69, 72, 73, 81, 113, 114, 119, 120, 125, 126, 127
Lag2Neutral	72	false	true	false	2, 3, 4, 5, 8, 9, 10, 11, 14, 15, 16, 18, 22, 23, 25, 26, 27, 28, 33, 39, 44, 50, 54, 57, 58, 72, 88, 89, 90, 92, 93, 94, 95, 100, 103, 104, 107, 108, 110, 111, 112, 115, 116, 117, 118, 122, 123, 124
Lag2Neutral	73	false	false	false	2, 3, 4, 5, 9, 10, 11, 16, 18, 19, 20, 22, 23, 24, 26, 27, 28, 33, 39, 42, 44, 45, 54, 57, 63, 92, 93, 94, 99, 100, 104, 107, 108, 111, 112, 115, 116, 117, 122, 123, 124
Lag2Neutral	74	false	false	false	1, 3, 4, 8, 10, 13, 14, 16, 17, 18, 19, 20, 21, 22, 23, 24, 25, 26, 27, 28, 29, 33, 34, 35, 36, 39, 44, 45, 48, 49, 50, 52, 54, 56, 57, 58, 60, 61, 63, 64, 72, 73, 78, 81, 113, 114, 119, 125, 126, 127, 128
Lag2Neutral	75	true	false	false	54
Lag2Neutral	76	true	false	false	5, 35, 36, 54, 113
Lag2Neutral	77	false	false	false	18, 19, 22, 23, 24, 26, 27, 28, 33, 39, 44, 45, 48, 49, 50, 54, 57, 58, 60, 63, 72, 112, 113, 114, 119, 121, 126, 127, 128
Lag2Neutral	78	false	true	false	5, 8, 25
Lag2Neutral	79	false	true	false	2, 3, 4, 5, 7, 9, 10, 11, 13, 15, 16, 18, 19, 20, 22, 23, 24, 25, 26, 27, 28, 29, 30, 33, 35, 36, 37, 38, 39, 42, 43, 44, 45, 50, 51, 52, 53, 54, 56, 57, 58, 59, 63, 64, 65, 66, 67, 68, 69, 70, 71, 72, 73, 75, 81, 90, 91, 96, 97, 98, 99, 101, 102, 104, 108, 110, 113, 115, 117, 118, 123
Lag2Neutral	80	false	false	false	19, 26, 27, 33, 35, 39, 44, 50, 54, 56, 57, 58, 63, 68, 69, 73
Lag2Neutral	81	false	false	false	5, 11, 22, 26, 35, 36, 39, 44, 60, 61, 63, 69, 73, 84, 94, 99, 112, 113, 114
Lag2Neutral	82	false	false	false	1, 2, 3, 4, 5, 6, 7, 8, 9, 10, 11, 12, 13, 14, 15, 16, 17, 18, 19, 20, 21, 22, 23, 24, 25, 26, 27, 28, 29, 30, 31, 32, 33, 34, 35, 36, 38, 39, 40, 41, 42, 43, 44, 45, 46, 47, 48, 49, 50, 51, 52, 53, 54, 55, 56, 57, 58, 59, 60, 61, 62, 63, 64, 65, 66, 67, 68, 69, 70, 71, 72, 73, 74, 75, 76, 77, 78, 79, 80, 81, 82, 83, 84, 85, 86, 87, 88, 89, 90, 91, 92, 93, 94, 95, 96, 97, 98, 99, 100, 101, 102, 103, 105, 106, 107, 108, 109, 110, 111, 112, 113, 114, 115, 116, 117, 118, 119, 120, 121, 122, 123, 124, 125, 126, 127, 128
Lag2Neutral	83	true	false	false	35, 54
Lag2Neutral	84	true	false	false	5
Lag2Neutral	85	true	false	false	54
Lag2Neutral	86	true	false	false
Lag2Neutral	87	true	false	false	35, 60
Lag2Neutral	88	true	false	false
Lag2Neutral	89	true	false	false
Lag2Neutral	90	false	true	true	2, 3, 8, 9, 10, 14, 15, 16, 17, 18, 19, 21, 22, 23, 24, 25, 26, 27, 43, 60, 107, 113, 126, 127, 128
Lag2Neutral	91	false	true	false	1, 2, 4, 5, 6, 12, 19, 22, 26, 35, 36, 39, 48, 60, 84, 93, 101, 106, 117, 126
Lag2Neutral	92	false	true	false	2, 3, 8, 9, 10, 12, 14, 15, 16, 17, 18, 21, 22, 23, 25, 26, 27, 35, 43, 48, 49, 51, 60, 63, 64, 82, 83, 89, 91, 94, 95, 96, 97, 99, 101, 102, 113, 114, 119, 120, 121, 125, 126, 127, 128
Lag2Neutral	93	true	false	false	6, 12, 27, 60
Lag2Neutral	94	false	true	true	2, 3, 8, 9, 10, 14, 15, 16, 17, 18, 21, 22, 23, 25, 26, 27, 32, 126, 127
Lag2Neutral	95	true	false	false	5, 16, 17, 26, 35, 36, 42, 60, 84, 113
Lag2Neutral	96	true	false	false	6, 12, 35, 60
Lag2Neutral	97	false	false	false	1, 3, 4, 5, 7, 8, 10, 11, 12, 13, 14, 15, 16, 18, 19, 20, 21, 22, 23, 24, 26, 27, 28, 29, 30, 31, 33, 35, 36, 37, 39, 40, 41, 43, 44, 46, 47, 48, 49, 50, 51, 52, 53, 54, 55, 56, 57, 59, 60, 63, 66, 69, 71, 72, 73, 74, 75, 78, 79, 80, 82, 84, 85, 86, 87, 88, 90, 91, 93, 94, 95, 96, 97, 98, 99, 101, 102, 103, 105, 108, 109, 110, 113, 115, 117, 118, 119, 121, 123, 124, 125, 126, 127, 128
Lag2Neutral	98	false	false	false	1, 2, 3, 4, 5, 6, 7, 8, 9, 10, 11, 12, 13, 14, 15, 16, 17, 18, 19, 20, 21, 22, 23, 24, 25, 26, 27, 28, 29, 30, 31, 32, 33, 34, 35, 36, 37, 38, 39, 40, 41, 42, 43, 44, 45, 46, 47, 48, 49, 50, 51, 52, 53, 54, 55, 56, 57, 58, 59, 60, 61, 63, 64, 65, 66, 67, 68, 69, 70, 71, 72, 73, 74, 75, 76, 77, 78, 79, 80, 81, 82, 83, 84, 86, 87, 88, 89, 90, 91, 92, 93, 94, 95, 96, 97, 98, 99, 100, 101, 102, 103, 104, 105, 107, 108, 109, 110, 111, 112, 113, 114, 115, 116, 117, 118, 119, 120, 121, 122, 123, 124, 125, 126, 127, 128
Lag2Neutral	99	true	false	false	19, 23, 26, 27, 34, 35, 36, 60
Lag2Neutral	100	false	false	false	3, 4, 5, 6, 7, 10, 11, 12, 13, 15, 16, 18, 19, 20, 22, 23, 24, 26, 27, 28, 29, 30, 31, 33, 34, 35, 36, 39, 44, 45, 50, 51, 52, 56, 57, 58, 63, 64, 66, 68, 69, 71, 72, 73, 74, 75, 81, 84, 90, 96, 97, 98, 99, 101, 102, 103, 108, 110, 115, 117, 118, 122, 123, 124
Lag2Negative	1	true	false	false
Lag2Negative	2	true	false	false
Lag2Negative	3	true	false	false
Lag2Negative	4	true	false	false	113
Lag2Negative	5	true	false	false	60, 61, 113
Lag2Negative	6	true	false	false
Lag2Negative	7	true	false	false
Lag2Negative	8	true	false	false
Lag2Negative	9	false	false	false	3, 4, 9, 27, 33, 36, 39, 40, 45, 56, 57, 58
Lag2Negative	10	true	false	false
Lag2Negative	11	false	false	false	3, 4, 9, 10, 19, 23, 26, 27, 28, 33, 35, 36, 39, 44, 45, 51, 56, 64, 99, 115, 122, 123, 124
Lag2Negative	12	true	false	false
Lag2Negative	13	true	false	false	16, 44, 50, 63, 97
Lag2Negative	14	true	false	false
Lag2Negative	15	true	false	false
Lag2Negative	16	true	false	false	113
Lag2Negative	17	true	false	false
Lag2Negative	18	true	false	false	34, 39, 44, 45, 51
Lag2Negative	19	true	false	false	107
Lag2Negative	20	true	false	false
Lag2Negative	21	true	false	false
Lag2Negative	22	true	false	false
Lag2Negative	23	true	false	false	34, 44, 48, 60, 61, 63, 127
Lag2Negative	24	true	false	false
Lag2Negative	25	true	false	false
Lag2Negative	26	true	false	false
Lag2Negative	27	true	false	false	3, 9, 10, 27, 45, 56, 63, 99, 122
Lag2Negative	28	false	false	false	1, 3, 6, 11, 14, 16, 17, 18, 22, 27, 31, 33, 37, 38, 40, 41, 42, 43, 46, 47, 49, 50, 51, 52, 53, 54, 58, 59, 60, 61, 62, 63, 65, 66, 67, 70, 71, 72, 74, 75, 76, 77, 78, 79, 80, 81, 82, 83, 84, 85, 86, 87, 89, 90, 91, 94, 95, 96, 97, 98, 100, 101, 102, 103, 104, 105, 106, 109, 111, 114, 117, 118, 119, 120, 121, 125, 126, 127, 128
Lag2Negative	29	true	false	false	25
Lag2Negative	30	true	false	false	27, 57
Lag2Negative	31	true	false	false	3, 27, 33, 57, 101, 115, 123, 124
Lag2Negative	32	true	false	false
Lag2Negative	33	false	true	false	2, 3, 8, 9, 10, 14, 15, 17, 21, 25, 27, 28, 32, 33, 34, 38, 39, 40, 41, 43, 44, 45, 46, 47, 48, 50, 51, 52, 56, 57, 58, 59, 60, 62, 63, 64, 65, 66, 67, 68, 69, 70, 71, 72, 73, 74, 75, 81, 82, 88, 95, 99, 101, 107, 126, 127
Lag2Negative	34	true	false	false	60
Lag2Negative	35	true	false	false	27, 33, 113
Lag2Negative	36	false	true	false	1, 2, 3, 4, 5, 6, 8, 9, 10, 12, 13, 14, 15, 16, 17, 18, 19, 21, 23, 24, 25, 26, 27, 28, 29, 30, 31, 32, 33, 34, 35, 36, 37, 38, 39, 40, 41, 42, 43, 44, 45, 46, 47, 48, 49, 50, 51, 52, 53, 54, 55, 56, 57, 58, 59, 60, 61, 62, 63, 64, 65, 66, 67, 68, 69, 70, 71, 72, 73, 74, 75, 76, 77, 78, 79, 80, 81, 82, 83, 84, 85, 86, 87, 88, 89, 90, 91, 92, 93, 94, 95, 96, 97, 98, 99, 100, 101, 102, 103, 104, 105, 106, 107, 108, 109, 110, 111, 112, 113, 114, 115, 116, 117, 118, 119, 120, 121, 122, 123, 124, 125, 126, 127, 128
Lag2Negative	37	false	false	false	2, 3, 4, 5, 9, 10, 11, 12, 13, 15, 16, 18, 19, 20, 22, 23, 24, 25, 26, 27, 28, 29, 30, 33, 34, 35, 36, 38, 39, 40, 43, 44, 45, 46, 47, 50, 56, 57, 58, 63, 64, 68, 69, 70, 71, 73, 74, 81, 82, 88, 89, 94, 95, 99, 100, 107, 108, 109, 110, 112, 115, 116, 117, 118, 122, 123, 124
Lag2Negative	38	true	false	false
Lag2Negative	39	false	false	false	10, 16, 18, 22, 26, 27, 28, 33, 39, 44, 45, 56, 57, 58, 63, 69, 72, 73, 81, 100, 108, 115, 122, 123
Lag2Negative	40	false	true	false	1, 2, 3, 4, 5, 8, 9, 10, 11, 12, 13, 14, 15, 16, 17, 18, 19, 20, 21, 22, 23, 24, 26, 27, 28, 29, 30, 33, 34, 35, 36, 39, 40, 41, 42, 43, 44, 45, 47, 48, 49, 50, 51, 52, 53, 54, 56, 57, 58, 60, 61, 63, 64, 65, 68, 69, 70, 71, 72, 73, 74, 75, 76, 78, 79, 81, 82, 88, 89, 90, 92, 93, 94, 95, 96, 97, 99, 100, 102, 104, 107, 108, 109, 110, 111, 112, 113, 114, 115, 116, 117, 118, 119, 120, 122, 123, 124, 125, 126, 127, 128
Lag2Negative	41	false	true	false	1, 2, 3, 4, 5, 6, 7, 8, 9, 10, 11, 12, 13, 14, 15, 16, 17, 18, 19, 20, 21, 22, 23, 24, 25, 26, 27, 28, 29, 30, 31, 32, 33, 35, 36, 37, 38, 39, 40, 41, 42, 43, 44, 45, 46, 47, 48, 49, 50, 51, 53, 54, 55, 56, 57, 58, 59, 60, 61, 62, 63, 64, 65, 66, 67, 68, 69, 70, 71, 72, 73, 74, 75, 76, 77, 78, 79, 80, 81, 82, 83, 84, 85, 86, 87, 88, 89, 90, 91, 92, 93, 94, 95, 96, 97, 98, 99, 100, 101, 102, 103, 104, 105, 106, 107, 108, 109, 110, 111, 112, 113, 114, 115, 116, 117, 118, 119, 120, 121, 122, 123, 124, 125, 126, 127, 128
Lag2Negative	42	true	false	false
Lag2Negative	43	true	false	false	23, 27, 33, 39, 51, 57
Lag2Negative	44	true	false	false	27, 57, 72, 113
Lag2Negative	45	false	false	false	2, 3, 10, 16, 18, 22, 23, 26, 27, 28, 29, 33, 39, 42, 44, 45, 50, 51, 56, 57, 58, 66, 71, 72, 73, 81, 101
Lag2Negative	46	true	false	false	11, 16, 18, 22, 56
Lag2Negative	47	true	false	false
Lag2Negative	48	false	true	false	4, 5, 10, 11, 15, 16, 18, 19, 20, 22, 23, 24, 26, 27, 28, 29, 30, 33, 35, 39, 44, 45, 48, 50, 52, 54, 56, 57, 58, 60, 61, 68, 72, 73, 81, 88, 94, 97, 98, 99, 102, 107, 108, 112, 113, 115, 122, 123, 126, 127
Lag2Negative	49	true	false	false
Lag2Negative	50	false	true	true	1, 8, 17, 21, 28, 32, 34, 36, 48, 49, 81, 107, 113, 114, 119, 122, 125, 126, 127, 128
Lag2Negative	51	false	true	false	1, 2, 3, 4, 5, 8, 9, 10, 11, 13, 14, 15, 16, 17, 18, 19, 20, 21, 22, 23, 24, 26, 27, 28, 29, 30, 33, 34, 35, 36, 39, 40, 43, 44, 45, 47, 48, 49, 50, 51, 52, 53, 54, 56, 57, 58, 60, 61, 63, 64, 65, 66, 68, 69, 70, 71, 72, 73, 74, 75, 78, 79, 80, 81, 84, 85, 86, 87, 88, 89, 90, 94, 95, 97, 98, 99, 100, 101, 102, 107, 108, 110, 112, 113, 115, 116, 117, 118, 119, 120, 122, 123, 124, 125, 126, 127, 128
Lag2Negative	52	false	true	false	2, 3, 4, 5, 6, 9, 10, 11, 15, 16, 23, 25, 26, 27, 28, 29, 30, 31, 32, 33, 34, 36, 37, 38, 39, 40, 41, 42, 43, 44, 45, 46, 47, 50, 52, 53, 56, 57, 58, 59, 60, 61, 62, 63, 64, 65, 66, 67, 68, 69, 70, 71, 72, 73, 74, 75, 76, 77, 78, 81, 82, 83, 84, 89, 90, 91, 92, 93, 94, 96, 97, 98, 99, 100, 101, 102, 103, 104, 105, 106, 107, 109, 110, 111, 112, 113, 114, 115, 116, 117, 118, 119, 120, 121, 122, 123, 127
Lag2Negative	53	false	false	false	1, 2, 3, 4, 9, 10, 11, 13, 14, 15, 16, 18, 19, 20, 21, 22, 23, 24, 26, 27, 28, 29, 30, 33, 35, 36, 39, 44, 45, 48, 49, 50, 51, 52, 53, 54, 56, 57, 58, 60, 61, 63, 64, 65, 68, 69, 70, 71, 72, 73, 74, 75, 78, 79, 81, 88, 89, 90, 94, 95, 97, 98, 99, 100, 101, 102, 107, 108, 110, 112, 113, 115, 116, 117, 118, 119, 122, 123, 124, 125, 126, 127, 128
Lag2Negative	54	true	false	false	11, 16, 18, 22, 36, 56, 60
Lag2Negative	55	false	false	false	1, 2, 3, 4, 8, 9, 10, 11, 13, 14, 15, 16, 18, 19, 20, 22, 23, 24, 26, 27, 28, 29, 30, 33, 35, 36, 39, 44, 45, 49, 50, 51, 52, 53, 54, 56, 57, 58, 60, 61, 63, 64, 65, 68, 69, 70, 71, 72, 73, 74, 75, 78, 79, 81, 84, 85, 86, 87, 88, 94, 96, 97, 98, 101, 102, 108, 113, 114, 115, 119, 120, 121, 122, 123, 125, 126, 127, 128
Lag2Negative	56	true	false	false
Lag2Negative	57	true	false	false
Lag2Negative	58	true	false	false	88, 94, 108, 115
Lag2Negative	59	false	true	false	8, 17, 21, 25
Lag2Negative	60	true	false	false
Lag2Negative	61	false	true	false	1, 2, 3, 4, 5, 8, 10, 11, 15, 16, 17, 18, 21, 22, 26, 27, 33, 34, 37, 38, 42, 44, 48, 49, 50, 54, 57, 58, 60, 61, 62, 63, 72, 78, 79, 80, 84, 97, 98, 99, 100, 103, 104, 106, 107, 108, 111, 112, 113, 114, 115, 116, 117, 119, 123, 125, 126, 127, 128
Lag2Negative	62	false	true	false	1, 3, 8, 9, 10, 13, 14, 16, 17, 18, 19, 20, 21, 22, 23, 24, 26, 27, 28, 29, 30, 33, 34, 35, 36, 38, 39, 40, 44, 45, 49, 50, 51, 52, 53, 54, 55, 56, 57, 58, 60, 61, 63, 64, 68, 69, 70, 71, 72, 73, 74, 78, 79, 80, 81, 84, 85, 86, 87, 91, 96, 97, 98, 101, 102, 103, 105, 106, 108, 109, 113, 114, 115, 119, 120, 121, 122, 125, 126, 127, 128
Lag2Negative	63	true	false	false	54
Lag2Negative	64	false	true	true	2, 3, 4, 5, 8, 9, 10, 11, 12, 14, 15, 16, 17, 18, 19, 21, 22, 25, 26, 27, 28, 29, 30, 32, 33, 35, 36, 37, 39, 41, 42, 43, 44, 45, 49, 50, 54, 57, 61, 63, 67, 68, 72, 73, 81, 84, 96, 107, 108, 117, 119, 122, 123, 124, 126, 127, 128
Lag2Negative	65	true	false	false
Lag2Negative	66	true	false	false	54
Lag2Negative	67	true	false	false	35, 36, 54
Lag2Negative	68	true	false	false	27, 54, 57, 101
Lag2Negative	69	false	false	false	1, 2, 3, 4, 5, 7, 9, 10, 11, 12, 13, 14, 15, 16, 18, 19, 20, 21, 22, 23, 24, 26, 27, 28, 29, 30, 33, 34, 35, 36, 39, 44, 45, 48, 49, 50, 51, 52, 53, 54, 56, 57, 58, 61, 63, 64, 68, 69, 71, 72, 73, 74, 78, 79, 80, 81, 88, 89, 90, 92, 94, 95, 99, 100, 101, 102, 107, 108, 110, 111, 112, 113, 115, 116, 117, 118, 119, 122, 123, 124, 125, 126, 127, 128
Lag2Negative	70	false	false	false	1, 2, 3, 4, 5, 9, 10, 11, 12, 13, 15, 16, 18, 19, 20, 21, 22, 23, 24, 26, 27, 28, 29, 30, 33, 34, 35, 36, 37, 39, 41, 42, 43, 44, 45, 47, 48, 49, 50, 51, 52, 53, 54, 56, 57, 58, 59, 60, 61, 62, 63, 64, 65, 66, 67, 68, 69, 70, 71, 72, 73, 74, 75, 76, 77, 78, 79, 81, 83, 84, 85, 86, 88, 89, 90, 91, 92, 93, 94, 95, 96, 97, 98, 99, 100, 101, 102, 103, 104, 105, 107, 108, 110, 111, 112, 113, 115, 116, 117, 118, 119, 120, 122, 123, 124, 125, 126, 127, 128
Lag2Negative	71	false	true	false	1, 3, 10, 13, 14, 15, 16, 17, 18, 19, 20, 21, 22, 23, 24, 26, 27, 28, 29, 30, 32, 33, 34, 35, 36, 37, 39, 41, 42, 43, 44, 45, 46, 47, 48, 49, 50, 51, 52, 53, 56, 57, 58, 60, 61, 63, 64, 67, 68, 69, 71, 72, 73, 74, 78, 79, 81, 85, 88, 91, 94, 95, 97, 98, 99, 101, 102, 107, 113, 114, 115, 119, 120, 121, 122, 123, 125, 126, 127, 128
Lag2Negative	72	true	false	false	5, 27, 54
Lag2Negative	73	true	false	false	5, 112
Lag2Negative	74	false	false	false	1, 2, 3, 4, 5, 8, 9, 11, 14, 16, 17, 18, 21, 22, 23, 25, 26, 27, 28, 32, 34, 37, 38, 40, 41, 43, 46, 47, 48, 49, 51, 52, 53, 54, 55, 59, 60, 61, 62, 65, 66, 67, 68, 69, 70, 74, 75, 78, 79, 80, 81, 82, 83, 84, 86, 89, 91, 92, 94, 95, 96, 97, 98, 101, 102, 103, 105, 106, 109, 112, 113, 114, 118, 119, 120, 121, 124, 125, 126, 127, 128
Lag2Negative	75	true	false	false
Lag2Negative	76	true	false	false	19, 23, 26, 27, 33, 54
Lag2Negative	77	true	false	false	35
Lag2Negative	78	false	true	false	1, 2, 3, 4, 5, 6, 7, 8, 9, 10, 11, 12, 13, 14, 15, 16, 17, 18, 19, 20, 21, 22, 23, 24, 25, 26, 27, 28, 29, 30, 31, 33, 34, 35, 36, 37, 38, 39, 40, 41, 42, 43, 44, 45, 46, 47, 48, 49, 50, 51, 52, 53, 54, 55, 56, 57, 58, 59, 60, 61, 63, 64, 65, 67, 68, 69, 70, 71, 72, 73, 74, 75, 76, 77, 78, 79, 80, 81, 83, 85, 86, 87, 88, 89, 90, 91, 92, 93, 94, 95, 96, 97, 98, 99, 100, 101, 102, 103, 104, 105, 106, 108, 109, 110, 111, 112, 113, 114, 115, 116, 117, 118, 119, 121, 122, 123, 124, 125, 126, 127, 128
Lag2Negative	79	true	false	false	54, 112
Lag2Negative	80	false	false	false	17, 19, 26, 35, 36, 48, 49, 50, 54, 56, 60, 61, 73, 81, 84, 88, 89, 94, 107, 113, 119
Lag2Negative	81	false	false	false	1, 2, 3, 4, 7, 8, 9, 10, 13, 14, 15, 16, 17, 18, 19, 20, 21, 22, 23, 24, 25, 26, 27, 28, 29, 30, 31, 32, 33, 34, 35, 36, 37, 38, 39, 40, 41, 42, 43, 44, 45, 46, 47, 48, 49, 50, 51, 53, 54, 55, 56, 57, 58, 60, 61, 62, 63, 64, 65, 66, 68, 69, 70, 71, 72, 73, 74, 75, 78, 79, 80, 81, 86, 87, 88, 89, 90, 92, 94, 95, 96, 97, 98, 99, 100, 101, 102, 104, 105, 106, 107, 108, 109, 113, 114, 115, 117, 118, 119, 120, 121, 122, 123, 124, 125, 126, 127, 128
Lag2Negative	82	true	false	false	36, 60, 73, 81, 94, 113
Lag2Negative	83	true	false	false	54
Lag2Negative	84	true	false	false	54, 60, 106
Lag2Negative	85	true	false	false	54, 60
Lag2Negative	86	true	false	false	35
Lag2Negative	87	true	false	false
Lag2Negative	88	true	false	false	57, 60, 113
Lag2Negative	89	false	true	true	2, 3, 4, 8, 9, 10, 11, 14, 15, 16, 17, 18, 19, 20, 21, 22, 23, 24, 25, 26, 27, 32, 126, 127
Lag2Negative	90	true	false	false
Lag2Negative	91	false	false	false	3, 6, 10, 12, 13, 18, 19, 20, 22, 23, 24, 26, 27, 28, 33, 57, 60, 123
Lag2Negative	92	true	false	false
Lag2Negative	93	true	false	false	60
Lag2Negative	94	false	true	false	3, 4, 7, 8, 10, 12, 13, 16, 18, 19, 20, 21, 22, 23, 24, 26, 27, 28, 29, 30, 33, 35, 36, 43, 44, 45, 48, 49, 51, 52, 55, 56, 57, 60, 63, 69, 72, 95, 96, 97, 98, 99, 101, 102, 109, 112, 113, 114, 119, 121, 123, 125, 126, 127, 128
Lag2Negative	95	true	false	false	36, 48, 60, 113, 119
Lag2Negative	96	true	false	false	60
Lag2Negative	97	true	false	false
Lag2Negative	98	false	false	false	4, 10, 11, 16, 18, 22, 26, 29, 33, 49, 56, 57
Lag2Negative	99	false	false	false	1, 2, 3, 4, 5, 6, 7, 8, 9, 10, 11, 12, 13, 14, 15, 16, 17, 18, 19, 20, 21, 22, 23, 24, 25, 26, 27, 28, 29, 30, 31, 32, 33, 34, 35, 36, 37, 38, 39, 40, 41, 42, 43, 44, 45, 46, 47, 48, 49, 50, 51, 52, 53, 54, 55, 56, 57, 58, 59, 60, 61, 62, 63, 64, 65, 66, 67, 69, 71, 72, 73, 74, 75, 76, 77, 78, 79, 80, 81, 82, 83, 84, 85, 87, 88, 89, 90, 91, 92, 93, 94, 95, 96, 97, 98, 99, 100, 101, 102, 103, 104, 105, 106, 107, 108, 109, 110, 111, 112, 114, 115, 116, 117, 118, 119, 120, 121, 122, 123, 124, 125, 126, 127, 128
Lag2Negative	100	false	false	false	1, 2, 3, 5, 8, 9, 11, 14, 15, 16, 17, 18, 19, 21, 22, 23, 25, 26, 27, 31, 32, 34, 35, 36, 38, 39, 40, 41, 42, 43, 44, 45, 46, 47, 48, 49, 51, 52, 53, 54, 55, 59, 60, 61, 62, 63, 65, 66, 67, 69, 70, 72, 74, 75, 76, 77, 78, 79, 80, 82, 83, 84, 85, 86, 87, 89, 90, 91, 92, 94, 95, 96, 97, 98, 99, 101, 102, 103, 105, 106, 109, 111, 113, 114, 118, 119, 120, 121, 125, 126, 127, 128
Lag8Baseline	1	true	false	false
Lag8Baseline	2	true	false	false
Lag8Baseline	3	true	false	false
Lag8Baseline	4	true	false	false
Lag8Baseline	5	true	false	false
Lag8Baseline	6	true	false	false
Lag8Baseline	7	true	false	false	60, 61
Lag8Baseline	8	true	false	false
Lag8Baseline	9	true	false	false
Lag8Baseline	10	true	false	false
Lag8Baseline	11	true	false	false	63
Lag8Baseline	12	true	false	false
Lag8Baseline	13	true	false	false
Lag8Baseline	14	true	false	false
Lag8Baseline	15	true	false	false
Lag8Baseline	16	true	false	false	60, 61
Lag8Baseline	17	true	false	false
Lag8Baseline	18	true	false	false	44, 63, 126
Lag8Baseline	19	true	false	false
Lag8Baseline	20	false	false	false	2, 3, 4, 9, 10, 16, 19, 22, 23, 26, 27, 28, 29, 33, 34, 39, 40, 44, 45, 46, 47, 50, 51, 57, 63, 64, 68, 69, 73, 81, 88, 94, 95, 96, 97, 99, 101, 102, 115, 117, 118, 122, 123, 124
Lag8Baseline	21	true	false	false
Lag8Baseline	22	true	false	false
Lag8Baseline	23	true	false	false
Lag8Baseline	24	true	false	false
Lag8Baseline	25	false	false	false	23, 27, 28, 33, 34, 39, 40, 43, 44, 45, 46, 47, 50, 51, 56, 57, 58, 59, 63, 66, 68, 69, 73, 81, 99, 101
Lag8Baseline	26	true	false	false
Lag8Baseline	27	false	true	false	2, 3, 4, 5, 8, 9, 10, 11, 15, 16, 18, 22, 25, 27, 31, 33, 34, 36, 37, 38, 39, 40, 42, 43, 44, 45, 47, 48, 50, 51, 52, 56, 57, 58, 62, 63, 64, 65, 68, 69, 72, 73, 82, 83, 88, 91, 92, 93, 94, 95, 96, 97, 98, 99, 100, 101, 102, 107, 108, 109, 110, 111, 113, 115, 116, 117, 118, 121, 122, 123, 124
Lag8Baseline	28	false	false	false	11, 16, 18, 22, 23, 27, 28, 29, 33, 35, 73
Lag8Baseline	29	false	false	false	10, 27, 28, 33, 36, 39, 44, 45, 50, 57, 63, 101, 102
Lag8Baseline	30	true	false	false
Lag8Baseline	31	true	false	false
Lag8Baseline	32	false	false	false	1, 2, 3, 4, 5, 6, 8, 9, 10, 11, 14, 15, 16, 17, 18, 22, 23, 25, 26, 27, 28, 29, 30, 31, 33, 34, 35, 36, 37, 38, 39, 40, 41, 42, 43, 44, 45, 46, 47, 48, 49, 50, 51, 52, 54, 56, 57, 58, 59, 60, 61, 62, 63, 64, 65, 66, 68, 70, 71, 72, 73, 74, 75, 78, 79, 82, 83, 85, 88, 89, 90, 91, 92, 93, 94, 95, 97, 98, 99, 100, 101, 102, 103, 104, 105, 106, 107, 109, 110, 111, 112, 113, 115, 116, 117, 118, 119, 120, 121, 122, 123, 124, 125, 126, 127, 128
Lag8Baseline	33	false	false	false	3, 10, 16, 27, 34, 44, 46, 51, 56, 57, 58, 63, 64, 68, 73, 82, 88, 94, 95, 96, 99, 101, 102, 107, 108, 113, 115, 121, 123, 124
Lag8Baseline	34	true	false	false	25
Lag8Baseline	35	false	true	false	2, 3, 4, 5, 9, 10, 11, 12, 13, 15, 16, 18, 19, 20, 22, 23, 24, 25, 26, 27, 28, 29, 30, 32, 33, 34, 35, 36, 37, 38, 39, 40, 41, 42, 43, 44, 45, 46, 50, 51, 52, 56, 57, 58, 59, 62, 63, 64, 65, 66, 68, 69, 70, 71, 72, 73, 74, 75, 76, 77, 81, 88, 89, 90, 93, 94, 95, 97, 99, 100, 101, 102, 104, 105, 107, 108, 109, 110, 111, 112, 113, 115, 116, 117, 118, 119, 122, 123, 124, 125, 126, 127
Lag8Baseline	36	false	true	false	1, 3, 4, 5, 10, 11, 16, 18, 22, 27, 31, 33, 37, 41, 44, 49, 50, 56, 57, 63, 92, 93, 98, 99, 100, 101, 107, 109, 110, 112, 113, 116, 119, 122, 123, 124, 125, 126, 127
Lag8Baseline	37	false	true	false	2, 3, 4, 5, 9, 10, 11, 15, 16, 18, 19, 20, 22, 23, 24, 25, 26, 27, 28, 29, 30, 33, 34, 35, 36, 38, 39, 40, 41, 42, 43, 44, 45, 46, 47, 50, 51, 52, 56, 57, 58, 63, 64, 69, 70, 71, 72, 73, 81, 82, 83, 90, 91, 92, 93, 94, 96, 97, 98, 99, 100, 101, 102, 104, 107, 108, 109, 110, 112, 115, 116, 117, 118, 120, 122, 123, 124
Lag8Baseline	38	false	true	false	1, 2, 3, 4, 5, 8, 9, 10, 11, 13, 14, 15, 16, 18, 19, 20, 22, 23, 24, 26, 27, 28, 29, 30, 33, 34, 35, 36, 39, 40, 41, 42, 43, 44, 45, 46, 47, 48, 49, 50, 52, 53, 56, 57, 58, 59, 60, 61, 63, 64, 65, 66, 68, 69, 70, 71, 72, 73, 74, 75, 78, 79, 81, 82, 84, 85, 88, 89, 90, 93, 94, 95, 97, 99, 100, 101, 102, 107, 108, 109, 110, 111, 112, 113, 114, 115, 116, 117, 118, 119, 120, 121, 122, 123, 124, 125, 126, 127, 128
Lag8Baseline	39	true	false	false	11, 16, 18, 22, 107, 116
Lag8Baseline	40	false	true	false	2, 3, 4, 5, 9, 10, 11, 15, 16, 18, 19, 20, 22, 23, 24, 25, 26, 27, 28, 29, 30, 33, 34, 35, 36, 37, 38, 39, 40, 44, 45, 47, 48, 50, 51, 52, 57, 58, 63, 64, 68, 69, 71, 72, 73, 74, 81, 88, 89, 94, 95, 97, 100, 102, 104, 107, 108, 109, 110, 111, 112, 113, 115, 117, 118, 120, 122, 123, 124, 127
Lag8Baseline	41	false	true	false	1, 2, 3, 4, 5, 8, 9, 10, 11, 13, 14, 15, 16, 18, 19, 20, 22, 23, 24, 25, 26, 27, 28, 29, 30, 31, 33, 34, 35, 36, 37, 39, 41, 42, 44, 45, 47, 48, 49, 50, 51, 52, 53, 54, 56, 57, 58, 59, 60, 61, 62, 63, 64, 65, 66, 67, 68, 69, 70, 71, 72, 73, 74, 75, 78, 79, 80, 81, 82, 85, 86, 87, 88, 89, 90, 91, 92, 94, 95, 97, 99, 100, 101, 102, 107, 108, 110, 112, 113, 114, 115, 116, 117, 118, 119, 120, 122, 123, 124, 125, 126, 127, 128
Lag8Baseline	42	true	false	false	33, 34, 36, 60, 84, 113
Lag8Baseline	43	true	false	false	48
Lag8Baseline	44	true	false	false	27, 33, 113
Lag8Baseline	45	true	false	false
Lag8Baseline	46	true	false	false	48
Lag8Baseline	47	true	false	false
Lag8Baseline	48	true	false	false	3, 101, 115
Lag8Baseline	49	true	false	false	27, 33, 39, 57
Lag8Baseline	50	false	false	false	18, 22, 23, 26, 27, 28, 29, 33, 36, 39, 44, 56, 57, 58, 72
Lag8Baseline	51	false	false	false	2, 3, 16, 18, 19, 22, 23, 24, 26, 27, 28, 29, 33, 34, 35, 36, 39, 44, 45, 49, 50, 54, 56, 57, 58, 63, 64, 68, 69, 70, 71, 72, 73, 74, 79, 81, 108, 119, 122, 125, 126, 127
Lag8Baseline	52	true	false	false	113
Lag8Baseline	53	true	false	false
Lag8Baseline	54	false	false	false	1, 3, 4, 8, 9, 10, 11, 13, 14, 16, 18, 19, 20, 22, 23, 24, 26, 27, 28, 29, 30, 33, 34, 35, 36, 39, 42, 44, 45, 49, 50, 51, 52, 54, 56, 57, 58, 61, 63, 64, 66, 67, 68, 69, 71, 72, 73, 74, 75, 78, 79, 81, 86, 97, 101, 102, 108, 113, 115, 119, 123, 125, 126
Lag8Baseline	55	true	false	false
Lag8Baseline	56	true	false	false	113
Lag8Baseline	57	true	false	false
Lag8Baseline	58	true	false	false
Lag8Baseline	59	true	false	false
Lag8Baseline	60	true	false	false	54
Lag8Baseline	61	false	false	false	2, 4, 5, 10, 11, 15, 19, 23, 24, 26, 27, 28, 29, 30, 32, 34, 35, 36, 38, 39, 40, 42, 50, 51, 52, 54, 63, 68, 69, 70, 71, 73, 74, 75, 81, 99, 100, 102, 104, 107, 108, 110, 112, 116, 117, 122, 123, 124
Lag8Baseline	62	false	false	false	1, 4, 5, 8, 11, 13, 14, 18, 19, 20, 22, 23, 24, 26, 27, 28, 29, 30, 33, 34, 35, 36, 39, 40, 43, 44, 45, 47, 49, 50, 54, 56, 57, 58, 61, 63, 64, 65, 66, 68, 69, 70, 71, 72, 73, 76, 81, 82, 83, 84, 85, 86, 87, 88, 89, 90, 91, 92, 93, 94, 95, 96, 97, 98, 99, 100, 101, 102, 104, 105, 107, 108, 111, 113, 116, 119, 120, 121, 122, 123, 124, 125, 126, 127
Lag8Baseline	63	false	false	false	2, 3, 4, 9, 10, 13, 16, 18, 19, 20, 22, 23, 24, 26, 27, 28, 29, 30, 33, 35, 36, 39, 44, 48, 50, 54, 57, 58, 60, 61, 63, 69, 71, 72, 73, 81, 84, 88, 94, 95, 99, 107, 108, 113, 115, 116, 117, 118, 122, 123, 124
Lag8Baseline	64	false	true	false	1, 2, 3, 4, 5, 6, 8, 9, 10, 11, 13, 14, 15, 16, 17, 18, 19, 20, 21, 22, 23, 24, 26, 27, 28, 29, 30, 33, 34, 35, 36, 37, 39, 40, 42, 43, 44, 45, 47, 48, 49, 50, 51, 52, 53, 54, 56, 57, 58, 60, 61, 62, 63, 64, 65, 66, 68, 69, 70, 71, 72, 73, 74, 75, 76, 77, 78, 79, 80, 81, 84, 85, 86, 87, 88, 90, 91, 92, 93, 94, 96, 97, 98, 99, 100, 101, 102, 104, 106, 107, 108, 110, 111, 112, 113, 114, 115, 116, 117, 118, 119, 120, 122, 123, 124, 125, 126, 127, 128
Lag8Baseline	65	false	false	false	16, 18, 19, 20, 22, 23, 24, 26, 27, 28, 29, 33, 39, 44, 45, 50, 54, 56, 57, 58, 63, 64, 68, 69, 72, 73, 81, 113
Lag8Baseline	66	true	false	false	54
Lag8Baseline	67	true	false	false	12, 54, 60
Lag8Baseline	68	false	false	false	10, 23, 26, 27, 33, 36, 39, 44, 51, 54, 57, 72, 101, 102, 113
Lag8Baseline	69	true	false	false	54
Lag8Baseline	70	false	true	false	1, 2, 3, 4, 5, 7, 9, 10, 11, 12, 13, 14, 15, 16, 18, 19, 20, 21, 22, 23, 24, 26, 27, 28, 29, 30, 31, 33, 34, 35, 36, 38, 39, 44, 45, 48, 49, 50, 51, 52, 53, 54, 55, 56, 57, 58, 60, 61, 63, 64, 65, 68, 69, 70, 71, 72, 73, 74, 75, 78, 79, 80, 81, 84, 85, 86, 87, 90, 91, 94, 95, 96, 97, 98, 99, 100, 101, 102, 103, 106, 108, 109, 110, 113, 115, 116, 117, 118, 119, 122, 123, 124, 125, 126, 127, 128
Lag8Baseline	71	false	false	false	1, 2, 3, 4, 5, 7, 9, 10, 11, 13, 16, 18, 20, 22, 24, 26, 27, 28, 29, 33, 35, 36, 37, 42, 49, 50, 51, 52, 54, 56, 57, 59, 61, 76, 77, 79, 84, 87, 88, 89, 94, 95, 97, 99, 100, 101, 102, 103, 104, 105, 108, 109, 110, 111, 115, 116, 117, 118, 119, 121, 122, 123, 124, 125, 126, 127
Lag8Baseline	72	true	false	false	23, 26, 27, 33, 39, 44, 50, 54, 57, 63
Lag8Baseline	73	false	false	false	3, 5, 10, 23, 26, 27, 28, 29, 30, 33, 36, 39, 44, 50, 54, 57, 58, 64, 94, 107
Lag8Baseline	74	true	false	false
Lag8Baseline	75	true	false	false	54
Lag8Baseline	76	true	false	false	54
Lag8Baseline	77	false	false	false	3, 5, 10, 18, 19, 20, 22, 23, 24, 26, 27, 28, 29, 33, 39, 44, 45, 49, 50, 51, 52, 54, 57, 58, 63, 96, 101, 102, 113, 115, 119, 120, 121, 127
Lag8Baseline	78	false	true	false	1, 2, 3, 4, 5, 6, 7, 9, 10, 11, 13, 15, 16, 18, 19, 20, 22, 23, 24, 25, 26, 27, 28, 29, 30, 31, 32, 33, 34, 35, 36, 37, 38, 39, 41, 42, 44, 45, 48, 49, 50, 54, 55, 57, 58, 59, 60, 62, 63, 64, 65, 66, 67, 68, 69, 70, 71, 72, 73, 74, 75, 76, 77, 78, 79, 81, 84, 88, 90, 91, 92, 93, 94, 98, 99, 104, 105, 107, 108, 110, 111, 112, 113, 115, 116, 117, 118, 119, 123, 124, 125, 126, 127, 128
Lag8Baseline	79	false	false	false	1, 5, 7, 8, 9, 12, 13, 14, 16, 18, 19, 20, 21, 22, 23, 24, 26, 27, 28, 29, 30, 31, 33, 34, 35, 36, 38, 39, 40, 43, 44, 45, 47, 48, 49, 50, 51, 52, 54, 56, 57, 58, 60, 61, 62, 63, 64, 65, 66, 67, 68, 69, 70, 71, 72, 73, 74, 75, 78, 79, 80, 81, 84, 88, 94, 95, 99, 101, 102, 107, 108, 112, 113, 115, 119, 125, 128
Lag8Baseline	80	true	false	false	5, 26, 71, 72
Lag8Baseline	81	false	false	false	1, 2, 3, 4, 5, 6, 7, 8, 9, 10, 11, 13, 14, 15, 17, 18, 19, 20, 21, 22, 23, 24, 25, 27, 28, 29, 30, 31, 32, 34, 35, 36, 37, 38, 40, 41, 42, 43, 46, 48, 49, 51, 52, 53, 54, 58, 59, 60, 73, 76, 77, 78, 79, 80, 81, 83, 84, 85, 86, 87, 88, 91, 93, 94, 96, 97, 98, 99, 100, 101, 102, 104, 105, 106, 107, 108, 109, 111, 112, 113, 114, 115, 116, 118, 119, 120, 121, 122, 123, 124, 125, 126, 127, 128
Lag8Baseline	82	true	false	false	44, 60, 61
Lag8Baseline	83	true	false	false
Lag8Baseline	84	true	false	false	5, 12
Lag8Baseline	85	true	false	false
Lag8Baseline	86	false	true	false	1, 2, 3, 4, 5, 6, 7, 10, 11, 13, 14, 15, 16, 18, 19, 20, 21, 22, 23, 24, 26, 27, 28, 29, 31, 33, 34, 35, 36, 37, 40, 42, 43, 44, 45, 46, 47, 48, 49, 50, 51, 52, 53, 54, 55, 56, 58, 59, 60, 61, 62, 63, 64, 66, 69, 70, 71, 72, 73, 74, 75, 76, 77, 78, 79, 80, 81, 83, 84, 85, 86, 87, 90, 91, 92, 93, 95, 96, 97, 98, 99, 101, 102, 103, 104, 106, 108, 109, 110, 111, 112, 113, 114, 116, 117, 118, 119, 121, 122, 123, 125, 126, 127, 128
Lag8Baseline	87	true	false	false
Lag8Baseline	88	true	false	false	26, 35, 36, 60
Lag8Baseline	89	false	false	false	3, 10, 19, 22, 23, 24, 26, 27, 33, 44, 56, 57, 72, 84, 101, 123
Lag8Baseline	90	false	false	false	14, 22, 23, 25, 26, 27, 33, 35, 45, 54, 56, 57, 60, 72, 113
Lag8Baseline	91	false	true	false	1, 2, 3, 4, 5, 7, 9, 10, 11, 12, 13, 15, 16, 17, 18, 19, 20, 21, 22, 23, 24, 26, 27, 28, 29, 30, 31, 33, 34, 35, 36, 37, 39, 40, 42, 43, 44, 45, 47, 48, 49, 50, 51, 52, 53, 54, 55, 56, 57, 58, 60, 61, 62, 63, 64, 65, 66, 67, 68, 69, 70, 71, 72, 73, 74, 75, 76, 77, 78, 79, 80, 81, 83, 84, 86, 90, 91, 92, 93, 96, 97, 98, 99, 101, 102, 103, 104, 105, 106, 107, 108, 109, 110, 111, 112, 113, 115, 116, 117, 118, 119, 120, 122, 123, 124, 125, 126, 127, 128
Lag8Baseline	92	false	false	false	1, 2, 3, 4, 5, 6, 7, 8, 9, 10, 11, 12, 13, 14, 15, 16, 17, 18, 19, 20, 21, 22, 23, 24, 26, 27, 28, 29, 30, 31, 33, 34, 35, 36, 37, 39, 40, 41, 44, 45, 47, 48, 49, 50, 51, 52, 53, 54, 55, 56, 57, 58, 60, 61, 64, 65, 66, 67, 68, 69, 70, 71, 72, 73, 74, 75, 76, 77, 78, 79, 80, 81, 84, 85, 86, 87, 90, 92, 93, 94, 96, 97, 98, 99, 101, 102, 103, 104, 106, 108, 109, 110, 111, 113, 114, 115, 116, 117, 118, 119, 122, 123, 124, 125, 126, 127, 128
Lag8Baseline	93	true	false	false
Lag8Baseline	94	true	false	false
Lag8Baseline	95	true	false	false	36, 60
Lag8Baseline	96	false	false	false	5, 16, 18, 22, 23, 26, 27, 28, 29, 30, 31, 33, 35, 36, 39, 44, 50, 56, 57, 58, 60, 61, 103, 108, 113
Lag8Baseline	97	true	false	false
Lag8Baseline	98	false	false	false	2, 3, 4, 5, 6, 7, 9, 10, 11, 12, 13, 15, 16, 18, 19, 20, 22, 23, 24, 25, 26, 27, 28, 29, 30, 31, 33, 34, 35, 36, 38, 39, 40, 44, 45, 50, 51, 52, 54, 56, 57, 58, 63, 64, 65, 66, 68, 69, 70, 71, 72, 73, 74, 75, 76, 77, 81, 83, 84, 90, 93, 95, 96, 97, 98, 99, 100, 101, 102, 103, 104, 107, 108, 109, 110, 111, 112, 113, 115, 116, 117, 118, 121, 122, 123, 124
Lag8Baseline	99	false	false	false	6, 7, 11, 12, 13, 15, 16, 18, 19, 20, 21, 22, 23, 24, 25, 26, 27, 28, 29, 30, 31, 32, 33, 34, 35, 36, 37, 39, 41, 42, 43, 44, 45, 48, 50, 55, 56, 57, 58, 59, 60, 62, 63, 64, 65, 66, 68, 69, 71, 72, 73, 74, 75, 81, 113, 128
Lag8Baseline	100	false	true	false	1, 2, 3, 4, 5, 6, 7, 8, 9, 10, 11, 12, 13, 15, 16, 17, 18, 20, 21, 22, 23, 25, 26, 27, 28, 29, 30, 31, 32, 33, 34, 35, 36, 37, 38, 39, 40, 41, 42, 43, 44, 45, 46, 47, 48, 49, 50, 51, 52, 53, 54, 56, 57, 58, 59, 60, 62, 63, 64, 65, 68, 69, 70, 71, 72, 73, 74, 75, 76, 77, 78, 79, 80, 81, 82, 83, 85, 86, 87, 88, 89, 90, 91, 92, 93, 94, 95, 96, 97, 98, 99, 100, 101, 102, 103, 104, 105, 106, 107, 108, 109, 110, 111, 112, 113, 114, 115, 116, 117, 118, 119, 120, 121, 122, 123, 124, 125, 126, 127, 128
Lag8Neutral	1	true	false	false
Lag8Neutral	2	true	false	false
Lag8Neutral	3	true	false	false
Lag8Neutral	4	true	false	false
Lag8Neutral	5	true	false	false	8
Lag8Neutral	6	true	false	false
Lag8Neutral	7	true	false	false
Lag8Neutral	8	true	false	false
Lag8Neutral	9	true	false	false	95, 99, 101, 113, 115
Lag8Neutral	10	true	false	false
Lag8Neutral	11	true	false	false
Lag8Neutral	12	true	false	false	48, 54, 60, 61
Lag8Neutral	13	true	false	false
Lag8Neutral	14	true	false	false
Lag8Neutral	15	true	false	false	113
Lag8Neutral	16	true	false	false
Lag8Neutral	17	true	false	false
Lag8Neutral	18	false	false	false	2, 3, 10, 27, 44, 46, 50, 57, 58, 63, 68, 88, 94, 95, 99, 101, 115, 118, 123
Lag8Neutral	19	true	false	false
Lag8Neutral	20	true	false	false	60, 113
Lag8Neutral	21	true	false	false	25, 27
Lag8Neutral	22	true	false	false
Lag8Neutral	23	true	false	false
Lag8Neutral	24	true	false	false
Lag8Neutral	25	true	false	false	34, 39, 44, 58, 63
Lag8Neutral	26	true	false	false
Lag8Neutral	27	true	false	false
Lag8Neutral	28	true	false	false	34, 39, 44, 63, 68
Lag8Neutral	29	true	false	false
Lag8Neutral	30	true	false	false
Lag8Neutral	31	false	true	false	1, 2, 3, 4, 5, 6, 8, 9, 10, 11, 14, 15, 16, 17, 18, 19, 20, 22, 23, 24, 26, 27, 28, 29, 30, 33, 34, 35, 36, 37, 39, 40, 41, 42, 43, 44, 45, 46, 47, 48, 49, 50, 51, 52, 53, 54, 56, 57, 58, 59, 60, 61, 62, 63, 64, 65, 66, 68, 69, 70, 71, 72, 73, 74, 75, 78, 79, 80, 81, 82, 83, 84, 88, 89, 90, 91, 92, 93, 94, 95, 96, 97, 98, 99, 100, 101, 102, 103, 104, 105, 106, 107, 108, 109, 110, 111, 112, 113, 115, 116, 117, 118, 122, 123, 124, 125, 126, 127, 128
Lag8Neutral	32	true	false	false	36, 60, 61
Lag8Neutral	33	true	false	false
Lag8Neutral	34	true	false	false	27, 28, 33, 44, 50, 56, 58, 81
Lag8Neutral	35	true	false	false
Lag8Neutral	36	true	false	false	27
Lag8Neutral	37	true	false	false
Lag8Neutral	38	true	false	false	27, 115
Lag8Neutral	39	false	false	false	2, 3, 4, 9, 10, 11, 16, 18, 22, 27, 33, 36, 39, 44, 45, 50, 57, 94, 99, 107, 110, 115, 117, 118, 122, 123, 124
Lag8Neutral	40	false	false	false	2, 3, 4, 5, 6, 7, 8, 9, 10, 11, 12, 13, 14, 15, 16, 17, 18, 19, 20, 21, 22, 23, 24, 25, 26, 27, 28, 29, 30, 31, 32, 33, 34, 35, 36, 37, 38, 39, 40, 41, 42, 43, 44, 45, 46, 47, 50, 51, 53, 54, 56, 57, 58, 59, 60, 61, 62, 63, 64, 65, 66, 67, 68, 69, 70, 71, 72, 73, 74, 75, 76, 77, 80, 81, 82, 83, 84, 85, 87, 88, 89, 90, 91, 92, 93, 94, 95, 96, 97, 98, 99, 100, 101, 102, 103, 104, 105, 106, 107, 108, 109, 110, 111, 112, 113, 114, 115, 116, 117, 118, 120, 121, 122, 123, 124
Lag8Neutral	41	true	false	false	27, 33, 39, 44, 45, 57, 58, 63
Lag8Neutral	42	true	false	false	27
Lag8Neutral	43	true	false	false
Lag8Neutral	44	false	false	false	15, 16, 18, 19, 20, 22, 23, 24, 26, 27, 28, 29, 30, 33, 34, 38, 39, 40, 44, 45, 47, 48, 50, 51, 52, 56, 57, 58, 63, 64, 65, 68, 69, 71, 72, 73, 74, 75, 81, 84, 101, 102, 113, 121
Lag8Neutral	45	false	false	false	16, 17, 21, 27, 33, 34, 39, 44, 48, 50, 56, 57, 84, 88, 113
Lag8Neutral	46	false	false	false	17, 27, 33, 34, 39, 44, 45, 50, 57, 58, 63, 68, 69, 71, 72, 73, 81, 113, 126
Lag8Neutral	47	true	false	false	19
Lag8Neutral	48	false	false	false	4, 11, 16, 18, 19, 22, 23, 26, 27, 28, 29, 33, 36, 56, 60, 61, 79, 98, 99, 107, 108, 113, 116, 122, 123, 127
Lag8Neutral	49	false	false	false	11, 16, 18, 22, 27, 33, 36, 56, 99, 107, 108, 124
Lag8Neutral	50	true	false	false
Lag8Neutral	51	true	false	false	113
Lag8Neutral	52	true	false	false	56
Lag8Neutral	53	true	false	false
Lag8Neutral	54	false	true	false	1, 2, 3, 4, 5, 9, 10, 11, 13, 15, 16, 18, 19, 20, 22, 23, 24, 26, 27, 28, 29, 30, 33, 35, 36, 37, 39, 42, 44, 45, 48, 49, 50, 51, 52, 53, 54, 56, 57, 58, 59, 60, 61, 62, 64, 65, 66, 69, 70, 71, 72, 73, 74, 75, 76, 77, 78, 79, 80, 81, 82, 83, 89, 90, 91, 92, 93, 96, 97, 98, 99, 100, 101, 102, 103, 104, 105, 110, 111, 112, 113, 116, 117, 118, 119, 122, 123, 124, 125, 126, 127, 128
Lag8Neutral	55	false	true	false	1, 2, 4, 5, 10, 11, 15, 16, 18, 22, 26, 28, 29, 30, 33, 35, 36, 37, 39, 41, 42, 43, 44, 45, 48, 49, 50, 52, 53, 54, 57, 58, 59, 61, 62, 63, 64, 65, 66, 67, 71, 72, 74, 75, 76, 77, 78, 79, 81, 85, 90, 91, 92, 93, 96, 98, 99, 102, 104, 109, 110, 111, 112, 113, 116, 117, 119, 122, 123, 125, 126, 127, 128
Lag8Neutral	56	true	false	false	113
Lag8Neutral	57	true	false	false	26, 35, 36, 60, 61, 113
Lag8Neutral	58	true	false	false
Lag8Neutral	59	true	false	false
Lag8Neutral	60	true	false	false
Lag8Neutral	61	false	true	true	1, 2, 3, 4, 5, 7, 8, 9, 10, 11, 13, 14, 15, 16, 17, 18, 19, 20, 21, 22, 23, 24, 25, 26, 27, 28, 29, 30, 31, 33, 34, 35, 36, 37, 38, 39, 40, 41, 42, 43, 44, 45, 47, 48, 49, 50, 52, 53, 54, 56, 57, 58, 59, 60, 61, 62, 63, 64, 65, 66, 67, 68, 69, 70, 71, 72, 73, 74, 75, 76, 78, 79, 80, 81, 82, 84, 85, 86, 87, 88, 89, 90, 91, 92, 93, 94, 95, 96, 97, 98, 99, 100, 101, 102, 104, 106, 107, 108, 109, 110, 111, 112, 113, 114, 115, 116, 117, 118, 119, 122, 123, 124, 125, 126, 127, 128
Lag8Neutral	62	true	false	false	11, 56, 112
Lag8Neutral	63	true	false	false
Lag8Neutral	64	false	true	false	1, 3, 5, 10, 13, 15, 16, 18, 19, 20, 22, 23, 24, 25, 26, 27, 28, 29, 30, 33, 35, 36, 37, 38, 39, 41, 44, 45, 50, 51, 52, 57, 58, 62, 63, 64, 65, 66, 67, 68, 69, 70, 71, 72, 73, 74, 75, 81, 96, 97, 98, 101, 102, 108, 113, 115, 119, 125, 127
Lag8Neutral	65	true	false	false	54
Lag8Neutral	66	false	false	false	1, 4, 10, 11, 16, 17, 18, 21, 22, 26, 32, 34, 38, 39, 40, 43, 44, 46, 47, 48, 49, 51, 54, 58, 60, 61, 63, 64, 67, 68, 69, 72, 76, 78, 79, 80, 84, 90, 91, 92, 93, 94, 97, 98, 99, 101, 102, 104, 107, 109, 110, 112, 114, 115, 117, 119, 121, 123, 125, 126, 127, 128
Lag8Neutral	67	true	false	false	26, 27, 36, 54
Lag8Neutral	68	false	false	false	2, 3, 4, 5, 9, 10, 11, 13, 15, 16, 18, 19, 20, 22, 23, 24, 26, 27, 28, 29, 30, 33, 35, 36, 37, 39, 44, 45, 49, 50, 51, 52, 54, 56, 57, 58, 61, 62, 63, 64, 65, 68, 69, 71, 72, 73, 75, 76, 77, 83, 90, 91, 92, 93, 95, 96, 97, 98, 99, 101, 102, 103, 104, 105, 107, 108, 109, 110, 111, 112, 113, 115, 116, 117, 118, 119, 120, 121, 122, 123, 124
Lag8Neutral	69	true	false	false	36, 113
Lag8Neutral	70	true	false	false	5, 35, 54
Lag8Neutral	71	true	false	false	54
Lag8Neutral	72	true	false	false	35, 97
Lag8Neutral	73	false	false	false	1, 2, 3, 4, 5, 10, 13, 15, 16, 18, 19, 20, 22, 23, 24, 26, 27, 28, 29, 30, 33, 34, 35, 36, 39, 40, 42, 43, 44, 45, 47, 48, 49, 50, 51, 52, 53, 54, 55, 56, 57, 61, 68, 71, 72, 73, 78, 79, 80, 81, 84, 90, 93, 96, 97, 98, 99, 101, 102, 106, 108, 109, 110, 111, 113, 114, 115, 116, 117, 118, 119, 121, 123, 125, 126
Lag8Neutral	74	true	false	false
Lag8Neutral	75	true	false	false	113
Lag8Neutral	76	true	false	false	5, 54
Lag8Neutral	77	true	false	false	54
Lag8Neutral	78	false	true	false	3, 4, 5, 7, 10, 11, 13, 15, 16, 18, 19, 20, 22, 23, 24, 25, 26, 27, 28, 29, 30, 31, 32, 33, 34, 35, 37, 39, 41, 42, 43, 44, 45, 46, 47, 50, 54, 56, 57, 58, 62, 63, 64, 65, 66, 67, 68, 69, 71, 72, 73, 74, 75, 81, 88, 97, 98, 101, 102, 107, 108, 112, 113, 116, 117, 123
Lag8Neutral	79	true	false	false	35, 112
Lag8Neutral	80	true	false	false	5, 54
Lag8Neutral	81	false	false	false	12, 19, 24, 35, 36, 39, 40, 44, 45, 50, 56, 57, 58, 59, 60, 63, 67, 68, 69, 73, 81, 94, 95, 99
Lag8Neutral	82	true	false	false	60
Lag8Neutral	83	true	false	false	5, 12, 22, 26, 35, 54, 60
Lag8Neutral	84	false	false	false	5, 19, 22, 23, 26, 27, 28, 29, 30, 33, 35, 39, 44, 48, 50, 54, 57, 58, 63, 68, 71, 72, 73, 81
Lag8Neutral	85	true	false	false
Lag8Neutral	86	true	false	false
Lag8Neutral	87	true	false	false	35, 54
Lag8Neutral	88	false	false	false	1, 2, 3, 4, 5, 6, 7, 8, 9, 10, 11, 12, 13, 14, 15, 16, 17, 18, 19, 20, 21, 22, 23, 24, 25, 26, 27, 28, 29, 30, 31, 32, 33, 34, 35, 36, 37, 38, 39, 40, 41, 42, 43, 44, 45, 46, 47, 48, 49, 50, 51, 52, 53, 54, 55, 56, 57, 58, 59, 60, 61, 62, 63, 64, 65, 66, 67, 68, 69, 70, 71, 72, 73, 74, 75, 76, 77, 78, 79, 80, 81, 82, 83, 84, 85, 86, 87, 88, 89, 90, 91, 92, 93, 94, 95, 96, 97, 98, 99, 100, 101, 102, 103, 104, 105, 106, 107, 108, 109, 110, 111, 112, 113, 114, 115, 116, 117, 118, 119, 120, 121, 122, 123, 124, 125, 126, 127, 128
Lag8Neutral	89	true	false	false	54
Lag8Neutral	90	false	true	false	26, 27, 127
Lag8Neutral	91	false	true	false	2, 4, 5, 6, 7, 10, 11, 12, 13, 16, 18, 19, 20, 22, 23, 24, 26, 27, 28, 29, 30, 31, 33, 35, 44, 45, 54, 56, 57, 59, 65, 71, 72, 74, 75, 76, 77, 90, 91, 92, 93, 103, 104, 107, 110, 113, 116, 117, 118, 123, 124, 126, 127
Lag8Neutral	92	true	false	false	5
Lag8Neutral	93	true	false	false	35, 60
Lag8Neutral	94	false	false	false	1, 4, 10, 11, 16, 18, 19, 20, 22, 24, 26, 27, 28, 29, 33, 44, 49, 56, 57, 60, 72, 79, 93, 104, 116, 117, 123, 125, 126, 127, 128
Lag8Neutral	95	true	false	false	35, 48
Lag8Neutral	96	true	false	false	11, 26, 36, 60, 104, 113
Lag8Neutral	97	true	false	false
Lag8Neutral	98	false	true	false	8, 9, 14, 17, 21, 25, 26, 32, 34, 36, 48, 60, 61, 67, 76, 81, 84, 113, 119, 120, 126, 127, 128
Lag8Neutral	99	false	false	false	2, 3, 4, 5, 8, 10, 11, 12, 13, 15, 16, 18, 19, 20, 22, 23, 24, 26, 27, 28, 29, 30, 33, 34, 35, 45, 56, 71, 72, 74, 75, 90, 91, 93, 103, 104, 107, 108, 110, 115, 116, 117, 118, 119, 123, 124
Lag8Neutral	100	false	true	false	2, 3, 6, 7, 9, 10, 12, 13, 14, 18, 19, 20, 22, 23, 24, 25, 26, 27, 28, 29, 30, 32, 33, 34, 35, 36, 39, 42, 43, 44, 45, 46, 48, 50, 52, 53, 54, 55, 56, 57, 58, 59, 60, 63, 66, 68, 69, 70, 75, 77, 78, 79, 81, 82, 85, 86, 88, 91, 92, 93, 94, 95, 96, 98, 99, 100, 102, 103, 105, 108, 109, 110, 115, 116, 117, 118, 119, 121, 122, 123, 126, 127
Lag8Negative	1	true	false	false
Lag8Negative	2	true	false	false
Lag8Negative	3	true	false	false
Lag8Negative	4	true	false	false
Lag8Negative	5	true	false	false	3, 9, 63, 101
Lag8Negative	6	true	false	false
Lag8Negative	7	true	false	false
Lag8Negative	8	false	false	false	19, 26, 27, 33, 34, 36, 39, 44, 45, 46, 50, 63
Lag8Negative	9	false	false	false	2, 3, 4, 5, 9, 10, 11, 15, 16, 18, 19, 20, 22, 23, 24, 26, 27, 28, 29, 33, 34, 35, 36, 39, 40, 42, 43, 44, 45, 46, 47, 50, 51, 52, 56, 57, 58, 63, 65, 68, 69, 72, 73, 74, 75, 81, 82, 83, 87, 88, 89, 90, 91, 92, 93, 95, 96, 97, 98, 99, 100, 101, 102, 103, 104, 105, 107, 108, 109, 110, 111, 112, 113, 114, 115, 116, 117, 118, 122, 123, 124
Lag8Negative	10	true	false	false
Lag8Negative	11	true	false	false
Lag8Negative	12	true	false	false
Lag8Negative	13	true	false	false
Lag8Negative	14	true	false	false
Lag8Negative	15	true	false	false
Lag8Negative	16	true	false	false	34, 46, 57, 63
Lag8Negative	17	false	false	false	27, 34, 39, 40, 44, 45, 46, 47, 50, 51, 57, 58, 63, 64, 65, 68, 69, 73, 81, 95, 99, 101
Lag8Negative	18	true	false	false
Lag8Negative	19	true	false	false
Lag8Negative	20	true	false	false	16, 27, 56, 63, 113
Lag8Negative	21	true	false	false
Lag8Negative	22	true	false	false	63
Lag8Negative	23	true	false	false
Lag8Negative	24	true	false	false
Lag8Negative	25	true	false	false
Lag8Negative	26	false	false	false	2, 3, 4, 10, 16, 18, 22, 23, 26, 27, 28, 29, 33, 34, 39, 40, 44, 45, 47, 51, 56, 58, 63, 68, 99, 101, 102, 109, 115, 123, 124
Lag8Negative	27	true	false	false	27, 28, 33, 39, 44, 45, 56, 57
Lag8Negative	28	false	false	false	3, 4, 9, 10, 16, 18, 22, 23, 26, 27, 28, 29, 33, 34, 39, 44, 45, 50, 57, 58, 69, 74, 96, 101, 102, 115, 122, 123, 124
Lag8Negative	29	true	false	false
Lag8Negative	30	true	false	false
Lag8Negative	31	false	false	false	2, 3, 4, 5, 10, 11, 15, 16, 18, 22, 27, 28, 33, 50, 56, 57, 73, 88, 94, 99, 107, 116, 123, 124
Lag8Negative	32	true	false	false
Lag8Negative	33	true	false	false
Lag8Negative	34	true	false	false
Lag8Negative	35	false	false	false	1, 8, 11, 14, 16, 17, 18, 22, 26, 27, 28, 29, 31, 32, 33, 38, 40, 47, 49, 50, 53, 56, 58, 60, 61, 63, 67, 76, 77, 78, 79, 83, 84, 85, 86, 87, 90, 96, 97, 105, 111, 113, 114, 119, 121, 125, 126, 127, 128
Lag8Negative	36	false	true	false	1, 2, 3, 4, 5, 9, 10, 11, 14, 15, 16, 18, 19, 20, 22, 23, 24, 25, 26, 27, 28, 29, 30, 31, 32, 33, 34, 35, 36, 37, 38, 39, 40, 41, 42, 43, 44, 45, 46, 47, 49, 50, 56, 57, 58, 59, 62, 63, 64, 65, 66, 67, 68, 69, 70, 71, 72, 73, 74, 75, 76, 77, 78, 81, 82, 83, 84, 88, 89, 90, 91, 92, 93, 94, 95, 96, 98, 99, 100, 101, 102, 103, 104, 105, 107, 108, 109, 110, 111, 112, 113, 114, 115, 116, 117, 118, 119, 121, 122, 123, 124, 125, 126, 127
Lag8Negative	37	true	false	false
Lag8Negative	38	true	false	false	44
Lag8Negative	39	false	false	false	3, 5, 10, 11, 16, 18, 22, 27, 31, 33, 35, 36, 42, 99, 100, 107, 108, 115, 122, 123, 124
Lag8Negative	40	false	true	false	18, 19, 20, 22, 23, 24, 25, 26, 27, 28, 29, 33, 34, 36, 39, 44, 45, 50, 57, 58, 59, 63, 64, 68, 69, 70, 71, 72, 73, 74, 81, 115
Lag8Negative	41	true	false	false
Lag8Negative	42	false	true	false	1, 2, 3, 4, 5, 8, 9, 10, 11, 13, 14, 15, 16, 18, 19, 20, 22, 23, 24, 25, 26, 27, 28, 29, 30, 31, 33, 34, 35, 36, 39, 42, 43, 44, 45, 47, 48, 49, 50, 51, 52, 53, 56, 57, 58, 59, 60, 61, 63, 64, 65, 66, 68, 69, 70, 71, 72, 73, 74, 75, 76, 77, 78, 79, 81, 82, 83, 88, 89, 90, 91, 92, 93, 94, 95, 96, 97, 98, 99, 100, 101, 102, 103, 104, 105, 107, 108, 109, 110, 111, 112, 113, 114, 115, 116, 117, 118, 119, 122, 123, 124, 125, 126, 127, 128
Lag8Negative	43	false	false	true	125
Lag8Negative	44	true	false	false
Lag8Negative	45	true	false	false
Lag8Negative	46	true	false	false
Lag8Negative	47	false	false	false	2, 3, 4, 5, 10, 11, 15, 16, 18, 19, 20, 22, 23, 24, 26, 27, 28, 29, 33, 35, 39, 44, 45, 50, 54, 56, 57, 58, 69, 71, 72, 73, 81, 101, 108, 115, 122, 123
Lag8Negative	48	true	false	false
Lag8Negative	49	true	false	false	23, 27, 33, 39, 44, 45, 50, 57, 58
Lag8Negative	50	true	false	false
Lag8Negative	51	false	true	false	1, 2, 3, 4, 5, 9, 10, 11, 12, 13, 14, 15, 16, 18, 19, 20, 21, 22, 23, 24, 25, 26, 27, 28, 29, 30, 32, 33, 34, 35, 36, 37, 38, 39, 41, 42, 43, 44, 45, 46, 48, 49, 50, 51, 52, 53, 54, 56, 57, 58, 59, 60, 61, 62, 63, 64, 65, 66, 67, 68, 69, 70, 71, 72, 73, 74, 75, 76, 77, 78, 79, 81, 82, 83, 84, 85, 88, 89, 90, 91, 92, 93, 94, 95, 96, 97, 98, 99, 100, 101, 102, 103, 104, 105, 107, 108, 109, 110, 111, 112, 113, 114, 115, 116, 117, 118, 119, 120, 121, 122, 123, 124, 125, 126, 127, 128
Lag8Negative	52	true	false	false	35
Lag8Negative	53	true	false	false	35
Lag8Negative	54	false	true	false	23, 26, 27, 33, 36, 38, 39, 43, 44, 45, 47, 48, 50, 54, 56, 57, 58, 59, 63, 69, 71, 72, 74, 75, 81, 113, 127
Lag8Negative	55	false	false	false	2, 3, 4, 9, 10, 15, 16, 18, 19, 22, 23, 26, 27, 28, 33, 36, 39, 44, 45, 50, 57, 58, 63, 68, 69, 73, 81, 94, 95, 100, 108, 115, 122, 123
Lag8Negative	56	true	false	false	27, 59
Lag8Negative	57	true	false	false	113
Lag8Negative	58	true	false	false	113
Lag8Negative	59	true	false	false	36, 113
Lag8Negative	60	true	false	false	27, 34, 54, 57
Lag8Negative	61	true	false	false	5, 27, 54
Lag8Negative	62	true	false	false
Lag8Negative	63	true	false	false
Lag8Negative	64	false	false	false	11, 26, 39, 40, 43, 44, 45, 47, 50, 54, 115
Lag8Negative	65	true	false	false	35, 54
Lag8Negative	66	false	false	false	1, 8, 13, 14, 16, 18, 19, 20, 21, 22, 23, 24, 26, 27, 28, 29, 33, 35, 36, 39, 44, 45, 48, 49, 50, 51, 52, 54, 57, 58, 61, 63, 68, 69, 71, 72, 73, 78, 79, 81, 84, 85, 86, 97, 98, 101, 102, 113, 119, 125, 126, 127, 128
Lag8Negative	67	true	false	false
Lag8Negative	68	true	false	false	54
Lag8Negative	69	true	false	false	27, 33, 36, 39, 44, 57
Lag8Negative	70	true	false	false	54, 113
Lag8Negative	71	false	false	false	18, 19, 20, 22, 23, 24, 26, 27, 28, 29, 33, 35, 36, 39, 44, 45, 50, 51, 54, 57, 72, 101
Lag8Negative	72	true	false	false	54
Lag8Negative	73	false	false	false	1, 13, 16, 18, 19, 20, 22, 23, 24, 26, 27, 28, 29, 30, 33, 35, 36, 39, 44, 48, 49, 51, 54, 57, 61, 79, 82, 83, 84, 86, 87, 88, 89, 90, 91, 92, 94, 95, 96, 97, 98, 99, 100, 101, 102, 107, 109, 111, 112, 113, 114, 116, 119, 120, 121, 122, 125, 126, 127, 128
Lag8Negative	74	false	false	false	2, 3, 4, 5, 9, 10, 11, 15, 16, 18, 20, 22, 23, 24, 26, 27, 28, 29, 33, 35, 36, 39, 42, 44, 45, 46, 50, 54, 57, 58, 72, 90, 92, 93, 96, 97, 101, 102, 104, 108, 110, 111, 115, 116, 117, 123
Lag8Negative	75	true	false	false	54
Lag8Negative	76	true	false	false	4, 5, 26, 35, 49
Lag8Negative	77	true	false	false	27, 33, 39, 44, 45, 54, 57, 63, 69, 115
Lag8Negative	78	true	false	false	5, 54, 108, 112
Lag8Negative	79	true	false	false	54
Lag8Negative	80	false	false	false	5, 11, 16, 18, 22, 23, 26, 27, 28, 36, 38, 41, 47, 48, 49, 54, 59, 61, 96, 97, 98, 113, 114, 126, 127
Lag8Negative	81	false	true	true	1, 2, 3, 4, 5, 6, 7, 8, 9, 10, 11, 12, 13, 14, 15, 16, 17, 18, 19, 20, 21, 22, 23, 24, 25, 26, 27, 28, 29, 30, 31, 32, 33, 34, 35, 36, 37, 38, 39, 40, 41, 42, 43, 44, 45, 46, 47, 48, 49, 50, 51, 52, 53, 54, 55, 56, 57, 58, 59, 60, 61, 62, 63, 64, 65, 66, 67, 68, 69, 70, 71, 72, 73, 74, 75, 76, 77, 78, 79, 80, 81, 82, 83, 84, 85, 86, 87, 88, 89, 90, 91, 92, 93, 94, 95, 96, 97, 98, 99, 100, 101, 102, 103, 104, 105, 106, 107, 108, 109, 110, 111, 112, 113, 114, 115, 116, 117, 118, 119, 120, 121, 122, 123, 124, 125, 126, 127, 128
Lag8Negative	82	false	false	false	3, 4, 5, 7, 8, 10, 12, 13, 14, 16, 17, 18, 19, 20, 21, 22, 23, 24, 26, 27, 28, 29, 30, 31, 33, 34, 35, 36, 39, 40, 42, 43, 44, 45, 46, 47, 49, 50, 54, 56, 57, 58, 61, 62, 63, 64, 65, 66, 67, 68, 69, 70, 71, 72, 73, 74, 75, 76, 78, 79, 81, 82, 87, 88, 89, 90, 94, 95, 96, 99, 100, 107, 108, 113, 115, 119, 122, 123, 125, 126, 127
Lag8Negative	83	true	false	false
Lag8Negative	84	true	false	false
Lag8Negative	85	true	false	false	54
Lag8Negative	86	true	false	false
Lag8Negative	87	true	false	false	54
Lag8Negative	88	true	false	false
Lag8Negative	89	true	false	false	54
Lag8Negative	90	false	true	true	8, 14, 23, 27, 33, 36, 48, 60, 88, 94, 114, 126, 127, 128
Lag8Negative	91	false	false	false	1, 2, 4, 6, 8, 9, 11, 14, 15, 16, 17, 18, 19, 21, 22, 23, 25, 26, 27, 31, 32, 36, 37, 38, 39, 40, 41, 43, 46, 47, 48, 49, 50, 51, 52, 53, 54, 55, 61, 62, 63, 67, 77, 79, 80, 82, 84, 85, 86, 87, 88, 89, 92, 94, 95, 96, 97, 98, 99, 100, 101, 104, 106, 109, 114, 120, 121, 122, 125, 126, 127, 128
Lag8Negative	92	false	false	false	1, 2, 3, 4, 6, 7, 8, 10, 12, 13, 14, 16, 18, 19, 20, 21, 22, 23, 24, 26, 27, 28, 29, 30, 31, 33, 34, 35, 36, 38, 39, 44, 45, 49, 50, 51, 52, 53, 54, 55, 56, 57, 58, 60, 61, 63, 64, 66, 67, 68, 69, 71, 72, 73, 74, 75, 78, 79, 80, 81, 82, 83, 84, 85, 86, 87, 92, 97, 98, 99, 101, 102, 103, 104, 105, 106, 107, 109, 110, 111, 112, 114, 116, 117, 119, 120, 121, 125, 126, 127, 128
Lag8Negative	93	true	false	false
Lag8Negative	94	true	false	false	60
Lag8Negative	95	true	false	false	19, 22, 23, 24, 26, 27, 33, 60
Lag8Negative	96	true	false	false	60
Lag8Negative	97	true	false	false	31, 36, 44, 60
Lag8Negative	98	true	false	false	85
Lag8Negative	99	false	false	false	7, 10, 12, 13, 18, 19, 20, 22, 23, 24, 26, 27, 28, 29, 30, 33, 34, 35, 36, 39, 44, 52, 56, 57, 60, 64, 73, 97, 99, 101, 102, 109, 121, 123
Lag8Negative	100	true	false	false	60, 92
L2NCorrect	1	true	false	false
L2NCorrect	2	true	false	false
L2NCorrect	3	true	false	false	113
L2NCorrect	4	true	false	false	60, 61, 113
L2NCorrect	5	true	false	false
L2NCorrect	6	true	false	false
L2NCorrect	7	true	false	false
L2NCorrect	8	true	false	false
L2NCorrect	9	false	false	false	3, 4, 9, 10, 19, 23, 26, 27, 28, 33, 35, 36, 39, 44, 45, 51, 56, 64, 99, 115, 122, 123, 124
L2NCorrect	10	true	false	false
L2NCorrect	11	true	false	false	16, 44, 50, 63, 97
L2NCorrect	12	true	false	false
L2NCorrect	13	true	false	false
L2NCorrect	14	true	false	false	113
L2NCorrect	15	true	false	false	34, 39, 44, 45, 51
L2NCorrect	16	true	false	false
L2NCorrect	17	true	false	false
L2NCorrect	18	true	false	false
L2NCorrect	19	true	false	false	34, 44, 48, 60, 61, 63, 127
L2NCorrect	20	true	false	false
L2NCorrect	21	true	false	false
L2NCorrect	22	true	false	false	3, 9, 10, 27, 45, 56, 63, 99, 122
L2NCorrect	23	false	false	false	1, 3, 6, 11, 14, 16, 17, 18, 22, 27, 31, 33, 37, 38, 40, 41, 42, 43, 46, 47, 49, 50, 51, 52, 53, 54, 58, 59, 60, 61, 62, 63, 65, 66, 67, 70, 71, 72, 74, 75, 76, 77, 78, 79, 80, 81, 82, 83, 84, 85, 86, 87, 89, 90, 91, 94, 95, 96, 97, 98, 100, 101, 102, 103, 104, 105, 106, 109, 111, 114, 117, 118, 119, 120, 121, 125, 126, 127, 128
L2NCorrect	24	true	false	false	25
L2NCorrect	25	true	false	false	3, 27, 33, 57, 101, 115, 123, 124
L2NCorrect	26	true	false	false
L2NCorrect	27	false	true	false	2, 3, 8, 9, 10, 14, 15, 17, 21, 25, 27, 28, 32, 33, 34, 38, 39, 40, 41, 43, 44, 45, 46, 47, 48, 50, 51, 52, 56, 57, 58, 59, 60, 62, 63, 64, 65, 66, 67, 68, 69, 70, 71, 72, 73, 74, 75, 81, 82, 88, 95, 99, 101, 107, 126, 127
L2NCorrect	28	true	false	false	27, 33, 113
L2NCorrect	29	true	false	false
L2NCorrect	30	false	false	false	10, 16, 18, 22, 26, 27, 28, 33, 39, 44, 45, 56, 57, 58, 63, 69, 72, 73, 81, 100, 108, 115, 122, 123
L2NCorrect	31	false	true	false	1, 2, 3, 4, 5, 6, 7, 8, 9, 10, 11, 12, 13, 14, 15, 16, 17, 18, 19, 20, 21, 22, 23, 24, 25, 26, 27, 28, 29, 30, 31, 32, 33, 35, 36, 37, 38, 39, 40, 41, 42, 43, 44, 45, 46, 47, 48, 49, 50, 51, 53, 54, 55, 56, 57, 58, 59, 60, 61, 62, 63, 64, 65, 66, 67, 68, 69, 70, 71, 72, 73, 74, 75, 76, 77, 78, 79, 80, 81, 82, 83, 84, 85, 86, 87, 88, 89, 90, 91, 92, 93, 94, 95, 96, 97, 98, 99, 100, 101, 102, 103, 104, 105, 106, 107, 108, 109, 110, 111, 112, 113, 114, 115, 116, 117, 118, 119, 120, 121, 122, 123, 124, 125, 126, 127, 128
L2NCorrect	32	true	false	false
L2NCorrect	33	true	false	false	23, 27, 33, 39, 51, 57
L2NCorrect	34	true	false	false	11, 16, 18, 22, 56
L2NCorrect	35	true	false	false
L2NCorrect	36	false	true	false	4, 5, 10, 11, 15, 16, 18, 19, 20, 22, 23, 24, 26, 27, 28, 29, 30, 33, 35, 39, 44, 45, 48, 50, 52, 54, 56, 57, 58, 60, 61, 68, 72, 73, 81, 88, 94, 97, 98, 99, 102, 107, 108, 112, 113, 115, 122, 123, 126, 127
L2NCorrect	37	true	false	false
L2NCorrect	38	false	true	true	1, 8, 17, 21, 28, 32, 34, 36, 48, 49, 81, 107, 113, 114, 119, 122, 125, 126, 127, 128
L2NCorrect	39	false	true	false	1, 2, 3, 4, 5, 8, 9, 10, 11, 13, 14, 15, 16, 17, 18, 19, 20, 21, 22, 23, 24, 26, 27, 28, 29, 30, 33, 34, 35, 36, 39, 40, 43, 44, 45, 47, 48, 49, 50, 51, 52, 53, 54, 56, 57, 58, 60, 61, 63, 64, 65, 66, 68, 69, 70, 71, 72, 73, 74, 75, 78, 79, 80, 81, 84, 85, 86, 87, 88, 89, 90, 94, 95, 97, 98, 99, 100, 101, 102, 107, 108, 110, 112, 113, 115, 116, 117, 118, 119, 120, 122, 123, 124, 125, 126, 127, 128
L2NCorrect	40	false	true	false	2, 3, 4, 5, 6, 9, 10, 11, 15, 16, 23, 25, 26, 27, 28, 29, 30, 31, 32, 33, 34, 36, 37, 38, 39, 40, 41, 42, 43, 44, 45, 46, 47, 50, 52, 53, 56, 57, 58, 59, 60, 61, 62, 63, 64, 65, 66, 67, 68, 69, 70, 71, 72, 73, 74, 75, 76, 77, 78, 81, 82, 83, 84, 89, 90, 91, 92, 93, 94, 96, 97, 98, 99, 100, 101, 102, 103, 104, 105, 106, 107, 109, 110, 111, 112, 113, 114, 115, 116, 117, 118, 119, 120, 121, 122, 123, 127
L2NCorrect	41	false	false	false	1, 2, 3, 4, 9, 10, 11, 13, 14, 15, 16, 18, 19, 20, 21, 22, 23, 24, 26, 27, 28, 29, 30, 33, 35, 36, 39, 44, 45, 48, 49, 50, 51, 52, 53, 54, 56, 57, 58, 60, 61, 63, 64, 65, 68, 69, 70, 71, 72, 73, 74, 75, 78, 79, 81, 88, 89, 90, 94, 95, 97, 98, 99, 100, 101, 102, 107, 108, 110, 112, 113, 115, 116, 117, 118, 119, 122, 123, 124, 125, 126, 127, 128
L2NCorrect	42	true	false	false	11, 16, 18, 22, 36, 56, 60
L2NCorrect	43	false	false	false	1, 2, 3, 4, 8, 9, 10, 11, 13, 14, 15, 16, 18, 19, 20, 22, 23, 24, 26, 27, 28, 29, 30, 33, 35, 36, 39, 44, 45, 49, 50, 51, 52, 53, 54, 56, 57, 58, 60, 61, 63, 64, 65, 68, 69, 70, 71, 72, 73, 74, 75, 78, 79, 81, 84, 85, 86, 87, 88, 94, 96, 97, 98, 101, 102, 108, 113, 114, 115, 119, 120, 121, 122, 123, 125, 126, 127, 128
L2NCorrect	44	true	false	false
L2NCorrect	45	false	true	false	8, 17, 21, 25
L2NCorrect	46	false	true	false	1, 2, 3, 4, 5, 8, 10, 11, 15, 16, 17, 18, 21, 22, 26, 27, 33, 34, 37, 38, 42, 44, 48, 49, 50, 54, 57, 58, 60, 61, 62, 63, 72, 78, 79, 80, 84, 97, 98, 99, 100, 103, 104, 106, 107, 108, 111, 112, 113, 114, 115, 116, 117, 119, 123, 125, 126, 127, 128
L2NCorrect	47	false	true	false	1, 3, 8, 9, 10, 13, 14, 16, 17, 18, 19, 20, 21, 22, 23, 24, 26, 27, 28, 29, 30, 33, 34, 35, 36, 38, 39, 40, 44, 45, 49, 50, 51, 52, 53, 54, 55, 56, 57, 58, 60, 61, 63, 64, 68, 69, 70, 71, 72, 73, 74, 78, 79, 80, 81, 84, 85, 86, 87, 91, 96, 97, 98, 101, 102, 103, 105, 106, 108, 109, 113, 114, 115, 119, 120, 121, 122, 125, 126, 127, 128
L2NCorrect	48	true	false	false	54
L2NCorrect	49	false	true	true	2, 3, 4, 5, 8, 9, 10, 11, 12, 14, 15, 16, 17, 18, 19, 21, 22, 25, 26, 27, 28, 29, 30, 32, 33, 35, 36, 37, 39, 41, 42, 43, 44, 45, 49, 50, 54, 57, 61, 63, 67, 68, 72, 73, 81, 84, 96, 107, 108, 117, 119, 122, 123, 124, 126, 127, 128
L2NCorrect	50	true	false	false	54
L2NCorrect	51	true	false	false	35, 36, 54
L2NCorrect	52	true	false	false	27, 54, 57, 101
L2NCorrect	53	false	false	false	1, 2, 3, 4, 5, 7, 9, 10, 11, 12, 13, 14, 15, 16, 18, 19, 20, 21, 22, 23, 24, 26, 27, 28, 29, 30, 33, 34, 35, 36, 39, 44, 45, 48, 49, 50, 51, 52, 53, 54, 56, 57, 58, 61, 63, 64, 68, 69, 71, 72, 73, 74, 78, 79, 80, 81, 88, 89, 90, 92, 94, 95, 99, 100, 101, 102, 107, 108, 110, 111, 112, 113, 115, 116, 117, 118, 119, 122, 123, 124, 125, 126, 127, 128
L2NCorrect	54	false	false	false	1, 2, 3, 4, 5, 9, 10, 11, 12, 13, 15, 16, 18, 19, 20, 21, 22, 23, 24, 26, 27, 28, 29, 30, 33, 34, 35, 36, 37, 39, 41, 42, 43, 44, 45, 47, 48, 49, 50, 51, 52, 53, 54, 56, 57, 58, 59, 60, 61, 62, 63, 64, 65, 66, 67, 68, 69, 70, 71, 72, 73, 74, 75, 76, 77, 78, 79, 81, 83, 84, 85, 86, 88, 89, 90, 91, 92, 93, 94, 95, 96, 97, 98, 99, 100, 101, 102, 103, 104, 105, 107, 108, 110, 111, 112, 113, 115, 116, 117, 118, 119, 120, 122, 123, 124, 125, 126, 127, 128
L2NCorrect	55	false	true	false	1, 3, 10, 13, 14, 15, 16, 17, 18, 19, 20, 21, 22, 23, 24, 26, 27, 28, 29, 30, 32, 33, 34, 35, 36, 37, 39, 41, 42, 43, 44, 45, 46, 47, 48, 49, 50, 51, 52, 53, 56, 57, 58, 60, 61, 63, 64, 67, 68, 69, 71, 72, 73, 74, 78, 79, 81, 85, 88, 91, 94, 95, 97, 98, 99, 101, 102, 107, 113, 114, 115, 119, 120, 121, 122, 123, 125, 126, 127, 128
L2NCorrect	56	true	false	false	5, 27, 54
L2NCorrect	57	false	false	false	1, 2, 3, 4, 5, 8, 9, 11, 14, 16, 17, 18, 21, 22, 23, 25, 26, 27, 28, 32, 34, 37, 38, 40, 41, 43, 46, 47, 48, 49, 51, 52, 53, 54, 55, 59, 60, 61, 62, 65, 66, 67, 68, 69, 70, 74, 75, 78, 79, 80, 81, 82, 83, 84, 86, 89, 91, 92, 94, 95, 96, 97, 98, 101, 102, 103, 105, 106, 109, 112, 113, 114, 118, 119, 120, 121, 124, 125, 126, 127, 128
L2NCorrect	58	true	false	false
L2NCorrect	59	true	false	false	19, 23, 26, 27, 33, 54
L2NCorrect	60	false	false	false	17, 19, 26, 35, 36, 48, 49, 50, 54, 56, 60, 61, 73, 81, 84, 88, 89, 94, 107, 113, 119
L2NCorrect	61	true	false	false	54
L2NCorrect	62	true	false	false	54, 60, 106
L2NCorrect	63	true	false	false	54, 60
L2NCorrect	64	true	false	false	35
L2NCorrect	65	true	false	false
L2NCorrect	66	false	false	false	3, 6, 10, 12, 13, 18, 19, 20, 22, 23, 24, 26, 27, 28, 33, 57, 60, 123
L2NCorrect	67	true	false	false
L2NCorrect	68	false	true	false	3, 4, 7, 8, 10, 12, 13, 16, 18, 19, 20, 21, 22, 23, 24, 26, 27, 28, 29, 30, 33, 35, 36, 43, 44, 45, 48, 49, 51, 52, 55, 56, 57, 60, 63, 69, 72, 95, 96, 97, 98, 99, 101, 102, 109, 112, 113, 114, 119, 121, 123, 125, 126, 127, 128
L2NCorrect	69	true	false	false	36, 48, 60, 113, 119
L2NCorrect	70	true	false	false
L2NCorrect	71	false	false	false	1, 2, 3, 4, 5, 6, 7, 8, 9, 10, 11, 12, 13, 14, 15, 16, 17, 18, 19, 20, 21, 22, 23, 24, 25, 26, 27, 28, 29, 30, 31, 32, 33, 34, 35, 36, 37, 38, 39, 40, 41, 42, 43, 44, 45, 46, 47, 48, 49, 50, 51, 52, 53, 54, 55, 56, 57, 58, 59, 60, 61, 62, 63, 64, 65, 66, 67, 69, 71, 72, 73, 74, 75, 76, 77, 78, 79, 80, 81, 82, 83, 84, 85, 87, 88, 89, 90, 91, 92, 93, 94, 95, 96, 97, 98, 99, 100, 101, 102, 103, 104, 105, 106, 107, 108, 109, 110, 111, 112, 114, 115, 116, 117, 118, 119, 120, 121, 122, 123, 124, 125, 126, 127, 128
L2NCorrect	72	false	false	false	1, 2, 3, 5, 8, 9, 11, 14, 15, 16, 17, 18, 19, 21, 22, 23, 25, 26, 27, 31, 32, 34, 35, 36, 38, 39, 40, 41, 42, 43, 44, 45, 46, 47, 48, 49, 51, 52, 53, 54, 55, 59, 60, 61, 62, 63, 65, 66, 67, 69, 70, 72, 74, 75, 76, 77, 78, 79, 80, 82, 83, 84, 85, 86, 87, 89, 90, 91, 92, 94, 95, 96, 97, 98, 99, 101, 102, 103, 105, 106, 109, 111, 113, 114, 118, 119, 120, 121, 125, 126, 127, 128
L2NIncorrect	1	true	false	false
L2NIncorrect	2	false	false	false	3, 4, 9, 27, 33, 36, 39, 40, 45, 56, 57, 58
L2NIncorrect	3	true	false	false
L2NIncorrect	4	true	false	false	107
L2NIncorrect	5	true	false	false
L2NIncorrect	6	true	false	false	27, 57
L2NIncorrect	7	true	false	false	60
L2NIncorrect	8	false	true	false	1, 2, 3, 4, 5, 6, 8, 9, 10, 12, 13, 14, 15, 16, 17, 18, 19, 21, 23, 24, 25, 26, 27, 28, 29, 30, 31, 32, 33, 34, 35, 36, 37, 38, 39, 40, 41, 42, 43, 44, 45, 46, 47, 48, 49, 50, 51, 52, 53, 54, 55, 56, 57, 58, 59, 60, 61, 62, 63, 64, 65, 66, 67, 68, 69, 70, 71, 72, 73, 74, 75, 76, 77, 78, 79, 80, 81, 82, 83, 84, 85, 86, 87, 88, 89, 90, 91, 92, 93, 94, 95, 96, 97, 98, 99, 100, 101, 102, 103, 104, 105, 106, 107, 108, 109, 110, 111, 112, 113, 114, 115, 116, 117, 118, 119, 120, 121, 122, 123, 124, 125, 126, 127, 128
L2NIncorrect	9	false	false	false	2, 3, 4, 5, 9, 10, 11, 12, 13, 15, 16, 18, 19, 20, 22, 23, 24, 25, 26, 27, 28, 29, 30, 33, 34, 35, 36, 38, 39, 40, 43, 44, 45, 46, 47, 50, 56, 57, 58, 63, 64, 68, 69, 70, 71, 73, 74, 81, 82, 88, 89, 94, 95, 99, 100, 107, 108, 109, 110, 112, 115, 116, 117, 118, 122, 123, 124
L2NIncorrect	10	false	true	false	1, 2, 3, 4, 5, 8, 9, 10, 11, 12, 13, 14, 15, 16, 17, 18, 19, 20, 21, 22, 23, 24, 26, 27, 28, 29, 30, 33, 34, 35, 36, 39, 40, 41, 42, 43, 44, 45, 47, 48, 49, 50, 51, 52, 53, 54, 56, 57, 58, 60, 61, 63, 64, 65, 68, 69, 70, 71, 72, 73, 74, 75, 76, 78, 79, 81, 82, 88, 89, 90, 92, 93, 94, 95, 96, 97, 99, 100, 102, 104, 107, 108, 109, 110, 111, 112, 113, 114, 115, 116, 117, 118, 119, 120, 122, 123, 124, 125, 126, 127, 128
L2NIncorrect	11	true	false	false	27, 57, 72, 113
L2NIncorrect	12	false	false	false	2, 3, 10, 16, 18, 22, 23, 26, 27, 28, 29, 33, 39, 42, 44, 45, 50, 51, 56, 57, 58, 66, 71, 72, 73, 81, 101
L2NIncorrect	13	true	false	false
L2NIncorrect	14	true	false	false	88, 94, 108, 115
L2NIncorrect	15	true	false	false
L2NIncorrect	16	true	false	false
L2NIncorrect	17	true	false	false	5, 112
L2NIncorrect	18	true	false	false	35
L2NIncorrect	19	false	true	false	1, 2, 3, 4, 5, 6, 7, 8, 9, 10, 11, 12, 13, 14, 15, 16, 17, 18, 19, 20, 21, 22, 23, 24, 25, 26, 27, 28, 29, 30, 31, 33, 34, 35, 36, 37, 38, 39, 40, 41, 42, 43, 44, 45, 46, 47, 48, 49, 50, 51, 52, 53, 54, 55, 56, 57, 58, 59, 60, 61, 63, 64, 65, 67, 68, 69, 70, 71, 72, 73, 74, 75, 76, 77, 78, 79, 80, 81, 83, 85, 86, 87, 88, 89, 90, 91, 92, 93, 94, 95, 96, 97, 98, 99, 100, 101, 102, 103, 104, 105, 106, 108, 109, 110, 111, 112, 113, 114, 115, 116, 117, 118, 119, 121, 122, 123, 124, 125, 126, 127, 128
L2NIncorrect	20	true	false	false	54, 112
L2NIncorrect	21	false	false	false	1, 2, 3, 4, 7, 8, 9, 10, 13, 14, 15, 16, 17, 18, 19, 20, 21, 22, 23, 24, 25, 26, 27, 28, 29, 30, 31, 32, 33, 34, 35, 36, 37, 38, 39, 40, 41, 42, 43, 44, 45, 46, 47, 48, 49, 50, 51, 53, 54, 55, 56, 57, 58, 60, 61, 62, 63, 64, 65, 66, 68, 69, 70, 71, 72, 73, 74, 75, 78, 79, 80, 81, 86, 87, 88, 89, 90, 92, 94, 95, 96, 97, 98, 99, 100, 101, 102, 104, 105, 106, 107, 108, 109, 113, 114, 115, 117, 118, 119, 120, 121, 122, 123, 124, 125, 126, 127, 128
L2NIncorrect	22	true	false	false	36, 60, 73, 81, 94, 113
L2NIncorrect	23	true	false	false
L2NIncorrect	24	true	false	false	57, 60, 113
L2NIncorrect	25	false	true	true	2, 3, 4, 8, 9, 10, 11, 14, 15, 16, 17, 18, 19, 20, 21, 22, 23, 24, 25, 26, 27, 32, 126, 127
L2NIncorrect	26	true	false	false	60
L2NIncorrect	27	true	false	false	60
L2NIncorrect	28	false	false	false	4, 10, 11, 16, 18, 22, 26, 29, 33, 49, 56, 57
