Category	Segment number	Segment Good	Eye Blinks	Eye Movements	Bad Channels
Lag2Baseline	1	true	false	false
Lag2Baseline	2	true	false	false	82, 83, 88
Lag2Baseline	3	true	false	false
Lag2Baseline	4	true	false	false
Lag2Baseline	5	true	false	false
Lag2Baseline	6	true	false	false
Lag2Baseline	7	true	false	false
Lag2Baseline	8	true	false	false
Lag2Baseline	9	true	false	false
Lag2Baseline	10	true	false	false	119
Lag2Baseline	11	true	false	false
Lag2Baseline	12	false	true	false	8, 9, 10, 11, 14, 15, 16, 17, 18, 21, 22, 23, 25, 26, 119, 127
Lag2Baseline	13	true	false	false
Lag2Baseline	14	true	false	false
Lag2Baseline	15	true	false	false	113, 119
Lag2Baseline	16	false	true	false	2, 3, 4, 8, 9, 10, 11, 12, 14, 15, 16, 17, 18, 19, 21, 22, 23, 25, 26, 94, 95, 99, 127
Lag2Baseline	17	true	false	false	119
Lag2Baseline	18	false	true	true	1, 2, 3, 4, 8, 9, 10, 11, 12, 14, 15, 16, 17, 18, 21, 22, 23, 25, 38, 43, 44, 48, 127, 128
Lag2Baseline	19	true	false	false
Lag2Baseline	20	true	false	false
Lag2Baseline	21	false	true	false	2, 8, 9, 10, 11, 14, 15, 16, 17, 18, 21, 22, 23, 25, 26, 127
Lag2Baseline	22	true	false	false	119
Lag2Baseline	23	true	false	false	36, 119
Lag2Baseline	24	true	false	false	119
Lag2Baseline	25	true	false	false	119
Lag2Baseline	26	true	false	false	43, 119
Lag2Baseline	27	true	false	false	49, 119
Lag2Baseline	28	true	false	false	33, 119
Lag2Baseline	29	true	false	false	119
Lag2Baseline	30	true	false	false	119
Lag2Baseline	31	false	false	true	1, 2, 3, 4, 8, 9, 10, 11, 12, 13, 14, 15, 16, 17, 18, 19, 21, 22, 23, 25, 26, 32, 33, 34, 35, 38, 39, 40, 42, 43, 44, 45, 48, 50, 55, 56, 61, 62, 73, 83, 84, 87, 89, 90, 91, 92, 93, 94, 95, 96, 99, 100, 101, 107, 114, 119, 120, 123, 124, 125, 126, 127, 128
Lag2Baseline	32	true	false	false	119
Lag2Baseline	33	true	false	false	119
Lag2Baseline	34	true	false	false	119
Lag2Baseline	35	true	false	false	119
Lag2Baseline	36	true	false	false	119
Lag2Baseline	37	true	false	false	119
Lag2Baseline	38	true	false	false	49, 119
Lag2Baseline	39	false	true	false	8, 25, 34, 119
Lag2Baseline	40	false	true	false	8, 9, 10, 14, 15, 16, 17, 18, 21, 22, 23, 25, 26, 28, 29, 34, 38, 44, 55, 61, 119
Lag2Baseline	41	false	false	false	19, 20, 24, 27, 28, 33, 39, 44, 49, 55, 56, 73, 119
Lag2Baseline	42	true	false	false	29, 34, 44, 119
Lag2Baseline	43	true	false	false	29, 34, 44, 49, 119
Lag2Baseline	44	false	false	false	1, 2, 3, 4, 5, 6, 7, 8, 9, 10, 11, 12, 13, 14, 15, 16, 17, 18, 19, 20, 21, 22, 23, 24, 25, 26, 27, 28, 29, 30, 31, 32, 33, 34, 35, 36, 37, 38, 39, 40, 41, 42, 43, 44, 45, 46, 47, 48, 49, 50, 51, 52, 53, 54, 55, 56, 57, 58, 59, 61, 62, 63, 64, 65, 66, 67, 68, 69, 70, 71, 73, 74, 76, 77, 78, 79, 80, 81, 82, 83, 84, 85, 86, 87, 88, 89, 90, 91, 92, 93, 94, 95, 96, 97, 98, 99, 100, 101, 102, 103, 104, 105, 106, 107, 108, 109, 110, 111, 112, 113, 114, 115, 116, 117, 118, 119, 120, 121, 122, 123, 124, 125, 126, 127, 128
Lag2Baseline	45	true	false	false	44, 119
Lag2Baseline	46	true	false	false	34, 44, 119
Lag2Baseline	47	true	false	false	44, 65, 119
Lag2Baseline	48	false	true	false	8, 9, 14, 15, 17, 21, 22, 25, 32, 38, 39, 43, 44, 49, 57, 114, 119, 127
Lag2Baseline	49	false	true	false	2, 8, 9, 10, 11, 12, 14, 15, 16, 17, 18, 19, 21, 22, 23, 25, 26, 29, 33, 34, 38, 39, 44, 49, 119, 127
Lag2Baseline	50	true	false	false	29, 34, 38, 39, 44, 57, 119
Lag2Baseline	51	true	false	false	29, 34, 38, 44, 119
Lag2Baseline	52	false	false	false	19, 23, 29, 33, 34, 38, 44, 49, 56, 57, 119
Lag2Baseline	53	true	false	false	44, 49, 113, 119
Lag2Baseline	54	false	true	false	2, 3, 8, 9, 10, 11, 14, 15, 16, 17, 18, 21, 22, 23, 25, 26, 44, 57, 119, 127
Lag2Baseline	55	true	false	false	2, 38, 44, 49, 74, 119
Lag2Baseline	56	true	false	false	44, 49, 55, 119, 127
Lag2Baseline	57	false	false	false	1, 2, 3, 4, 5, 6, 8, 9, 10, 11, 12, 14, 15, 16, 17, 18, 19, 20, 21, 22, 23, 24, 26, 27, 28, 31, 32, 33, 34, 35, 36, 37, 38, 39, 40, 41, 42, 43, 44, 45, 46, 47, 48, 49, 50, 51, 52, 54, 55, 56, 57, 61, 64, 65, 68, 69, 70, 72, 73, 74, 76, 77, 78, 79, 80, 81, 82, 83, 84, 85, 86, 87, 88, 89, 90, 91, 92, 93, 94, 95, 96, 97, 98, 99, 100, 101, 107, 108, 109, 112, 114, 115, 116, 119, 120, 121, 123, 124, 125, 126, 127, 128
Lag2Baseline	58	false	false	false	12, 19, 23, 28, 29, 33, 34, 39, 43, 44, 49, 56, 57, 119
Lag2Baseline	59	true	false	false	28, 29, 34, 44, 49, 55, 56, 63, 74
Lag2Baseline	60	false	false	false	11, 12, 19, 23, 24, 28, 33, 34, 39, 44, 49, 56, 119, 127
Lag2Baseline	61	true	false	false	29, 33, 34, 39, 43, 44, 72, 73, 88, 122
Lag2Baseline	62	true	false	false	29, 34, 39, 44, 49, 57, 88, 119
Lag2Baseline	63	false	false	false	11, 20, 29, 34, 38, 39, 40, 49, 55, 56, 57, 61, 73, 74, 81, 82, 88, 89, 94, 95, 99, 100, 101, 107, 127
Lag2Baseline	64	false	true	false	8, 14, 17, 21, 25, 38, 49
Lag2Baseline	65	true	false	false	44, 72
Lag2Baseline	66	true	false	false	72
Lag2Baseline	67	true	false	false	5
Lag2Baseline	68	true	false	false	28, 29, 34, 49, 55, 88
Lag2Baseline	69	true	false	false	29, 55, 88
Lag2Baseline	70	true	false	false	49, 55, 72, 88
Lag2Baseline	71	true	false	false	8, 33, 34, 39, 44, 49
Lag2Baseline	72	true	false	false	8, 29, 34, 39, 44, 49
Lag2Baseline	73	false	true	true	1, 2, 3, 4, 8, 9, 10, 14, 15, 16, 17, 18, 21, 22, 23, 25, 26, 44, 49, 55, 119, 127
Lag2Baseline	74	false	false	false	14, 17, 21, 25, 29, 39, 44, 49, 55, 57, 61, 62, 67, 71, 73, 119
Lag2Baseline	75	false	true	false	2, 3, 5, 6, 8, 9, 14, 15, 16, 17, 18, 19, 21, 22, 23, 24, 25, 26, 28, 29, 32, 33, 34, 39, 40, 43, 44, 48, 49, 50, 55, 56, 62, 70, 72, 79, 84, 92, 93, 103, 105, 106, 107, 108, 109, 110, 111, 112, 113, 115, 117, 118, 119, 120, 121, 122, 125, 126, 127, 128
Lag2Baseline	76	true	false	false	19, 25, 28, 39, 49, 55, 62, 72, 73, 119
Lag2Baseline	77	false	true	false	2, 8, 9, 10, 14, 15, 16, 17, 18, 21, 22, 25, 26, 49, 55, 72, 119, 127
Lag2Baseline	78	true	false	false	17, 49, 55, 62, 72, 88, 119
Lag2Baseline	79	false	true	false	8, 9, 10, 14, 15, 17, 18, 21, 22, 25, 29, 32, 55, 72, 119
Lag2Baseline	80	true	false	false	29, 33, 35, 49, 55, 57, 72, 88, 94, 99
Lag2Baseline	81	true	false	false	49, 55, 72
Lag2Baseline	82	true	false	false	49, 55, 57, 72
Lag2Baseline	83	true	false	false	8, 49, 55, 61, 67, 113
Lag2Baseline	84	true	false	false	29, 34, 49, 55
Lag2Baseline	85	false	false	false	19, 20, 24, 29, 33, 34, 39, 49, 55, 56, 67, 71, 72, 73, 81, 113, 127
Lag2Baseline	86	true	false	false	29, 34, 49, 55
Lag2Baseline	87	true	false	false	28, 29, 35, 49, 55, 67, 72, 127
Lag2Baseline	88	true	false	false	28, 29, 35, 39, 49, 55, 72
Lag2Baseline	89	false	false	false	27, 28, 29, 35, 49, 55, 67, 71, 72, 73, 74, 107
Lag2Baseline	90	false	true	true	2, 3, 4, 8, 9, 10, 11, 14, 15, 16, 17, 18, 19, 21, 22, 23, 25, 26, 28, 32, 33, 35, 49, 55, 63, 72, 73
Lag2Baseline	91	false	true	false	2, 3, 8, 9, 10, 14, 15, 16, 17, 18, 19, 21, 22, 23, 25, 26, 28, 32, 34, 35, 49, 55, 57, 71, 72, 81
Lag2Baseline	92	true	false	false	19, 28, 35, 49, 55, 57, 72, 114
Lag2Baseline	93	true	false	false	35, 49, 55, 114
Lag2Baseline	94	false	false	false	19, 20, 28, 29, 35, 49, 55, 57, 62, 63, 72
Lag2Baseline	95	false	true	false	2, 8, 9, 10, 14, 15, 16, 17, 18, 19, 20, 21, 22, 25, 26, 33, 34, 35, 39, 44, 48, 49, 55, 56, 57, 62, 63, 68, 71, 72, 73, 81, 107, 114, 127
Lag2Baseline	96	false	false	false	29, 35, 41, 49, 55, 57, 61, 62, 63, 67, 71, 72, 73, 74, 75, 82, 114
Lag2Baseline	97	false	false	false	28, 33, 34, 35, 39, 49, 55, 57, 63, 71, 72, 114
Lag2Baseline	98	true	false	false	28, 35, 49, 63, 67, 72, 74
Lag2Baseline	99	false	false	true	20, 21, 25, 27, 34, 35, 49, 55, 63, 72, 114, 127, 128
Lag2Baseline	100	false	true	false	1, 2, 3, 4, 5, 6, 7, 8, 9, 10, 11, 12, 13, 14, 15, 16, 17, 18, 19, 20, 21, 22, 23, 24, 25, 26, 27, 28, 29, 31, 32, 33, 34, 35, 36, 38, 39, 40, 41, 42, 43, 44, 45, 46, 47, 48, 49, 50, 51, 53, 55, 56, 57, 58, 59, 61, 62, 63, 64, 65, 66, 67, 68, 69, 70, 71, 72, 73, 74, 75, 78, 79, 80, 81, 82, 83, 84, 85, 86, 87, 88, 89, 90, 91, 93, 94, 95, 96, 97, 98, 99, 101, 104, 106, 107, 109, 110, 113, 114, 115, 116, 117, 118, 120, 121, 123, 124, 125, 126, 127, 128
Lag2Neutral	1	false	true	false	2, 3, 4, 5, 6, 9, 10, 11, 12, 16, 18, 19, 22, 23, 27, 39, 40, 41, 50, 51, 56, 57, 65, 66, 68, 69, 70, 112, 115, 116, 117, 118, 119, 122, 123, 124
Lag2Neutral	2	true	false	false	57
Lag2Neutral	3	true	false	false	3, 4, 10, 50, 57, 82, 83, 88, 90, 124
Lag2Neutral	4	true	false	false
Lag2Neutral	5	true	false	false
Lag2Neutral	6	true	false	false	107
Lag2Neutral	7	true	false	false
Lag2Neutral	8	true	false	false
Lag2Neutral	9	true	false	false
Lag2Neutral	10	true	false	false
Lag2Neutral	11	true	false	false
Lag2Neutral	12	false	false	false	1, 2, 3, 4, 5, 6, 7, 8, 9, 10, 11, 12, 14, 15, 16, 17, 18, 19, 21, 22, 23, 24, 25, 26, 38, 98, 102, 103, 104, 108, 109, 110, 112, 113, 114, 115, 116, 120, 121, 122, 123, 124, 125, 126
Lag2Neutral	13	true	false	false
Lag2Neutral	14	false	true	false	2, 8, 9, 10, 11, 14, 15, 16, 17, 18, 19, 21, 22, 23, 25, 26, 127
Lag2Neutral	15	true	false	false
Lag2Neutral	16	true	false	false
Lag2Neutral	17	true	false	false
Lag2Neutral	18	true	false	false
Lag2Neutral	19	true	false	false	73, 113, 119
Lag2Neutral	20	true	false	false
Lag2Neutral	21	true	false	false
Lag2Neutral	22	true	false	false	119
Lag2Neutral	23	true	false	false
Lag2Neutral	24	false	false	false	49, 55, 61, 72, 73, 74, 75, 76, 81, 82, 83, 88, 89, 90, 91, 94, 95, 96, 99, 113, 119
Lag2Neutral	25	true	false	false	119
Lag2Neutral	26	true	false	false	93, 119
Lag2Neutral	27	true	false	false	119
Lag2Neutral	28	true	false	false	119
Lag2Neutral	29	true	false	false	119
Lag2Neutral	30	true	false	false	24, 119
Lag2Neutral	31	true	false	false	119
Lag2Neutral	32	true	false	false	119
Lag2Neutral	33	true	false	false	119
Lag2Neutral	34	true	false	false	49, 119
Lag2Neutral	35	true	false	false	119
Lag2Neutral	36	true	false	false	74, 81, 113, 119, 127
Lag2Neutral	37	true	false	false	63, 119
Lag2Neutral	38	true	false	false	119
Lag2Neutral	39	true	false	false	119
Lag2Neutral	40	true	false	false	119
Lag2Neutral	41	true	false	false	34, 43, 119
Lag2Neutral	42	true	false	false	34, 119
Lag2Neutral	43	true	false	false	29, 34, 44, 119
Lag2Neutral	44	false	false	false	1, 2, 8, 9, 10, 13, 14, 15, 16, 17, 18, 21, 22, 25, 26, 28, 29, 31, 32, 33, 34, 38, 39, 41, 43, 44, 45, 46, 47, 48, 49, 50, 51, 55, 56, 57, 61, 62, 63, 64, 65, 67, 68, 69, 70, 71, 73, 74, 81, 82, 83, 84, 85, 88, 89, 90, 91, 92, 93, 94, 95, 96, 97, 98, 99, 100, 101, 102, 103, 104, 107, 108, 109, 113, 114, 115, 116, 119, 120, 121, 122, 123, 125, 126, 127, 128
Lag2Neutral	45	true	false	false	29, 34, 44, 119
Lag2Neutral	46	true	false	false	44, 49, 119
Lag2Neutral	47	false	false	false	11, 12, 19, 23, 24, 28, 29, 33, 38, 39, 43, 44, 49, 56, 57, 119
Lag2Neutral	48	false	false	false	12, 19, 23, 33, 38, 39, 44, 49, 56, 93, 119
Lag2Neutral	49	true	false	false	38, 39, 44, 119, 127
Lag2Neutral	50	false	true	false	2, 3, 8, 9, 10, 11, 14, 15, 16, 17, 18, 21, 22, 23, 25, 26, 29, 34, 39, 43, 44, 49, 119, 127
Lag2Neutral	51	true	false	false	29, 34, 38, 44, 49, 119
Lag2Neutral	52	true	false	false	29, 34, 38, 44, 57, 119
Lag2Neutral	53	true	false	false	38, 44, 119
Lag2Neutral	54	true	false	false	29, 44, 49, 57, 119
Lag2Neutral	55	true	false	false	34, 38, 44, 49, 119
Lag2Neutral	56	false	false	false	1, 2, 3, 4, 5, 8, 9, 10, 11, 12, 13, 14, 15, 16, 17, 18, 19, 20, 21, 22, 23, 24, 26, 27, 28, 29, 30, 32, 33, 34, 35, 36, 37, 38, 39, 40, 41, 42, 43, 44, 45, 46, 47, 48, 49, 50, 51, 52, 55, 56, 57, 61, 62, 64, 67, 68, 69, 70, 71, 73, 87, 88, 89, 92, 94, 95, 96, 97, 98, 99, 100, 101, 102, 103, 104, 105, 107, 108, 109, 110, 111, 114, 115, 116, 117, 118, 119, 120, 121, 122, 123, 124, 125, 126, 127, 128
Lag2Neutral	57	false	true	false	8, 9, 11, 12, 14, 15, 17, 18, 19, 21, 22, 23, 24, 25, 26, 28, 33, 34, 39, 44, 49, 56, 119
Lag2Neutral	58	true	false	false	44, 49
Lag2Neutral	59	true	false	false	29, 34, 38, 44, 49
Lag2Neutral	60	true	false	false	29, 34, 39, 44, 49, 55
Lag2Neutral	61	true	false	false	29, 34, 44, 119
Lag2Neutral	62	true	false	false	29, 34, 44, 119
Lag2Neutral	63	true	false	false	34, 44, 72, 119
Lag2Neutral	64	true	false	false	28, 29, 33, 34, 44, 119
Lag2Neutral	65	false	true	false	8, 14, 17, 19, 20, 21, 24, 25, 27, 28, 29, 33, 34, 39, 43, 44, 49, 56, 72, 73, 82, 88, 89, 107, 119, 122
Lag2Neutral	66	false	true	false	2, 8, 9, 10, 14, 15, 16, 17, 18, 21, 22, 23, 25, 26, 28, 29, 38, 39, 44, 49, 56, 72, 119, 122, 127
Lag2Neutral	67	true	false	false
Lag2Neutral	68	true	false	false	29, 38, 49
Lag2Neutral	69	false	true	false	2, 3, 4, 8, 9, 10, 11, 12, 14, 15, 16, 17, 18, 21, 22, 23, 25, 26, 38, 49, 72, 127
Lag2Neutral	70	false	true	false	1, 2, 3, 4, 5, 6, 8, 9, 10, 11, 12, 14, 15, 16, 17, 18, 19, 20, 21, 22, 23, 24, 25, 26, 28, 29, 32, 33, 34, 39, 40, 43, 44, 49, 55, 56, 61, 67, 71, 72, 73, 82, 88, 89, 90, 94, 95, 107, 113, 114, 118, 123, 124, 127
Lag2Neutral	71	true	false	false	28, 44, 49, 73
Lag2Neutral	72	true	false	false	49, 72, 88
Lag2Neutral	73	true	false	false	28, 29, 34, 44, 55, 57, 72, 88
Lag2Neutral	74	true	false	false	28, 29, 44, 57, 88
Lag2Neutral	75	false	false	false	8, 19, 20, 24, 26, 27, 28, 29, 34, 39, 43, 44, 49, 50, 55, 56, 57, 61, 67, 71, 72, 82, 88, 119, 122
Lag2Neutral	76	false	false	false	8, 29, 38, 44, 49, 50, 55, 72, 88, 119, 122
Lag2Neutral	77	true	false	false	29, 55, 119
Lag2Neutral	78	true	false	false	19, 29, 55, 119
Lag2Neutral	79	true	false	false	35, 49
Lag2Neutral	80	true	false	false	19, 28, 29, 35, 39, 49, 55, 57
Lag2Neutral	81	true	false	false	20, 29, 33, 34, 49, 55, 57, 72, 73
Lag2Neutral	82	true	false	false	28, 49, 55
Lag2Neutral	83	false	true	true	1, 2, 3, 4, 5, 8, 9, 10, 11, 14, 15, 16, 17, 18, 19, 20, 21, 22, 23, 24, 25, 26, 27, 28, 29, 32, 33, 34, 35, 37, 38, 39, 40, 43, 44, 48, 49, 54, 55, 56, 57, 61, 62, 63, 67, 68, 70, 71, 72, 73, 74, 75, 76, 78, 80, 81, 82, 88, 93, 94, 95, 99, 107, 113, 114, 117, 123, 127, 128
Lag2Neutral	84	false	true	true	2, 3, 8, 9, 10, 12, 14, 15, 16, 17, 18, 19, 20, 21, 22, 23, 24, 25, 26, 27, 29, 33, 34, 35, 39, 44, 48, 49, 55, 56, 57, 61, 67, 71, 72, 74, 81, 113, 114, 126, 127, 128
Lag2Neutral	85	true	false	false	19, 20, 29, 35, 55
Lag2Neutral	86	true	false	false	29, 33, 34, 39, 56, 113, 114
Lag2Neutral	87	true	false	false	29, 49, 55, 67, 81
Lag2Neutral	88	true	false	false	28, 35, 49
Lag2Neutral	89	false	true	false	2, 3, 8, 9, 10, 14, 15, 16, 17, 18, 21, 22, 23, 25, 26, 32, 35, 39, 48, 49, 56, 72, 74, 99, 126, 127
Lag2Neutral	90	false	true	false	8, 9, 14, 15, 17, 19, 21, 22, 25, 26, 29, 34, 35, 39, 44, 49, 55, 61, 62, 63, 67, 68, 71, 72, 73, 75, 81, 107, 113, 114
Lag2Neutral	91	false	true	false	2, 3, 5, 8, 9, 10, 14, 15, 16, 17, 18, 19, 21, 22, 23, 25, 26, 27, 28, 29, 34, 35, 39, 44, 48, 49, 50, 55, 57, 61, 62, 63, 67, 68, 71, 72, 73, 74, 75, 81, 82, 88, 107, 113, 114, 126, 127
Lag2Neutral	92	false	true	false	2, 3, 5, 8, 9, 10, 14, 15, 16, 17, 18, 19, 21, 22, 23, 25, 26, 35, 48, 49, 55, 57, 71, 72, 81, 107, 114, 126, 127
Lag2Neutral	93	false	false	false	19, 28, 29, 33, 34, 35, 39, 49, 55, 56, 57, 63, 67, 72, 74, 114
Lag2Neutral	94	true	false	false	28, 33, 34, 35, 39, 44, 49, 55, 72, 114
Lag2Neutral	95	false	true	false	8, 14, 17, 20, 21, 22, 25, 26, 28, 29, 32, 33, 34, 35, 38, 39, 43, 44, 49, 55, 57, 61, 62, 63, 67, 71, 72, 73, 74, 75, 81, 82, 88, 89, 106, 114, 127
Lag2Neutral	96	true	false	false	34, 35, 49, 55, 57, 67, 71, 72, 88, 114
Lag2Neutral	97	true	false	false	19, 35, 49, 55, 62, 67, 71, 72, 114, 127, 128
Lag2Neutral	98	false	false	false	8, 25, 28, 29, 33, 34, 35, 39, 49, 50, 55, 56, 67, 72, 81, 114
Lag2Neutral	99	false	true	false	2, 3, 8, 9, 10, 14, 15, 16, 17, 18, 19, 21, 22, 23, 25, 26, 27, 28, 29, 32, 35, 39, 44, 49, 50, 55, 56, 57, 61, 62, 63, 67, 71, 72, 73, 74, 75, 81, 82, 88, 94, 106, 107, 114
Lag2Neutral	100	false	true	false	8, 9, 10, 14, 15, 16, 17, 18, 19, 21, 22, 25, 26, 28, 29, 33, 34, 35, 38, 39, 43, 44, 48, 49, 55, 56, 61, 62, 63, 67, 68, 71, 72, 73, 75, 81, 82, 88, 94, 99, 107, 113, 114, 117, 126, 127
Lag2Negative	1	true	false	false
Lag2Negative	2	true	false	false
Lag2Negative	3	true	false	false
Lag2Negative	4	true	false	false
Lag2Negative	5	false	true	false	2, 8, 9, 10, 11, 14, 15, 16, 17, 18, 21, 22, 25, 26, 127
Lag2Negative	6	false	true	false	8, 9, 10, 14, 15, 16, 17, 18, 21, 22, 25, 26, 127
Lag2Negative	7	true	false	false
Lag2Negative	8	true	false	false
Lag2Negative	9	true	false	false
Lag2Negative	10	true	false	false
Lag2Negative	11	true	false	false
Lag2Negative	12	true	false	false
Lag2Negative	13	true	false	false
Lag2Negative	14	true	false	false
Lag2Negative	15	true	false	false	119
Lag2Negative	16	true	false	false
Lag2Negative	17	true	false	false
Lag2Negative	18	true	false	false
Lag2Negative	19	true	false	false	119
Lag2Negative	20	true	false	false
Lag2Negative	21	true	false	false	119
Lag2Negative	22	true	false	false	119
Lag2Negative	23	true	false	false
Lag2Negative	24	true	false	false
Lag2Negative	25	true	false	false
Lag2Negative	26	true	false	false	36, 119
Lag2Negative	27	true	false	false
Lag2Negative	28	true	false	false	119
Lag2Negative	29	false	true	false	2, 8, 9, 10, 11, 12, 14, 15, 16, 17, 18, 19, 21, 22, 23, 25, 26, 32, 119, 127
Lag2Negative	30	false	true	true	1, 2, 3, 4, 5, 8, 9, 10, 11, 14, 15, 16, 17, 18, 21, 22, 25, 32, 38, 43, 44, 48, 119, 123, 124, 127, 128
Lag2Negative	31	true	false	false	119
Lag2Negative	32	true	false	false	119
Lag2Negative	33	false	true	false	8, 9, 10, 11, 14, 15, 16, 17, 18, 21, 22, 23, 25, 26, 32, 119, 127
Lag2Negative	34	true	false	false	119
Lag2Negative	35	true	false	false	44, 119
Lag2Negative	36	true	false	false	119
Lag2Negative	37	true	false	false	119
Lag2Negative	38	true	false	false	119
Lag2Negative	39	true	false	false	34, 119
Lag2Negative	40	true	false	false	119
Lag2Negative	41	true	false	false	34, 43, 44, 49, 119
Lag2Negative	42	true	false	false	119
Lag2Negative	43	true	false	false	44, 49, 119
Lag2Negative	44	true	false	false	34, 43, 44, 119
Lag2Negative	45	true	false	false	34, 38, 43, 44, 119
Lag2Negative	46	true	false	false	44, 119
Lag2Negative	47	true	false	false	29, 38, 44, 119
Lag2Negative	48	true	false	false	38, 39, 44, 49, 57, 119
Lag2Negative	49	false	false	false	12, 19, 23, 24, 28, 29, 33, 38, 39, 44, 49, 56, 119
Lag2Negative	50	true	false	false	19, 38, 44, 49, 119
Lag2Negative	51	false	true	false	2, 8, 9, 10, 14, 15, 16, 17, 18, 21, 22, 25, 26, 29, 34, 38, 39, 44, 49, 56, 119, 127
Lag2Negative	52	false	false	false	12, 19, 23, 24, 28, 29, 33, 34, 38, 39, 44, 49, 56, 63, 119
Lag2Negative	53	false	false	false	8, 12, 19, 23, 24, 33, 34, 38, 39, 44, 49, 56, 57, 119
Lag2Negative	54	true	false	false	19, 23, 28, 49, 56, 119
Lag2Negative	55	false	true	false	19, 24, 27, 28, 29, 33, 34, 38, 39, 43, 44, 49, 57, 72, 73, 82, 88, 99, 113, 125, 126, 127
Lag2Negative	56	false	false	false	19, 20, 24, 27, 28, 29, 30, 33, 34, 35, 38, 39, 44, 49, 56, 57, 72
Lag2Negative	57	false	false	false	12, 19, 23, 24, 28, 29, 33, 34, 39, 44, 49, 55, 56
Lag2Negative	58	true	false	false	29, 34, 39, 44, 49, 57, 65
Lag2Negative	59	false	true	false	8, 14, 17, 21, 25, 34, 38, 39, 44, 49, 55, 56, 88
Lag2Negative	60	false	false	false	1, 2, 3, 4, 5, 6, 7, 8, 9, 10, 11, 12, 13, 14, 15, 16, 17, 18, 19, 20, 21, 22, 23, 24, 25, 26, 27, 28, 29, 30, 31, 32, 33, 34, 35, 36, 37, 38, 39, 40, 41, 42, 43, 44, 45, 46, 47, 48, 49, 50, 51, 52, 53, 54, 55, 56, 57, 58, 59, 60, 61, 63, 64, 65, 66, 67, 68, 69, 70, 71, 73, 74, 75, 76, 77, 78, 79, 80, 81, 82, 83, 84, 85, 86, 87, 88, 89, 90, 91, 92, 93, 94, 95, 96, 97, 98, 99, 100, 101, 102, 103, 104, 105, 106, 107, 108, 109, 110, 111, 112, 113, 114, 115, 116, 117, 118, 119, 120, 121, 122, 123, 124, 125, 126, 127, 128
Lag2Negative	61	false	true	true	1, 2, 3, 4, 5, 6, 7, 8, 9, 10, 11, 12, 13, 14, 15, 16, 17, 18, 19, 20, 21, 22, 23, 24, 25, 26, 27, 28, 29, 30, 31, 32, 33, 34, 35, 36, 37, 38, 39, 40, 41, 42, 43, 44, 45, 46, 47, 48, 49, 50, 51, 52, 53, 54, 55, 56, 57, 58, 59, 60, 61, 62, 63, 64, 65, 66, 67, 68, 69, 70, 71, 72, 73, 74, 75, 76, 77, 78, 79, 80, 81, 82, 83, 84, 85, 86, 87, 88, 89, 90, 91, 92, 93, 94, 95, 96, 97, 98, 99, 100, 101, 102, 103, 104, 105, 106, 107, 108, 109, 110, 111, 112, 113, 114, 115, 116, 117, 118, 119, 120, 121, 122, 123, 124, 125, 126, 127, 128
Lag2Negative	62	true	false	false	49, 119
Lag2Negative	63	true	false	false	19, 28, 29, 38, 39, 44, 49, 56, 57, 119
Lag2Negative	64	true	false	false	49, 72, 119
Lag2Negative	65	true	false	false	19, 24, 28, 33, 38, 39, 44, 49, 119
Lag2Negative	66	true	false	false	27, 28, 29, 38, 39, 44, 50, 57, 88
Lag2Negative	67	true	false	false
Lag2Negative	68	false	true	true	1, 2, 3, 4, 5, 6, 7, 8, 9, 10, 11, 12, 13, 14, 15, 16, 17, 18, 19, 20, 21, 22, 23, 24, 25, 26, 27, 28, 29, 30, 31, 32, 33, 34, 35, 36, 37, 38, 39, 40, 41, 42, 43, 44, 45, 46, 47, 48, 49, 50, 51, 52, 53, 54, 55, 56, 57, 58, 59, 60, 61, 62, 63, 64, 65, 66, 67, 68, 69, 70, 71, 72, 73, 74, 75, 76, 77, 78, 79, 80, 81, 82, 83, 84, 85, 86, 87, 88, 89, 90, 91, 92, 93, 94, 95, 96, 97, 98, 99, 100, 101, 102, 103, 104, 105, 106, 107, 108, 109, 110, 111, 112, 113, 114, 115, 116, 117, 118, 120, 121, 122, 123, 124, 125, 126, 127, 128
Lag2Negative	69	true	false	false	38, 39, 44, 49, 55, 72, 74, 113, 119, 127
Lag2Negative	70	false	false	false	1, 2, 3, 4, 5, 6, 7, 8, 9, 10, 11, 12, 13, 14, 15, 16, 17, 18, 19, 20, 21, 22, 23, 24, 25, 26, 27, 28, 29, 30, 31, 32, 33, 34, 35, 36, 37, 38, 39, 40, 41, 42, 43, 44, 45, 46, 47, 48, 49, 50, 51, 52, 53, 54, 55, 56, 57, 58, 59, 61, 62, 63, 64, 65, 67, 68, 69, 70, 71, 72, 73, 74, 75, 77, 78, 79, 80, 81, 83, 84, 85, 86, 87, 89, 90, 91, 92, 93, 94, 95, 96, 97, 98, 99, 100, 101, 102, 103, 104, 105, 107, 108, 109, 110, 111, 112, 113, 114, 115, 116, 117, 118, 119, 120, 121, 123, 124, 125, 126, 127, 128
Lag2Negative	71	true	false	false	29, 44, 49, 55, 73, 119
Lag2Negative	72	false	true	false	2, 3, 8, 9, 10, 14, 15, 16, 17, 18, 21, 22, 25, 26, 55, 84, 119
Lag2Negative	73	false	true	false	8, 17, 25, 38, 119
Lag2Negative	74	true	false	false	38, 44, 49, 55, 72, 119
Lag2Negative	75	false	false	false	19, 27, 28, 29, 35, 44, 49, 50, 55, 56, 72, 81, 107, 119
Lag2Negative	76	false	true	false	2, 3, 8, 9, 10, 14, 15, 16, 17, 18, 21, 22, 23, 25, 26, 38, 43, 48, 49, 55, 61, 68, 69, 73, 99, 127
Lag2Negative	77	true	false	false	29, 49, 55, 57
Lag2Negative	78	true	false	false	28, 29, 55
Lag2Negative	79	true	false	false	20, 29, 39, 49, 57, 72, 113
Lag2Negative	80	true	false	false	35, 55, 57, 72
Lag2Negative	81	true	false	false	28, 35, 49, 55
Lag2Negative	82	false	false	false	20, 28, 33, 39, 55, 57, 72, 73, 74, 101, 112, 121
Lag2Negative	83	true	false	false	29, 49, 55, 57, 72, 114
Lag2Negative	84	false	true	true	1, 2, 3, 4, 5, 6, 8, 9, 10, 11, 12, 13, 14, 15, 16, 17, 18, 19, 20, 21, 22, 23, 24, 25, 26, 27, 28, 29, 31, 32, 33, 34, 35, 36, 38, 39, 40, 41, 42, 43, 44, 45, 46, 47, 48, 49, 50, 51, 52, 55, 56, 57, 58, 59, 61, 62, 63, 64, 65, 66, 67, 68, 69, 70, 71, 72, 73, 74, 75, 79, 81, 82, 83, 84, 85, 86, 87, 88, 89, 90, 91, 92, 94, 95, 96, 97, 98, 99, 100, 101, 102, 104, 106, 107, 108, 109, 110, 111, 114, 115, 116, 117, 118, 120, 121, 122, 123, 124, 125, 126, 127, 128
Lag2Negative	85	true	false	false	35, 55
Lag2Negative	86	true	false	false	19, 33, 35, 49, 55, 72, 114
Lag2Negative	87	false	true	false	8, 9, 14, 17, 19, 21, 25, 28, 29, 33, 34, 35, 39, 44, 49, 55, 56, 62, 63, 67, 71, 72, 81, 107, 114, 127, 128
Lag2Negative	88	false	false	false	19, 28, 29, 33, 34, 35, 39, 49, 55, 56, 57, 63, 67, 71, 72, 73, 74, 107
Lag2Negative	89	true	false	false	29, 35, 49, 55, 72
Lag2Negative	90	true	false	false	35, 39, 49, 55, 71, 72, 83
Lag2Negative	91	false	false	false	19, 20, 27, 28, 29, 30, 33, 34, 35, 38, 39, 44, 49, 55, 57, 61, 62, 67, 68, 71, 72, 73, 74, 89, 94, 99, 107
Lag2Negative	92	true	false	false	28, 29, 35, 49, 107
Lag2Negative	93	true	false	false	28, 29, 35, 49, 63
Lag2Negative	94	true	false	false	19, 35, 49, 55, 63
Lag2Negative	95	true	false	false	49, 55
Lag2Negative	96	false	false	false	19, 27, 28, 29, 34, 35, 44, 49, 50, 55, 57, 61, 62, 63, 67, 68, 71, 72, 73, 75, 81, 82, 88, 107, 113, 114, 127
Lag2Negative	97	true	false	false	5, 28, 34, 35, 44, 49, 55, 56, 57, 114
Lag2Negative	98	false	true	true	8, 14, 19, 25, 28, 29, 34, 35, 43, 44, 49, 55, 63, 67, 71, 75, 81, 82, 88, 94, 99, 107, 114, 127, 128
Lag2Negative	99	true	false	false	19, 35, 49, 55, 63, 74, 114
Lag2Negative	100	false	true	false	2, 3, 4, 8, 9, 10, 11, 14, 15, 16, 17, 18, 21, 22, 23, 24, 25, 26, 28, 33, 34, 35, 39, 43, 44, 48, 49, 55, 57, 62, 63, 67, 71, 72, 73, 74, 81, 88, 89, 94, 95, 99, 107, 114, 126, 127
Lag8Baseline	1	true	false	false	107
Lag8Baseline	2	true	false	false
Lag8Baseline	3	true	false	false
Lag8Baseline	4	true	false	false
Lag8Baseline	5	true	false	false	84
Lag8Baseline	6	true	false	false
Lag8Baseline	7	true	false	false
Lag8Baseline	8	true	false	false
Lag8Baseline	9	true	false	false
Lag8Baseline	10	true	false	false
Lag8Baseline	11	true	false	false	119
Lag8Baseline	12	true	false	false
Lag8Baseline	13	true	false	false
Lag8Baseline	14	true	false	false
Lag8Baseline	15	true	false	false	75
Lag8Baseline	16	true	false	false
Lag8Baseline	17	true	false	false
Lag8Baseline	18	true	false	false	119
Lag8Baseline	19	true	false	false
Lag8Baseline	20	true	false	false
Lag8Baseline	21	true	false	false
Lag8Baseline	22	true	false	false
Lag8Baseline	23	true	false	false	49, 119
Lag8Baseline	24	true	false	false
Lag8Baseline	25	true	false	false	119
Lag8Baseline	26	true	false	false	119
Lag8Baseline	27	true	false	false	119
Lag8Baseline	28	true	false	false	49, 119
Lag8Baseline	29	true	false	false	119
Lag8Baseline	30	true	false	false	49, 119
Lag8Baseline	31	true	false	false	119
Lag8Baseline	32	true	false	false	55, 119
Lag8Baseline	33	true	false	false	119
Lag8Baseline	34	true	false	false	119
Lag8Baseline	35	true	false	false	119
Lag8Baseline	36	true	false	false	44, 113, 119
Lag8Baseline	37	true	false	false	119
Lag8Baseline	38	true	false	false	33, 73, 119
Lag8Baseline	39	true	false	false	34, 119
Lag8Baseline	40	true	false	false	34, 119
Lag8Baseline	41	true	false	false	34, 49, 119
Lag8Baseline	42	true	false	false	29, 34, 44, 119
Lag8Baseline	43	true	false	false	49, 119
Lag8Baseline	44	true	false	false	49, 119
Lag8Baseline	45	true	false	false	44, 49, 119
Lag8Baseline	46	true	false	false	29, 34, 44, 119
Lag8Baseline	47	true	false	false	29, 34, 44, 119
Lag8Baseline	48	false	true	false	1, 2, 3, 4, 5, 6, 7, 8, 9, 10, 11, 12, 13, 14, 15, 16, 17, 18, 19, 20, 21, 22, 23, 24, 25, 26, 27, 28, 29, 30, 31, 32, 33, 34, 35, 36, 37, 38, 39, 40, 41, 42, 43, 44, 45, 46, 47, 48, 49, 50, 51, 52, 53, 54, 55, 56, 57, 58, 59, 60, 61, 62, 63, 64, 65, 66, 67, 68, 69, 70, 71, 72, 73, 74, 75, 76, 77, 78, 79, 80, 81, 82, 83, 84, 85, 86, 87, 88, 89, 90, 91, 92, 93, 94, 95, 96, 97, 98, 99, 100, 101, 102, 103, 104, 105, 106, 107, 108, 109, 110, 111, 112, 113, 114, 115, 116, 117, 118, 119, 120, 121, 122, 123, 124, 125, 126, 127, 128
Lag8Baseline	49	true	false	false	33, 34, 38, 44, 119
Lag8Baseline	50	true	false	false	44, 119
Lag8Baseline	51	false	true	false	34, 44, 119
Lag8Baseline	52	true	false	false	8, 14, 21, 25, 43, 44, 49, 73, 119
Lag8Baseline	53	true	false	false	34, 39, 44, 119
Lag8Baseline	54	true	false	false	12, 19, 23, 24, 33, 38, 39, 44, 56, 119
Lag8Baseline	55	true	false	false	19, 29, 38, 39, 44, 56, 119
Lag8Baseline	56	false	false	false	1, 2, 3, 4, 5, 6, 7, 8, 9, 10, 11, 12, 13, 14, 15, 16, 17, 18, 19, 20, 21, 22, 23, 24, 25, 26, 27, 28, 29, 30, 31, 32, 33, 34, 35, 36, 37, 38, 39, 40, 41, 42, 43, 44, 45, 46, 47, 48, 49, 50, 51, 52, 53, 54, 55, 56, 57, 58, 59, 60, 61, 62, 63, 64, 65, 66, 67, 68, 69, 70, 71, 72, 73, 74, 75, 76, 77, 78, 79, 80, 81, 82, 83, 84, 85, 86, 87, 88, 89, 90, 91, 92, 93, 94, 95, 96, 97, 98, 99, 100, 101, 102, 103, 104, 105, 106, 107, 108, 109, 110, 111, 112, 113, 114, 115, 116, 117, 118, 119, 120, 121, 122, 123, 124, 125, 126, 127, 128
Lag8Baseline	57	false	false	false	12, 19, 23, 29, 33, 34, 39, 44, 49, 56, 57
Lag8Baseline	58	false	true	false	8, 14, 25, 34, 43, 44, 49, 55, 81, 94, 99
Lag8Baseline	59	true	false	false
Lag8Baseline	60	false	false	true	44, 119, 128
Lag8Baseline	61	true	false	false	34, 43, 44, 119
Lag8Baseline	62	false	false	false	1, 2, 3, 4, 5, 6, 8, 9, 10, 11, 12, 13, 14, 15, 16, 17, 18, 19, 20, 21, 22, 23, 24, 25, 26, 27, 28, 29, 30, 31, 32, 33, 34, 35, 36, 38, 39, 40, 41, 42, 43, 44, 45, 46, 47, 48, 49, 50, 51, 52, 53, 54, 55, 56, 57, 58, 59, 60, 61, 63, 64, 65, 66, 67, 68, 69, 70, 71, 73, 74, 76, 78, 79, 80, 81, 83, 84, 85, 86, 87, 89, 90, 91, 92, 93, 94, 95, 96, 97, 98, 99, 100, 101, 102, 103, 104, 105, 106, 107, 108, 109, 110, 111, 114, 115, 116, 117, 118, 119, 120, 121, 123, 124, 125, 126, 127, 128
Lag8Baseline	63	true	false	false	72, 119
Lag8Baseline	64	true	false	false	38, 41, 49
Lag8Baseline	65	false	false	false	1, 17, 19, 27, 29, 32, 34, 38, 39, 43, 44, 46, 48, 49, 50, 51, 55, 56, 58, 59, 63, 64, 65, 66, 69, 70, 73, 74, 75, 81, 82, 83, 88, 89, 90, 91, 94, 95, 99, 100, 101, 107, 108, 109, 113, 114, 115, 120, 121, 125, 126, 127, 128
Lag8Baseline	66	true	false	false	29, 38, 49
Lag8Baseline	67	false	false	false	1, 2, 3, 4, 5, 6, 7, 8, 9, 10, 11, 12, 13, 14, 15, 16, 17, 18, 19, 20, 21, 22, 23, 24, 25, 26, 27, 28, 29, 30, 31, 32, 33, 34, 35, 36, 37, 38, 39, 40, 41, 42, 43, 44, 45, 46, 47, 48, 49, 50, 51, 52, 53, 54, 55, 56, 57, 58, 59, 60, 61, 62, 63, 64, 65, 66, 67, 68, 69, 70, 71, 72, 73, 74, 75, 76, 77, 78, 79, 80, 81, 82, 83, 84, 85, 86, 87, 88, 89, 90, 91, 92, 93, 94, 95, 96, 97, 98, 99, 100, 101, 102, 103, 104, 105, 106, 107, 108, 109, 110, 111, 112, 113, 114, 115, 116, 117, 118, 120, 121, 122, 123, 124, 125, 126, 127, 128
Lag8Baseline	68	false	true	false	2, 8, 14, 17, 19, 21, 22, 25, 26, 32, 34, 44, 49, 55, 57, 61, 62, 67, 71, 72, 74, 78, 80, 81, 82, 88, 94, 100, 101, 107, 109, 114, 127
Lag8Baseline	69	true	false	false
Lag8Baseline	70	true	false	false
Lag8Baseline	71	true	false	false	49, 55, 88, 113
Lag8Baseline	72	true	false	false	28, 29, 43, 44, 49, 55, 57, 72, 81, 88
Lag8Baseline	73	true	false	false	29, 49, 55, 57
Lag8Baseline	74	false	true	false	8, 14, 17, 19, 20, 21, 23, 24, 25, 27, 28, 29, 30, 33, 34, 35, 43, 44, 49, 55, 56, 61, 62, 67, 68, 71, 72, 73, 74, 82, 83, 88, 94, 99, 100, 101, 107, 113, 114, 116, 127
Lag8Baseline	75	false	false	false	1, 2, 29, 32, 33, 34, 38, 39, 44, 45, 46, 48, 49, 55, 56, 57, 58, 59, 61, 62, 64, 65, 67, 68, 69, 70, 71, 73, 81, 82, 83, 88, 89, 90, 91, 94, 95, 96, 97, 99, 100, 101, 102, 108, 114, 115, 116, 120, 121, 125, 126, 127, 128
Lag8Baseline	76	false	true	false	19, 24, 27, 28, 29, 33, 34, 38, 39, 40, 44, 48, 49, 50, 55, 56, 57, 61, 62, 63, 67, 68, 71, 72, 73, 75, 81, 82, 88, 95, 99, 107, 113, 119, 127
Lag8Baseline	77	true	false	false	29, 34, 55, 57, 61, 119
Lag8Baseline	78	true	false	false	29, 35, 55, 74, 119
Lag8Baseline	79	true	false	false	28, 35, 55
Lag8Baseline	80	true	false	false	19, 29, 35, 49, 56
Lag8Baseline	81	false	false	false	2, 3, 4, 8, 9, 10, 14, 15, 16, 17, 18, 19, 20, 21, 22, 24, 28, 29, 33, 34, 35, 39, 43, 44, 48, 49, 55, 56, 57, 63, 68, 72, 73, 74, 81, 99, 100, 101, 107, 119, 123, 124
Lag8Baseline	82	true	false	false	19, 29, 35, 49, 55, 56, 67, 72
Lag8Baseline	83	true	false	false	28, 29, 49, 55, 72, 73
Lag8Baseline	84	false	false	false	19, 28, 29, 34, 35, 49, 55, 57, 61, 62, 63, 67, 71, 72, 74, 75, 81, 114
Lag8Baseline	85	true	false	false	28, 35, 49, 53, 55, 114
Lag8Baseline	86	false	false	false	5, 20, 24, 26, 28, 29, 33, 34, 35, 39, 40, 44, 49, 55, 56, 57, 61, 62, 63, 67, 68, 71, 72, 73, 75, 81, 88, 94, 99, 107
Lag8Baseline	87	true	false	false	28, 29, 35, 49, 72
Lag8Baseline	88	true	false	false	19, 28, 35, 49, 55, 67, 81
Lag8Baseline	89	true	false	false	19, 29, 35, 49, 55
Lag8Baseline	90	true	false	false	19, 28, 35, 49, 55, 57, 63, 74, 81
Lag8Baseline	91	true	false	false	19, 35, 44, 49, 55, 57, 63, 67, 74
Lag8Baseline	92	false	false	false	29, 33, 34, 35, 39, 49, 55, 56, 57, 62, 67, 71, 72, 75, 82, 88, 114
Lag8Baseline	93	true	false	false	5, 28, 35, 49, 55, 114
Lag8Baseline	94	false	true	false	3, 4, 8, 9, 10, 14, 15, 16, 17, 18, 19, 21, 22, 23, 24, 25, 27, 28, 29, 34, 35, 38, 39, 44, 49, 50, 52, 55, 56, 57, 59, 61, 62, 63, 67, 71, 72, 73, 75, 81, 82, 88, 89, 94, 99, 106, 107, 114
Lag8Baseline	95	true	false	false	19, 28, 29, 35, 49, 55, 57, 107
Lag8Baseline	96	true	false	false	19, 35, 49, 55, 63, 72, 73, 114
Lag8Baseline	97	false	false	false	28, 29, 34, 35, 39, 44, 49, 55, 56, 57, 62, 63, 67, 68, 71, 72, 73, 75, 81, 84, 88, 107, 114
Lag8Baseline	98	false	false	false	19, 28, 29, 33, 34, 35, 39, 44, 49, 50, 55, 56, 57, 62, 63, 67, 68, 71, 72, 74, 81, 107, 114
Lag8Baseline	99	true	false	false	28, 34, 35, 49, 72
Lag8Baseline	100	false	false	false	1, 2, 6, 8, 10, 14, 15, 16, 17, 18, 19, 21, 22, 23, 24, 25, 26, 28, 29, 32, 33, 34, 35, 38, 39, 43, 48, 49, 50, 55, 56, 57, 61, 62, 63, 67, 68, 71, 72, 73, 75, 81, 82, 88, 89, 90, 94, 95, 96, 106, 107, 114, 120, 125, 126, 127, 128
Lag8Neutral	1	true	false	false
Lag8Neutral	2	true	false	false	49
Lag8Neutral	3	true	false	false
Lag8Neutral	4	true	false	false
Lag8Neutral	5	true	false	false
Lag8Neutral	6	true	false	false
Lag8Neutral	7	true	false	false	56
Lag8Neutral	8	true	false	false
Lag8Neutral	9	true	false	false
Lag8Neutral	10	true	false	false
Lag8Neutral	11	true	false	false
Lag8Neutral	12	true	false	false	119
Lag8Neutral	13	true	false	false
Lag8Neutral	14	true	false	false
Lag8Neutral	15	true	false	false
Lag8Neutral	16	true	false	false
Lag8Neutral	17	true	false	false
Lag8Neutral	18	true	false	false
Lag8Neutral	19	true	false	false	119
Lag8Neutral	20	true	false	false
Lag8Neutral	21	true	false	false	119
Lag8Neutral	22	true	false	false
Lag8Neutral	23	true	false	false
Lag8Neutral	24	true	false	false
Lag8Neutral	25	true	false	false	119
Lag8Neutral	26	true	false	false	119
Lag8Neutral	27	true	false	false	119
Lag8Neutral	28	true	false	false	119
Lag8Neutral	29	true	false	false	119
Lag8Neutral	30	true	false	false	49, 73, 119
Lag8Neutral	31	true	false	false	119
Lag8Neutral	32	true	false	false	76, 119
Lag8Neutral	33	true	false	false	119
Lag8Neutral	34	true	false	false	94, 119
Lag8Neutral	35	true	false	false	119
Lag8Neutral	36	true	false	false	119
Lag8Neutral	37	true	false	false	119
Lag8Neutral	38	true	false	false	91, 119
Lag8Neutral	39	true	false	false	27, 28, 33, 49, 68, 73, 94, 99, 119
Lag8Neutral	40	true	false	false	33, 73, 119
Lag8Neutral	41	true	false	false	43, 119
Lag8Neutral	42	true	false	false	43, 119
Lag8Neutral	43	false	false	false	1, 2, 3, 4, 5, 6, 7, 8, 9, 10, 11, 12, 13, 14, 15, 16, 17, 18, 19, 20, 21, 22, 23, 24, 25, 26, 27, 28, 29, 30, 31, 32, 33, 34, 35, 36, 37, 38, 39, 40, 41, 42, 43, 44, 45, 46, 47, 48, 49, 50, 51, 52, 55, 56, 57, 58, 61, 62, 64, 65, 67, 68, 69, 70, 71, 72, 74, 76, 77, 78, 79, 80, 81, 82, 83, 84, 85, 86, 87, 88, 89, 90, 91, 92, 93, 94, 95, 96, 97, 98, 99, 100, 101, 102, 103, 104, 105, 106, 107, 108, 109, 110, 111, 112, 113, 114, 115, 116, 117, 118, 119, 120, 121, 122, 123, 124, 125, 126, 127, 128
Lag8Neutral	44	true	false	false	44, 113, 119
Lag8Neutral	45	true	false	false	29, 34, 44, 119
Lag8Neutral	46	false	true	true	8, 14, 15, 17, 21, 25, 33, 34, 44, 49, 73, 113, 119, 127, 128
Lag8Neutral	47	true	false	false	44, 119
Lag8Neutral	48	true	false	false	44, 119
Lag8Neutral	49	true	false	false	44, 119
Lag8Neutral	50	false	false	false	28, 29, 33, 34, 38, 39, 43, 44, 49, 56, 57, 119
Lag8Neutral	51	false	true	false	8, 14, 17, 21, 25, 29, 33, 34, 38, 39, 43, 44, 49, 56, 119
Lag8Neutral	52	true	false	false	19, 23, 38, 39, 44, 49, 56, 72, 74, 119
Lag8Neutral	53	true	false	false	29, 34, 39, 44, 49, 119
Lag8Neutral	54	true	false	false	34, 44, 113, 119
Lag8Neutral	55	true	false	false	34, 38, 39, 44, 57, 72, 113, 119
Lag8Neutral	56	true	false	false	29, 34, 44, 91, 119
Lag8Neutral	57	true	false	false	12, 19, 23, 33, 44, 49, 56, 119
Lag8Neutral	58	true	false	false	29, 34, 38, 44
Lag8Neutral	59	true	false	false	34, 39, 44, 49
Lag8Neutral	60	false	false	false	19, 23, 24, 28, 29, 33, 34, 39, 44, 49, 56, 72, 119
Lag8Neutral	61	true	false	false	34, 43, 44, 49, 119
Lag8Neutral	62	true	false	false	29, 34, 39, 119
Lag8Neutral	63	true	false	false
Lag8Neutral	64	true	false	false	39, 44, 55
Lag8Neutral	65	false	false	false	1, 2, 3, 4, 5, 6, 8, 9, 10, 11, 12, 13, 14, 15, 16, 17, 18, 19, 20, 21, 22, 23, 24, 25, 26, 27, 28, 29, 30, 31, 32, 33, 34, 35, 38, 39, 40, 41, 42, 44, 45, 46, 47, 48, 49, 50, 52, 53, 54, 55, 56, 57, 58, 59, 60, 61, 64, 65, 66, 68, 69, 70, 72, 73, 75, 76, 77, 78, 79, 80, 81, 82, 83, 84, 85, 86, 87, 88, 89, 90, 91, 92, 93, 94, 95, 96, 97, 98, 99, 100, 101, 102, 103, 104, 108, 109, 110, 111, 112, 113, 114, 115, 116, 117, 118, 120, 121, 122, 123, 124, 125, 126, 127, 128
Lag8Neutral	66	true	false	false	29, 38, 44, 49
Lag8Neutral	67	false	false	false	1, 2, 3, 4, 5, 6, 7, 8, 9, 10, 11, 12, 13, 14, 15, 16, 17, 18, 19, 20, 21, 22, 23, 24, 25, 26, 27, 28, 29, 30, 31, 32, 33, 34, 35, 36, 37, 38, 39, 40, 41, 42, 43, 44, 45, 46, 47, 48, 49, 50, 51, 52, 53, 54, 55, 56, 57, 58, 59, 60, 61, 62, 63, 64, 65, 66, 67, 68, 69, 70, 71, 72, 73, 74, 75, 76, 77, 78, 79, 80, 81, 82, 83, 84, 85, 86, 87, 88, 89, 90, 91, 92, 93, 94, 95, 96, 97, 98, 99, 100, 101, 102, 103, 104, 105, 106, 107, 108, 109, 110, 111, 112, 113, 114, 115, 116, 117, 118, 120, 121, 122, 123, 124, 125, 126, 127, 128
Lag8Neutral	68	false	true	false	1, 2, 3, 4, 5, 6, 7, 8, 9, 10, 11, 12, 13, 14, 15, 16, 17, 18, 19, 20, 21, 22, 23, 24, 25, 26, 27, 28, 29, 30, 31, 32, 33, 34, 35, 36, 37, 38, 39, 40, 41, 42, 43, 44, 45, 46, 47, 48, 49, 50, 51, 52, 53, 54, 55, 56, 57, 58, 59, 60, 61, 62, 63, 64, 65, 66, 67, 68, 69, 70, 71, 72, 73, 74, 75, 76, 77, 78, 79, 80, 81, 82, 83, 84, 85, 86, 87, 88, 89, 90, 91, 92, 93, 94, 95, 96, 97, 98, 99, 100, 101, 102, 103, 104, 105, 106, 107, 108, 109, 110, 111, 112, 113, 114, 115, 116, 117, 118, 120, 121, 122, 123, 124, 125, 126, 127, 128
Lag8Neutral	69	true	false	false	34, 44, 49, 72
Lag8Neutral	70	true	false	false	29, 34, 44, 49
Lag8Neutral	71	true	false	false	19, 29, 44, 55, 72
Lag8Neutral	72	true	false	false	49
Lag8Neutral	73	true	false	false	29, 34, 44, 49, 72, 73, 119
Lag8Neutral	74	true	false	false	34, 39, 49, 55, 72, 73, 81, 119, 120
Lag8Neutral	75	true	false	false	29, 44, 49, 55, 119
Lag8Neutral	76	true	false	false	27, 29, 49, 72, 119
Lag8Neutral	77	true	false	false	49, 55, 119
Lag8Neutral	78	true	false	false	55, 72, 119
Lag8Neutral	79	true	false	false	29, 55, 63, 119
Lag8Neutral	80	true	false	false	35, 44, 49, 88
Lag8Neutral	81	true	false	false	19, 29, 35, 39, 55, 56
Lag8Neutral	82	true	false	false	28, 35, 49, 55, 71, 127
Lag8Neutral	83	true	false	false	28, 29, 35, 49, 55
Lag8Neutral	84	false	false	false	20, 27, 28, 29, 33, 34, 39, 44, 49, 55, 68, 72, 74, 107, 113, 114, 127
Lag8Neutral	85	false	false	false	19, 20, 24, 28, 29, 33, 34, 35, 39, 44, 49, 55, 56, 72, 114, 128
Lag8Neutral	86	false	false	false	8, 19, 20, 24, 25, 27, 28, 29, 33, 34, 39, 44, 49, 55, 56, 57, 61, 62, 67, 71, 72, 73, 74, 75, 81, 82, 88, 89, 94, 99, 101, 106, 107, 113, 126, 127
Lag8Neutral	87	true	false	false	29, 49, 55, 74
Lag8Neutral	88	true	false	false	19, 29, 35, 49, 55, 74
Lag8Neutral	89	true	false	false	19, 29, 33, 34, 35, 39, 44, 49, 55, 72
Lag8Neutral	90	true	false	false	29, 33, 35, 49, 55
Lag8Neutral	91	false	false	false	8, 17, 25, 28, 29, 35, 49, 55, 57, 81, 107
Lag8Neutral	92	true	false	false	29, 35, 49, 55, 72, 122
Lag8Neutral	93	true	false	false	34, 35, 113, 114
Lag8Neutral	94	true	false	false	28, 34, 35, 49, 55, 57, 63, 71, 72, 114
Lag8Neutral	95	true	false	false	28, 35, 49, 55, 72
Lag8Neutral	96	false	false	false	19, 28, 29, 34, 35, 39, 49, 56, 57, 74, 81
Lag8Neutral	97	false	false	false	19, 28, 29, 33, 35, 39, 44, 49, 55, 56, 57, 61, 62, 63, 67, 71, 72, 73, 74, 75, 81, 82, 88, 94, 107, 114
Lag8Neutral	98	false	false	false	8, 17, 28, 29, 32, 33, 35, 49, 55, 63, 68, 72, 73, 114
Lag8Neutral	99	true	false	false	28, 35, 49, 55, 67, 72, 114
Lag8Neutral	100	false	false	false	28, 33, 34, 35, 44, 49, 55, 56, 57, 63, 67, 114
Lag8Negative	1	true	false	false
Lag8Negative	2	true	false	false
Lag8Negative	3	true	false	false
Lag8Negative	4	true	false	false
Lag8Negative	5	true	false	false
Lag8Negative	6	true	false	false
Lag8Negative	7	true	false	false
Lag8Negative	8	true	false	false
Lag8Negative	9	true	false	false
Lag8Negative	10	true	false	false	88
Lag8Negative	11	true	false	false
Lag8Negative	12	true	false	false
Lag8Negative	13	true	false	false
Lag8Negative	14	true	false	false
Lag8Negative	15	true	false	false
Lag8Negative	16	false	true	false	2, 8, 9, 10, 11, 14, 15, 16, 17, 18, 21, 22, 25, 26, 127
Lag8Negative	17	true	false	false
Lag8Negative	18	true	false	false
Lag8Negative	19	true	false	false	119
Lag8Negative	20	true	false	false	119
Lag8Negative	21	true	false	false
Lag8Negative	22	true	false	false	119
Lag8Negative	23	true	false	false	119
Lag8Negative	24	true	false	false
Lag8Negative	25	true	false	false	119
Lag8Negative	26	true	false	false	119
Lag8Negative	27	true	false	false	113, 119
Lag8Negative	28	true	false	false	119
Lag8Negative	29	true	false	false	119
Lag8Negative	30	true	false	false	49, 119
Lag8Negative	31	true	false	false	113, 119
Lag8Negative	32	true	false	false	119
Lag8Negative	33	true	false	false	119
Lag8Negative	34	true	false	false	119
Lag8Negative	35	true	false	false	58, 119
Lag8Negative	36	true	false	false	119
Lag8Negative	37	true	false	false	33, 44, 119
Lag8Negative	38	false	true	false	8, 14, 17, 21, 25, 34, 44, 119, 127
Lag8Negative	39	true	false	false	34, 119
Lag8Negative	40	false	false	false	13, 19, 20, 24, 27, 28, 29, 33, 34, 37, 44, 55, 56, 61, 63, 68, 69, 73, 76, 77, 78, 80, 81, 83, 84, 87, 88, 89, 90, 91, 92, 93, 94, 95, 96, 97, 98, 99, 112, 119, 127
Lag8Negative	41	true	false	false	29, 34, 44, 73, 119
Lag8Negative	42	true	false	false	34, 44, 119
Lag8Negative	43	true	false	false	119
Lag8Negative	44	true	false	false	34, 44, 49, 119
Lag8Negative	45	true	false	false	44, 88, 119
Lag8Negative	46	true	false	false	34, 38, 43, 44, 49, 55, 119
Lag8Negative	47	true	false	false	43, 44, 113, 119
Lag8Negative	48	true	false	false	29, 43, 44, 119
Lag8Negative	49	true	false	false	44, 119
Lag8Negative	50	true	false	false	29, 34, 38, 39, 43, 44, 49, 57, 73, 119
Lag8Negative	51	true	false	false	38, 44, 119, 127
Lag8Negative	52	true	false	false	19, 23, 33, 34, 38, 39, 44, 56, 119
Lag8Negative	53	true	false	false	34, 38, 44, 49, 57, 119
Lag8Negative	54	false	false	false	34, 38, 44, 49, 57, 72, 73, 94, 95, 99, 107, 113, 119
Lag8Negative	55	true	false	false	44, 119
Lag8Negative	56	true	false	false	38, 44, 119
Lag8Negative	57	false	false	false	12, 19, 23, 24, 28, 33, 39, 44, 49, 56, 57, 119
Lag8Negative	58	true	false	false	34, 44, 49
Lag8Negative	59	false	false	false	12, 19, 23, 24, 28, 29, 33, 34, 38, 39, 44, 49, 56, 119
Lag8Negative	60	true	false	false	28, 29, 33, 34, 38, 39, 44, 56, 72, 119
Lag8Negative	61	true	false	false	29, 34, 43, 49, 119
Lag8Negative	62	true	false	false	34, 43, 119
Lag8Negative	63	true	false	false	38, 39, 119
Lag8Negative	64	true	false	false	119
Lag8Negative	65	true	false	false	19, 29, 38, 49, 72
Lag8Negative	66	true	false	false	29
Lag8Negative	67	true	false	false	28, 29, 33, 38, 39, 44
Lag8Negative	68	true	false	false	8, 14, 17, 21, 49, 128
Lag8Negative	69	true	false	false	28, 29, 44, 49, 56
Lag8Negative	70	true	false	false	29, 33, 38, 44, 55, 72, 73, 119
Lag8Negative	71	false	true	true	11, 12, 19, 20, 23, 24, 27, 28, 29, 30, 33, 34, 35, 38, 39, 40, 43, 44, 45, 48, 49, 50, 55, 56, 57, 61, 62, 63, 67, 68, 71, 72, 73, 75, 78, 80, 81, 82, 84, 85, 86, 88, 89, 94, 99, 100, 106, 107, 112, 117, 119, 122, 127, 128
Lag8Negative	72	true	false	false	27, 39, 44, 82, 88, 89, 94, 107, 119, 122
Lag8Negative	73	true	false	false	19, 27, 29, 44, 49, 55, 119
Lag8Negative	74	false	true	false	19, 24, 26, 28, 29, 33, 34, 39, 44, 49, 55, 56, 57, 61, 62, 67, 68, 71, 72, 73, 88, 89, 94, 95, 99, 107, 113, 117, 119, 127
Lag8Negative	75	true	false	false	29, 35, 55, 72, 117, 119
Lag8Negative	76	true	false	false	28, 29, 43, 49, 55, 72, 73, 74, 81, 94
Lag8Negative	77	true	false	false	28, 29, 49, 55, 62, 72, 73, 74, 107
Lag8Negative	78	true	false	false	28, 49, 55
Lag8Negative	79	false	false	false	19, 28, 29, 33, 34, 39, 44, 49, 55, 72, 73, 81, 89, 94, 99, 107
Lag8Negative	80	false	false	false	19, 29, 30, 34, 39, 44, 49, 55, 56, 61, 62, 67, 71, 72, 73, 74, 81, 88, 107
Lag8Negative	81	false	false	false	1, 2, 3, 4, 7, 8, 9, 10, 11, 12, 13, 14, 15, 16, 17, 18, 19, 20, 21, 22, 23, 24, 25, 26, 27, 28, 29, 31, 32, 33, 34, 35, 36, 37, 38, 39, 40, 41, 42, 43, 44, 45, 46, 47, 48, 49, 50, 51, 52, 53, 54, 55, 56, 57, 58, 59, 60, 61, 62, 63, 64, 65, 66, 67, 68, 69, 70, 71, 72, 73, 74, 75, 76, 77, 78, 79, 81, 82, 83, 84, 85, 86, 87, 88, 89, 90, 91, 92, 94, 95, 96, 97, 98, 99, 100, 101, 102, 103, 104, 106, 107, 108, 109, 110, 111, 113, 115, 116, 117, 118, 120, 121, 123, 124, 125, 126, 127, 128
Lag8Negative	82	true	false	false	19, 29, 33, 34, 55, 67, 72, 113
Lag8Negative	83	true	false	false	20, 29, 35, 49, 55
Lag8Negative	84	true	false	false	35, 93
Lag8Negative	85	true	false	false	28, 35, 49, 55, 62
Lag8Negative	86	true	false	false	29, 34, 35, 49
Lag8Negative	87	true	false	false	28, 29, 35, 49, 55, 71, 72
Lag8Negative	88	true	false	false	19, 28, 29, 33, 35, 49, 55, 56, 71, 107
Lag8Negative	89	true	false	false	19, 28, 29, 33, 35, 39, 49, 55, 114
Lag8Negative	90	true	false	false	29, 35, 49, 55, 57, 72
Lag8Negative	91	false	false	false	27, 28, 29, 33, 34, 35, 38, 39, 49, 56, 114
Lag8Negative	92	true	false	false	19, 35, 49, 55, 57, 63, 67, 71, 72
Lag8Negative	93	true	false	false	19, 35, 44, 49, 55, 57, 63, 67
Lag8Negative	94	false	false	false	5, 19, 20, 27, 28, 29, 34, 35, 38, 39, 49, 55, 57, 61, 62, 63, 67, 71, 72, 73, 74, 75, 82, 88, 89, 94, 99, 106, 107, 114
Lag8Negative	95	true	false	false	35, 49, 55, 72, 114, 127
Lag8Negative	96	true	false	false	35, 49, 55, 63, 106, 114
Lag8Negative	97	false	false	false	1, 2, 8, 19, 24, 26, 28, 29, 32, 33, 34, 35, 38, 39, 44, 48, 49, 50, 55, 56, 57, 61, 62, 63, 67, 71, 72, 73, 75, 81, 82, 88, 89, 94, 99, 106, 114, 125, 126
Lag8Negative	98	true	false	false	29, 35, 49, 55, 63, 71, 72, 99, 114
Lag8Negative	99	false	false	false	19, 28, 29, 34, 35, 39, 44, 49, 50, 55, 56, 57, 61, 62, 63, 67, 68, 71, 72, 73, 74, 75, 81, 82, 88, 106, 107, 114
Lag8Negative	100	true	false	false	28, 29, 35, 39, 49, 55, 63, 72, 114, 120
L2NCorrect	1	true	false	false
L2NCorrect	2	true	false	false
L2NCorrect	3	true	false	false
L2NCorrect	4	true	false	false
L2NCorrect	5	false	true	false	2, 8, 9, 10, 11, 14, 15, 16, 17, 18, 21, 22, 25, 26, 127
L2NCorrect	6	false	true	false	8, 9, 10, 14, 15, 16, 17, 18, 21, 22, 25, 26, 127
L2NCorrect	7	true	false	false
L2NCorrect	8	true	false	false
L2NCorrect	9	true	false	false
L2NCorrect	10	true	false	false
L2NCorrect	11	true	false	false
L2NCorrect	12	true	false	false	119
L2NCorrect	13	true	false	false
L2NCorrect	14	true	false	false
L2NCorrect	15	true	false	false
L2NCorrect	16	true	false	false	119
L2NCorrect	17	true	false	false
L2NCorrect	18	true	false	false
L2NCorrect	19	true	false	false	36, 119
L2NCorrect	20	true	false	false
L2NCorrect	21	false	true	false	2, 8, 9, 10, 11, 12, 14, 15, 16, 17, 18, 19, 21, 22, 23, 25, 26, 32, 119, 127
L2NCorrect	22	false	true	true	1, 2, 3, 4, 5, 8, 9, 10, 11, 14, 15, 16, 17, 18, 21, 22, 25, 32, 38, 43, 44, 48, 119, 123, 124, 127, 128
L2NCorrect	23	true	false	false	119
L2NCorrect	24	true	false	false	119
L2NCorrect	25	false	true	false	8, 9, 10, 11, 14, 15, 16, 17, 18, 21, 22, 23, 25, 26, 32, 119, 127
L2NCorrect	26	true	false	false	119
L2NCorrect	27	true	false	false	119
L2NCorrect	28	true	false	false	119
L2NCorrect	29	true	false	false	34, 119
L2NCorrect	30	true	false	false	119
L2NCorrect	31	true	false	false	34, 43, 44, 49, 119
L2NCorrect	32	true	false	false	44, 49, 119
L2NCorrect	33	true	false	false	34, 43, 44, 119
L2NCorrect	34	true	false	false	34, 38, 43, 44, 119
L2NCorrect	35	true	false	false	44, 119
L2NCorrect	36	true	false	false	38, 39, 44, 49, 57, 119
L2NCorrect	37	false	false	false	12, 19, 23, 24, 28, 29, 33, 38, 39, 44, 49, 56, 119
L2NCorrect	38	false	true	false	2, 8, 9, 10, 14, 15, 16, 17, 18, 21, 22, 25, 26, 29, 34, 38, 39, 44, 49, 56, 119, 127
L2NCorrect	39	false	false	false	8, 12, 19, 23, 24, 33, 34, 38, 39, 44, 49, 56, 57, 119
L2NCorrect	40	true	false	false	29, 34, 39, 44, 49, 57, 65
L2NCorrect	41	false	false	false	1, 2, 3, 4, 5, 6, 7, 8, 9, 10, 11, 12, 13, 14, 15, 16, 17, 18, 19, 20, 21, 22, 23, 24, 25, 26, 27, 28, 29, 30, 31, 32, 33, 34, 35, 36, 37, 38, 39, 40, 41, 42, 43, 44, 45, 46, 47, 48, 49, 50, 51, 52, 53, 54, 55, 56, 57, 58, 59, 60, 61, 63, 64, 65, 66, 67, 68, 69, 70, 71, 73, 74, 75, 76, 77, 78, 79, 80, 81, 82, 83, 84, 85, 86, 87, 88, 89, 90, 91, 92, 93, 94, 95, 96, 97, 98, 99, 100, 101, 102, 103, 104, 105, 106, 107, 108, 109, 110, 111, 112, 113, 114, 115, 116, 117, 118, 119, 120, 121, 122, 123, 124, 125, 126, 127, 128
L2NCorrect	42	false	true	true	1, 2, 3, 4, 5, 6, 7, 8, 9, 10, 11, 12, 13, 14, 15, 16, 17, 18, 19, 20, 21, 22, 23, 24, 25, 26, 27, 28, 29, 30, 31, 32, 33, 34, 35, 36, 37, 38, 39, 40, 41, 42, 43, 44, 45, 46, 47, 48, 49, 50, 51, 52, 53, 54, 55, 56, 57, 58, 59, 60, 61, 62, 63, 64, 65, 66, 67, 68, 69, 70, 71, 72, 73, 74, 75, 76, 77, 78, 79, 80, 81, 82, 83, 84, 85, 86, 87, 88, 89, 90, 91, 92, 93, 94, 95, 96, 97, 98, 99, 100, 101, 102, 103, 104, 105, 106, 107, 108, 109, 110, 111, 112, 113, 114, 115, 116, 117, 118, 119, 120, 121, 122, 123, 124, 125, 126, 127, 128
L2NCorrect	43	true	false	false	19, 24, 28, 33, 38, 39, 44, 49, 119
L2NCorrect	44	true	false	false	27, 28, 29, 38, 39, 44, 50, 57, 88
L2NCorrect	45	false	true	true	1, 2, 3, 4, 5, 6, 7, 8, 9, 10, 11, 12, 13, 14, 15, 16, 17, 18, 19, 20, 21, 22, 23, 24, 25, 26, 27, 28, 29, 30, 31, 32, 33, 34, 35, 36, 37, 38, 39, 40, 41, 42, 43, 44, 45, 46, 47, 48, 49, 50, 51, 52, 53, 54, 55, 56, 57, 58, 59, 60, 61, 62, 63, 64, 65, 66, 67, 68, 69, 70, 71, 72, 73, 74, 75, 76, 77, 78, 79, 80, 81, 82, 83, 84, 85, 86, 87, 88, 89, 90, 91, 92, 93, 94, 95, 96, 97, 98, 99, 100, 101, 102, 103, 104, 105, 106, 107, 108, 109, 110, 111, 112, 113, 114, 115, 116, 117, 118, 120, 121, 122, 123, 124, 125, 126, 127, 128
L2NCorrect	46	true	false	false	38, 39, 44, 49, 55, 72, 74, 113, 119, 127
L2NCorrect	47	false	false	false	1, 2, 3, 4, 5, 6, 7, 8, 9, 10, 11, 12, 13, 14, 15, 16, 17, 18, 19, 20, 21, 22, 23, 24, 25, 26, 27, 28, 29, 30, 31, 32, 33, 34, 35, 36, 37, 38, 39, 40, 41, 42, 43, 44, 45, 46, 47, 48, 49, 50, 51, 52, 53, 54, 55, 56, 57, 58, 59, 61, 62, 63, 64, 65, 67, 68, 69, 70, 71, 72, 73, 74, 75, 77, 78, 79, 80, 81, 83, 84, 85, 86, 87, 89, 90, 91, 92, 93, 94, 95, 96, 97, 98, 99, 100, 101, 102, 103, 104, 105, 107, 108, 109, 110, 111, 112, 113, 114, 115, 116, 117, 118, 119, 120, 121, 123, 124, 125, 126, 127, 128
L2NCorrect	48	false	true	false	2, 3, 8, 9, 10, 14, 15, 16, 17, 18, 21, 22, 25, 26, 55, 84, 119
L2NCorrect	49	false	true	false	8, 17, 25, 38, 119
L2NCorrect	50	false	false	false	19, 27, 28, 29, 35, 44, 49, 50, 55, 56, 72, 81, 107, 119
L2NCorrect	51	false	true	false	2, 3, 8, 9, 10, 14, 15, 16, 17, 18, 21, 22, 23, 25, 26, 38, 43, 48, 49, 55, 61, 68, 69, 73, 99, 127
L2NCorrect	52	true	false	false	29, 49, 55, 57
L2NCorrect	53	true	false	false	28, 29, 55
L2NCorrect	54	true	false	false	28, 35, 49, 55
L2NCorrect	55	false	false	false	20, 28, 33, 39, 55, 57, 72, 73, 74, 101, 112, 121
L2NCorrect	56	false	true	true	1, 2, 3, 4, 5, 6, 8, 9, 10, 11, 12, 13, 14, 15, 16, 17, 18, 19, 20, 21, 22, 23, 24, 25, 26, 27, 28, 29, 31, 32, 33, 34, 35, 36, 38, 39, 40, 41, 42, 43, 44, 45, 46, 47, 48, 49, 50, 51, 52, 55, 56, 57, 58, 59, 61, 62, 63, 64, 65, 66, 67, 68, 69, 70, 71, 72, 73, 74, 75, 79, 81, 82, 83, 84, 85, 86, 87, 88, 89, 90, 91, 92, 94, 95, 96, 97, 98, 99, 100, 101, 102, 104, 106, 107, 108, 109, 110, 111, 114, 115, 116, 117, 118, 120, 121, 122, 123, 124, 125, 126, 127, 128
L2NCorrect	57	true	false	false	35, 55
L2NCorrect	58	true	false	false	19, 33, 35, 49, 55, 72, 114
L2NCorrect	59	false	true	false	8, 9, 14, 17, 19, 21, 25, 28, 29, 33, 34, 35, 39, 44, 49, 55, 56, 62, 63, 67, 71, 72, 81, 107, 114, 127, 128
L2NCorrect	60	false	false	false	19, 28, 29, 33, 34, 35, 39, 49, 55, 56, 57, 63, 67, 71, 72, 73, 74, 107
L2NCorrect	61	true	false	false	19, 35, 49, 55, 63
L2NCorrect	62	true	false	false	49, 55
L2NCorrect	63	true	false	false	5, 28, 34, 35, 44, 49, 55, 56, 57, 114
L2NCorrect	64	false	true	true	8, 14, 19, 25, 28, 29, 34, 35, 43, 44, 49, 55, 63, 67, 71, 75, 81, 82, 88, 94, 99, 107, 114, 127, 128
L2NCorrect	65	true	false	false	19, 35, 49, 55, 63, 74, 114
L2NCorrect	66	false	true	false	2, 3, 4, 8, 9, 10, 11, 14, 15, 16, 17, 18, 21, 22, 23, 24, 25, 26, 28, 33, 34, 35, 39, 43, 44, 48, 49, 55, 57, 62, 63, 67, 71, 72, 73, 74, 81, 88, 89, 94, 95, 99, 107, 114, 126, 127
L2NIncorrect	1	true	false	false
L2NIncorrect	2	true	false	false
L2NIncorrect	3	true	false	false
L2NIncorrect	4	true	false	false	119
L2NIncorrect	5	true	false	false	119
L2NIncorrect	6	true	false	false
L2NIncorrect	7	true	false	false
L2NIncorrect	8	true	false	false	119
L2NIncorrect	9	true	false	false	44, 119
L2NIncorrect	10	true	false	false	119
L2NIncorrect	11	true	false	false	119
L2NIncorrect	12	true	false	false	29, 38, 44, 119
L2NIncorrect	13	true	false	false	19, 38, 44, 49, 119
L2NIncorrect	14	false	false	false	12, 19, 23, 24, 28, 29, 33, 34, 38, 39, 44, 49, 56, 63, 119
L2NIncorrect	15	true	false	false	19, 23, 28, 49, 56, 119
L2NIncorrect	16	false	true	false	19, 24, 27, 28, 29, 33, 34, 38, 39, 43, 44, 49, 57, 72, 73, 82, 88, 99, 113, 125, 126, 127
L2NIncorrect	17	false	false	false	19, 20, 24, 27, 28, 29, 30, 33, 34, 35, 38, 39, 44, 49, 56, 57, 72
L2NIncorrect	18	false	false	false	12, 19, 23, 24, 28, 29, 33, 34, 39, 44, 49, 55, 56
L2NIncorrect	19	false	true	false	8, 14, 17, 21, 25, 34, 38, 39, 44, 49, 55, 56, 88
L2NIncorrect	20	true	false	false	49, 119
L2NIncorrect	21	true	false	false	19, 28, 29, 38, 39, 44, 49, 56, 57, 119
L2NIncorrect	22	true	false	false	49, 72, 119
L2NIncorrect	23	true	false	false
L2NIncorrect	24	true	false	false	29, 44, 49, 55, 73, 119
L2NIncorrect	25	true	false	false	38, 44, 49, 55, 72, 119
L2NIncorrect	26	true	false	false	20, 29, 39, 49, 57, 72, 113
L2NIncorrect	27	true	false	false	35, 55, 57, 72
L2NIncorrect	28	true	false	false	29, 49, 55, 57, 72, 114
L2NIncorrect	29	true	false	false	29, 35, 49, 55, 72
L2NIncorrect	30	true	false	false	35, 39, 49, 55, 71, 72, 83
L2NIncorrect	31	false	false	false	19, 20, 27, 28, 29, 30, 33, 34, 35, 38, 39, 44, 49, 55, 57, 61, 62, 67, 68, 71, 72, 73, 74, 89, 94, 99, 107
L2NIncorrect	32	true	false	false	28, 29, 35, 49, 107
L2NIncorrect	33	true	false	false	28, 29, 35, 49, 63
L2NIncorrect	34	false	false	false	19, 27, 28, 29, 34, 35, 44, 49, 50, 55, 57, 61, 62, 63, 67, 68, 71, 72, 73, 75, 81, 82, 88, 107, 113, 114, 127
