Category	Segment number	Segment Good	Eye Blinks	Eye Movements	Bad Channels
Lag2Baseline	1	false	false	false	33, 44, 76, 77, 78, 79, 89, 90, 91, 94, 95, 96, 97, 98, 99, 100, 101, 102, 103, 107, 109, 110, 116, 123
Lag2Baseline	2	false	false	false	33, 38, 44, 95, 96, 97, 98, 99, 100, 101, 102, 103, 107, 109, 110, 116, 121, 123
Lag2Baseline	3	false	false	true	33, 44, 77, 95, 96, 97, 98, 100, 101, 102, 103, 107, 109, 110, 116, 123, 128
Lag2Baseline	4	false	false	true	33, 44, 95, 96, 97, 98, 99, 100, 101, 102, 103, 107, 109, 110, 116, 123, 128
Lag2Baseline	5	false	false	false	33, 38, 44, 89, 90, 91, 94, 96, 97, 98, 102, 103, 109, 110, 116, 123
Lag2Baseline	6	false	false	false	33, 38, 44, 89, 90, 91, 94, 96, 97, 98, 102, 103, 109, 110, 121, 123
Lag2Baseline	7	false	false	true	33, 38, 44, 89, 90, 91, 94, 96, 97, 98, 102, 103, 110, 121, 123
Lag2Baseline	8	false	true	true	32, 33, 38, 44, 89, 90, 91, 94, 96, 97, 98, 102, 103, 110, 121, 123, 127, 128
Lag2Baseline	9	false	false	false	33, 38, 44, 96, 97, 98, 102, 103, 110, 121, 123
Lag2Baseline	10	false	false	false	33, 38, 44, 89, 90, 91, 94, 96, 97, 98, 102, 103, 110, 121, 123
Lag2Baseline	11	false	false	false	33, 38, 44, 96, 97, 98, 102, 103, 110, 121, 123
Lag2Baseline	12	false	false	false	33, 38, 44, 89, 90, 91, 94, 96, 97, 98, 102, 103, 110, 121, 123
Lag2Baseline	13	false	true	true	17, 21, 33, 38, 44, 77, 89, 90, 94, 96, 97, 98, 102, 103, 110, 114, 121, 123
Lag2Baseline	14	false	false	false	33, 38, 44, 89, 90, 91, 94, 96, 97, 98, 102, 103, 110, 114, 121, 123
Lag2Baseline	15	false	false	false	33, 38, 44, 89, 90, 91, 94, 96, 97, 98, 102, 103, 110, 121, 123
Lag2Baseline	16	false	false	true	33, 38, 44, 96, 97, 98, 102, 103, 110, 119, 121, 123, 125
Lag2Baseline	17	false	false	false	33, 38, 44, 89, 90, 94, 96, 97, 98, 102, 103, 110, 114, 121, 123
Lag2Baseline	18	false	false	false	33, 38, 44, 89, 90, 94, 96, 97, 98, 102, 103, 110, 114, 121, 123
Lag2Baseline	19	false	false	false	33, 38, 44, 89, 90, 91, 94, 96, 97, 98, 102, 103, 110, 114, 121, 123
Lag2Baseline	20	false	false	false	33, 38, 44, 65, 89, 90, 91, 94, 96, 97, 98, 102, 103, 110, 114, 121, 123
Lag2Baseline	21	false	false	false	33, 38, 65, 89, 90, 94, 96, 98, 110, 114, 121, 123
Lag2Baseline	22	true	false	false	33, 38, 89, 94, 96, 110, 114, 121, 123
Lag2Baseline	23	false	false	false	33, 38, 89, 90, 94, 96, 98, 110, 114, 121, 123
Lag2Baseline	24	false	false	true	8, 17, 33, 38, 89, 90, 94, 96, 98, 110, 114, 121, 123, 125
Lag2Baseline	25	true	false	false	33, 38, 89, 90, 94, 98, 110, 114, 121, 123
Lag2Baseline	26	false	true	false	17, 21, 33, 38, 65, 71, 89, 90, 91, 94, 98, 110, 114, 121, 123
Lag2Baseline	27	false	false	false	33, 38, 89, 90, 91, 94, 98, 110, 114, 121, 123
Lag2Baseline	28	true	false	false	33, 38, 98, 110, 114, 121, 123
Lag2Baseline	29	false	false	true	33, 38, 89, 90, 94, 110, 114, 121, 123, 125
Lag2Baseline	30	true	false	false	33, 38, 98, 110, 114, 121, 123
Lag2Baseline	31	true	false	false	33, 38, 71, 89, 90, 94, 110, 114, 121, 123
Lag2Baseline	32	true	false	false	33, 38, 89, 94, 110, 114, 121, 123
Lag2Baseline	33	false	false	false	33, 38, 65, 89, 90, 91, 94, 110, 114, 121, 123
Lag2Baseline	34	true	false	false	33, 38, 89, 90, 91, 94, 110, 114, 121, 123
Lag2Baseline	35	true	false	false	33, 38, 71, 89, 94, 110, 114, 117, 121, 123
Lag2Baseline	36	true	false	false	33, 38, 89, 94, 110, 114, 121, 123
Lag2Baseline	37	true	false	false	33, 38, 89, 94, 110, 114, 119, 121, 123
Lag2Baseline	38	false	false	false	33, 38, 58, 64, 65, 69, 73, 89, 94, 110, 114, 121, 123
Lag2Baseline	39	true	false	false	33, 38, 89, 94, 110, 114, 121, 123
Lag2Baseline	40	false	false	false	33, 38, 43, 89, 90, 94, 110, 114, 117, 121, 123
Lag2Baseline	41	true	false	false	33, 38, 89, 94, 110, 114, 119, 121, 123, 127
Lag2Baseline	42	false	false	true	33, 38, 89, 90, 91, 94, 110, 114, 121, 123
Lag2Baseline	43	false	false	false	33, 38, 65, 71, 89, 90, 94, 110, 114, 121, 123
Lag2Baseline	44	true	false	false	33, 38, 89, 90, 94, 110, 114, 121, 123
Lag2Baseline	45	true	false	false	33, 38, 89, 90, 91, 94, 110, 114, 121, 123
Lag2Baseline	46	true	false	false	33, 38, 110, 114, 121, 123
Lag2Baseline	47	true	false	false	33, 38, 89, 90, 94, 110, 114, 121, 123
Lag2Baseline	48	false	false	false	33, 38, 71, 89, 90, 91, 94, 110, 114, 121, 123
Lag2Baseline	49	true	false	false	33, 38, 89, 94, 110, 114, 121, 123
Lag2Baseline	50	false	false	false	33, 38, 71, 89, 90, 91, 94, 110, 114, 121, 123
Lag2Baseline	51	true	false	false	33, 38, 71, 89, 90, 94, 110, 114, 121, 123
Lag2Baseline	52	false	false	true	33, 38, 89, 90, 94, 110, 113, 114, 121, 123, 128
Lag2Baseline	53	false	true	true	2, 3, 8, 32, 33, 38, 42, 47, 71, 89, 90, 94, 110, 114, 119, 121, 123, 125, 128
Lag2Baseline	54	true	false	false	33, 38, 71, 89, 90, 94, 110, 114, 121, 123
Lag2Baseline	55	false	false	false	33, 38, 43, 89, 90, 91, 94, 110, 114, 121, 123
Lag2Baseline	56	true	false	false	33, 38, 71, 114, 121, 123
Lag2Baseline	57	true	false	false	33, 38, 89, 94, 114, 121, 123
Lag2Baseline	58	true	false	false	33, 38, 89, 94, 114, 121, 123
Lag2Baseline	59	true	false	false	33, 38, 71, 89, 90, 94, 114, 121, 123
Lag2Baseline	60	true	false	false	3, 33, 38, 89, 94, 114, 121, 123
Lag2Baseline	61	true	false	false	33, 38, 45, 71, 89, 90, 91, 94, 114, 121
Lag2Baseline	62	true	false	false	33, 38, 45, 71, 89, 94, 114, 121
Lag2Baseline	63	false	false	false	3, 33, 38, 45, 47, 50, 51, 52, 53, 57, 58, 59, 60, 63, 64, 65, 66, 67, 68, 69, 70, 71, 73, 89, 90, 91, 94, 114, 117, 121
Lag2Baseline	64	true	false	false	33, 38, 45, 71, 89, 94, 114, 121
Lag2Baseline	65	false	false	false	3, 33, 38, 45, 71, 89, 90, 91, 94, 114, 117, 121, 124
Lag2Baseline	66	false	false	false	3, 33, 38, 45, 71, 89, 90, 91, 94, 114, 121
Lag2Baseline	67	false	false	true	33, 38, 45, 58, 64, 65, 69, 73, 89, 94, 114, 121, 125
Lag2Baseline	68	false	false	false	33, 38, 41, 45, 46, 47, 50, 52, 57, 58, 59, 60, 63, 64, 65, 66, 67, 68, 69, 70, 73, 89, 90, 91, 94, 114, 117, 121
Lag2Baseline	69	true	false	false	33, 38, 45, 89, 94, 114, 121
Lag2Baseline	70	false	false	false	3, 33, 38, 43, 45, 70, 71, 89, 94, 114, 121
Lag2Baseline	71	false	true	false	3, 9, 14, 17, 21, 33, 38, 45, 71, 89, 90, 94, 114, 117, 121, 124
Lag2Baseline	72	false	false	false	3, 33, 38, 45, 70, 71, 89, 90, 91, 94, 114, 121
Lag2Baseline	73	false	false	false	3, 33, 38, 45, 71, 89, 90, 91, 94, 114, 121
Lag2Baseline	74	true	false	false	3, 33, 38, 45, 89, 90, 91, 94, 114, 121
Lag2Baseline	75	true	false	false	3, 33, 38, 45, 89, 94, 114, 121
Lag2Baseline	76	false	false	false	3, 33, 38, 45, 71, 89, 90, 94, 114, 117, 121, 124
Lag2Baseline	77	false	false	false	3, 9, 33, 38, 45, 65, 69, 70, 71, 89, 90, 91, 94, 114, 121, 124
Lag2Baseline	78	true	false	false	3, 33, 38, 45, 71, 89, 94, 114, 121
Lag2Baseline	79	false	false	false	3, 33, 38, 42, 45, 47, 52, 58, 59, 60, 64, 65, 66, 67, 68, 69, 70, 73, 89, 90, 94, 117, 121, 124
Lag2Baseline	80	false	false	false	3, 33, 36, 38, 42, 45, 46, 47, 52, 53, 58, 59, 60, 64, 65, 66, 67, 68, 69, 70, 71, 73, 89, 90, 91, 94, 117, 121, 124
Lag2Baseline	81	false	true	false	3, 8, 14, 17, 21, 25, 33, 38, 45, 70, 71, 89, 90, 94, 114, 121, 126, 127, 128
Lag2Baseline	82	false	false	false	3, 33, 38, 45, 70, 71, 89, 90, 91, 94, 114, 117, 121, 124
Lag2Baseline	83	false	false	false	3, 33, 38, 45, 66, 67, 70, 71, 89, 90, 91, 94, 113, 121, 124
Lag2Baseline	84	false	false	false	3, 33, 38, 45, 70, 71, 89, 90, 91, 94, 113, 117, 121, 124
Lag2Baseline	85	false	false	false	3, 33, 38, 45, 70, 71, 89, 90, 91, 94, 117, 121, 124
Lag2Baseline	86	false	false	true	3, 33, 38, 45, 66, 70, 71, 89, 90, 91, 94, 117, 121, 124, 128
Lag2Baseline	87	false	false	false	3, 4, 9, 33, 38, 45, 65, 66, 67, 70, 71, 89, 90, 91, 94, 117, 121, 124
Lag2Baseline	88	false	false	false	3, 33, 38, 43, 45, 66, 67, 70, 71, 89, 90, 91, 94, 117, 121, 124
Lag2Baseline	89	false	true	true	3, 33, 38, 45, 70, 71, 89, 94, 117, 121, 124, 125, 127
Lag2Baseline	90	false	false	false	3, 9, 33, 38, 45, 66, 67, 70, 71, 89, 90, 91, 94, 113, 117, 118, 121, 124
Lag2Baseline	91	false	false	false	3, 9, 33, 38, 45, 52, 58, 59, 60, 62, 64, 65, 66, 67, 68, 69, 70, 71, 72, 73, 74, 75, 81, 82, 88, 89, 90, 91, 94, 113, 117, 120, 121, 124, 125, 126
Lag2Baseline	92	false	false	false	3, 33, 38, 45, 51, 52, 53, 58, 59, 60, 64, 65, 66, 67, 68, 69, 70, 71, 73, 89, 90, 91, 94, 117, 121, 124
Lag2Baseline	93	false	true	true	1, 2, 3, 4, 6, 8, 9, 10, 11, 14, 15, 16, 17, 18, 19, 20, 21, 22, 23, 24, 25, 26, 27, 28, 29, 30, 31, 32, 33, 34, 35, 36, 37, 38, 39, 40, 41, 42, 43, 45, 46, 47, 48, 49, 50, 51, 52, 53, 54, 55, 56, 57, 58, 59, 60, 61, 62, 63, 64, 65, 66, 67, 68, 69, 70, 71, 72, 73, 74, 75, 76, 77, 78, 79, 80, 81, 82, 83, 84, 85, 86, 87, 88, 89, 90, 91, 92, 93, 94, 105, 111, 113, 117, 118, 119, 120, 121, 124, 125, 126, 127, 128
Lag2Baseline	94	false	false	false	3, 33, 38, 45, 58, 59, 60, 64, 65, 66, 67, 68, 69, 70, 71, 73, 89, 90, 91, 94, 117, 121, 124
Lag2Baseline	95	false	false	true	3, 9, 27, 33, 37, 38, 45, 66, 67, 70, 71, 76, 77, 78, 79, 83, 84, 85, 86, 89, 90, 91, 94, 113, 117, 118, 119, 121, 124, 128
Lag2Baseline	96	false	false	false	3, 9, 33, 38, 45, 52, 53, 58, 59, 60, 64, 65, 66, 67, 68, 69, 70, 71, 73, 89, 90, 91, 94, 113, 117, 121, 124
Lag2Baseline	97	false	true	true	1, 2, 3, 4, 5, 6, 8, 9, 10, 11, 12, 13, 14, 15, 16, 17, 18, 19, 20, 21, 22, 23, 24, 25, 26, 27, 28, 29, 30, 31, 32, 33, 34, 35, 36, 37, 38, 39, 40, 41, 42, 43, 45, 46, 47, 48, 49, 50, 51, 52, 53, 54, 55, 56, 57, 58, 59, 60, 61, 62, 63, 64, 65, 66, 67, 68, 69, 70, 71, 72, 73, 74, 75, 76, 77, 78, 79, 80, 81, 82, 83, 84, 85, 86, 87, 88, 89, 90, 91, 94, 104, 105, 106, 111, 112, 113, 117, 118, 119, 120, 121, 124, 126, 127
Lag2Baseline	98	false	false	true	1, 2, 3, 4, 5, 6, 7, 8, 9, 10, 11, 12, 13, 14, 15, 16, 17, 18, 19, 20, 21, 22, 23, 24, 25, 26, 27, 28, 29, 30, 31, 32, 33, 34, 35, 36, 37, 38, 39, 40, 41, 42, 43, 45, 46, 47, 48, 49, 50, 51, 52, 53, 54, 55, 56, 57, 58, 59, 60, 61, 62, 63, 64, 65, 66, 67, 68, 69, 70, 71, 72, 73, 74, 75, 76, 77, 78, 79, 80, 81, 82, 83, 84, 85, 86, 87, 88, 89, 90, 91, 92, 93, 94, 104, 105, 106, 111, 112, 113, 117, 118, 119, 120, 121, 124, 125, 126, 127, 128
Lag2Baseline	99	false	false	true	1, 2, 3, 4, 5, 6, 8, 9, 10, 11, 12, 14, 15, 16, 17, 18, 19, 20, 21, 22, 23, 24, 25, 26, 27, 28, 29, 31, 32, 33, 34, 35, 36, 37, 38, 39, 40, 41, 42, 43, 45, 46, 47, 48, 49, 50, 51, 52, 53, 54, 55, 56, 57, 58, 59, 60, 61, 62, 63, 64, 65, 66, 67, 68, 69, 70, 71, 72, 73, 74, 75, 76, 77, 78, 79, 80, 81, 82, 83, 84, 85, 86, 87, 88, 89, 90, 91, 92, 94, 104, 105, 106, 111, 112, 113, 117, 118, 119, 120, 121, 124, 125, 126, 127, 128
Lag2Baseline	100	false	true	true	1, 2, 3, 4, 5, 6, 8, 9, 10, 11, 12, 13, 14, 15, 16, 17, 18, 19, 20, 21, 22, 23, 24, 25, 26, 27, 28, 29, 30, 31, 32, 33, 34, 35, 36, 37, 38, 39, 40, 41, 42, 43, 45, 46, 47, 48, 49, 50, 51, 52, 53, 54, 55, 56, 57, 58, 59, 60, 61, 62, 63, 64, 65, 66, 67, 68, 69, 70, 71, 72, 73, 74, 75, 76, 77, 78, 79, 80, 81, 82, 83, 84, 85, 86, 87, 88, 89, 90, 91, 92, 93, 94, 104, 105, 106, 111, 112, 113, 117, 118, 119, 120, 121, 124, 125, 126, 127, 128
Lag2Neutral	1	false	false	false	33, 38, 44, 95, 96, 97, 98, 99, 100, 101, 102, 103, 107, 109, 110, 116, 123
Lag2Neutral	2	false	false	false	33, 38, 44, 95, 96, 97, 98, 99, 100, 101, 102, 103, 107, 109, 110, 116, 123
Lag2Neutral	3	false	false	false	33, 38, 44, 95, 96, 97, 98, 100, 101, 102, 103, 107, 109, 110, 116, 123
Lag2Neutral	4	false	false	true	33, 38, 44, 89, 90, 94, 96, 97, 98, 101, 102, 103, 109, 110, 116, 123, 128
Lag2Neutral	5	false	false	false	33, 38, 44, 89, 90, 91, 94, 96, 97, 98, 102, 103, 109, 110, 114, 116, 123
Lag2Neutral	6	false	false	false	33, 38, 44, 89, 90, 91, 94, 96, 97, 98, 102, 103, 110, 121, 123
Lag2Neutral	7	false	false	true	33, 38, 44, 96, 97, 98, 102, 103, 110, 121, 123, 128
Lag2Neutral	8	false	false	true	33, 38, 44, 96, 97, 98, 102, 103, 110, 121, 123
Lag2Neutral	9	false	false	false	33, 38, 44, 96, 97, 98, 102, 103, 110, 121, 123
Lag2Neutral	10	false	false	false	33, 38, 44, 89, 90, 91, 94, 96, 97, 98, 102, 103, 110, 121, 123
Lag2Neutral	11	false	false	true	33, 38, 44, 89, 90, 94, 96, 97, 98, 102, 103, 110, 121, 123
Lag2Neutral	12	false	false	false	33, 38, 44, 89, 90, 91, 94, 96, 97, 98, 102, 103, 110, 121, 123
Lag2Neutral	13	false	false	false	33, 38, 44, 89, 90, 94, 96, 97, 98, 102, 103, 110, 121, 123
Lag2Neutral	14	false	false	false	33, 38, 44, 89, 90, 94, 96, 97, 98, 102, 103, 110, 121, 123
Lag2Neutral	15	false	false	false	33, 38, 44, 89, 90, 94, 96, 97, 98, 102, 103, 110, 114, 121, 123
Lag2Neutral	16	false	false	false	33, 38, 44, 96, 97, 98, 102, 103, 110, 114, 121, 123
Lag2Neutral	17	false	false	false	33, 38, 44, 89, 90, 91, 94, 96, 97, 98, 102, 103, 110, 114, 121, 123
Lag2Neutral	18	false	true	false	33, 38, 44, 96, 97, 98, 102, 103, 110, 114, 121, 123, 126, 127
Lag2Neutral	19	false	false	false	33, 38, 89, 94, 96, 97, 98, 102, 103, 110, 114, 121, 123
Lag2Neutral	20	false	false	false	33, 38, 96, 97, 98, 102, 103, 110, 114, 121, 123
Lag2Neutral	21	false	true	true	25, 26, 32, 33, 38, 47, 51, 52, 53, 57, 58, 59, 60, 64, 65, 66, 67, 68, 69, 70, 71, 73, 89, 90, 91, 94, 96, 110, 114, 117, 119, 121, 123, 125, 126, 127, 128
Lag2Neutral	22	false	false	false	33, 37, 38, 41, 42, 45, 46, 47, 50, 51, 52, 53, 56, 57, 58, 59, 60, 61, 63, 64, 65, 66, 67, 68, 69, 70, 71, 73, 96, 110, 114, 121, 123
Lag2Neutral	23	false	false	false	33, 38, 65, 89, 94, 96, 98, 110, 114, 121, 123
Lag2Neutral	24	false	false	true	33, 38, 89, 90, 94, 96, 98, 110, 114, 121, 123
Lag2Neutral	25	true	false	false	33, 38, 87, 98, 110, 114, 121, 123
Lag2Neutral	26	false	false	false	33, 38, 45, 56, 58, 59, 63, 64, 65, 68, 69, 89, 90, 91, 94, 96, 98, 110, 114, 121, 123
Lag2Neutral	27	false	false	false	33, 38, 47, 89, 90, 94, 96, 98, 110, 114, 121, 123
Lag2Neutral	28	true	false	false	33, 38, 89, 90, 91, 94, 110, 114, 121, 123
Lag2Neutral	29	true	false	false	33, 38, 89, 90, 91, 94, 110, 114, 121, 123
Lag2Neutral	30	true	false	false	33, 38, 89, 90, 94, 110, 114, 121, 123
Lag2Neutral	31	false	false	true	33, 38, 89, 90, 91, 94, 110, 114, 121, 123, 125
Lag2Neutral	32	false	false	true	33, 38, 43, 89, 90, 94, 110, 114, 121, 123, 128
Lag2Neutral	33	true	false	false	33, 38, 89, 90, 94, 110, 114, 121, 123
Lag2Neutral	34	false	false	false	33, 36, 38, 42, 46, 47, 52, 89, 90, 94, 110, 114, 121, 123
Lag2Neutral	35	true	false	false	33, 38, 89, 90, 91, 94, 110, 114, 121, 123
Lag2Neutral	36	true	false	false	33, 38, 89, 90, 94, 110, 114, 121, 123
Lag2Neutral	37	false	false	true	33, 38, 89, 90, 91, 94, 110, 114, 121, 123, 125
Lag2Neutral	38	true	false	false	33, 38, 89, 90, 91, 94, 110, 114, 121, 123
Lag2Neutral	39	true	false	false	33, 38, 89, 90, 91, 94, 110, 114, 121, 123
Lag2Neutral	40	true	false	false	33, 38, 89, 90, 91, 94, 110, 114, 121, 123
Lag2Neutral	41	false	false	false	33, 38, 43, 89, 90, 91, 94, 110, 114, 121, 123
Lag2Neutral	42	true	false	false	33, 38, 89, 90, 94, 110, 114, 121, 123
Lag2Neutral	43	true	false	false	33, 38, 65, 71, 89, 94, 110, 114, 121, 123
Lag2Neutral	44	false	false	false	33, 38, 71, 89, 90, 91, 94, 110, 114, 121, 123
Lag2Neutral	45	false	false	false	33, 38, 71, 89, 90, 91, 94, 110, 114, 121, 123
Lag2Neutral	46	true	false	false	33, 38, 89, 90, 94, 110, 114, 121, 123
Lag2Neutral	47	true	false	false	33, 38, 89, 90, 94, 110, 114, 121, 123
Lag2Neutral	48	false	false	true	33, 38, 71, 89, 90, 94, 110, 114, 121, 123, 125
Lag2Neutral	49	true	false	false	33, 38, 71, 89, 90, 94, 110, 114, 121, 123
Lag2Neutral	50	false	false	false	33, 38, 71, 89, 90, 91, 94, 110, 114, 121, 123
Lag2Neutral	51	true	false	false	33, 38, 89, 90, 94, 110, 114, 121, 123
Lag2Neutral	52	false	false	false	2, 32, 33, 38, 89, 90, 94, 110, 114, 121, 123
Lag2Neutral	53	false	false	false	33, 38, 71, 89, 90, 91, 94, 110, 114, 121, 123
Lag2Neutral	54	true	false	false	33, 38, 89, 94, 114, 121, 123
Lag2Neutral	55	true	false	false	33, 38, 65, 89, 90, 91, 94, 114, 121, 123
Lag2Neutral	56	true	false	false	33, 38, 89, 94, 114, 121, 123
Lag2Neutral	57	true	false	false	33, 38, 71, 89, 90, 91, 94, 114, 121, 123
Lag2Neutral	58	true	false	false	33, 38, 71, 89, 90, 91, 94, 114, 121, 123
Lag2Neutral	59	true	false	false	33, 38, 89, 90, 94, 114, 121, 123
Lag2Neutral	60	false	false	false	3, 33, 38, 71, 89, 90, 91, 94, 114, 121, 123
Lag2Neutral	61	true	false	false	33, 38, 89, 90, 94, 114, 121
Lag2Neutral	62	true	false	false	33, 38, 89, 90, 94, 114, 121
Lag2Neutral	63	false	false	true	3, 33, 38, 45, 47, 52, 58, 59, 60, 64, 65, 66, 67, 68, 69, 70, 71, 73, 89, 90, 91, 94, 114, 121, 123, 128
Lag2Neutral	64	false	false	true	3, 32, 33, 38, 45, 71, 89, 90, 91, 94, 114, 121, 123
Lag2Neutral	65	true	false	false	33, 38, 71, 89, 90, 91, 94, 114, 121
Lag2Neutral	66	false	false	false	1, 2, 3, 5, 6, 8, 9, 10, 11, 12, 14, 15, 16, 17, 18, 19, 20, 21, 22, 23, 24, 25, 26, 27, 28, 29, 32, 33, 34, 35, 36, 37, 38, 39, 40, 41, 42, 43, 45, 46, 47, 48, 49, 50, 51, 52, 53, 54, 55, 56, 57, 58, 59, 60, 62, 63, 64, 65, 66, 67, 68, 69, 70, 71, 72, 73, 74, 75, 80, 81, 82, 87, 88, 89, 90, 91, 94, 105, 113, 114, 120, 121, 124, 125, 126, 127
Lag2Neutral	67	false	false	false	3, 9, 33, 38, 45, 70, 71, 89, 90, 91, 94, 113, 114, 117, 120, 121, 124
Lag2Neutral	68	false	false	false	33, 38, 43, 45, 71, 89, 90, 91, 94, 114, 121
Lag2Neutral	69	true	false	false	33, 38, 45, 71, 89, 90, 94, 114, 121
Lag2Neutral	70	true	false	false	33, 38, 71, 89, 90, 94, 114, 121
Lag2Neutral	71	true	false	false	33, 38, 45, 89, 94, 114, 121
Lag2Neutral	72	false	false	false	3, 33, 38, 42, 45, 47, 89, 90, 91, 94, 114, 121
Lag2Neutral	73	true	false	false	33, 38, 45, 65, 70, 71, 89, 94, 114, 121
Lag2Neutral	74	false	false	false	3, 33, 38, 45, 71, 89, 90, 91, 94, 114, 121
Lag2Neutral	75	false	false	false	3, 33, 38, 45, 89, 90, 91, 94, 113, 114, 121
Lag2Neutral	76	false	true	false	33, 38, 45, 89, 90, 94, 114, 121, 127
Lag2Neutral	77	false	false	false	3, 33, 38, 45, 71, 89, 90, 94, 113, 114, 117, 121, 124
Lag2Neutral	78	false	false	false	3, 9, 33, 38, 45, 70, 71, 89, 90, 91, 94, 114, 117, 121, 124
Lag2Neutral	79	false	false	true	3, 33, 38, 45, 70, 89, 90, 91, 94, 114, 117, 121, 124, 125
Lag2Neutral	80	false	false	false	3, 33, 36, 38, 42, 45, 47, 58, 59, 60, 64, 65, 66, 68, 69, 70, 73, 89, 90, 94, 121
Lag2Neutral	81	false	true	true	3, 9, 20, 33, 37, 38, 39, 41, 42, 45, 46, 47, 48, 49, 50, 51, 52, 53, 56, 57, 58, 59, 60, 61, 63, 64, 65, 66, 67, 68, 69, 70, 71, 73, 89, 90, 91, 94, 113, 114, 117, 120, 121, 124, 127
Lag2Neutral	82	false	false	false	3, 33, 38, 45, 70, 71, 89, 90, 91, 94, 117, 121, 124
Lag2Neutral	83	false	false	false	3, 9, 33, 38, 45, 66, 67, 70, 71, 89, 90, 94, 117, 121, 124
Lag2Neutral	84	false	false	true	3, 33, 38, 45, 70, 71, 89, 90, 91, 94, 117, 121, 124, 128
Lag2Neutral	85	false	false	true	3, 9, 33, 38, 45, 62, 66, 67, 70, 71, 72, 74, 75, 81, 82, 88, 89, 90, 91, 94, 117, 121, 124, 128
Lag2Neutral	86	false	false	false	3, 9, 33, 38, 43, 45, 48, 55, 62, 65, 66, 67, 70, 71, 72, 74, 75, 81, 82, 88, 89, 90, 91, 94, 117, 121, 124, 127
Lag2Neutral	87	false	false	false	3, 33, 38, 45, 70, 71, 89, 90, 94, 117, 121, 124
Lag2Neutral	88	false	false	true	3, 9, 33, 38, 43, 45, 66, 67, 70, 71, 89, 90, 91, 94, 113, 117, 118, 121, 124, 125, 128
Lag2Neutral	89	false	false	false	3, 33, 38, 45, 70, 71, 89, 90, 91, 94, 117, 121, 124
Lag2Neutral	90	false	false	false	3, 9, 33, 38, 43, 45, 62, 66, 67, 70, 71, 72, 74, 75, 81, 82, 88, 89, 90, 91, 94, 117, 121, 124
Lag2Neutral	91	false	true	false	2, 3, 8, 9, 14, 15, 17, 21, 22, 25, 33, 38, 45, 66, 67, 70, 71, 89, 90, 91, 94, 113, 117, 121, 124, 127
Lag2Neutral	92	false	false	false	3, 33, 38, 45, 65, 66, 67, 70, 71, 89, 90, 91, 94, 117, 121, 124
Lag2Neutral	93	false	false	false	3, 6, 9, 33, 38, 45, 65, 66, 67, 69, 70, 71, 73, 89, 90, 91, 94, 117, 121, 124
Lag2Neutral	94	false	false	false	3, 9, 33, 38, 45, 62, 65, 66, 67, 69, 70, 71, 72, 73, 74, 75, 81, 82, 88, 89, 90, 91, 94, 113, 117, 121, 124, 127
Lag2Neutral	95	false	false	false	3, 9, 33, 38, 45, 66, 67, 70, 71, 74, 75, 81, 82, 88, 89, 90, 91, 94, 113, 117, 121, 124
Lag2Neutral	96	false	false	false	3, 9, 27, 33, 37, 38, 39, 41, 45, 46, 47, 49, 50, 51, 52, 53, 56, 57, 58, 59, 60, 62, 63, 64, 65, 66, 67, 68, 69, 70, 71, 72, 73, 74, 75, 81, 82, 88, 89, 90, 91, 94, 113, 117, 121, 124
Lag2Neutral	97	false	true	false	3, 8, 9, 14, 15, 16, 17, 21, 22, 25, 33, 38, 45, 70, 89, 90, 91, 94, 113, 117, 121, 124, 127
Lag2Neutral	98	false	false	true	1, 2, 3, 4, 5, 6, 8, 9, 10, 11, 12, 13, 14, 15, 16, 17, 18, 19, 20, 21, 22, 23, 24, 25, 26, 27, 28, 29, 31, 32, 33, 34, 35, 36, 37, 38, 39, 40, 41, 42, 43, 45, 46, 47, 48, 49, 50, 51, 52, 53, 54, 55, 56, 57, 58, 59, 60, 62, 63, 64, 65, 66, 67, 68, 69, 70, 71, 72, 73, 74, 75, 76, 77, 78, 79, 80, 81, 82, 83, 84, 85, 86, 87, 88, 89, 90, 91, 94, 104, 105, 106, 111, 112, 113, 117, 118, 119, 120, 121, 124, 125, 126, 127, 128
Lag2Neutral	99	false	false	false	3, 9, 27, 33, 38, 45, 62, 66, 67, 70, 71, 72, 74, 75, 81, 82, 88, 89, 90, 91, 94, 113, 117, 118, 121, 124
Lag2Neutral	100	false	false	false	3, 33, 38, 45, 70, 71, 89, 90, 94, 117, 121, 124
Lag2Negative	1	false	false	false	33, 44, 95, 96, 97, 98, 99, 100, 101, 102, 103, 107, 109, 110, 116, 123
Lag2Negative	2	false	false	false	33, 44, 95, 96, 97, 98, 99, 100, 101, 102, 103, 107, 109, 110, 116, 123
Lag2Negative	3	false	false	true	33, 38, 44, 95, 96, 97, 98, 100, 101, 102, 103, 107, 109, 110, 116, 123
Lag2Negative	4	false	false	true	33, 44, 96, 97, 98, 102, 103, 109, 110, 116, 123
Lag2Negative	5	false	false	true	33, 44, 89, 90, 94, 96, 97, 98, 102, 103, 109, 110, 116, 123, 127
Lag2Negative	6	false	false	false	33, 38, 44, 96, 97, 98, 102, 103, 109, 110, 116, 123
Lag2Negative	7	false	false	false	33, 38, 44, 77, 89, 90, 94, 96, 97, 98, 102, 103, 109, 110, 116, 123
Lag2Negative	8	false	false	false	33, 38, 44, 53, 96, 97, 98, 102, 103, 109, 110, 116, 121, 123
Lag2Negative	9	false	false	false	33, 44, 89, 90, 91, 94, 96, 97, 98, 102, 103, 109, 110, 116, 123
Lag2Negative	10	false	true	false	17, 33, 44, 65, 94, 96, 97, 98, 102, 103, 110, 123
Lag2Negative	11	false	false	false	33, 44, 58, 59, 64, 65, 68, 69, 89, 90, 94, 96, 97, 98, 102, 103, 110, 121, 123
Lag2Negative	12	false	false	true	33, 38, 42, 44, 65, 89, 90, 91, 94, 96, 97, 98, 102, 103, 109, 110, 121, 123, 125, 128
Lag2Negative	13	false	false	false	33, 38, 44, 65, 69, 96, 97, 98, 102, 103, 109, 110, 119, 121, 123
Lag2Negative	14	false	false	false	33, 44, 89, 90, 94, 96, 97, 98, 102, 103, 109, 110, 121, 123
Lag2Negative	15	false	false	true	33, 38, 44, 89, 90, 91, 94, 96, 97, 98, 102, 103, 109, 110, 116, 121, 123
Lag2Negative	16	false	false	true	33, 38, 44, 96, 97, 98, 102, 103, 110, 121, 123
Lag2Negative	17	false	false	true	33, 38, 43, 44, 89, 90, 94, 96, 97, 98, 102, 103, 110, 121, 123, 128
Lag2Negative	18	false	false	false	33, 38, 44, 89, 90, 91, 94, 96, 97, 98, 102, 103, 110, 121, 123
Lag2Negative	19	false	false	false	33, 38, 44, 89, 90, 94, 96, 97, 98, 102, 103, 110, 114, 121, 123
Lag2Negative	20	false	false	false	33, 38, 94, 96, 97, 98, 102, 103, 110, 114, 121, 123
Lag2Negative	21	true	false	false	33, 38, 96, 110, 114, 121, 123
Lag2Negative	22	true	false	false	33, 38, 89, 94, 96, 98, 110, 114, 121, 123
Lag2Negative	23	false	false	false	33, 38, 96, 97, 98, 102, 103, 110, 114, 121, 123
Lag2Negative	24	true	false	false	33, 38, 89, 90, 94, 110, 114, 121, 123
Lag2Negative	25	true	false	false	33, 38, 110, 114, 121, 123
Lag2Negative	26	true	false	false	33, 38, 89, 90, 91, 94, 110, 114, 121, 123
Lag2Negative	27	true	false	false	33, 38, 89, 94, 110, 114, 121, 123
Lag2Negative	28	false	true	true	1, 2, 3, 4, 5, 6, 7, 8, 9, 10, 11, 12, 13, 14, 15, 16, 17, 18, 19, 20, 21, 22, 23, 24, 25, 26, 27, 28, 29, 30, 31, 32, 33, 34, 35, 36, 37, 38, 39, 40, 41, 42, 43, 45, 46, 47, 48, 49, 50, 51, 52, 53, 54, 55, 56, 57, 58, 59, 60, 61, 62, 63, 64, 65, 66, 67, 68, 69, 70, 71, 72, 73, 74, 75, 76, 77, 78, 79, 80, 81, 82, 83, 84, 85, 86, 87, 88, 89, 90, 91, 92, 94, 104, 105, 106, 110, 111, 112, 113, 114, 117, 118, 119, 120, 121, 123, 124, 125, 126, 127, 128
Lag2Negative	29	true	false	false	33, 38, 110, 114, 121, 123
Lag2Negative	30	true	false	false	33, 38, 89, 90, 91, 94, 110, 114, 121, 123
Lag2Negative	31	true	false	false	33, 38, 71, 110, 114, 121, 123
Lag2Negative	32	true	false	false	33, 38, 43, 89, 90, 94, 110, 114, 121, 123
Lag2Negative	33	true	false	false	33, 38, 43, 89, 94, 110, 114, 121, 123
Lag2Negative	34	false	false	false	33, 38, 42, 47, 89, 90, 91, 94, 110, 114, 121, 123
Lag2Negative	35	true	false	false	33, 38, 71, 89, 90, 94, 110, 114, 121, 123
Lag2Negative	36	false	false	false	33, 38, 65, 71, 89, 90, 91, 94, 110, 114, 121, 123
Lag2Negative	37	false	false	false	33, 38, 47, 51, 52, 53, 57, 58, 59, 60, 64, 65, 66, 67, 68, 69, 70, 71, 73, 89, 94, 110, 114, 121, 123
Lag2Negative	38	false	false	true	33, 38, 89, 94, 110, 114, 121, 123, 128
Lag2Negative	39	false	false	true	33, 38, 43, 89, 90, 94, 110, 114, 121, 123
Lag2Negative	40	true	false	false	33, 38, 110, 114, 121, 123
Lag2Negative	41	true	false	false	33, 38, 71, 110, 114, 121, 123
Lag2Negative	42	true	false	false	33, 38, 89, 90, 94, 110, 113, 114, 121, 123
Lag2Negative	43	true	false	false	33, 38, 89, 90, 91, 94, 110, 114, 121, 123
Lag2Negative	44	false	false	false	33, 38, 71, 89, 90, 91, 94, 110, 114, 121, 123
Lag2Negative	45	false	false	false	33, 38, 71, 89, 90, 91, 94, 110, 114, 121, 123
Lag2Negative	46	false	false	true	33, 38, 71, 89, 94, 110, 114, 121, 123
Lag2Negative	47	true	false	false	33, 38, 89, 90, 94, 110, 114, 121, 123
Lag2Negative	48	false	false	false	32, 33, 38, 71, 89, 90, 91, 94, 110, 114, 121, 123
Lag2Negative	49	true	false	false	33, 38, 89, 90, 91, 94, 110, 114, 121, 123
Lag2Negative	50	false	false	false	33, 38, 71, 89, 90, 91, 94, 110, 114, 121, 123
Lag2Negative	51	true	false	false	33, 38, 89, 90, 91, 94, 110, 114, 121, 123
Lag2Negative	52	true	false	false	33, 38, 89, 90, 91, 94, 110, 114, 121, 123
Lag2Negative	53	false	false	false	33, 38, 89, 90, 91, 94, 110, 114, 119, 121, 123
Lag2Negative	54	false	false	true	33, 38, 71, 89, 90, 91, 94, 110, 114, 121, 123
Lag2Negative	55	false	false	true	3, 9, 33, 38, 71, 89, 90, 91, 94, 110, 114, 121, 123, 127
Lag2Negative	56	true	false	false	33, 38, 71, 89, 94, 114, 121, 123
Lag2Negative	57	true	false	false	33, 38, 89, 90, 91, 94, 114, 121, 123
Lag2Negative	58	false	false	true	33, 38, 71, 89, 90, 94, 114, 121, 123, 125
Lag2Negative	59	false	true	false	17, 25, 33, 38, 71, 89, 90, 91, 94, 114, 121, 123
Lag2Negative	60	true	false	false	3, 33, 38, 71, 89, 94, 114, 121, 123
Lag2Negative	61	false	false	false	3, 33, 38, 45, 71, 89, 90, 91, 94, 114, 121
Lag2Negative	62	false	false	false	3, 33, 38, 45, 89, 90, 91, 94, 114, 121, 123
Lag2Negative	63	false	false	false	3, 17, 33, 38, 45, 89, 90, 91, 94, 114, 121, 123
Lag2Negative	64	true	false	false	3, 33, 38, 45, 89, 94, 114, 121
Lag2Negative	65	false	false	false	3, 33, 38, 45, 71, 89, 90, 91, 94, 114, 121
Lag2Negative	66	true	false	false	3, 33, 38, 89, 90, 94, 114, 121
Lag2Negative	67	true	false	false	33, 38, 45, 89, 90, 94, 114, 121
Lag2Negative	68	true	false	false	3, 33, 38, 43, 45, 89, 94, 114, 121
Lag2Negative	69	true	false	false	33, 38, 45, 71, 89, 90, 91, 94, 114, 121
Lag2Negative	70	true	false	false	33, 38, 45, 89, 90, 91, 94, 114, 121
Lag2Negative	71	false	false	true	3, 33, 38, 42, 45, 71, 89, 94, 114, 121
Lag2Negative	72	true	false	false	3, 33, 38, 45, 71, 89, 90, 94, 114, 121
Lag2Negative	73	false	false	false	3, 33, 38, 45, 58, 64, 65, 69, 71, 73, 89, 90, 94, 114, 117, 121, 124
Lag2Negative	74	false	false	false	3, 33, 38, 45, 65, 71, 89, 90, 91, 94, 114, 117, 121, 124
Lag2Negative	75	false	false	false	3, 33, 38, 45, 65, 69, 71, 73, 89, 90, 94, 114, 121
Lag2Negative	76	true	false	false	3, 33, 38, 45, 89, 94, 114, 121, 124
Lag2Negative	77	false	false	false	3, 33, 38, 45, 70, 71, 89, 90, 91, 94, 114, 121
Lag2Negative	78	false	false	false	3, 33, 38, 45, 71, 89, 90, 91, 94, 114, 121
Lag2Negative	79	true	false	false	33, 38, 45, 89, 90, 91, 94, 114, 121
Lag2Negative	80	false	false	false	3, 33, 38, 45, 70, 71, 89, 90, 91, 94, 114, 121
Lag2Negative	81	false	true	true	3, 9, 26, 27, 32, 33, 37, 38, 39, 41, 42, 43, 45, 46, 47, 48, 49, 50, 51, 52, 53, 54, 56, 57, 58, 59, 60, 61, 62, 63, 64, 65, 66, 67, 68, 69, 70, 71, 72, 73, 74, 75, 77, 78, 81, 82, 83, 84, 85, 88, 89, 90, 91, 92, 94, 113, 114, 117, 118, 119, 120, 121, 124, 125, 126, 127, 128
Lag2Negative	82	false	false	false	3, 33, 38, 43, 45, 70, 71, 89, 90, 91, 94, 117, 121, 124
Lag2Negative	83	false	false	false	3, 33, 38, 45, 70, 71, 89, 90, 91, 94, 113, 117, 119, 121, 124
Lag2Negative	84	false	true	false	3, 21, 33, 38, 45, 66, 67, 70, 71, 89, 90, 91, 94, 117, 121, 124
Lag2Negative	85	false	false	false	3, 9, 33, 38, 45, 66, 67, 70, 71, 89, 90, 91, 94, 117, 121, 124
Lag2Negative	86	false	false	false	3, 33, 38, 45, 66, 67, 70, 71, 89, 90, 91, 94, 117, 121, 124
Lag2Negative	87	false	true	true	1, 2, 3, 4, 5, 6, 7, 8, 9, 10, 11, 12, 13, 14, 15, 16, 17, 18, 19, 20, 21, 22, 23, 24, 25, 26, 27, 28, 29, 30, 31, 32, 33, 34, 35, 36, 37, 38, 39, 40, 41, 42, 43, 45, 46, 47, 48, 49, 50, 51, 52, 53, 54, 55, 56, 57, 58, 59, 60, 61, 62, 63, 64, 65, 66, 67, 68, 69, 70, 71, 72, 73, 74, 75, 76, 77, 78, 79, 80, 81, 82, 83, 84, 85, 86, 87, 88, 89, 90, 91, 92, 93, 94, 104, 105, 106, 111, 112, 113, 117, 118, 119, 120, 121, 124, 125, 126, 127, 128
Lag2Negative	88	false	false	false	3, 9, 22, 33, 38, 45, 66, 67, 70, 71, 89, 90, 91, 94, 117, 119, 121, 124, 128
Lag2Negative	89	false	false	false	3, 9, 33, 37, 38, 41, 45, 46, 47, 50, 51, 52, 53, 56, 57, 58, 59, 60, 63, 64, 65, 66, 67, 68, 69, 70, 71, 73, 89, 90, 91, 94, 113, 117, 121, 124
Lag2Negative	90	false	false	false	3, 33, 38, 45, 70, 71, 89, 90, 91, 94, 117, 121, 124
Lag2Negative	91	false	false	true	3, 33, 38, 45, 62, 66, 67, 70, 71, 72, 74, 75, 81, 82, 88, 89, 90, 91, 94, 113, 117, 121, 124, 128
Lag2Negative	92	false	false	true	3, 33, 38, 45, 65, 66, 67, 69, 70, 71, 73, 89, 90, 91, 94, 113, 117, 121, 124, 125
Lag2Negative	93	false	false	true	3, 9, 33, 38, 45, 66, 67, 70, 71, 89, 90, 91, 94, 113, 117, 121, 124
Lag2Negative	94	false	false	false	3, 33, 38, 45, 66, 67, 70, 71, 89, 90, 91, 94, 113, 117, 118, 121, 124
Lag2Negative	95	false	false	true	3, 9, 33, 38, 45, 65, 66, 67, 70, 71, 89, 90, 91, 94, 113, 117, 119, 121, 124, 128
Lag2Negative	96	false	true	false	3, 8, 9, 14, 17, 21, 25, 33, 38, 45, 58, 59, 60, 64, 65, 66, 67, 68, 69, 70, 71, 73, 76, 77, 78, 79, 83, 84, 85, 86, 89, 90, 91, 94, 113, 117, 121, 124, 127
Lag2Negative	97	false	false	true	3, 33, 38, 45, 66, 67, 70, 71, 89, 90, 91, 94, 117, 121, 124, 125
Lag2Negative	98	false	false	false	3, 33, 38, 45, 66, 67, 70, 71, 89, 90, 91, 94, 117, 121, 124
Lag2Negative	99	false	false	false	3, 33, 38, 45, 70, 71, 89, 90, 91, 94, 117, 121, 124
Lag2Negative	100	false	false	false	3, 33, 38, 45, 70, 89, 90, 91, 94, 117, 118, 121, 124
Lag8Baseline	1	false	false	false	33, 38, 44, 65, 95, 96, 97, 98, 99, 100, 101, 102, 103, 107, 109, 110, 123, 126
Lag8Baseline	2	false	false	false	33, 44, 95, 96, 97, 98, 99, 100, 101, 102, 103, 107, 109, 110, 123
Lag8Baseline	3	false	false	false	33, 44, 96, 97, 98, 102, 103, 109, 110, 116, 123, 125
Lag8Baseline	4	false	false	true	33, 44, 89, 90, 91, 94, 96, 97, 98, 102, 103, 109, 110, 116, 123, 125
Lag8Baseline	5	false	true	true	2, 8, 14, 17, 21, 25, 33, 44, 89, 90, 91, 94, 96, 97, 98, 102, 103, 109, 110, 116, 123, 127, 128
Lag8Baseline	6	false	false	true	33, 38, 44, 89, 90, 91, 94, 96, 97, 98, 102, 103, 109, 110, 116, 123
Lag8Baseline	7	false	true	true	33, 44, 89, 90, 94, 96, 97, 98, 102, 103, 110, 121, 123
Lag8Baseline	8	false	false	false	33, 38, 44, 89, 90, 91, 94, 96, 97, 98, 102, 103, 110, 114, 121, 123
Lag8Baseline	9	false	false	true	33, 38, 44, 89, 90, 94, 96, 97, 98, 102, 103, 110, 121, 123
Lag8Baseline	10	false	false	false	33, 38, 44, 89, 90, 91, 94, 96, 97, 98, 102, 103, 110, 119, 121, 123
Lag8Baseline	11	false	false	true	33, 38, 43, 44, 89, 90, 91, 94, 96, 97, 98, 102, 103, 110, 121, 123
Lag8Baseline	12	false	false	false	33, 38, 44, 89, 90, 91, 94, 96, 97, 98, 102, 103, 110, 113, 114, 121, 123
Lag8Baseline	13	false	false	false	33, 38, 44, 89, 90, 91, 94, 96, 97, 98, 102, 103, 110, 121, 123
Lag8Baseline	14	false	false	false	33, 38, 44, 89, 90, 91, 94, 96, 97, 98, 102, 103, 110, 121, 123
Lag8Baseline	15	false	false	true	33, 38, 44, 96, 97, 98, 102, 103, 110, 121, 123
Lag8Baseline	16	false	false	false	33, 38, 44, 89, 90, 91, 94, 96, 97, 98, 102, 103, 110, 121, 123
Lag8Baseline	17	false	false	true	33, 38, 43, 44, 89, 90, 91, 94, 96, 97, 98, 102, 103, 110, 121, 123, 125
Lag8Baseline	18	false	false	false	33, 38, 44, 89, 90, 94, 96, 97, 98, 102, 103, 110, 121, 123
Lag8Baseline	19	false	false	true	33, 38, 89, 90, 91, 94, 96, 97, 98, 102, 103, 110, 114, 121, 123, 125
Lag8Baseline	20	false	false	true	33, 38, 89, 90, 94, 96, 97, 98, 102, 103, 110, 121, 123
Lag8Baseline	21	true	false	false	33, 38, 96, 98, 110, 114, 121, 123
Lag8Baseline	22	true	false	false	33, 38, 96, 98, 110, 114, 121, 123
Lag8Baseline	23	false	false	false	33, 38, 89, 90, 91, 94, 96, 98, 110, 114, 121, 123
Lag8Baseline	24	true	false	false	33, 38, 96, 98, 110, 114, 121, 123
Lag8Baseline	25	false	false	false	33, 38, 96, 97, 98, 102, 103, 110, 114, 121, 123
Lag8Baseline	26	false	false	false	33, 38, 96, 97, 98, 102, 103, 110, 114, 121, 123
Lag8Baseline	27	true	false	false	33, 38, 65, 96, 98, 110, 114, 121, 123
Lag8Baseline	28	false	false	false	33, 38, 89, 90, 91, 94, 96, 98, 110, 114, 121, 123
Lag8Baseline	29	true	false	false	33, 38, 53, 65, 110, 114, 121, 123
Lag8Baseline	30	true	false	false	33, 38, 89, 90, 94, 110, 114, 121, 123
Lag8Baseline	31	true	false	false	33, 38, 110, 114, 121, 123
Lag8Baseline	32	false	false	false	33, 38, 71, 89, 90, 91, 94, 110, 114, 121, 123
Lag8Baseline	33	false	false	false	33, 36, 37, 38, 42, 46, 47, 52, 110, 114, 121, 123
Lag8Baseline	34	false	false	false	2, 33, 38, 42, 89, 90, 94, 110, 114, 121, 123
Lag8Baseline	35	true	false	false	33, 38, 89, 90, 94, 110, 114, 121, 123
Lag8Baseline	36	true	false	false	33, 38, 110, 114, 121, 123
Lag8Baseline	37	true	false	false	33, 38, 43, 89, 90, 94, 110, 114, 121, 123
Lag8Baseline	38	true	false	false	33, 38, 43, 89, 94, 110, 114, 121, 123
Lag8Baseline	39	true	false	false	33, 38, 89, 90, 91, 94, 110, 114, 121, 123
Lag8Baseline	40	false	false	false	33, 38, 71, 89, 90, 91, 94, 110, 114, 121, 123
Lag8Baseline	41	true	false	false	33, 38, 43, 89, 90, 94, 110, 114, 121, 123
Lag8Baseline	42	false	false	false	33, 38, 71, 89, 90, 91, 94, 110, 114, 121, 123
Lag8Baseline	43	false	false	false	33, 38, 65, 69, 89, 90, 94, 110, 113, 114, 121, 123
Lag8Baseline	44	true	false	false	33, 38, 89, 90, 91, 94, 110, 114, 121, 123
Lag8Baseline	45	false	false	false	2, 33, 38, 43, 89, 90, 91, 94, 110, 114, 121, 123
Lag8Baseline	46	false	false	false	33, 38, 71, 89, 90, 91, 94, 110, 114, 121, 123
Lag8Baseline	47	true	false	false	33, 38, 71, 89, 94, 110, 114, 121, 123
Lag8Baseline	48	true	false	false	33, 38, 89, 90, 94, 110, 114, 121, 123
Lag8Baseline	49	true	false	false	33, 38, 71, 89, 94, 110, 114, 121, 123
Lag8Baseline	50	true	false	false	33, 38, 89, 90, 91, 94, 110, 114, 121, 123
Lag8Baseline	51	false	false	false	33, 38, 42, 58, 64, 65, 68, 69, 73, 89, 94, 110, 114, 121, 123
Lag8Baseline	52	false	false	false	33, 38, 71, 89, 90, 91, 94, 110, 114, 121, 123
Lag8Baseline	53	false	false	false	33, 38, 71, 89, 90, 91, 94, 110, 114, 121, 123
Lag8Baseline	54	false	true	true	1, 2, 3, 4, 8, 9, 14, 24, 25, 26, 27, 32, 33, 34, 36, 37, 38, 39, 41, 42, 43, 45, 46, 48, 49, 50, 51, 52, 53, 54, 55, 56, 57, 58, 59, 60, 61, 62, 63, 64, 65, 66, 67, 68, 69, 70, 71, 72, 73, 74, 75, 81, 82, 88, 89, 90, 91, 94, 113, 114, 117, 118, 119, 120, 121, 123, 124, 125, 126, 127, 128
Lag8Baseline	55	false	false	true	33, 38, 65, 71, 89, 90, 94, 114, 121, 123, 125
Lag8Baseline	56	false	true	true	17, 21, 33, 38, 89, 90, 91, 94, 114, 121, 123, 125
Lag8Baseline	57	false	false	true	33, 38, 89, 90, 94, 114, 121, 123, 125
Lag8Baseline	58	false	false	false	3, 33, 38, 71, 89, 90, 91, 94, 114, 121, 123
Lag8Baseline	59	false	false	false	3, 33, 38, 71, 89, 90, 91, 94, 114, 121, 123
Lag8Baseline	60	true	false	false	3, 33, 38, 89, 90, 91, 94, 114, 121, 123
Lag8Baseline	61	false	false	false	33, 38, 45, 65, 89, 90, 94, 114, 121, 123, 127
Lag8Baseline	62	true	false	false	33, 38, 45, 71, 89, 94, 114, 121, 123
Lag8Baseline	63	true	false	false	33, 38, 71, 89, 90, 91, 94, 114, 121
Lag8Baseline	64	true	false	false	33, 38, 45, 71, 89, 90, 94, 114, 121
Lag8Baseline	65	true	false	false	3, 33, 38, 45, 71, 89, 94, 114, 121
Lag8Baseline	66	false	false	true	1, 2, 3, 4, 5, 6, 7, 8, 9, 10, 11, 12, 13, 14, 15, 16, 17, 18, 19, 20, 21, 22, 23, 24, 25, 26, 27, 28, 29, 30, 31, 32, 33, 34, 35, 36, 37, 38, 39, 40, 41, 42, 43, 45, 46, 47, 48, 49, 50, 51, 52, 53, 54, 55, 56, 57, 58, 59, 60, 61, 62, 63, 64, 65, 66, 67, 68, 69, 70, 71, 72, 73, 74, 75, 76, 77, 78, 79, 80, 81, 82, 83, 84, 85, 86, 87, 88, 89, 90, 91, 92, 93, 94, 104, 105, 106, 111, 112, 113, 114, 117, 118, 119, 120, 121, 124, 125, 126, 127, 128
Lag8Baseline	67	true	false	false	33, 38, 45, 89, 94, 114, 121
Lag8Baseline	68	true	false	false	33, 38, 45, 89, 90, 91, 94, 114, 121
Lag8Baseline	69	false	false	true	3, 33, 38, 45, 71, 89, 90, 91, 94, 114, 121
Lag8Baseline	70	true	false	false	33, 38, 45, 89, 94, 114, 117, 121, 124
Lag8Baseline	71	false	false	false	3, 9, 33, 38, 45, 70, 71, 89, 90, 91, 94, 114, 117, 121, 124
Lag8Baseline	72	true	false	false	33, 38, 45, 70, 71, 89, 94, 114, 121
Lag8Baseline	73	true	false	false	3, 33, 38, 45, 71, 89, 94, 114, 121
Lag8Baseline	74	true	false	false	3, 33, 38, 45, 89, 90, 91, 94, 114, 121
Lag8Baseline	75	false	false	false	3, 33, 38, 45, 89, 90, 91, 94, 114, 117, 121, 124
Lag8Baseline	76	false	false	false	3, 33, 38, 45, 71, 89, 90, 94, 113, 114, 117, 121, 124
Lag8Baseline	77	false	false	false	3, 27, 33, 34, 36, 38, 42, 45, 47, 70, 71, 89, 90, 91, 94, 114, 117, 121, 124
Lag8Baseline	78	false	false	true	33, 38, 45, 89, 90, 91, 94, 114, 117, 121, 124
Lag8Baseline	79	false	false	true	3, 33, 38, 45, 71, 89, 90, 91, 94, 117, 118, 121, 124, 125
Lag8Baseline	80	false	true	true	1, 2, 3, 4, 5, 6, 7, 8, 9, 10, 11, 12, 13, 14, 15, 16, 17, 18, 19, 20, 21, 22, 23, 24, 25, 26, 27, 28, 29, 30, 31, 32, 33, 34, 35, 36, 37, 38, 39, 40, 41, 42, 43, 45, 46, 47, 48, 49, 50, 51, 52, 53, 54, 55, 56, 57, 58, 59, 60, 62, 63, 64, 65, 66, 67, 68, 69, 70, 71, 72, 73, 74, 75, 80, 81, 82, 87, 88, 89, 90, 91, 94, 104, 105, 106, 111, 112, 113, 114, 117, 118, 119, 120, 121, 124, 125, 126, 127, 128
Lag8Baseline	81	false	false	true	2, 3, 9, 30, 33, 38, 45, 66, 67, 70, 71, 89, 90, 91, 94, 113, 117, 118, 121, 124, 128
Lag8Baseline	82	false	false	false	3, 33, 38, 45, 70, 71, 89, 90, 91, 94, 117, 121, 124
Lag8Baseline	83	false	false	false	3, 9, 33, 38, 45, 65, 66, 67, 70, 71, 89, 90, 91, 94, 113, 117, 118, 121, 124
Lag8Baseline	84	true	false	false	3, 33, 38, 45, 70, 71, 89, 94, 121
Lag8Baseline	85	false	false	false	3, 33, 38, 45, 71, 89, 90, 91, 94, 117, 121, 124
Lag8Baseline	86	false	false	false	3, 33, 38, 45, 58, 59, 60, 64, 65, 68, 69, 70, 71, 73, 89, 94, 117, 121, 124
Lag8Baseline	87	false	false	true	3, 33, 38, 45, 70, 71, 89, 90, 91, 94, 117, 118, 121, 124, 128
Lag8Baseline	88	false	false	false	3, 33, 38, 45, 66, 67, 70, 71, 89, 90, 91, 94, 117, 121, 124
Lag8Baseline	89	false	false	true	3, 33, 38, 45, 70, 71, 89, 94, 117, 121, 124
Lag8Baseline	90	false	false	true	3, 33, 38, 45, 58, 64, 65, 69, 70, 73, 89, 90, 91, 94, 117, 118, 121, 124
Lag8Baseline	91	false	false	false	3, 33, 38, 45, 70, 89, 90, 91, 94, 117, 121, 124
Lag8Baseline	92	false	false	true	3, 9, 33, 38, 45, 65, 66, 67, 70, 71, 89, 90, 91, 94, 117, 121, 124, 128
Lag8Baseline	93	false	false	false	3, 33, 38, 45, 66, 67, 70, 89, 90, 91, 94, 113, 117, 119, 121, 124
Lag8Baseline	94	false	false	false	3, 9, 33, 38, 45, 66, 67, 70, 71, 89, 90, 91, 94, 113, 117, 118, 121, 124
Lag8Baseline	95	false	false	true	3, 9, 33, 38, 45, 66, 67, 70, 71, 89, 90, 91, 94, 113, 117, 121, 124, 128
Lag8Baseline	96	false	false	true	3, 9, 33, 38, 45, 58, 59, 60, 62, 64, 65, 66, 67, 68, 69, 70, 71, 72, 73, 74, 75, 81, 82, 88, 89, 90, 91, 94, 113, 117, 121, 124, 128
Lag8Baseline	97	false	false	true	3, 33, 38, 45, 70, 71, 89, 90, 91, 94, 117, 118, 121, 124
Lag8Baseline	98	false	false	false	3, 33, 38, 45, 66, 67, 70, 71, 89, 90, 91, 94, 117, 121, 124
Lag8Baseline	99	false	false	true	3, 33, 38, 45, 66, 67, 70, 71, 89, 90, 91, 94, 113, 117, 118, 121, 124
Lag8Baseline	100	false	false	false	3, 33, 38, 45, 70, 71, 89, 90, 94, 117, 121, 124
Lag8Neutral	1	false	false	true	33, 38, 44, 95, 96, 97, 98, 99, 100, 101, 102, 103, 107, 109, 110, 116, 123
Lag8Neutral	2	false	false	true	33, 38, 44, 95, 96, 97, 98, 99, 100, 101, 102, 103, 107, 109, 110, 123
Lag8Neutral	3	false	false	false	33, 44, 95, 96, 97, 98, 99, 100, 101, 102, 103, 107, 109, 110, 116, 123
Lag8Neutral	4	false	false	false	33, 38, 44, 89, 90, 91, 94, 95, 96, 97, 98, 99, 100, 101, 102, 103, 107, 109, 110, 116, 123
Lag8Neutral	5	false	false	false	33, 44, 89, 90, 91, 94, 95, 96, 97, 98, 100, 101, 102, 103, 107, 109, 110, 116, 123
Lag8Neutral	6	false	false	false	33, 38, 44, 89, 90, 94, 96, 97, 98, 102, 103, 109, 110, 116, 123
Lag8Neutral	7	false	false	false	33, 44, 89, 90, 91, 94, 96, 97, 98, 102, 103, 110, 121, 123
Lag8Neutral	8	false	false	false	33, 38, 44, 89, 90, 91, 94, 96, 97, 98, 102, 103, 109, 110, 116, 121, 123
Lag8Neutral	9	false	false	false	33, 38, 44, 89, 90, 94, 96, 97, 98, 102, 103, 109, 110, 116, 121, 123
Lag8Neutral	10	false	false	true	33, 38, 44, 89, 90, 91, 94, 96, 97, 98, 102, 103, 109, 110, 116, 121, 123
Lag8Neutral	11	false	false	false	33, 38, 44, 96, 97, 98, 102, 103, 110, 121, 123
Lag8Neutral	12	false	true	false	17, 21, 33, 38, 44, 96, 97, 98, 102, 103, 110, 119, 121, 123
Lag8Neutral	13	true	false	false	33, 38, 44, 96, 97, 98, 102, 103, 110, 123
Lag8Neutral	14	false	false	true	33, 38, 44, 89, 90, 91, 94, 96, 97, 98, 102, 103, 110, 121, 123
Lag8Neutral	15	false	false	false	33, 38, 44, 89, 90, 91, 94, 96, 97, 98, 102, 103, 110, 121, 123
Lag8Neutral	16	false	false	true	33, 38, 44, 96, 97, 98, 102, 103, 110, 121, 123, 128
Lag8Neutral	17	false	false	true	33, 38, 44, 89, 90, 91, 94, 96, 97, 98, 102, 103, 110, 121, 123
Lag8Neutral	18	false	false	false	33, 38, 44, 89, 90, 91, 94, 96, 97, 98, 102, 103, 110, 121, 123
Lag8Neutral	19	false	false	false	33, 38, 44, 89, 90, 91, 94, 96, 97, 98, 102, 103, 110, 114, 121, 123
Lag8Neutral	20	false	false	false	33, 38, 44, 89, 90, 91, 94, 96, 97, 98, 102, 103, 110, 114, 121, 123
Lag8Neutral	21	false	false	false	33, 38, 58, 64, 65, 68, 69, 89, 90, 91, 94, 96, 110, 114, 118, 121, 123, 124
Lag8Neutral	22	false	true	false	33, 38, 89, 90, 94, 96, 110, 121, 123, 127
Lag8Neutral	23	false	false	false	33, 38, 47, 52, 53, 58, 59, 60, 64, 65, 66, 67, 68, 69, 70, 73, 110, 114, 121, 123
Lag8Neutral	24	false	false	false	33, 38, 89, 90, 91, 94, 96, 98, 110, 114, 121, 123
Lag8Neutral	25	false	false	false	33, 38, 45, 49, 50, 51, 52, 53, 56, 57, 63, 68, 89, 90, 94, 96, 97, 98, 102, 103, 110, 114, 121, 123, 125
Lag8Neutral	26	true	false	false	33, 38, 89, 94, 110, 114, 119, 121, 123
Lag8Neutral	27	false	false	false	33, 38, 43, 89, 90, 94, 98, 110, 114, 119, 121, 123
Lag8Neutral	28	false	false	false	33, 38, 52, 53, 59, 64, 89, 94, 98, 110, 114, 121, 123
Lag8Neutral	29	true	false	false	33, 38, 89, 90, 91, 94, 110, 114, 121, 123
Lag8Neutral	30	true	false	false	33, 38, 89, 90, 94, 110, 114, 121, 123
Lag8Neutral	31	true	false	false	33, 38, 65, 89, 90, 94, 110, 114, 121, 123
Lag8Neutral	32	true	false	false	33, 38, 71, 98, 110, 114, 121, 123
Lag8Neutral	33	true	false	false	33, 38, 89, 94, 98, 110, 114, 121, 123
Lag8Neutral	34	true	false	false	33, 38, 89, 90, 91, 94, 110, 114, 121, 123
Lag8Neutral	35	true	false	false	33, 38, 89, 94, 110, 114, 121, 123
Lag8Neutral	36	true	false	false	33, 38, 89, 90, 94, 110, 114, 121, 123
Lag8Neutral	37	true	false	false	33, 38, 89, 94, 110, 114, 121, 123, 124
Lag8Neutral	38	false	false	false	33, 38, 47, 52, 53, 58, 59, 60, 64, 65, 66, 67, 68, 69, 70, 73, 110, 114, 121, 123
Lag8Neutral	39	true	false	false	33, 38, 71, 89, 94, 110, 114, 121, 123
Lag8Neutral	40	true	false	false	33, 38, 89, 94, 110, 114, 121, 123
Lag8Neutral	41	true	false	false	2, 33, 38, 89, 90, 94, 110, 114, 121, 123
Lag8Neutral	42	false	false	false	33, 38, 42, 47, 71, 89, 90, 94, 110, 114, 121, 123
Lag8Neutral	43	true	false	false	33, 38, 89, 90, 94, 110, 114, 121, 123
Lag8Neutral	44	true	false	false	33, 38, 89, 90, 94, 110, 114, 121, 123
Lag8Neutral	45	false	false	false	33, 38, 71, 89, 90, 91, 94, 110, 114, 121, 123
Lag8Neutral	46	false	false	true	33, 37, 38, 42, 45, 46, 47, 49, 50, 51, 52, 53, 56, 57, 58, 59, 60, 61, 63, 64, 65, 66, 67, 68, 69, 70, 71, 73, 74, 81, 82, 88, 89, 90, 91, 94, 110, 113, 114, 121, 123, 128
Lag8Neutral	47	true	false	false	33, 38, 71, 89, 90, 94, 110, 114, 121, 123
Lag8Neutral	48	true	false	false	33, 38, 89, 90, 91, 94, 110, 114, 121, 123
Lag8Neutral	49	true	false	false	33, 38, 71, 89, 90, 94, 110, 114, 121, 123
Lag8Neutral	50	true	false	false	33, 38, 89, 94, 110, 114, 121, 123
Lag8Neutral	51	true	false	false	33, 38, 89, 90, 91, 94, 110, 114, 121, 123
Lag8Neutral	52	false	false	false	30, 33, 38, 65, 69, 89, 94, 110, 114, 121, 123
Lag8Neutral	53	false	false	false	33, 38, 71, 89, 90, 91, 94, 110, 114, 121, 123
Lag8Neutral	54	true	false	false	33, 38, 71, 89, 94, 110, 114, 121, 123
Lag8Neutral	55	false	false	false	33, 38, 58, 59, 60, 64, 65, 66, 67, 68, 69, 70, 71, 73, 89, 90, 94, 110, 114, 121, 123
Lag8Neutral	56	true	false	false	33, 38, 89, 90, 94, 110, 114, 121, 123
Lag8Neutral	57	true	false	false	33, 38, 71, 89, 94, 114, 121, 123
Lag8Neutral	58	true	false	false	33, 38, 71, 89, 94, 114, 121, 123
Lag8Neutral	59	false	false	false	3, 8, 33, 38, 45, 58, 64, 65, 69, 70, 71, 73, 89, 90, 94, 114, 121, 123, 125
Lag8Neutral	60	true	false	false	3, 33, 38, 89, 94, 114, 121, 123
Lag8Neutral	61	true	false	false	33, 38, 89, 90, 94, 114, 121, 123
Lag8Neutral	62	true	false	false	3, 33, 38, 89, 94, 114, 121, 123
Lag8Neutral	63	true	false	false	3, 33, 38, 45, 89, 90, 91, 94, 114, 121
Lag8Neutral	64	false	false	false	33, 38, 45, 58, 64, 65, 68, 69, 73, 89, 90, 91, 94, 114, 121
Lag8Neutral	65	true	false	false	33, 38, 71, 89, 90, 94, 114, 121
Lag8Neutral	66	true	false	false	33, 38, 42, 45, 46, 47, 89, 94, 114, 121
Lag8Neutral	67	true	false	false	33, 38, 45, 71, 89, 94, 114, 121
Lag8Neutral	68	true	false	false	3, 33, 38, 89, 90, 94, 114, 121
Lag8Neutral	69	true	false	false	33, 38, 45, 71, 89, 90, 91, 94, 114, 121
Lag8Neutral	70	false	false	false	3, 9, 33, 38, 45, 71, 89, 90, 91, 94, 114, 121
Lag8Neutral	71	false	false	false	3, 33, 38, 45, 65, 70, 71, 89, 90, 94, 114, 117, 119, 121, 124
Lag8Neutral	72	false	false	false	3, 33, 38, 43, 45, 71, 89, 90, 91, 94, 114, 117, 121, 124
Lag8Neutral	73	true	false	false	3, 33, 37, 38, 45, 89, 94, 114, 121
Lag8Neutral	74	false	false	false	3, 33, 38, 45, 71, 89, 90, 94, 113, 114, 121
Lag8Neutral	75	false	false	false	3, 33, 38, 45, 89, 90, 91, 94, 114, 117, 121, 124
Lag8Neutral	76	false	false	false	3, 33, 38, 43, 45, 89, 90, 91, 94, 114, 121
Lag8Neutral	77	false	false	false	3, 33, 38, 45, 89, 90, 91, 94, 114, 117, 121
Lag8Neutral	78	false	false	true	3, 33, 38, 45, 70, 89, 90, 91, 94, 114, 121, 125
Lag8Neutral	79	true	false	false	3, 33, 38, 43, 45, 70, 89, 94, 114, 121
Lag8Neutral	80	false	false	false	3, 33, 38, 45, 71, 89, 90, 94, 114, 117, 119, 121, 124
Lag8Neutral	81	false	false	false	3, 33, 38, 45, 70, 71, 89, 90, 91, 94, 117, 121, 124
Lag8Neutral	82	false	false	false	3, 33, 38, 45, 70, 71, 89, 90, 91, 94, 117, 121, 124
Lag8Neutral	83	false	false	false	3, 33, 38, 45, 70, 71, 89, 90, 94, 117, 119, 121, 124
Lag8Neutral	84	false	false	true	3, 33, 38, 45, 70, 71, 89, 90, 91, 94, 117, 118, 121, 124
Lag8Neutral	85	false	false	false	3, 17, 33, 38, 45, 66, 67, 70, 71, 89, 90, 94, 117, 121, 124
Lag8Neutral	86	false	false	false	3, 33, 38, 45, 52, 58, 59, 60, 64, 65, 66, 67, 68, 69, 70, 71, 73, 89, 90, 91, 94, 117, 121, 124
Lag8Neutral	87	false	false	false	3, 33, 38, 45, 70, 71, 89, 90, 91, 94, 117, 121, 124
Lag8Neutral	88	false	true	true	1, 2, 3, 4, 5, 6, 8, 9, 10, 11, 12, 13, 14, 15, 16, 17, 18, 19, 20, 21, 22, 23, 24, 25, 26, 27, 28, 29, 30, 31, 32, 33, 34, 35, 36, 37, 38, 39, 40, 41, 42, 43, 45, 46, 47, 48, 49, 50, 51, 52, 53, 54, 55, 56, 57, 58, 59, 60, 61, 62, 63, 64, 65, 66, 67, 68, 69, 70, 71, 72, 73, 74, 75, 76, 77, 78, 79, 80, 81, 82, 83, 84, 85, 86, 87, 88, 89, 90, 91, 94, 104, 105, 106, 111, 112, 113, 117, 118, 119, 120, 121, 124, 125, 126, 127, 128
Lag8Neutral	89	false	false	false	3, 33, 38, 45, 70, 89, 90, 91, 94, 117, 121, 124
Lag8Neutral	90	false	false	false	3, 33, 38, 45, 70, 89, 90, 91, 94, 117, 121, 124
Lag8Neutral	91	false	false	false	3, 33, 38, 45, 66, 67, 70, 89, 90, 91, 94, 113, 117, 121, 124
Lag8Neutral	92	false	false	false	3, 33, 38, 45, 66, 67, 70, 71, 89, 94, 117, 121, 124
Lag8Neutral	93	false	false	true	3, 9, 33, 38, 45, 52, 53, 58, 59, 60, 64, 65, 66, 67, 68, 69, 70, 71, 73, 89, 90, 91, 94, 117, 119, 121, 124, 125
Lag8Neutral	94	false	false	false	3, 33, 38, 45, 89, 90, 91, 94, 117, 121, 124
Lag8Neutral	95	false	false	false	3, 33, 38, 45, 52, 58, 59, 60, 64, 65, 66, 67, 68, 69, 70, 71, 73, 89, 90, 91, 94, 117, 121, 124
Lag8Neutral	96	false	false	true	3, 32, 33, 38, 45, 47, 52, 53, 58, 59, 60, 64, 65, 66, 67, 68, 69, 70, 71, 73, 89, 90, 91, 94, 113, 117, 121, 124, 125, 128
Lag8Neutral	97	false	false	false	3, 33, 38, 45, 70, 71, 89, 90, 91, 94, 117, 121, 124
Lag8Neutral	98	false	false	false	3, 33, 38, 45, 66, 67, 70, 71, 89, 90, 91, 94, 117, 121, 124
Lag8Neutral	99	false	false	true	3, 8, 33, 38, 45, 70, 89, 90, 91, 94, 117, 119, 121, 124, 125
Lag8Neutral	100	false	false	true	3, 9, 33, 38, 43, 45, 66, 67, 70, 71, 89, 90, 91, 94, 117, 121, 124
Lag8Negative	1	false	false	false	33, 38, 44, 60, 66, 67, 70, 89, 90, 91, 94, 95, 96, 97, 98, 100, 101, 102, 103, 107, 109, 110, 116, 123
Lag8Negative	2	false	true	true	33, 38, 44, 89, 90, 91, 94, 95, 96, 97, 98, 101, 102, 103, 107, 109, 110, 113, 116, 123, 128
Lag8Negative	3	false	false	true	33, 38, 44, 89, 90, 94, 96, 97, 98, 102, 103, 109, 110, 116, 123
Lag8Negative	4	false	false	true	3, 8, 17, 32, 33, 38, 44, 47, 52, 53, 58, 59, 60, 64, 65, 68, 69, 73, 89, 90, 91, 94, 96, 97, 98, 102, 103, 109, 110, 113, 114, 121, 123
Lag8Negative	5	false	false	false	33, 38, 44, 96, 97, 98, 102, 103, 110, 121, 123
Lag8Negative	6	false	false	true	33, 38, 44, 96, 97, 98, 102, 103, 110, 121, 123, 125
Lag8Negative	7	false	false	false	33, 38, 44, 89, 90, 91, 94, 96, 97, 98, 102, 103, 110, 121, 123
Lag8Negative	8	false	true	false	33, 38, 44, 77, 89, 90, 91, 94, 96, 97, 98, 102, 103, 110, 121, 123, 127
Lag8Negative	9	false	false	false	33, 38, 44, 96, 97, 98, 102, 103, 110, 121, 123
Lag8Negative	10	false	false	false	33, 38, 44, 89, 90, 91, 94, 96, 97, 98, 102, 103, 110, 123
Lag8Negative	11	false	false	true	33, 38, 44, 96, 97, 98, 102, 103, 110, 121, 123, 128
Lag8Negative	12	false	true	false	14, 17, 21, 25, 33, 38, 44, 89, 90, 91, 94, 96, 97, 98, 102, 103, 110, 121, 123
Lag8Negative	13	false	false	true	33, 38, 44, 89, 90, 91, 94, 96, 97, 98, 102, 103, 110, 121, 123, 125
Lag8Negative	14	false	false	false	33, 38, 44, 65, 89, 90, 91, 94, 96, 97, 98, 102, 103, 110, 121, 123
Lag8Negative	15	false	false	true	33, 38, 44, 96, 97, 98, 102, 103, 110, 121, 123, 128
Lag8Negative	16	false	false	false	1, 2, 3, 4, 5, 6, 7, 8, 9, 10, 11, 12, 13, 14, 15, 16, 17, 18, 19, 20, 21, 22, 23, 24, 25, 26, 27, 28, 29, 30, 31, 32, 33, 34, 35, 36, 37, 38, 39, 40, 41, 42, 43, 44, 45, 46, 47, 48, 49, 50, 51, 52, 53, 54, 55, 56, 57, 58, 59, 60, 62, 63, 64, 65, 66, 67, 68, 69, 70, 71, 72, 73, 74, 75, 77, 78, 79, 80, 81, 82, 83, 84, 85, 86, 87, 88, 89, 90, 91, 92, 93, 94, 96, 97, 98, 102, 103, 104, 105, 106, 110, 111, 112, 113, 114, 117, 119, 120, 121, 123, 124, 125, 126, 127, 128
Lag8Negative	17	false	false	false	33, 38, 44, 89, 90, 91, 94, 96, 97, 98, 102, 103, 110, 113, 114, 121, 123
Lag8Negative	18	false	false	false	33, 38, 44, 89, 90, 91, 94, 96, 97, 98, 102, 103, 110, 121, 123
Lag8Negative	19	false	false	false	33, 38, 96, 97, 98, 102, 103, 110, 114, 121, 123
Lag8Negative	20	false	false	false	33, 38, 65, 89, 90, 91, 94, 96, 97, 98, 102, 103, 110, 114, 121, 123
Lag8Negative	21	false	false	true	33, 38, 65, 89, 94, 96, 98, 110, 114, 121, 123, 125
Lag8Negative	22	false	true	true	32, 33, 38, 89, 90, 94, 96, 98, 110, 113, 114, 121, 123, 125, 127
Lag8Negative	23	false	false	false	33, 38, 71, 89, 90, 94, 96, 98, 110, 121, 123, 127
Lag8Negative	24	true	false	false	33, 38, 96, 98, 110, 114, 119, 121, 123
Lag8Negative	25	false	false	false	33, 38, 89, 90, 91, 94, 96, 97, 98, 102, 103, 110, 114, 121, 123
Lag8Negative	26	false	false	false	33, 38, 71, 89, 90, 91, 94, 110, 114, 121, 123
Lag8Negative	27	true	false	false	33, 38, 71, 89, 90, 94, 110, 114, 121, 123
Lag8Negative	28	true	false	false	33, 38, 89, 90, 91, 94, 110, 114, 121, 123
Lag8Negative	29	true	false	false	33, 38, 89, 90, 91, 94, 110, 114, 121, 123
Lag8Negative	30	false	false	true	33, 38, 89, 90, 94, 110, 114, 121, 123, 126
Lag8Negative	31	false	true	true	33, 38, 43, 98, 110, 114, 121, 123
Lag8Negative	32	false	true	false	33, 36, 38, 42, 46, 47, 52, 89, 90, 94, 110, 114, 121, 123, 127
Lag8Negative	33	true	false	false	33, 38, 110, 114, 121, 123
Lag8Negative	34	true	false	false	33, 38, 41, 46, 47, 52, 110, 114, 121, 123
Lag8Negative	35	true	false	false	33, 38, 89, 94, 110, 114, 121, 123
Lag8Negative	36	true	false	false	33, 38, 43, 89, 90, 94, 110, 114, 121, 123
Lag8Negative	37	true	false	false	33, 38, 89, 90, 91, 94, 110, 114, 121, 123
Lag8Negative	38	false	false	false	33, 38, 71, 89, 90, 91, 94, 110, 114, 121, 123
Lag8Negative	39	true	false	false	33, 38, 89, 94, 110, 114, 121, 123
Lag8Negative	40	true	false	false	33, 38, 89, 90, 91, 94, 110, 114, 121, 123
Lag8Negative	41	true	false	false	33, 38, 94, 110, 114, 121, 123
Lag8Negative	42	true	false	false	33, 38, 89, 90, 91, 94, 110, 114, 121, 123
Lag8Negative	43	true	false	false	33, 38, 71, 89, 90, 94, 110, 114, 121, 123
Lag8Negative	44	true	false	false	33, 38, 89, 90, 91, 94, 110, 114, 121, 123
Lag8Negative	45	true	false	false	33, 38, 89, 94, 110, 114, 121, 123
Lag8Negative	46	true	false	false	33, 38, 89, 90, 91, 94, 110, 114, 121, 123
Lag8Negative	47	true	false	false	33, 38, 71, 89, 90, 94, 110, 114, 121, 123
Lag8Negative	48	false	false	false	33, 38, 71, 89, 90, 91, 94, 110, 114, 121, 123
Lag8Negative	49	true	false	false	33, 38, 89, 94, 110, 114, 121, 123
Lag8Negative	50	false	false	true	33, 38, 71, 89, 90, 91, 94, 110, 114, 121, 123, 125, 128
Lag8Negative	51	true	false	false	33, 38, 89, 90, 94, 110, 114, 119, 121, 123
Lag8Negative	52	true	false	false	33, 38, 89, 90, 94, 110, 114, 121, 123
Lag8Negative	53	false	false	true	33, 38, 89, 90, 94, 110, 114, 121, 123
Lag8Negative	54	true	false	false	3, 33, 38, 89, 90, 94, 114, 121, 123
Lag8Negative	55	false	false	true	33, 38, 65, 89, 90, 94, 114, 121, 123
Lag8Negative	56	true	false	false	33, 38, 71, 89, 90, 94, 114, 121, 123
Lag8Negative	57	true	false	false	33, 38, 71, 89, 90, 91, 94, 114, 121, 123
Lag8Negative	58	true	false	false	33, 38, 89, 94, 114, 121, 123
Lag8Negative	59	true	false	false	33, 38, 89, 90, 94, 114, 121, 123
Lag8Negative	60	false	true	true	33, 38, 71, 89, 90, 91, 94, 114, 121, 123, 125
Lag8Negative	61	false	true	true	3, 33, 38, 42, 45, 47, 65, 71, 89, 90, 91, 94, 114, 121, 123, 127
Lag8Negative	62	true	false	false	33, 38, 89, 90, 94, 114, 121, 123
Lag8Negative	63	true	false	false	33, 38, 45, 71, 89, 90, 94, 114, 121, 123
Lag8Negative	64	true	false	false	3, 33, 38, 71, 89, 94, 114, 121, 123
Lag8Negative	65	true	false	false	33, 38, 71, 89, 90, 91, 94, 114, 121, 123
Lag8Negative	66	true	false	false	33, 38, 71, 89, 90, 91, 94, 114, 121, 123
Lag8Negative	67	true	false	false	33, 38, 45, 71, 89, 90, 94, 114, 121
Lag8Negative	68	true	false	false	3, 33, 38, 45, 89, 90, 91, 94, 114, 121
Lag8Negative	69	true	false	false	33, 38, 71, 89, 90, 94, 114, 121
Lag8Negative	70	true	false	false	33, 38, 45, 71, 89, 90, 94, 114, 121
Lag8Negative	71	false	false	true	3, 9, 33, 38, 39, 41, 42, 45, 46, 47, 49, 50, 51, 52, 53, 56, 57, 58, 59, 60, 63, 64, 65, 66, 67, 68, 69, 70, 71, 73, 89, 90, 91, 94, 114, 121, 125, 128
Lag8Negative	72	false	false	false	3, 33, 38, 45, 71, 89, 90, 91, 94, 114, 121, 124
Lag8Negative	73	true	false	false	3, 33, 38, 45, 89, 90, 94, 114, 121
Lag8Negative	74	false	false	true	3, 9, 28, 33, 34, 37, 38, 39, 41, 42, 45, 46, 49, 50, 51, 52, 53, 56, 57, 58, 59, 60, 62, 63, 64, 65, 66, 67, 68, 69, 70, 71, 72, 73, 74, 75, 81, 82, 88, 89, 90, 91, 94, 113, 114, 117, 121, 124, 125, 126
Lag8Negative	75	false	false	false	33, 38, 45, 65, 89, 90, 94, 114, 117, 121, 124
Lag8Negative	76	false	false	false	3, 33, 38, 45, 71, 89, 90, 91, 94, 114, 121
Lag8Negative	77	true	false	false	33, 38, 45, 71, 89, 90, 91, 94, 114, 121
Lag8Negative	78	true	false	false	3, 33, 38, 45, 89, 90, 94, 114, 121
Lag8Negative	79	false	false	true	3, 32, 33, 38, 45, 71, 89, 90, 91, 94, 114, 121
Lag8Negative	80	false	false	true	3, 9, 33, 38, 43, 45, 46, 52, 58, 59, 60, 64, 65, 66, 67, 68, 69, 70, 71, 73, 89, 90, 94, 114, 121, 124, 125
Lag8Negative	81	false	false	false	3, 33, 38, 45, 70, 71, 89, 90, 91, 94, 117, 121, 124
Lag8Negative	82	false	true	false	3, 8, 33, 38, 45, 70, 71, 89, 94, 117, 121, 124
Lag8Negative	83	false	false	false	33, 38, 45, 70, 71, 89, 90, 91, 94, 113, 117, 121, 124
Lag8Negative	84	false	false	false	3, 33, 38, 45, 70, 71, 89, 90, 91, 94, 117, 121, 124
Lag8Negative	85	false	false	false	3, 9, 33, 38, 43, 45, 62, 70, 71, 72, 74, 75, 81, 82, 88, 89, 90, 91, 94, 117, 118, 121, 124
Lag8Negative	86	false	false	false	3, 33, 38, 45, 70, 71, 89, 90, 91, 94, 121
Lag8Negative	87	false	false	false	3, 33, 38, 45, 70, 71, 89, 90, 94, 117, 118, 121, 124
Lag8Negative	88	false	false	true	3, 33, 38, 45, 89, 90, 91, 94, 117, 121, 124, 128
Lag8Negative	89	false	false	false	3, 33, 38, 45, 70, 71, 89, 90, 91, 94, 117, 121, 124
Lag8Negative	90	false	false	false	3, 33, 38, 45, 52, 53, 58, 59, 60, 64, 65, 66, 67, 68, 69, 70, 71, 73, 89, 90, 91, 94, 117, 121
Lag8Negative	91	false	false	false	3, 33, 38, 45, 70, 71, 89, 90, 91, 94, 117, 121, 124
Lag8Negative	92	false	false	true	3, 33, 38, 45, 70, 71, 89, 90, 91, 94, 117, 119, 121, 124, 125, 128
Lag8Negative	93	false	false	true	3, 33, 38, 45, 70, 71, 89, 90, 91, 94, 117, 121, 124
Lag8Negative	94	false	true	true	2, 3, 8, 9, 23, 25, 26, 27, 28, 32, 33, 34, 38, 40, 43, 45, 48, 65, 66, 67, 70, 71, 89, 90, 91, 94, 113, 117, 119, 121, 124, 125, 126, 127, 128
Lag8Negative	95	false	false	false	3, 33, 38, 45, 70, 71, 89, 94, 113, 117, 121, 124
Lag8Negative	96	false	false	true	3, 33, 38, 45, 46, 47, 50, 51, 52, 53, 56, 57, 58, 59, 60, 63, 64, 65, 66, 67, 68, 69, 70, 71, 73, 89, 90, 91, 94, 113, 117, 121, 124, 125
Lag8Negative	97	false	false	true	3, 33, 38, 45, 66, 67, 70, 71, 89, 90, 91, 94, 113, 117, 118, 121, 124, 125
Lag8Negative	98	false	false	false	3, 33, 38, 45, 65, 66, 67, 69, 70, 71, 73, 89, 90, 91, 94, 117, 118, 121, 124
Lag8Negative	99	false	false	false	3, 33, 38, 45, 66, 67, 70, 71, 89, 90, 94, 113, 117, 118, 121, 124
Lag8Negative	100	false	false	true	3, 33, 38, 45, 70, 89, 90, 91, 94, 117, 121, 124, 125
L2NCorrect	1	false	false	false	33, 44, 95, 96, 97, 98, 99, 100, 101, 102, 103, 107, 109, 110, 116, 123
L2NCorrect	2	false	false	true	33, 44, 89, 90, 94, 96, 97, 98, 102, 103, 109, 110, 116, 123, 127
L2NCorrect	3	false	false	false	33, 38, 44, 96, 97, 98, 102, 103, 109, 110, 116, 123
L2NCorrect	4	false	false	false	33, 38, 44, 77, 89, 90, 94, 96, 97, 98, 102, 103, 109, 110, 116, 123
L2NCorrect	5	false	false	false	33, 38, 44, 53, 96, 97, 98, 102, 103, 109, 110, 116, 121, 123
L2NCorrect	6	false	true	false	17, 33, 44, 65, 94, 96, 97, 98, 102, 103, 110, 123
L2NCorrect	7	false	false	false	33, 44, 58, 59, 64, 65, 68, 69, 89, 90, 94, 96, 97, 98, 102, 103, 110, 121, 123
L2NCorrect	8	false	false	false	33, 44, 89, 90, 94, 96, 97, 98, 102, 103, 109, 110, 121, 123
L2NCorrect	9	false	false	true	33, 38, 44, 96, 97, 98, 102, 103, 110, 121, 123
L2NCorrect	10	false	false	false	33, 38, 44, 89, 90, 91, 94, 96, 97, 98, 102, 103, 110, 121, 123
L2NCorrect	11	false	false	false	33, 38, 44, 89, 90, 94, 96, 97, 98, 102, 103, 110, 114, 121, 123
L2NCorrect	12	false	false	false	33, 38, 94, 96, 97, 98, 102, 103, 110, 114, 121, 123
L2NCorrect	13	true	false	false	33, 38, 96, 110, 114, 121, 123
L2NCorrect	14	false	false	false	33, 38, 96, 97, 98, 102, 103, 110, 114, 121, 123
L2NCorrect	15	true	false	false	33, 38, 89, 90, 91, 94, 110, 114, 121, 123
L2NCorrect	16	true	false	false	33, 38, 89, 94, 110, 114, 121, 123
L2NCorrect	17	false	true	true	1, 2, 3, 4, 5, 6, 7, 8, 9, 10, 11, 12, 13, 14, 15, 16, 17, 18, 19, 20, 21, 22, 23, 24, 25, 26, 27, 28, 29, 30, 31, 32, 33, 34, 35, 36, 37, 38, 39, 40, 41, 42, 43, 45, 46, 47, 48, 49, 50, 51, 52, 53, 54, 55, 56, 57, 58, 59, 60, 61, 62, 63, 64, 65, 66, 67, 68, 69, 70, 71, 72, 73, 74, 75, 76, 77, 78, 79, 80, 81, 82, 83, 84, 85, 86, 87, 88, 89, 90, 91, 92, 94, 104, 105, 106, 110, 111, 112, 113, 114, 117, 118, 119, 120, 121, 123, 124, 125, 126, 127, 128
L2NCorrect	18	true	false	false	33, 38, 110, 114, 121, 123
L2NCorrect	19	true	false	false	33, 38, 71, 110, 114, 121, 123
L2NCorrect	20	true	false	false	33, 38, 43, 89, 90, 94, 110, 114, 121, 123
L2NCorrect	21	true	false	false	33, 38, 43, 89, 94, 110, 114, 121, 123
L2NCorrect	22	false	false	false	33, 38, 42, 47, 89, 90, 91, 94, 110, 114, 121, 123
L2NCorrect	23	true	false	false	33, 38, 71, 89, 90, 94, 110, 114, 121, 123
L2NCorrect	24	false	false	false	33, 38, 65, 71, 89, 90, 91, 94, 110, 114, 121, 123
L2NCorrect	25	false	false	false	33, 38, 47, 51, 52, 53, 57, 58, 59, 60, 64, 65, 66, 67, 68, 69, 70, 71, 73, 89, 94, 110, 114, 121, 123
L2NCorrect	26	false	false	true	33, 38, 89, 94, 110, 114, 121, 123, 128
L2NCorrect	27	false	false	true	33, 38, 43, 89, 90, 94, 110, 114, 121, 123
L2NCorrect	28	true	false	false	33, 38, 110, 114, 121, 123
L2NCorrect	29	true	false	false	33, 38, 71, 110, 114, 121, 123
L2NCorrect	30	true	false	false	33, 38, 89, 90, 94, 110, 113, 114, 121, 123
L2NCorrect	31	true	false	false	33, 38, 89, 90, 91, 94, 110, 114, 121, 123
L2NCorrect	32	false	false	false	33, 38, 71, 89, 90, 91, 94, 110, 114, 121, 123
L2NCorrect	33	false	false	true	33, 38, 71, 89, 94, 110, 114, 121, 123
L2NCorrect	34	false	false	false	32, 33, 38, 71, 89, 90, 91, 94, 110, 114, 121, 123
L2NCorrect	35	false	false	false	33, 38, 71, 89, 90, 91, 94, 110, 114, 121, 123
L2NCorrect	36	true	false	false	33, 38, 89, 90, 91, 94, 110, 114, 121, 123
L2NCorrect	37	true	false	false	33, 38, 89, 90, 91, 94, 110, 114, 121, 123
L2NCorrect	38	false	false	true	33, 38, 71, 89, 90, 91, 94, 110, 114, 121, 123
L2NCorrect	39	false	false	true	3, 9, 33, 38, 71, 89, 90, 91, 94, 110, 114, 121, 123, 127
L2NCorrect	40	true	false	false	33, 38, 89, 90, 91, 94, 114, 121, 123
L2NCorrect	41	false	false	true	33, 38, 71, 89, 90, 94, 114, 121, 123, 125
L2NCorrect	42	false	true	false	17, 25, 33, 38, 71, 89, 90, 91, 94, 114, 121, 123
L2NCorrect	43	true	false	false	3, 33, 38, 71, 89, 94, 114, 121, 123
L2NCorrect	44	false	false	false	3, 33, 38, 45, 89, 90, 91, 94, 114, 121, 123
L2NCorrect	45	true	false	false	3, 33, 38, 45, 89, 94, 114, 121
L2NCorrect	46	false	false	false	3, 33, 38, 45, 71, 89, 90, 91, 94, 114, 121
L2NCorrect	47	true	false	false	33, 38, 45, 89, 90, 94, 114, 121
L2NCorrect	48	true	false	false	3, 33, 38, 43, 45, 89, 94, 114, 121
L2NCorrect	49	true	false	false	33, 38, 45, 71, 89, 90, 91, 94, 114, 121
L2NCorrect	50	false	false	true	3, 33, 38, 42, 45, 71, 89, 94, 114, 121
L2NCorrect	51	false	false	false	3, 33, 38, 45, 58, 64, 65, 69, 71, 73, 89, 90, 94, 114, 117, 121, 124
L2NCorrect	52	false	false	false	3, 33, 38, 45, 65, 71, 89, 90, 91, 94, 114, 117, 121, 124
L2NCorrect	53	true	false	false	3, 33, 38, 45, 89, 94, 114, 121, 124
L2NCorrect	54	false	false	false	3, 33, 38, 45, 70, 71, 89, 90, 91, 94, 114, 121
L2NCorrect	55	false	false	false	3, 33, 38, 45, 71, 89, 90, 91, 94, 114, 121
L2NCorrect	56	true	false	false	33, 38, 45, 89, 90, 91, 94, 114, 121
L2NCorrect	57	false	true	true	3, 9, 26, 27, 32, 33, 37, 38, 39, 41, 42, 43, 45, 46, 47, 48, 49, 50, 51, 52, 53, 54, 56, 57, 58, 59, 60, 61, 62, 63, 64, 65, 66, 67, 68, 69, 70, 71, 72, 73, 74, 75, 77, 78, 81, 82, 83, 84, 85, 88, 89, 90, 91, 92, 94, 113, 114, 117, 118, 119, 120, 121, 124, 125, 126, 127, 128
L2NCorrect	58	false	false	false	3, 33, 38, 43, 45, 70, 71, 89, 90, 91, 94, 117, 121, 124
L2NCorrect	59	false	false	false	3, 33, 38, 45, 70, 71, 89, 90, 91, 94, 113, 117, 119, 121, 124
L2NCorrect	60	false	true	false	3, 21, 33, 38, 45, 66, 67, 70, 71, 89, 90, 91, 94, 117, 121, 124
L2NCorrect	61	false	false	false	3, 33, 38, 45, 66, 67, 70, 71, 89, 90, 91, 94, 117, 121, 124
L2NCorrect	62	false	true	true	1, 2, 3, 4, 5, 6, 7, 8, 9, 10, 11, 12, 13, 14, 15, 16, 17, 18, 19, 20, 21, 22, 23, 24, 25, 26, 27, 28, 29, 30, 31, 32, 33, 34, 35, 36, 37, 38, 39, 40, 41, 42, 43, 45, 46, 47, 48, 49, 50, 51, 52, 53, 54, 55, 56, 57, 58, 59, 60, 61, 62, 63, 64, 65, 66, 67, 68, 69, 70, 71, 72, 73, 74, 75, 76, 77, 78, 79, 80, 81, 82, 83, 84, 85, 86, 87, 88, 89, 90, 91, 92, 93, 94, 104, 105, 106, 111, 112, 113, 117, 118, 119, 120, 121, 124, 125, 126, 127, 128
L2NCorrect	63	false	false	false	3, 9, 22, 33, 38, 45, 66, 67, 70, 71, 89, 90, 91, 94, 117, 119, 121, 124, 128
L2NCorrect	64	false	false	false	3, 9, 33, 37, 38, 41, 45, 46, 47, 50, 51, 52, 53, 56, 57, 58, 59, 60, 63, 64, 65, 66, 67, 68, 69, 70, 71, 73, 89, 90, 91, 94, 113, 117, 121, 124
L2NCorrect	65	false	false	false	3, 33, 38, 45, 70, 71, 89, 90, 91, 94, 117, 121, 124
L2NCorrect	66	false	false	true	3, 33, 38, 45, 62, 66, 67, 70, 71, 72, 74, 75, 81, 82, 88, 89, 90, 91, 94, 113, 117, 121, 124, 128
L2NCorrect	67	false	false	true	3, 9, 33, 38, 45, 66, 67, 70, 71, 89, 90, 91, 94, 113, 117, 121, 124
L2NCorrect	68	false	false	true	3, 9, 33, 38, 45, 65, 66, 67, 70, 71, 89, 90, 91, 94, 113, 117, 119, 121, 124, 128
L2NCorrect	69	false	true	false	3, 8, 9, 14, 17, 21, 25, 33, 38, 45, 58, 59, 60, 64, 65, 66, 67, 68, 69, 70, 71, 73, 76, 77, 78, 79, 83, 84, 85, 86, 89, 90, 91, 94, 113, 117, 121, 124, 127
L2NCorrect	70	false	false	true	3, 33, 38, 45, 66, 67, 70, 71, 89, 90, 91, 94, 117, 121, 124, 125
L2NCorrect	71	false	false	false	3, 33, 38, 45, 66, 67, 70, 71, 89, 90, 91, 94, 117, 121, 124
L2NCorrect	72	false	false	false	3, 33, 38, 45, 70, 71, 89, 90, 91, 94, 117, 121, 124
L2NCorrect	73	false	false	false	3, 33, 38, 45, 70, 89, 90, 91, 94, 117, 118, 121, 124
L2NIncorrect	1	false	false	false	33, 44, 95, 96, 97, 98, 99, 100, 101, 102, 103, 107, 109, 110, 116, 123
L2NIncorrect	2	false	false	true	33, 38, 44, 95, 96, 97, 98, 100, 101, 102, 103, 107, 109, 110, 116, 123
L2NIncorrect	3	false	false	true	33, 44, 96, 97, 98, 102, 103, 109, 110, 116, 123
L2NIncorrect	4	false	false	false	33, 44, 89, 90, 91, 94, 96, 97, 98, 102, 103, 109, 110, 116, 123
L2NIncorrect	5	false	false	true	33, 38, 42, 44, 65, 89, 90, 91, 94, 96, 97, 98, 102, 103, 109, 110, 121, 123, 125, 128
L2NIncorrect	6	false	false	false	33, 38, 44, 65, 69, 96, 97, 98, 102, 103, 109, 110, 119, 121, 123
L2NIncorrect	7	false	false	true	33, 38, 44, 89, 90, 91, 94, 96, 97, 98, 102, 103, 109, 110, 116, 121, 123
L2NIncorrect	8	false	false	true	33, 38, 43, 44, 89, 90, 94, 96, 97, 98, 102, 103, 110, 121, 123, 128
L2NIncorrect	9	true	false	false	33, 38, 89, 94, 96, 98, 110, 114, 121, 123
L2NIncorrect	10	true	false	false	33, 38, 89, 90, 94, 110, 114, 121, 123
L2NIncorrect	11	true	false	false	33, 38, 110, 114, 121, 123
L2NIncorrect	12	true	false	false	33, 38, 89, 90, 91, 94, 110, 114, 121, 123
L2NIncorrect	13	false	false	false	33, 38, 71, 89, 90, 91, 94, 110, 114, 121, 123
L2NIncorrect	14	true	false	false	33, 38, 89, 90, 94, 110, 114, 121, 123
L2NIncorrect	15	true	false	false	33, 38, 89, 90, 91, 94, 110, 114, 121, 123
L2NIncorrect	16	false	false	false	33, 38, 89, 90, 91, 94, 110, 114, 119, 121, 123
L2NIncorrect	17	true	false	false	33, 38, 71, 89, 94, 114, 121, 123
L2NIncorrect	18	false	false	false	3, 33, 38, 45, 71, 89, 90, 91, 94, 114, 121
L2NIncorrect	19	false	false	false	3, 17, 33, 38, 45, 89, 90, 91, 94, 114, 121, 123
L2NIncorrect	20	true	false	false	3, 33, 38, 89, 90, 94, 114, 121
L2NIncorrect	21	true	false	false	33, 38, 45, 89, 90, 91, 94, 114, 121
L2NIncorrect	22	true	false	false	3, 33, 38, 45, 71, 89, 90, 94, 114, 121
L2NIncorrect	23	false	false	false	3, 33, 38, 45, 65, 69, 71, 73, 89, 90, 94, 114, 121
L2NIncorrect	24	false	false	false	3, 33, 38, 45, 70, 71, 89, 90, 91, 94, 114, 121
L2NIncorrect	25	false	false	false	3, 9, 33, 38, 45, 66, 67, 70, 71, 89, 90, 91, 94, 117, 121, 124
L2NIncorrect	26	false	false	true	3, 33, 38, 45, 65, 66, 67, 69, 70, 71, 73, 89, 90, 91, 94, 113, 117, 121, 124, 125
L2NIncorrect	27	false	false	false	3, 33, 38, 45, 66, 67, 70, 71, 89, 90, 91, 94, 113, 117, 118, 121, 124
