Category	Segment number	Segment Good	Eye Blinks	Eye Movements	Bad Channels
Lag2Baseline	1	true	false	false	51
Lag2Baseline	2	true	false	false
Lag2Baseline	3	false	true	true	48, 49, 120, 125, 126, 127
Lag2Baseline	4	true	false	false
Lag2Baseline	5	true	false	false
Lag2Baseline	6	true	false	false
Lag2Baseline	7	true	false	false
Lag2Baseline	8	true	false	false
Lag2Baseline	9	true	false	false	34
Lag2Baseline	10	true	false	false
Lag2Baseline	11	true	false	false
Lag2Baseline	12	false	true	false	25
Lag2Baseline	13	true	false	false
Lag2Baseline	14	true	false	false
Lag2Baseline	15	true	false	false	45
Lag2Baseline	16	true	false	false
Lag2Baseline	17	true	false	false
Lag2Baseline	18	false	true	false	14, 17, 21, 25
Lag2Baseline	19	false	true	true	43, 48, 49, 56, 113, 114, 115, 120, 121, 125, 126, 127, 128
Lag2Baseline	20	false	true	false	25
Lag2Baseline	21	true	false	false
Lag2Baseline	22	true	false	false
Lag2Baseline	23	true	false	false
Lag2Baseline	24	false	true	false	8, 9, 14, 17, 21, 22, 25
Lag2Baseline	25	true	false	false
Lag2Baseline	26	true	false	false
Lag2Baseline	27	true	false	false
Lag2Baseline	28	true	false	false
Lag2Baseline	29	true	false	false
Lag2Baseline	30	true	false	false
Lag2Baseline	31	true	false	false
Lag2Baseline	32	true	false	false
Lag2Baseline	33	true	false	false	48
Lag2Baseline	34	false	true	true	14, 17, 21, 22, 25, 26, 32, 48, 113, 120, 125, 127, 128
Lag2Baseline	35	true	false	false
Lag2Baseline	36	false	true	false	8, 9, 14, 15, 17, 21, 22, 25, 26, 107
Lag2Baseline	37	true	false	false
Lag2Baseline	38	true	false	false
Lag2Baseline	39	true	false	false
Lag2Baseline	40	true	false	false	49
Lag2Baseline	41	true	false	false
Lag2Baseline	42	true	false	false
Lag2Baseline	43	true	false	false
Lag2Baseline	44	true	false	false
Lag2Baseline	45	true	false	false
Lag2Baseline	46	true	false	false
Lag2Baseline	47	false	true	false
Lag2Baseline	48	true	false	false
Lag2Baseline	49	true	false	false
Lag2Baseline	50	false	true	false	14, 17, 25
Lag2Baseline	51	false	true	false	8, 9, 14, 15, 16, 17, 21, 22, 25, 26, 46, 49, 73, 81, 88, 89, 94, 126
Lag2Baseline	52	true	false	false
Lag2Baseline	53	true	false	false
Lag2Baseline	54	true	false	false
Lag2Baseline	55	true	false	false
Lag2Baseline	56	false	true	false	8, 9, 14, 15, 17, 18, 21, 22, 25, 26
Lag2Baseline	57	false	true	false	8, 9, 10, 14, 15, 17, 18, 21, 22, 25, 26
Lag2Baseline	58	false	true	false	9, 25
Lag2Baseline	59	false	true	false	1, 8, 9, 14, 17, 21, 25
Lag2Baseline	60	true	false	false
Lag2Baseline	61	true	false	false
Lag2Baseline	62	true	false	false	40
Lag2Baseline	63	true	false	false
Lag2Baseline	64	true	false	false	48
Lag2Baseline	65	true	false	false
Lag2Baseline	66	true	false	false
Lag2Baseline	67	false	true	false	8, 9, 14, 15, 17, 21, 22, 25
Lag2Baseline	68	false	true	false	14, 17, 21, 25
Lag2Baseline	69	false	true	false	8, 9, 14, 15, 17, 21, 22, 25
Lag2Baseline	70	true	false	false	48, 102
Lag2Baseline	71	true	false	false	89
Lag2Baseline	72	false	true	false	5, 8, 9, 14, 17, 21, 22, 25
Lag2Baseline	73	false	true	false	8, 9, 14, 15, 17, 21, 22, 25
Lag2Baseline	74	true	false	false
Lag2Baseline	75	true	false	false	5
Lag2Baseline	76	true	false	false
Lag2Baseline	77	true	false	false
Lag2Baseline	78	false	true	false	8, 9, 14, 15, 17, 21, 22, 25, 72
Lag2Baseline	79	false	true	false	8, 14, 17, 21, 25
Lag2Baseline	80	true	false	false
Lag2Baseline	81	false	true	false	5, 68, 73, 89, 102, 107, 126
Lag2Baseline	82	true	false	false	48
Lag2Baseline	83	true	false	false
Lag2Baseline	84	true	false	false
Lag2Baseline	85	true	false	false
Lag2Baseline	86	true	false	false	5, 89
Lag2Baseline	87	true	false	false
Lag2Baseline	88	true	false	false	5, 48, 102, 120
Lag2Baseline	89	false	true	false	5, 8, 9, 14, 15, 17, 21, 22, 25, 26, 65, 89
Lag2Baseline	90	false	true	false	5, 8, 9, 10, 14, 15, 17, 18, 21, 22, 25, 26
Lag2Baseline	91	true	false	false
Lag2Baseline	92	false	true	false	14, 17, 21, 25
Lag2Baseline	93	true	false	false	5, 89, 102
Lag2Baseline	94	true	false	false	5, 89
Lag2Baseline	95	true	false	false	5, 89
Lag2Baseline	96	true	false	false	5
Lag2Baseline	97	false	true	false	5, 8, 9, 10, 11, 14, 15, 16, 17, 18, 19, 21, 22, 23, 25, 26, 27, 32, 102, 107, 123
Lag2Baseline	98	false	true	false	8, 9, 14, 15, 17, 21, 22, 25, 26, 102
Lag2Baseline	99	false	true	false	5, 8, 9, 10, 14, 15, 17, 18, 21, 22, 25, 26, 63
Lag2Baseline	100	false	true	false	14, 17, 21, 22, 25
Lag2Neutral	1	true	false	false
Lag2Neutral	2	true	false	false
Lag2Neutral	3	true	false	false	44
Lag2Neutral	4	true	false	false
Lag2Neutral	5	true	false	false
Lag2Neutral	6	true	false	false
Lag2Neutral	7	true	false	false
Lag2Neutral	8	true	false	false
Lag2Neutral	9	true	false	false
Lag2Neutral	10	true	false	false
Lag2Neutral	11	true	false	false
Lag2Neutral	12	true	false	false
Lag2Neutral	13	true	false	false
Lag2Neutral	14	true	false	false	123
Lag2Neutral	15	true	false	false	48
Lag2Neutral	16	true	false	false	48
Lag2Neutral	17	true	false	false
Lag2Neutral	18	true	false	false
Lag2Neutral	19	true	false	false
Lag2Neutral	20	true	false	false
Lag2Neutral	21	true	false	false
Lag2Neutral	22	true	false	false
Lag2Neutral	23	true	false	false
Lag2Neutral	24	true	false	false
Lag2Neutral	25	true	false	false
Lag2Neutral	26	true	false	false
Lag2Neutral	27	true	false	false
Lag2Neutral	28	false	true	false	8, 9, 14, 15, 17, 21, 22, 25
Lag2Neutral	29	true	false	false
Lag2Neutral	30	true	false	false
Lag2Neutral	31	false	true	false	8, 9, 14, 15, 17, 21, 22, 25
Lag2Neutral	32	true	false	false
Lag2Neutral	33	true	false	false
Lag2Neutral	34	false	true	false	25
Lag2Neutral	35	true	false	false
Lag2Neutral	36	true	false	false	107
Lag2Neutral	37	true	false	false	25
Lag2Neutral	38	false	true	false	102, 127
Lag2Neutral	39	true	false	false
Lag2Neutral	40	true	false	false
Lag2Neutral	41	true	false	false
Lag2Neutral	42	true	false	false
Lag2Neutral	43	true	false	false
Lag2Neutral	44	false	true	true	1, 32, 48, 126
Lag2Neutral	45	true	false	false
Lag2Neutral	46	true	false	false
Lag2Neutral	47	true	false	false	48
Lag2Neutral	48	true	false	false
Lag2Neutral	49	true	false	false
Lag2Neutral	50	true	false	false
Lag2Neutral	51	true	false	false
Lag2Neutral	52	true	false	false
Lag2Neutral	53	true	false	false
Lag2Neutral	54	true	false	false
Lag2Neutral	55	true	false	false
Lag2Neutral	56	false	true	false	1, 14, 17, 21, 25, 85, 89
Lag2Neutral	57	true	false	false
Lag2Neutral	58	true	false	false
Lag2Neutral	59	true	false	false
Lag2Neutral	60	true	false	false
Lag2Neutral	61	true	false	false
Lag2Neutral	62	true	false	false
Lag2Neutral	63	true	false	false
Lag2Neutral	64	true	false	false	5, 121
Lag2Neutral	65	false	true	false	14, 17, 21, 25
Lag2Neutral	66	true	false	false	48
Lag2Neutral	67	true	false	false
Lag2Neutral	68	true	false	false	5
Lag2Neutral	69	true	false	false	5
Lag2Neutral	70	false	true	false	5, 14, 17, 21, 22, 25
Lag2Neutral	71	true	false	false	5
Lag2Neutral	72	true	false	false	44
Lag2Neutral	73	false	true	false	1, 8, 9, 14, 15, 17, 21, 22, 25, 26, 123
Lag2Neutral	74	true	false	false
Lag2Neutral	75	false	true	false	14, 17, 21, 25
Lag2Neutral	76	true	false	false	5
Lag2Neutral	77	true	false	false	5
Lag2Neutral	78	true	false	false	5
Lag2Neutral	79	true	false	false	5
Lag2Neutral	80	true	false	false
Lag2Neutral	81	true	false	false	5, 48
Lag2Neutral	82	true	false	false	48, 49, 102
Lag2Neutral	83	true	false	false	2, 46, 49, 56, 81
Lag2Neutral	84	true	false	false	44, 102, 126
Lag2Neutral	85	true	false	false
Lag2Neutral	86	true	false	false	5, 89, 102
Lag2Neutral	87	false	true	false	8, 9, 14, 15, 17, 21, 22, 25, 26
Lag2Neutral	88	false	true	false	5, 38, 43, 48, 49, 121, 125, 126, 127, 128
Lag2Neutral	89	true	false	false
Lag2Neutral	90	true	false	false	48, 63
Lag2Neutral	91	true	false	false
Lag2Neutral	92	true	false	false	5
Lag2Neutral	93	false	true	false	5, 8, 9, 14, 15, 17, 21, 22, 25, 89, 114
Lag2Neutral	94	false	true	false	8, 9, 14, 15, 17, 21, 22, 25, 26, 89
Lag2Neutral	95	true	false	false	5, 116
Lag2Neutral	96	false	true	false	5, 14, 17, 21, 22, 25, 26, 48, 49, 107, 113, 114
Lag2Neutral	97	false	true	false	8, 9, 14, 15, 17, 21, 22, 25, 26
Lag2Neutral	98	true	false	false	46
Lag2Neutral	99	false	true	false	126, 127
Lag2Neutral	100	true	false	false	48
Lag2Negative	1	true	false	false
Lag2Negative	2	true	false	false
Lag2Negative	3	true	false	false
Lag2Negative	4	true	false	false
Lag2Negative	5	true	false	false
Lag2Negative	6	true	false	false
Lag2Negative	7	true	false	false
Lag2Negative	8	true	false	false
Lag2Negative	9	true	false	false
Lag2Negative	10	true	false	false	51
Lag2Negative	11	true	false	false
Lag2Negative	12	true	false	false
Lag2Negative	13	true	false	false
Lag2Negative	14	true	false	false
Lag2Negative	15	false	true	false	48, 49, 56, 102, 127
Lag2Negative	16	true	false	false
Lag2Negative	17	true	false	false	89, 102
Lag2Negative	18	true	false	false
Lag2Negative	19	false	true	false	98, 126
Lag2Negative	20	true	false	false
Lag2Negative	21	true	false	false	25
Lag2Negative	22	true	false	false
Lag2Negative	23	true	false	false	40, 102
Lag2Negative	24	true	false	false
Lag2Negative	25	true	false	false
Lag2Negative	26	true	false	false
Lag2Negative	27	true	false	false
Lag2Negative	28	false	false	false	48, 56, 63, 65, 68, 73, 81, 88, 89, 94, 102, 107, 120
Lag2Negative	29	true	false	false	63
Lag2Negative	30	true	false	false
Lag2Negative	31	true	false	false
Lag2Negative	32	false	true	false	8, 14, 17, 21, 22, 25, 73, 74, 81, 88, 94, 97, 102
Lag2Negative	33	true	false	false
Lag2Negative	34	true	false	false	48
Lag2Negative	35	true	false	false
Lag2Negative	36	true	false	false
Lag2Negative	37	true	false	false
Lag2Negative	38	false	true	false	8, 9, 14, 15, 17, 21, 22, 25, 26, 44
Lag2Negative	39	true	false	false	89, 107
Lag2Negative	40	true	false	false	107
Lag2Negative	41	true	false	false
Lag2Negative	42	true	false	false
Lag2Negative	43	true	false	false
Lag2Negative	44	true	false	false
Lag2Negative	45	true	false	false
Lag2Negative	46	true	false	false
Lag2Negative	47	true	false	false
Lag2Negative	48	true	false	false
Lag2Negative	49	false	true	true	48, 49, 126, 127
Lag2Negative	50	true	false	false
Lag2Negative	51	true	false	false
Lag2Negative	52	true	false	false
Lag2Negative	53	true	false	false
Lag2Negative	54	false	true	false	8, 9, 14, 15, 17, 21, 22, 25
Lag2Negative	55	true	false	false
Lag2Negative	56	true	false	false
Lag2Negative	57	true	false	false
Lag2Negative	58	true	false	false
Lag2Negative	59	true	false	false
Lag2Negative	60	true	false	false
Lag2Negative	61	true	false	false	48, 49, 63, 102, 107
Lag2Negative	62	true	false	false
Lag2Negative	63	false	true	false	8, 9, 14, 15, 17, 21, 22, 25, 48
Lag2Negative	64	true	false	false
Lag2Negative	65	false	true	false	25
Lag2Negative	66	true	false	false
Lag2Negative	67	false	true	false	8, 9, 14, 15, 17, 21, 22, 25, 26
Lag2Negative	68	true	false	false
Lag2Negative	69	true	false	false
Lag2Negative	70	true	false	false	5, 89
Lag2Negative	71	true	false	false
Lag2Negative	72	true	false	false	5
Lag2Negative	73	true	false	false	5
Lag2Negative	74	true	false	false
Lag2Negative	75	true	false	false	5, 48, 89
Lag2Negative	76	true	false	false
Lag2Negative	77	true	false	false	73, 82, 89
Lag2Negative	78	true	false	false	19
Lag2Negative	79	false	true	false	14, 17, 21, 25
Lag2Negative	80	true	false	false	48, 56, 57, 63, 89
Lag2Negative	81	true	false	false	5, 48
Lag2Negative	82	true	false	false	5
Lag2Negative	83	false	true	true	1, 5, 14, 21, 25, 26, 44, 45, 46, 48, 49, 57, 63, 68, 73, 89, 107, 113, 114, 120, 121, 125
Lag2Negative	84	true	false	false	5, 102
Lag2Negative	85	true	false	false	5, 48
Lag2Negative	86	true	false	false	5
Lag2Negative	87	true	false	false	5
Lag2Negative	88	true	false	false	5, 65, 68, 73, 88, 98, 102, 107, 126
Lag2Negative	89	true	false	false	5
Lag2Negative	90	true	false	false
Lag2Negative	91	true	false	false
Lag2Negative	92	false	true	true	5, 48, 49, 73, 102, 113, 114, 120, 121, 125, 126, 127
Lag2Negative	93	true	false	false	5, 89
Lag2Negative	94	true	false	false	5
Lag2Negative	95	false	false	true	125
Lag2Negative	96	true	false	false	5, 89, 107
Lag2Negative	97	true	false	false	5
Lag2Negative	98	true	false	false	5, 48, 89, 102
Lag2Negative	99	true	false	false	5, 46, 48, 49, 63, 89, 127
Lag2Negative	100	false	true	false	8, 9, 14, 15, 17, 21, 22, 25, 26
Lag8Baseline	1	true	false	false
Lag8Baseline	2	true	false	false
Lag8Baseline	3	true	false	false
Lag8Baseline	4	true	false	false
Lag8Baseline	5	true	false	false	44
Lag8Baseline	6	true	false	false
Lag8Baseline	7	true	false	false
Lag8Baseline	8	true	false	false
Lag8Baseline	9	true	false	false
Lag8Baseline	10	true	false	false
Lag8Baseline	11	true	false	false
Lag8Baseline	12	true	false	false
Lag8Baseline	13	true	false	false	102
Lag8Baseline	14	true	false	false
Lag8Baseline	15	true	false	false
Lag8Baseline	16	true	false	false	45
Lag8Baseline	17	true	false	false
Lag8Baseline	18	true	false	false
Lag8Baseline	19	true	false	false
Lag8Baseline	20	true	false	false
Lag8Baseline	21	true	false	false
Lag8Baseline	22	true	false	false
Lag8Baseline	23	true	false	false
Lag8Baseline	24	true	false	false	99
Lag8Baseline	25	true	false	false
Lag8Baseline	26	true	false	false
Lag8Baseline	27	true	false	false	44
Lag8Baseline	28	true	false	false
Lag8Baseline	29	false	true	false	14, 17, 21, 25, 63, 120
Lag8Baseline	30	true	false	false
Lag8Baseline	31	true	false	false	48, 107
Lag8Baseline	32	true	false	false
Lag8Baseline	33	false	true	false	14, 17, 21, 25
Lag8Baseline	34	true	false	false
Lag8Baseline	35	true	false	false
Lag8Baseline	36	true	false	false	48, 49
Lag8Baseline	37	true	false	false
Lag8Baseline	38	true	false	false
Lag8Baseline	39	true	false	false
Lag8Baseline	40	true	false	false
Lag8Baseline	41	true	false	false
Lag8Baseline	42	true	false	false
Lag8Baseline	43	true	false	false	63
Lag8Baseline	44	true	false	false
Lag8Baseline	45	true	false	false
Lag8Baseline	46	true	false	false
Lag8Baseline	47	true	false	false
Lag8Baseline	48	true	false	false	116
Lag8Baseline	49	true	false	false
Lag8Baseline	50	true	false	false
Lag8Baseline	51	true	false	false	121
Lag8Baseline	52	true	false	false	121
Lag8Baseline	53	true	false	false	121
Lag8Baseline	54	true	false	false
Lag8Baseline	55	true	false	false
Lag8Baseline	56	true	false	false
Lag8Baseline	57	true	false	false
Lag8Baseline	58	true	false	false
Lag8Baseline	59	true	false	false
Lag8Baseline	60	true	false	false
Lag8Baseline	61	true	false	false	48
Lag8Baseline	62	true	false	false
Lag8Baseline	63	true	false	false	5
Lag8Baseline	64	true	false	false
Lag8Baseline	65	true	false	false	5
Lag8Baseline	66	true	false	false	89
Lag8Baseline	67	true	false	false
Lag8Baseline	68	true	false	false
Lag8Baseline	69	true	false	false	5
Lag8Baseline	70	true	false	false
Lag8Baseline	71	true	false	false
Lag8Baseline	72	true	false	false
Lag8Baseline	73	true	false	false
Lag8Baseline	74	true	false	false
Lag8Baseline	75	true	false	false	5
Lag8Baseline	76	true	false	false
Lag8Baseline	77	true	false	false	5
Lag8Baseline	78	true	false	false
Lag8Baseline	79	true	false	false
Lag8Baseline	80	true	false	false	63, 68, 73, 74, 88, 89
Lag8Baseline	81	true	false	false	5, 48, 107
Lag8Baseline	82	true	false	false	5, 48, 63, 73, 81, 88, 89, 102
Lag8Baseline	83	true	false	false
Lag8Baseline	84	true	false	false	5
Lag8Baseline	85	true	false	false	5, 81, 82, 88, 89, 102
Lag8Baseline	86	true	false	false	114
Lag8Baseline	87	true	false	false	5
Lag8Baseline	88	true	false	false	5, 48, 102
Lag8Baseline	89	true	false	false
Lag8Baseline	90	true	false	false
Lag8Baseline	91	true	false	false	5
Lag8Baseline	92	true	false	false	5, 48
Lag8Baseline	93	true	false	false	65
Lag8Baseline	94	true	false	false
Lag8Baseline	95	true	false	false	5, 48
Lag8Baseline	96	true	false	false
Lag8Baseline	97	true	false	false	5, 48, 114
Lag8Baseline	98	true	false	false	5
Lag8Baseline	99	true	false	false	48
Lag8Baseline	100	false	false	false	5, 14, 48, 49, 63, 67, 73, 75, 89, 102, 120, 127
Lag8Neutral	1	true	false	false
Lag8Neutral	2	true	false	false
Lag8Neutral	3	false	true	false	126
Lag8Neutral	4	true	false	false
Lag8Neutral	5	true	false	false
Lag8Neutral	6	false	true	false	46, 48, 49, 127
Lag8Neutral	7	true	false	false
Lag8Neutral	8	true	false	false
Lag8Neutral	9	false	true	false	25
Lag8Neutral	10	true	false	false
Lag8Neutral	11	true	false	false
Lag8Neutral	12	true	false	false
Lag8Neutral	13	true	false	false	48
Lag8Neutral	14	true	false	false
Lag8Neutral	15	true	false	false	114
Lag8Neutral	16	true	false	false
Lag8Neutral	17	true	false	false
Lag8Neutral	18	true	false	false	2
Lag8Neutral	19	true	false	false	49
Lag8Neutral	20	true	false	false	2
Lag8Neutral	21	true	false	false
Lag8Neutral	22	true	false	false	40
Lag8Neutral	23	true	false	false	44
Lag8Neutral	24	true	false	false
Lag8Neutral	25	true	false	false
Lag8Neutral	26	true	false	false	102
Lag8Neutral	27	true	false	false
Lag8Neutral	28	false	false	true
Lag8Neutral	29	true	false	false
Lag8Neutral	30	true	false	false	49, 107
Lag8Neutral	31	true	false	false
Lag8Neutral	32	true	false	false
Lag8Neutral	33	true	false	false
Lag8Neutral	34	true	false	false
Lag8Neutral	35	true	false	false	120
Lag8Neutral	36	false	true	false	115, 126, 127
Lag8Neutral	37	true	false	false
Lag8Neutral	38	true	false	false
Lag8Neutral	39	true	false	false
Lag8Neutral	40	true	false	false
Lag8Neutral	41	true	false	false
Lag8Neutral	42	true	false	false
Lag8Neutral	43	true	false	false
Lag8Neutral	44	true	false	false
Lag8Neutral	45	false	true	true	1, 2, 8, 48, 49, 81, 85, 88, 93, 98, 107, 114, 126, 127, 128
Lag8Neutral	46	true	false	false
Lag8Neutral	47	true	false	false	121
Lag8Neutral	48	true	false	false
Lag8Neutral	49	true	false	false
Lag8Neutral	50	true	false	false
Lag8Neutral	51	true	false	false
Lag8Neutral	52	true	false	false
Lag8Neutral	53	true	false	false
Lag8Neutral	54	true	false	false
Lag8Neutral	55	true	false	false	102
Lag8Neutral	56	true	false	false
Lag8Neutral	57	true	false	false
Lag8Neutral	58	true	false	false
Lag8Neutral	59	true	false	false
Lag8Neutral	60	true	false	false
Lag8Neutral	61	true	false	false	102
Lag8Neutral	62	true	false	false
Lag8Neutral	63	true	false	false
Lag8Neutral	64	true	false	false
Lag8Neutral	65	true	false	false
Lag8Neutral	66	true	false	false
Lag8Neutral	67	true	false	false
Lag8Neutral	68	true	false	false	48, 127
Lag8Neutral	69	true	false	false
Lag8Neutral	70	true	false	false
Lag8Neutral	71	true	false	false	89
Lag8Neutral	72	true	false	false
Lag8Neutral	73	true	false	false
Lag8Neutral	74	true	false	false
Lag8Neutral	75	true	false	false
Lag8Neutral	76	true	false	false	5
Lag8Neutral	77	true	false	false	89
Lag8Neutral	78	true	false	false
Lag8Neutral	79	true	false	false
Lag8Neutral	80	true	false	false
Lag8Neutral	81	true	false	false	1, 49, 81, 82, 88, 89, 107, 114, 120, 121
Lag8Neutral	82	true	false	false
Lag8Neutral	83	true	false	false	5
Lag8Neutral	84	true	false	false	5
Lag8Neutral	85	true	false	false	5, 48, 49, 120
Lag8Neutral	86	true	false	false	5
Lag8Neutral	87	true	false	false	46
Lag8Neutral	88	true	false	false	5
Lag8Neutral	89	true	false	false	48
Lag8Neutral	90	true	false	false
Lag8Neutral	91	true	false	false	5
Lag8Neutral	92	true	false	false
Lag8Neutral	93	true	false	false	5, 123
Lag8Neutral	94	false	true	false	5, 49, 89, 126
Lag8Neutral	95	true	false	false	5
Lag8Neutral	96	true	false	false	123
Lag8Neutral	97	true	false	false	82
Lag8Neutral	98	true	false	false	5, 44, 63, 89, 123
Lag8Neutral	99	true	false	false	5
Lag8Neutral	100	true	false	false
Lag8Negative	1	true	false	false
Lag8Negative	2	true	false	false
Lag8Negative	3	true	false	false
Lag8Negative	4	true	false	false
Lag8Negative	5	true	false	false
Lag8Negative	6	true	false	false
Lag8Negative	7	true	false	false
Lag8Negative	8	true	false	false
Lag8Negative	9	true	false	false
Lag8Negative	10	true	false	false
Lag8Negative	11	false	true	false	25
Lag8Negative	12	true	false	false	88, 89
Lag8Negative	13	true	false	false
Lag8Negative	14	true	false	false
Lag8Negative	15	true	false	false
Lag8Negative	16	true	false	false
Lag8Negative	17	true	false	false	52
Lag8Negative	18	true	false	false
Lag8Negative	19	true	false	false
Lag8Negative	20	true	false	false
Lag8Negative	21	false	true	false	22, 23, 25, 26, 107
Lag8Negative	22	true	false	false
Lag8Negative	23	true	false	false
Lag8Negative	24	true	false	false
Lag8Negative	25	true	false	false
Lag8Negative	26	true	false	false	44
Lag8Negative	27	true	false	false
Lag8Negative	28	true	false	false
Lag8Negative	29	true	false	false
Lag8Negative	30	true	false	false	44
Lag8Negative	31	true	false	false	120
Lag8Negative	32	true	false	false
Lag8Negative	33	true	false	false
Lag8Negative	34	true	false	false	107
Lag8Negative	35	true	false	false	44
Lag8Negative	36	false	true	false	17, 25
Lag8Negative	37	true	false	false
Lag8Negative	38	true	false	false
Lag8Negative	39	true	false	false
Lag8Negative	40	true	false	false	44
Lag8Negative	41	true	false	false
Lag8Negative	42	true	false	false
Lag8Negative	43	true	false	false
Lag8Negative	44	true	false	false	57
Lag8Negative	45	true	false	false	48, 74, 89
Lag8Negative	46	true	false	false
Lag8Negative	47	true	false	false
Lag8Negative	48	false	true	false	1, 89, 107, 127
Lag8Negative	49	true	false	false
Lag8Negative	50	true	false	false
Lag8Negative	51	true	false	false
Lag8Negative	52	true	false	false
Lag8Negative	53	true	false	false
Lag8Negative	54	true	false	false
Lag8Negative	55	true	false	false
Lag8Negative	56	true	false	false	36
Lag8Negative	57	true	false	false
Lag8Negative	58	true	false	false	101
Lag8Negative	59	true	false	false
Lag8Negative	60	true	false	false
Lag8Negative	61	true	false	false	126
Lag8Negative	62	true	false	false
Lag8Negative	63	true	false	false
Lag8Negative	64	true	false	false
Lag8Negative	65	true	false	false
Lag8Negative	66	true	false	false	48
Lag8Negative	67	true	false	false
Lag8Negative	68	true	false	false
Lag8Negative	69	true	false	false
Lag8Negative	70	true	false	false	5
Lag8Negative	71	true	false	false	1, 5
Lag8Negative	72	true	false	false	5
Lag8Negative	73	false	true	false	25
Lag8Negative	74	false	true	false	5, 8, 14, 17, 21, 25
Lag8Negative	75	true	false	false
Lag8Negative	76	true	false	false
Lag8Negative	77	true	false	false	5
Lag8Negative	78	true	false	false
Lag8Negative	79	true	false	false
Lag8Negative	80	true	false	false
Lag8Negative	81	true	false	false	5, 49, 81, 84, 102
Lag8Negative	82	true	false	false	48, 73
Lag8Negative	83	true	false	false
Lag8Negative	84	false	true	false	5, 48, 49, 89, 97, 102, 127
Lag8Negative	85	true	false	false	5, 49, 91, 97
Lag8Negative	86	true	false	false	5
Lag8Negative	87	false	true	false	8, 9, 14, 15, 17, 21, 22, 25
Lag8Negative	88	true	false	false	5
Lag8Negative	89	true	false	false	5
Lag8Negative	90	true	false	false	5
Lag8Negative	91	true	false	false	5, 63, 73, 81, 88, 89, 102
Lag8Negative	92	true	false	false
Lag8Negative	93	false	true	false	14, 17, 21, 25, 89, 102
Lag8Negative	94	true	false	false	5, 89
Lag8Negative	95	true	false	false	48, 89
Lag8Negative	96	true	false	false	5
Lag8Negative	97	true	false	false	5, 48, 63, 89, 123
Lag8Negative	98	true	false	false	5, 48
Lag8Negative	99	true	false	false	5, 48, 49
Lag8Negative	100	true	false	false	5
L2NCorrect	1	true	false	false
L2NCorrect	2	true	false	false
L2NCorrect	3	true	false	false
L2NCorrect	4	true	false	false
L2NCorrect	5	true	false	false	51
L2NCorrect	6	true	false	false
L2NCorrect	7	true	false	false
L2NCorrect	8	true	false	false
L2NCorrect	9	false	true	false	98, 126
L2NCorrect	10	true	false	false
L2NCorrect	11	true	false	false	25
L2NCorrect	12	true	false	false
L2NCorrect	13	true	false	false
L2NCorrect	14	true	false	false
L2NCorrect	15	true	false	false
L2NCorrect	16	false	false	false	48, 56, 63, 65, 68, 73, 81, 88, 89, 94, 102, 107, 120
L2NCorrect	17	true	false	false
L2NCorrect	18	false	true	false	8, 14, 17, 21, 22, 25, 73, 74, 81, 88, 94, 97, 102
L2NCorrect	19	true	false	false
L2NCorrect	20	true	false	false
L2NCorrect	21	true	false	false
L2NCorrect	22	false	true	false	8, 9, 14, 15, 17, 21, 22, 25, 26, 44
L2NCorrect	23	true	false	false	89, 107
L2NCorrect	24	true	false	false
L2NCorrect	25	true	false	false
L2NCorrect	26	true	false	false
L2NCorrect	27	true	false	false
L2NCorrect	28	true	false	false
L2NCorrect	29	true	false	false
L2NCorrect	30	true	false	false
L2NCorrect	31	true	false	false
L2NCorrect	32	true	false	false
L2NCorrect	33	false	true	false	8, 9, 14, 15, 17, 21, 22, 25
L2NCorrect	34	true	false	false
L2NCorrect	35	true	false	false
L2NCorrect	36	true	false	false	48, 49, 63, 102, 107
L2NCorrect	37	true	false	false
L2NCorrect	38	false	true	false	8, 9, 14, 15, 17, 21, 22, 25, 48
L2NCorrect	39	false	true	false	25
L2NCorrect	40	true	false	false	5
L2NCorrect	41	true	false	false	5
L2NCorrect	42	true	false	false
L2NCorrect	43	true	false	false	73, 82, 89
L2NCorrect	44	false	true	false	14, 17, 21, 25
L2NCorrect	45	true	false	false	48, 56, 57, 63, 89
L2NCorrect	46	false	true	true	1, 5, 14, 21, 25, 26, 44, 45, 46, 48, 49, 57, 63, 68, 73, 89, 107, 113, 114, 120, 121, 125
L2NCorrect	47	true	false	false	5
L2NCorrect	48	true	false	false	5
L2NCorrect	49	true	false	false	5, 65, 68, 73, 88, 98, 102, 107, 126
L2NCorrect	50	true	false	false	5
L2NCorrect	51	false	true	true	5, 48, 49, 73, 102, 113, 114, 120, 121, 125, 126, 127
L2NCorrect	52	true	false	false	5
L2NCorrect	53	false	false	true	125
L2NCorrect	54	true	false	false	5, 48, 89, 102
L2NCorrect	55	false	true	false	8, 9, 14, 15, 17, 21, 22, 25, 26
L2NIncorrect	1	true	false	false
L2NIncorrect	2	true	false	false
L2NIncorrect	3	true	false	false
L2NIncorrect	4	true	false	false
L2NIncorrect	5	true	false	false
L2NIncorrect	6	true	false	false
L2NIncorrect	7	true	false	false
L2NIncorrect	8	true	false	false
L2NIncorrect	9	false	true	false	48, 49, 56, 102, 127
L2NIncorrect	10	true	false	false	89, 102
L2NIncorrect	11	true	false	false	40, 102
L2NIncorrect	12	true	false	false
L2NIncorrect	13	true	false	false	63
L2NIncorrect	14	true	false	false
L2NIncorrect	15	true	false	false
L2NIncorrect	16	true	false	false	48
L2NIncorrect	17	true	false	false	107
L2NIncorrect	18	true	false	false
L2NIncorrect	19	true	false	false
L2NIncorrect	20	false	true	true	48, 49, 126, 127
L2NIncorrect	21	true	false	false
L2NIncorrect	22	true	false	false
L2NIncorrect	23	true	false	false
L2NIncorrect	24	true	false	false
L2NIncorrect	25	true	false	false
L2NIncorrect	26	true	false	false
L2NIncorrect	27	true	false	false
L2NIncorrect	28	false	true	false	8, 9, 14, 15, 17, 21, 22, 25, 26
L2NIncorrect	29	true	false	false
L2NIncorrect	30	true	false	false
L2NIncorrect	31	true	false	false	5, 89
L2NIncorrect	32	true	false	false
L2NIncorrect	33	true	false	false
L2NIncorrect	34	true	false	false	5, 48, 89
L2NIncorrect	35	true	false	false	19
L2NIncorrect	36	true	false	false	5, 48
L2NIncorrect	37	true	false	false	5
L2NIncorrect	38	true	false	false	5, 102
L2NIncorrect	39	true	false	false	5, 48
L2NIncorrect	40	true	false	false
L2NIncorrect	41	true	false	false
L2NIncorrect	42	true	false	false	5, 89
L2NIncorrect	43	true	false	false	5, 89, 107
L2NIncorrect	44	true	false	false	5
L2NIncorrect	45	true	false	false	5, 46, 48, 49, 63, 89, 127
