Category	Segment number	Segment Good	Eye Blinks	Eye Movements	Bad Channels
Lag2Baseline	1	true	false	false
Lag2Baseline	2	true	false	false	14, 26, 63, 107
Lag2Baseline	3	true	false	false
Lag2Baseline	4	false	false	true	9, 25, 26, 38, 39, 43, 44, 48, 119, 123
Lag2Baseline	5	false	false	true	3, 18, 23, 24, 26, 32, 38, 39, 40, 45, 48, 50, 57, 63, 99, 101, 107, 109, 115, 116, 121, 122
Lag2Baseline	6	false	true	true	2, 3, 4, 5, 8, 9, 10, 12, 15, 16, 18, 19, 20, 22, 23, 24, 25, 26, 27, 28, 29, 30, 32, 33, 35, 38, 39, 40, 45, 48, 50, 56, 57, 101, 107, 108, 109, 110, 111, 115, 116, 117, 118, 119, 122, 123, 124, 125
Lag2Baseline	7	false	false	true	2, 3, 4, 5, 9, 10, 12, 18, 19, 20, 23, 24, 26, 27, 28, 32, 35, 38, 39, 40, 45, 48, 50, 57, 99, 100, 101, 107, 109, 115, 116, 118, 121, 124, 125
Lag2Baseline	8	false	false	false	3, 9, 18, 26, 40, 45, 48, 50, 57, 101, 107, 109, 115, 116
Lag2Baseline	9	true	false	false	48
Lag2Baseline	10	true	false	false	3, 18, 26, 38, 39, 40, 45, 50, 57, 101
Lag2Baseline	11	true	false	false	39
Lag2Baseline	12	true	false	false	39, 40, 50, 57
Lag2Baseline	13	true	false	false
Lag2Baseline	14	true	false	false	105
Lag2Baseline	15	true	false	false
Lag2Baseline	16	false	true	false	3, 4, 5, 8, 9, 10, 11, 12, 16, 18, 19, 20, 23, 24, 25, 26, 27, 28, 29, 30, 32, 33, 34, 35, 38, 39, 40, 43, 45, 50, 57, 58, 59, 63, 64, 65, 66, 68, 69, 71, 72, 73, 74, 75, 76, 77, 81, 82, 83, 84, 88, 89, 90, 94, 95, 96, 99, 100, 101, 107, 109, 115, 116, 121, 122, 123, 124, 128
Lag2Baseline	17	true	false	false	39
Lag2Baseline	18	true	false	false	39, 50, 57, 116
Lag2Baseline	19	false	false	false	3, 18, 23, 24, 26, 38, 39, 40, 45, 50, 57, 101, 119
Lag2Baseline	20	false	false	false	3, 4, 5, 8, 9, 11, 18, 19, 20, 23, 24, 25, 26, 32, 33, 38, 39, 40, 43, 45, 48, 50, 57, 59, 63, 64, 65, 66, 68, 69, 73, 75, 76, 77, 81, 82, 84, 88, 89, 90, 94, 95, 96, 99, 100, 101, 107, 108, 109, 115, 116, 121, 122, 123, 124
Lag2Baseline	21	true	false	false
Lag2Baseline	22	true	false	false	50, 105
Lag2Baseline	23	true	false	false	2, 3, 9, 26, 27, 48, 83, 105
Lag2Baseline	24	true	false	false	18, 26, 83
Lag2Baseline	25	false	false	false	2, 3, 9, 25, 26, 27, 32, 33, 38, 39, 40, 45, 48, 50, 57, 83, 105, 116, 122, 123
Lag2Baseline	26	true	false	false	39, 105
Lag2Baseline	27	false	true	false	1, 2, 3, 4, 5, 8, 9, 11, 14, 15, 16, 18, 22, 23, 24, 25, 26, 27, 32, 33, 38, 39, 40, 43, 45, 48, 49, 50, 56, 57, 64, 68, 83, 84, 90, 94, 95, 96, 99, 100, 101, 107, 108, 109, 110, 115, 116, 118, 122, 123, 125
Lag2Baseline	28	false	false	false	3, 38, 39, 40, 45, 50, 57, 105, 115, 116, 122
Lag2Baseline	29	true	false	false	105
Lag2Baseline	30	true	false	false	48
Lag2Baseline	31	false	false	false	32, 38, 39, 40, 45, 50, 57, 101, 105, 115, 116, 122, 123
Lag2Baseline	32	true	false	false	105
Lag2Baseline	33	true	false	false	48, 83, 105
Lag2Baseline	34	true	false	false	105
Lag2Baseline	35	false	false	false	3, 8, 14, 22, 25, 32, 38, 39, 40, 45, 50, 57, 63, 64, 68, 73, 74, 81, 82, 83, 84, 88, 89, 90, 94, 95, 96, 99, 100, 101, 105, 107, 108, 109, 113, 115, 116, 122, 123
Lag2Baseline	36	false	false	true	2, 3, 4, 8, 9, 15, 16, 18, 22, 23, 25, 26, 27, 28, 32, 33, 38, 39, 40, 45, 48, 49, 50, 57, 64, 83, 100, 101, 103, 104, 105, 107, 108, 110, 115, 116, 118, 122, 123, 125
Lag2Baseline	37	false	false	false	2, 3, 4, 5, 8, 9, 10, 11, 16, 18, 19, 20, 23, 24, 25, 26, 32, 33, 34, 38, 39, 40, 44, 45, 48, 50, 56, 57, 63, 64, 65, 68, 69, 70, 73, 76, 77, 84, 88, 89, 90, 94, 95, 96, 99, 100, 101, 105, 107, 108, 109, 111, 115, 116, 118, 121, 122, 123, 124, 128
Lag2Baseline	38	true	false	false	35, 83, 105
Lag2Baseline	39	false	false	false	2, 3, 4, 5, 8, 9, 10, 11, 18, 19, 20, 23, 24, 25, 27, 28, 29, 32, 33, 35, 38, 39, 40, 45, 50, 56, 57, 63, 64, 65, 66, 68, 69, 71, 73, 76, 82, 84, 88, 89, 90, 94, 95, 96, 99, 100, 101, 105, 107, 108, 109, 115, 116, 121, 122, 123, 124, 128
Lag2Baseline	40	false	false	false	11, 18, 20, 29, 30, 32, 36, 37, 38, 39, 40, 42, 45, 50, 57, 64, 68, 74, 75, 90, 95, 96, 99, 100, 101, 105, 107, 116, 122, 123
Lag2Baseline	41	true	false	false	48, 71, 98, 102, 105
Lag2Baseline	42	false	false	false	3, 4, 23, 32, 38, 39, 40, 45, 50, 51, 56, 57, 63, 64, 68, 95, 98, 99, 101, 102, 105, 107, 108, 115, 116, 121, 122, 123
Lag2Baseline	43	false	false	false	2, 3, 4, 5, 9, 10, 15, 16, 18, 19, 20, 23, 24, 25, 26, 27, 28, 29, 32, 35, 38, 39, 40, 43, 45, 50, 56, 57, 63, 64, 68, 90, 94, 95, 96, 98, 99, 100, 101, 102, 105, 107, 108, 109, 111, 115, 116, 117, 118, 121, 122, 123, 124
Lag2Baseline	44	false	false	false	1, 2, 3, 4, 5, 8, 9, 10, 11, 20, 23, 24, 25, 26, 27, 28, 32, 33, 34, 35, 38, 39, 40, 43, 44, 45, 48, 49, 50, 56, 57, 63, 64, 65, 66, 68, 69, 70, 73, 74, 76, 77, 81, 82, 83, 84, 88, 89, 90, 94, 95, 96, 99, 100, 101, 103, 104, 105, 107, 108, 109, 111, 115, 116, 118, 121, 122, 123, 124, 125, 128
Lag2Baseline	45	false	false	false	3, 8, 38, 39, 45, 50, 51, 57, 63, 98, 101, 102, 103, 104, 105, 107, 110, 116, 117, 122, 123
Lag2Baseline	46	false	false	false	2, 3, 4, 5, 9, 10, 11, 18, 20, 23, 24, 26, 27, 28, 32, 34, 38, 39, 43, 45, 50, 51, 56, 57, 59, 63, 64, 65, 66, 68, 69, 84, 90, 94, 95, 96, 99, 101, 105, 107, 108, 109, 115, 116, 117, 121, 122, 123, 124, 128
Lag2Baseline	47	false	false	false	2, 3, 4, 9, 22, 25, 26, 27, 32, 38, 39, 43, 45, 50, 51, 57, 77, 98, 101, 102, 105, 107, 109, 115, 116, 121, 122, 123
Lag2Baseline	48	true	false	false	23, 38, 39, 45, 50, 56, 57, 98, 102, 105
Lag2Baseline	49	true	false	false	34, 51, 98, 102, 105
Lag2Baseline	50	true	false	false	3, 4, 18, 23, 39, 50, 105, 122
Lag2Baseline	51	false	true	false	3, 4, 5, 9, 10, 11, 18, 20, 23, 24, 25, 26, 27, 28, 32, 33, 35, 38, 39, 41, 43, 44, 45, 46, 47, 48, 50, 51, 56, 57, 63, 64, 68, 69, 73, 83, 90, 94, 95, 96, 98, 99, 101, 102, 105, 107, 108, 109, 110, 111, 115, 116, 117, 118, 119, 121, 122, 123, 124, 125, 128
Lag2Baseline	52	false	true	false	1, 2, 3, 4, 5, 11, 14, 15, 16, 18, 19, 21, 22, 23, 24, 25, 26, 27, 32, 33, 38, 39, 40, 43, 44, 45, 50, 51, 56, 57, 59, 63, 64, 65, 68, 69, 70, 73, 77, 83, 90, 94, 95, 96, 98, 99, 101, 102, 105, 107, 108, 109, 115, 116, 119, 121, 122, 123, 125, 128
Lag2Baseline	53	false	true	true	2, 3, 4, 5, 8, 9, 10, 11, 14, 15, 16, 17, 18, 21, 22, 23, 24, 25, 26, 27, 28, 32, 33, 35, 51, 58, 66, 73, 98, 102, 105, 119, 126, 127
Lag2Baseline	54	false	false	false	38, 39, 50, 56, 57, 66, 98, 102, 105, 107, 122
Lag2Baseline	55	false	false	false	3, 4, 5, 9, 10, 15, 19, 20, 23, 24, 26, 27, 28, 33, 35, 38, 39, 43, 45, 48, 49, 50, 51, 56, 57, 63, 99, 101, 103, 104, 105, 107, 108, 109, 110, 111, 115, 116, 117, 118, 121, 122, 123, 124
Lag2Baseline	56	false	false	false	9, 25, 26, 27, 40, 51, 59, 66, 98, 102, 104, 105, 111, 118
Lag2Baseline	57	true	false	false	51, 105
Lag2Baseline	58	false	false	false	3, 4, 9, 18, 23, 26, 39, 50, 77, 98, 102, 105, 109
Lag2Baseline	59	true	false	false	19, 51, 77, 83, 98, 101, 102, 103, 104, 105
Lag2Baseline	60	false	true	false	2, 8, 9, 14, 15, 16, 18, 20, 22, 23, 24, 25, 26, 27, 28, 33, 34, 38, 43, 49, 50, 51, 63, 64, 68, 69, 70, 77, 102, 105, 107, 110, 111, 116, 118, 122
Lag2Baseline	61	false	false	false	2, 3, 18, 25, 26, 27, 38, 39, 43, 48, 51, 56, 57, 66, 70, 83, 87, 98, 101, 102, 105, 107, 108, 109, 111, 116, 118, 121, 122, 123, 127
Lag2Baseline	62	false	true	false	2, 3, 8, 9, 11, 14, 16, 17, 21, 23, 25, 26, 27, 33, 34, 35, 40, 48, 49, 50, 51, 57, 63, 66, 70, 74, 81, 82, 83, 88, 90, 93, 96, 98, 99, 101, 102, 103, 104, 105, 107, 108, 109, 110, 111, 115, 117, 118, 119, 121, 124, 126, 127
Lag2Baseline	63	false	false	false	3, 11, 26, 32, 33, 34, 38, 39, 43, 44, 45, 48, 49, 50, 51, 56, 57, 63, 64, 66, 68, 77, 90, 95, 96, 98, 99, 100, 101, 102, 103, 104, 105, 107, 108, 109, 115, 116, 121, 122, 128
Lag2Baseline	64	false	true	false	2, 3, 4, 5, 8, 14, 15, 22, 25, 26, 27, 32, 33, 38, 39, 43, 44, 45, 48, 50, 51, 56, 57, 63, 64, 66, 70, 74, 81, 82, 83, 88, 89, 90, 94, 95, 96, 99, 100, 101, 102, 103, 105, 107, 108, 109, 115, 116, 118, 119, 121, 122, 123, 128
Lag2Baseline	65	false	false	false	3, 9, 19, 23, 26, 27, 51, 66, 98, 102, 104, 105
Lag2Baseline	66	true	false	false	19, 51, 66, 83, 102, 105
Lag2Baseline	67	true	false	false	19, 51, 66, 75, 98, 102, 105
Lag2Baseline	68	false	false	false	3, 4, 5, 11, 18, 23, 26, 27, 32, 33, 34, 35, 38, 39, 43, 45, 50, 51, 56, 57, 58, 63, 64, 66, 68, 69, 70, 73, 82, 87, 88, 93, 98, 99, 100, 101, 102, 103, 104, 105, 107, 108, 109, 113, 114, 116, 121, 122, 128
Lag2Baseline	69	true	false	false	19, 66, 102, 105
Lag2Baseline	70	true	false	false	19, 51, 57, 101, 105
Lag2Baseline	71	true	false	false	51, 66, 98, 102, 103, 105
Lag2Baseline	72	true	false	false	3, 9, 51, 66, 98, 102, 105, 111
Lag2Baseline	73	false	false	false	3, 9, 11, 16, 18, 23, 24, 26, 27, 28, 33, 34, 38, 43, 45, 48, 50, 56, 57, 63, 83, 98, 100, 101, 102, 107, 108, 118, 121, 124, 125
Lag2Baseline	74	true	false	false	19, 51, 98, 102, 105
Lag2Baseline	75	false	false	false	49, 51, 66, 79, 87, 93, 98, 102, 103, 104, 105, 110
Lag2Baseline	76	false	false	false	11, 27, 35, 48, 49, 51, 66, 83, 102, 103, 104, 105
Lag2Baseline	77	true	false	false	19, 51, 66, 102, 103, 105, 110
Lag2Baseline	78	false	false	false	3, 9, 11, 23, 26, 27, 28, 33, 38, 43, 45, 48, 49, 51, 56, 57, 59, 63, 98, 100, 101, 102, 103, 105, 107, 108, 109, 116, 121, 122, 124
Lag2Baseline	79	true	false	false	9, 27, 48, 50, 66, 98, 102, 105, 117, 122
Lag2Baseline	80	true	false	false	66, 98, 102, 103, 105, 110, 117
Lag2Baseline	81	false	false	false	2, 3, 4, 5, 8, 9, 10, 11, 14, 19, 23, 25, 26, 27, 32, 33, 34, 38, 39, 40, 43, 44, 45, 48, 51, 56, 57, 58, 59, 63, 66, 70, 73, 74, 78, 79, 81, 82, 84, 85, 86, 87, 88, 91, 92, 93, 95, 97, 98, 99, 100, 101, 102, 103, 104, 105, 107, 108, 109, 110, 111, 115, 116, 118, 121, 122, 124, 125, 128
Lag2Baseline	82	false	false	false	48, 49, 51, 63, 66, 98, 102, 103, 104, 105, 110, 117
Lag2Baseline	83	false	false	false	19, 48, 59, 66, 73, 74, 81, 82, 88, 98, 102, 105, 110, 117
Lag2Baseline	84	true	false	false	51, 66, 98, 102, 103, 105, 107, 110, 117
Lag2Baseline	85	false	false	false	3, 4, 5, 9, 10, 18, 23, 24, 35, 39, 49, 51, 57, 66, 78, 79, 85, 86, 87, 91, 92, 97, 98, 100, 101, 102, 103, 104, 105, 107, 108, 110, 116, 117, 119, 121, 122, 123, 124
Lag2Baseline	86	false	false	false	39, 49, 50, 51, 66, 72, 98, 100, 102, 103, 105, 110, 117, 122
Lag2Baseline	87	true	false	false	19, 51, 66, 98, 102, 103, 105, 107, 117
Lag2Baseline	88	false	false	false	35, 51, 59, 62, 66, 72, 78, 79, 83, 85, 86, 87, 91, 92, 93, 97, 98, 102, 103, 104, 105, 107, 110, 114, 117
Lag2Baseline	89	false	true	false	2, 3, 8, 9, 10, 14, 15, 16, 17, 18, 19, 20, 21, 22, 23, 24, 25, 26, 27, 28, 29, 30, 32, 33, 34, 35, 36, 37, 40, 51, 59, 66, 71, 72, 73, 74, 76, 77, 81, 82, 88, 93, 98, 99, 102, 103, 104, 105, 107, 109, 117
Lag2Baseline	90	false	false	false	2, 8, 18, 19, 20, 21, 22, 23, 24, 26, 28, 34, 35, 51, 59, 66, 71, 98, 102, 103, 104, 105, 110, 114, 117
Lag2Baseline	91	false	false	false	40, 51, 59, 66, 71, 72, 76, 84, 102, 103, 107, 110, 114, 117
Lag2Baseline	92	true	false	false	35, 66, 98, 102, 105, 110, 117
Lag2Baseline	93	false	false	false	3, 4, 9, 19, 33, 38, 39, 43, 45, 49, 51, 57, 66, 72, 83, 98, 100, 101, 102, 103, 105, 107, 110, 114, 117, 121, 122
Lag2Baseline	94	false	true	false	2, 3, 8, 9, 10, 14, 15, 17, 21, 22, 23, 25, 26, 51, 66, 70, 71, 78, 79, 85, 87, 91, 98, 102, 103, 104, 105, 110, 111, 117, 123
Lag2Baseline	95	false	true	false	2, 3, 8, 9, 11, 14, 20, 21, 25, 26, 27, 29, 33, 35, 38, 39, 40, 43, 44, 45, 51, 56, 57, 58, 59, 62, 64, 65, 66, 68, 70, 71, 72, 75, 76, 77, 78, 79, 83, 84, 85, 86, 87, 89, 90, 91, 92, 93, 94, 95, 96, 97, 98, 99, 100, 101, 102, 103, 104, 105, 107, 108, 109, 110, 115, 116, 117, 121, 122, 123, 125, 126, 127, 128
Lag2Baseline	96	false	false	false	19, 28, 35, 40, 51, 59, 66, 71, 72, 73, 74, 76, 81, 82, 83, 84, 86, 87, 88, 92, 93, 94, 97, 98, 100, 101, 102, 103, 104, 105, 107, 110, 111, 117, 121
Lag2Baseline	97	false	true	false	2, 3, 8, 9, 14, 15, 17, 18, 21, 22, 25, 35, 51, 59, 66, 71, 76, 78, 79, 84, 85, 86, 87, 91, 92, 93, 97, 98, 102, 103, 104, 105, 107, 110, 117
Lag2Baseline	98	false	false	false	9, 19, 49, 50, 51, 66, 98, 102, 103, 104, 105, 110, 117
Lag2Baseline	99	false	false	false	3, 28, 33, 43, 49, 51, 72, 98, 100, 101, 102, 103, 105, 110, 111, 117, 118, 121
Lag2Baseline	100	false	false	false	3, 18, 23, 49, 58, 63, 64, 66, 69, 71, 72, 73, 74, 75, 76, 81, 82, 83, 88, 90, 94, 98, 99, 100, 102, 103, 105, 107, 110, 111, 114, 117
Lag2Neutral	1	false	false	false	4, 8, 18, 22, 25, 33, 38, 39, 40, 45, 50, 57, 63, 64, 68, 69, 70, 95, 99, 101, 109, 115, 116, 117, 122, 123
Lag2Neutral	2	true	false	false	39, 116
Lag2Neutral	3	false	true	false	2, 3, 4, 5, 8, 9, 11, 12, 16, 18, 19, 20, 22, 23, 24, 25, 26, 27, 28, 32, 33, 34, 38, 39, 40, 43, 44, 45, 50, 57, 63, 64, 68, 69, 90, 95, 96, 99, 100, 101, 107, 108, 109, 110, 115, 116, 117, 118, 119, 121, 122, 123, 124
Lag2Neutral	4	false	true	false	2, 4, 8, 9, 25, 32, 33, 39, 40, 45, 50, 57, 63, 64, 66, 70, 101, 109, 110, 115, 116, 117, 122, 123
Lag2Neutral	5	false	false	true	125
Lag2Neutral	6	false	false	false	2, 3, 8, 11, 14, 18, 19, 20, 23, 24, 26, 27, 32, 33, 38, 39, 40, 43, 44, 45, 50, 57, 58, 59, 63, 64, 65, 66, 68, 69, 70, 71, 73, 74, 75, 76, 77, 81, 82, 83, 84, 88, 89, 90, 94, 95, 96, 99, 100, 101, 107, 108, 109, 110, 115, 116, 117, 121, 122, 123
Lag2Neutral	7	true	false	false	125
Lag2Neutral	8	false	false	true	2, 3, 9, 18, 19, 20, 22, 23, 24, 25, 26, 27, 28, 43, 44, 45, 48, 56, 103, 104, 105, 107, 119, 125
Lag2Neutral	9	true	false	false	19, 20, 24, 48, 103, 104, 105, 109
Lag2Neutral	10	true	false	false	39
Lag2Neutral	11	false	false	false	32, 33, 38, 39, 40, 45, 48, 50, 57, 101, 109, 115, 116, 122, 123
Lag2Neutral	12	true	false	false	99
Lag2Neutral	13	true	false	false	101, 122
Lag2Neutral	14	false	false	true	18, 26, 27, 39, 48, 50, 63, 83, 89, 99, 105, 107, 113, 116, 122, 123, 125
Lag2Neutral	15	true	false	false	48
Lag2Neutral	16	true	false	false
Lag2Neutral	17	true	false	false
Lag2Neutral	18	true	false	false	48
Lag2Neutral	19	false	false	false	3, 8, 18, 23, 33, 39, 48, 50, 95, 96, 99, 100, 101, 107, 108, 115, 116, 119, 123
Lag2Neutral	20	false	true	true	2, 3, 4, 9, 10, 16, 18, 19, 20, 23, 24, 25, 26, 27, 28, 29, 30, 32, 33, 34, 35, 38, 39, 40, 45, 48, 50, 56, 57, 64, 100, 101, 107, 109, 116, 117, 118, 122, 123, 124, 125, 128
Lag2Neutral	21	false	false	false	3, 4, 18, 23, 25, 26, 33, 38, 39, 40, 43, 45, 50, 57, 101, 107, 109, 115, 116, 122, 123
Lag2Neutral	22	false	false	false	2, 3, 4, 11, 18, 23, 26, 27, 33, 38, 39, 40, 45, 50, 56, 57, 89, 90, 94, 95, 96, 99, 100, 101, 107, 116, 119, 122, 123
Lag2Neutral	23	false	false	false	3, 23, 26, 38, 39, 40, 45, 48, 50, 57, 63, 64, 68, 83, 101, 107, 108, 109, 116, 122
Lag2Neutral	24	false	false	false	38, 40, 45, 50, 57, 63, 64, 68, 69, 95, 99, 101, 107, 119
Lag2Neutral	25	true	false	false	83
Lag2Neutral	26	true	false	false
Lag2Neutral	27	false	false	false	8, 18, 23, 32, 33, 38, 39, 40, 45, 50, 57, 61, 101, 109, 115, 116, 122, 123
Lag2Neutral	28	false	true	false	2, 8, 9, 15, 25, 26, 27, 32, 33, 38, 39, 40, 45, 48, 50, 57, 63, 64, 68, 73, 83, 88, 89, 90, 94, 95, 96, 99, 100, 101, 105, 109, 115, 116, 122, 123
Lag2Neutral	29	false	false	false	3, 9, 10, 18, 23, 24, 26, 34, 35, 38, 39, 40, 45, 48, 50, 56, 57, 64, 68, 100, 101, 107, 109, 115, 116, 122, 124, 128
Lag2Neutral	30	true	false	false	3, 40, 45, 50, 57, 105
Lag2Neutral	31	true	false	false	105
Lag2Neutral	32	true	false	false	105
Lag2Neutral	33	true	false	false	100, 105
Lag2Neutral	34	true	false	false	43, 105
Lag2Neutral	35	true	false	false	105
Lag2Neutral	36	false	false	false	3, 4, 5, 18, 23, 35, 38, 39, 40, 45, 50, 57, 63, 83, 90, 95, 100, 101, 107, 111, 115, 116, 118, 121, 123, 124, 126, 127
Lag2Neutral	37	true	false	false	11, 48, 105
Lag2Neutral	38	false	false	false	2, 3, 4, 5, 9, 10, 11, 18, 23, 24, 33, 34, 38, 39, 40, 43, 45, 50, 57, 64, 68, 69, 90, 94, 95, 96, 99, 100, 101, 105, 107, 108, 115, 116, 121, 122, 123
Lag2Neutral	39	true	false	false	105
Lag2Neutral	40	true	false	false	105
Lag2Neutral	41	true	false	false	100, 103, 104, 105, 111
Lag2Neutral	42	true	false	false	3, 105, 107
Lag2Neutral	43	true	false	false	3, 39, 101, 105, 107
Lag2Neutral	44	false	true	false	2, 3, 4, 5, 11, 15, 18, 19, 22, 23, 24, 25, 27, 32, 33, 38, 39, 43, 44, 45, 49, 50, 56, 57, 63, 64, 68, 69, 70, 73, 83, 90, 94, 95, 96, 98, 99, 101, 102, 103, 104, 105, 107, 108, 109, 111, 115, 116, 121, 122, 123, 124, 125, 128
Lag2Neutral	45	false	false	false	3, 9, 26, 27, 35, 39, 98, 100, 101, 102, 103, 104, 105, 110, 116, 117, 122
Lag2Neutral	46	true	false	false	51, 98, 102, 103, 104, 105
Lag2Neutral	47	false	false	false	9, 26, 27, 48, 49, 77, 98, 100, 102, 103, 104, 105, 110, 118
Lag2Neutral	48	false	false	false	3, 4, 5, 9, 10, 18, 19, 20, 23, 24, 25, 26, 27, 28, 35, 38, 39, 45, 48, 50, 56, 57, 63, 77, 98, 99, 101, 102, 104, 105, 107, 108, 109, 116, 121, 122, 123, 124
Lag2Neutral	49	false	false	false	2, 3, 4, 5, 9, 10, 18, 19, 20, 23, 24, 25, 32, 38, 39, 43, 45, 50, 56, 57, 63, 64, 68, 69, 73, 77, 83, 89, 90, 94, 95, 96, 99, 101, 105, 107, 108, 109, 115, 116, 121, 122, 123, 124
Lag2Neutral	50	false	false	false	2, 3, 4, 27, 35, 39, 77, 83, 98, 101, 102, 105, 107, 109, 116, 122, 123
Lag2Neutral	51	false	false	false	8, 17, 25, 32, 33, 38, 39, 43, 48, 70, 105, 128
Lag2Neutral	52	false	false	false	2, 9, 18, 22, 25, 26, 27, 33, 38, 39, 40, 45, 50, 56, 57, 63, 70, 83, 101, 103, 104, 105, 107, 111, 116, 118, 122, 123
Lag2Neutral	53	true	false	false	39, 50, 56, 57, 66, 101, 105, 107, 108
Lag2Neutral	54	true	false	false	27, 51, 83, 98, 99, 102, 105
Lag2Neutral	55	true	false	false	77, 98, 102, 105
Lag2Neutral	56	true	false	false	51, 59, 66, 98, 102, 105
Lag2Neutral	57	false	false	false	3, 4, 9, 11, 25, 27, 38, 39, 50, 51, 57, 98, 101, 102, 103, 104, 105, 107, 109, 116, 121, 122, 123
Lag2Neutral	58	true	false	false	19, 105
Lag2Neutral	59	false	false	false	2, 9, 14, 15, 16, 19, 20, 22, 24, 25, 26, 27, 28, 32, 35, 38, 39, 43, 44, 45, 50, 51, 56, 57, 63, 66, 68, 70, 73, 81, 82, 83, 88, 89, 90, 94, 95, 96, 98, 99, 100, 101, 102, 103, 105, 107, 108, 109, 110, 111, 116, 118, 121, 122, 123, 128
Lag2Neutral	60	true	false	false	66, 105
Lag2Neutral	61	false	false	false	19, 49, 51, 66, 98, 102, 103, 104, 105, 109, 110, 117
Lag2Neutral	62	false	false	false	2, 3, 4, 5, 8, 9, 11, 14, 18, 23, 24, 25, 27, 32, 33, 38, 39, 43, 44, 45, 50, 51, 56, 57, 63, 64, 66, 68, 90, 94, 95, 96, 98, 99, 100, 101, 102, 104, 105, 107, 108, 109, 115, 116, 119, 121, 122, 123, 124, 125, 128
Lag2Neutral	63	false	false	false	3, 9, 11, 18, 23, 26, 38, 39, 43, 44, 45, 48, 49, 50, 56, 57, 63, 66, 68, 83, 98, 100, 101, 102, 105, 107, 108, 121
Lag2Neutral	64	false	false	false	3, 18, 19, 26, 33, 34, 38, 39, 43, 45, 50, 51, 56, 57, 59, 63, 64, 65, 66, 68, 77, 98, 100, 101, 102, 103, 104, 105, 107, 108, 109, 110, 116, 121, 128
Lag2Neutral	65	false	false	false	2, 3, 4, 5, 9, 10, 11, 14, 18, 20, 23, 24, 25, 26, 27, 28, 32, 33, 34, 35, 38, 39, 43, 44, 45, 48, 49, 50, 51, 56, 57, 63, 64, 66, 68, 70, 83, 90, 94, 95, 96, 98, 99, 100, 101, 102, 103, 105, 107, 108, 109, 111, 114, 115, 116, 117, 118, 119, 121, 122, 123, 124, 125, 128
Lag2Neutral	66	false	true	false	2, 3, 4, 5, 8, 9, 10, 11, 15, 16, 18, 20, 22, 23, 24, 25, 26, 27, 28, 34, 35, 38, 39, 43, 45, 48, 49, 50, 51, 56, 57, 59, 63, 64, 66, 68, 69, 70, 83, 98, 100, 101, 102, 103, 104, 105, 107, 108, 109, 110, 111, 116, 117, 118, 119, 121, 122, 123, 124, 125
Lag2Neutral	67	true	false	false	40, 51, 66, 105
Lag2Neutral	68	true	false	false	51, 66, 103, 104, 105, 107, 110, 117, 122
Lag2Neutral	69	true	false	false	3, 51, 105
Lag2Neutral	70	true	false	false	19, 35, 51, 105
Lag2Neutral	71	false	false	false	3, 4, 5, 23, 32, 33, 38, 39, 43, 45, 48, 50, 51, 56, 57, 63, 66, 98, 99, 100, 101, 102, 105, 107, 108, 109, 116, 121, 122, 128
Lag2Neutral	72	true	false	false	51, 66, 102, 105, 107, 110, 117, 122
Lag2Neutral	73	false	false	false	3, 4, 5, 9, 10, 23, 38, 39, 43, 45, 50, 56, 57, 63, 100, 101, 102, 105, 107, 108, 109, 110, 111, 116, 117, 118, 121, 122, 124
Lag2Neutral	74	true	false	false	51, 66, 98, 102, 104, 105, 107
Lag2Neutral	75	false	false	false	3, 4, 23, 38, 39, 43, 45, 50, 51, 56, 57, 59, 63, 66, 98, 100, 101, 102, 103, 104, 105, 107, 108, 109, 116, 121, 122
Lag2Neutral	76	false	false	false	35, 50, 51, 66, 98, 99, 102, 103, 104, 105, 107
Lag2Neutral	77	true	false	false	48, 51, 66, 98, 100, 102, 103, 105
Lag2Neutral	78	false	false	false	3, 4, 5, 9, 11, 19, 20, 23, 24, 27, 28, 33, 34, 35, 38, 39, 43, 45, 48, 50, 56, 57, 63, 64, 66, 100, 101, 102, 105, 107, 108, 109, 111, 115, 116, 118, 121, 122, 124
Lag2Neutral	79	false	false	false	35, 48, 51, 66, 74, 98, 102, 103, 104, 105, 110, 111, 117, 118
Lag2Neutral	80	true	false	false	40, 51, 66, 98, 102, 103, 104, 105, 107, 117
Lag2Neutral	81	true	false	false	19, 35, 66, 72, 100, 102, 103, 110, 117
Lag2Neutral	82	false	false	false	3, 23, 51, 66, 100, 101, 102, 103, 105, 110, 117
Lag2Neutral	83	false	false	false	35, 51, 59, 66, 83, 98, 100, 102, 103, 104, 105, 110, 117
Lag2Neutral	84	false	false	false	35, 51, 59, 66, 83, 98, 102, 103, 104, 105, 107, 110, 117
Lag2Neutral	85	true	false	false	59, 64, 66, 70, 102, 103, 105, 107, 110, 117
Lag2Neutral	86	false	false	false	3, 4, 19, 23, 51, 59, 66, 71, 72, 98, 100, 102, 103, 104, 105, 107, 110, 117
Lag2Neutral	87	false	false	false	3, 4, 18, 23, 33, 45, 51, 57, 66, 72, 75, 77, 98, 100, 101, 102, 103, 105, 107, 108, 110, 116, 117, 121
Lag2Neutral	88	false	false	false	51, 59, 66, 72, 98, 102, 103, 104, 105, 110, 117
Lag2Neutral	89	false	false	false	19, 49, 51, 66, 70, 102, 103, 105, 111, 114, 117, 118
Lag2Neutral	90	false	false	false	35, 51, 66, 98, 102, 103, 104, 105, 107, 110, 111, 117, 118
Lag2Neutral	91	false	false	false	3, 19, 23, 24, 35, 57, 59, 66, 72, 98, 100, 102, 103, 105, 110, 117
Lag2Neutral	92	false	false	false	2, 8, 21, 22, 25, 26, 34, 51, 66, 98, 102, 103, 104, 105, 107, 110, 111, 117, 118
Lag2Neutral	93	false	false	false	2, 3, 4, 5, 10, 11, 18, 23, 33, 34, 35, 38, 39, 43, 45, 51, 57, 63, 66, 72, 83, 98, 100, 101, 102, 103, 105, 107, 108, 110, 114, 115, 116, 117, 121, 122
Lag2Neutral	94	false	false	false	3, 4, 5, 9, 18, 23, 26, 38, 39, 40, 45, 51, 57, 59, 66, 72, 78, 79, 85, 86, 87, 91, 92, 93, 97, 98, 100, 101, 102, 103, 104, 105, 107, 110, 117, 121, 122
Lag2Neutral	95	false	false	false	11, 21, 51, 66, 98, 102, 103, 104, 105, 110, 114, 117
Lag2Neutral	96	false	true	false	3, 4, 5, 8, 9, 10, 14, 15, 17, 18, 21, 22, 23, 25, 44, 51, 66, 98, 102, 103, 105, 110, 117
Lag2Neutral	97	false	true	false	2, 3, 4, 5, 8, 9, 10, 13, 14, 15, 17, 18, 19, 20, 21, 24, 25, 26, 28, 29, 30, 35, 36, 37, 41, 42, 46, 47, 49, 51, 52, 53, 54, 58, 59, 60, 61, 62, 64, 65, 66, 68, 69, 70, 71, 72, 73, 74, 75, 76, 77, 78, 79, 81, 82, 83, 84, 85, 86, 87, 88, 89, 90, 91, 92, 94, 95, 96, 97, 98, 99, 100, 102, 103, 104, 105, 107, 111, 117, 118, 123
Lag2Neutral	98	false	false	false	35, 40, 51, 62, 66, 71, 72, 76, 77, 78, 79, 84, 85, 86, 87, 91, 92, 93, 97, 98, 102, 103, 104, 105, 107, 110, 111, 117, 118
Lag2Neutral	99	false	false	false	3, 19, 23, 49, 51, 66, 103, 105, 110, 111, 117
Lag2Neutral	100	false	false	false	51, 59, 66, 72, 83, 98, 102, 103, 104, 105, 110, 117
Lag2Negative	1	false	false	true	39, 125, 127
Lag2Negative	2	true	false	false	116, 123
Lag2Negative	3	false	true	true	2, 3, 4, 5, 9, 11, 12, 13, 14, 16, 18, 19, 20, 23, 24, 25, 26, 27, 28, 29, 30, 35, 36, 37, 39, 40, 43, 45, 48, 50, 56, 57, 63, 84, 89, 90, 94, 95, 96, 99, 101, 103, 104, 105, 109, 115, 116, 118, 121, 122, 124
Lag2Negative	4	true	false	false	19, 22, 23, 24, 25, 26
Lag2Negative	5	false	true	false	8, 18, 39, 101, 109, 110, 115, 116, 122, 123
Lag2Negative	6	false	true	false	14, 38, 39, 109
Lag2Negative	7	true	false	false
Lag2Negative	8	false	false	true	2, 3, 4, 5, 8, 11, 22, 23, 24, 27, 32, 33, 38, 39, 40, 43, 44, 45, 50, 57, 58, 63, 64, 65, 66, 68, 69, 73, 76, 77, 81, 82, 83, 84, 88, 89, 90, 94, 95, 96, 99, 100, 101, 107, 108, 109, 110, 115, 116, 117, 119, 121, 122, 123, 128
Lag2Negative	9	true	false	false	48
Lag2Negative	10	true	false	false	18, 26, 39, 48, 103, 104, 105
Lag2Negative	11	false	false	false	2, 3, 4, 18, 23, 24, 26, 39, 40, 45, 48, 50, 57, 101, 116, 123, 124
Lag2Negative	12	true	false	false	48
Lag2Negative	13	false	false	false	3, 18, 26, 38, 39, 40, 45, 50, 57, 64, 68, 100, 101, 109, 116
Lag2Negative	14	true	false	false	56, 103, 104, 105
Lag2Negative	15	true	false	false
Lag2Negative	16	true	false	false	48
Lag2Negative	17	true	false	false	48
Lag2Negative	18	true	false	false	48, 100, 101
Lag2Negative	19	false	true	true	2, 3, 4, 5, 8, 11, 18, 23, 25, 32, 33, 38, 39, 40, 43, 45, 48, 50, 57, 63, 64, 68, 69, 76, 77, 83, 84, 89, 90, 94, 95, 96, 99, 100, 101, 103, 104, 105, 107, 108, 109, 110, 115, 116, 121, 122, 123, 128
Lag2Negative	20	true	false	false
Lag2Negative	21	false	false	false	18, 26, 27, 40, 45, 48, 50, 57, 61, 100, 116, 123
Lag2Negative	22	true	false	false	48, 50, 100
Lag2Negative	23	true	false	false
Lag2Negative	24	true	false	false	2, 39, 45, 50, 57, 116, 122
Lag2Negative	25	false	false	false	8, 9, 27, 33, 38, 39, 40, 45, 48, 50, 57, 101, 109, 110, 115, 116, 122, 123
Lag2Negative	26	true	false	false	3, 18, 23, 26, 38, 39, 40
Lag2Negative	27	true	false	false	3, 39, 50, 57, 122
Lag2Negative	28	false	false	false	3, 23, 25, 33, 38, 39, 45, 50, 57, 83, 101, 109, 115, 116, 121, 122, 123
Lag2Negative	29	true	false	false	105
Lag2Negative	30	false	true	false	2, 3, 4, 5, 8, 12, 18, 19, 20, 23, 24, 25, 29, 32, 33, 38, 39, 40, 45, 50, 57, 63, 64, 68, 90, 94, 95, 96, 99, 100, 101, 105, 107, 109, 115, 116, 121, 122, 123
Lag2Negative	31	false	false	true	105
Lag2Negative	32	true	false	false	105
Lag2Negative	33	true	false	false
Lag2Negative	34	true	false	false	9, 26, 48, 83, 100
Lag2Negative	35	true	false	false	3, 9, 100, 105
Lag2Negative	36	true	false	false	3, 9, 11, 18, 24, 26, 27, 35, 105
Lag2Negative	37	false	false	false	3, 11, 18, 34, 35, 38, 39, 40, 45, 50, 57, 64, 68, 90, 95, 96, 99, 100, 101, 105, 107, 108, 116, 122
Lag2Negative	38	false	false	false	3, 4, 5, 18, 23, 26, 32, 38, 39, 40, 43, 45, 48, 50, 56, 57, 63, 64, 68, 83, 90, 94, 95, 96, 99, 100, 101, 105, 107, 108, 109, 115, 116, 119, 121, 122, 123, 128
Lag2Negative	39	true	false	false	35, 105
Lag2Negative	40	false	true	false	2, 3, 4, 5, 8, 9, 10, 15, 16, 18, 19, 20, 22, 23, 24, 25, 26, 27, 28, 29, 32, 33, 34, 35, 38, 39, 40, 45, 48, 49, 50, 57, 64, 68, 69, 100, 101, 103, 104, 105, 107, 111, 116, 117, 118, 122, 123, 124
Lag2Negative	41	true	false	false	25, 26, 49, 100, 105, 122
Lag2Negative	42	true	false	false	35, 105
Lag2Negative	43	true	false	false	101, 105
Lag2Negative	44	true	false	false	105
Lag2Negative	45	true	false	false	105
Lag2Negative	46	false	false	false	3, 9, 15, 18, 23, 24, 26, 27, 28, 35, 45, 49, 50, 56, 57, 63, 64, 68, 99, 100, 101, 102, 105, 107, 108, 111, 116, 118
Lag2Negative	47	false	false	false	1, 2, 3, 4, 5, 9, 10, 11, 18, 19, 20, 23, 24, 25, 26, 27, 28, 29, 30, 32, 34, 35, 38, 39, 40, 43, 44, 45, 48, 50, 56, 57, 63, 64, 65, 66, 68, 69, 70, 71, 72, 73, 74, 75, 76, 77, 81, 82, 83, 84, 88, 89, 90, 94, 95, 96, 98, 99, 100, 101, 102, 103, 104, 105, 107, 108, 109, 111, 115, 116, 121, 122, 123, 124, 125, 128
Lag2Negative	48	false	false	false	2, 3, 9, 15, 16, 18, 22, 23, 25, 26, 27, 28, 39, 45, 48, 49, 50, 56, 57, 63, 70, 98, 99, 100, 101, 102, 105, 107, 108, 109, 111, 118, 122, 123, 124
Lag2Negative	49	true	false	false	77, 93, 98, 102, 103, 104, 105
Lag2Negative	50	false	false	false	2, 3, 4, 5, 9, 10, 11, 16, 18, 19, 22, 23, 24, 25, 26, 27, 28, 35, 38, 39, 43, 45, 48, 50, 56, 57, 64, 70, 98, 99, 101, 102, 105, 107, 108, 109, 111, 117, 118, 122, 123, 124
Lag2Negative	51	true	false	false	3, 18, 23, 105
Lag2Negative	52	false	true	false	3, 4, 18, 23, 25, 26, 33, 38, 39, 40, 49, 50, 57, 77, 83, 98, 99, 101, 102, 105, 107, 111, 118, 124
Lag2Negative	53	true	false	false	98, 102, 105
Lag2Negative	54	false	false	false	2, 3, 4, 5, 9, 10, 15, 16, 22, 23, 24, 25, 26, 27, 28, 38, 39, 40, 50, 57, 63, 66, 70, 100, 101, 105, 107, 109, 110, 116, 117, 118, 122, 123, 124
Lag2Negative	55	false	false	false	2, 9, 26, 39, 50, 57, 66, 77, 105, 109, 111, 117, 118, 122
Lag2Negative	56	true	false	false	19, 51, 105, 111
Lag2Negative	57	true	false	false	77, 100, 105, 111, 118
Lag2Negative	58	false	false	false	39, 49, 50, 51, 57, 59, 64, 66, 70, 101, 105, 107, 109
Lag2Negative	59	true	false	false	19, 51, 66, 98, 102, 103, 104, 105
Lag2Negative	60	true	false	false	66, 103, 104, 105
Lag2Negative	61	false	false	false	3, 4, 5, 9, 11, 14, 19, 23, 26, 32, 33, 35, 38, 39, 43, 44, 45, 48, 50, 51, 56, 57, 63, 64, 66, 96, 98, 99, 100, 101, 102, 103, 104, 105, 107, 108, 109, 115, 116, 117, 118, 121, 122, 123, 125, 126, 128
Lag2Negative	62	false	false	false	19, 51, 59, 66, 98, 102, 103, 104, 105, 107, 117
Lag2Negative	63	false	true	false	2, 3, 4, 5, 8, 9, 10, 11, 15, 16, 18, 20, 22, 23, 24, 25, 26, 27, 28, 29, 34, 35, 38, 39, 43, 44, 45, 48, 49, 50, 51, 56, 57, 63, 64, 66, 68, 70, 83, 93, 98, 100, 101, 102, 103, 104, 105, 107, 108, 109, 110, 111, 116, 117, 118, 119, 121, 122, 123, 124, 127
Lag2Negative	64	true	false	false	19, 35, 51, 98, 102, 105
Lag2Negative	65	false	false	false	3, 4, 27, 33, 38, 39, 51, 56, 57, 63, 66, 83, 98, 99, 101, 105, 107, 108, 109, 116, 119, 122
Lag2Negative	66	false	false	false	3, 4, 5, 9, 10, 23, 25, 27, 33, 38, 39, 43, 45, 51, 56, 57, 63, 66, 70, 83, 98, 99, 100, 101, 102, 104, 105, 107, 108, 109, 116, 121, 122
Lag2Negative	67	false	false	false	3, 9, 16, 19, 23, 26, 27, 35, 38, 43, 45, 51, 58, 59, 63, 64, 65, 66, 68, 69, 73, 74, 77, 81, 82, 83, 88, 89, 90, 93, 94, 95, 96, 98, 99, 100, 101, 102, 103, 104, 105, 107, 108, 110, 111, 118, 121, 125
Lag2Negative	68	false	false	false	3, 4, 5, 9, 10, 11, 19, 23, 26, 27, 28, 33, 38, 41, 43, 46, 47, 48, 49, 51, 56, 57, 59, 63, 64, 66, 98, 100, 101, 102, 105, 107, 108, 109, 121, 128
Lag2Negative	69	false	false	false	3, 38, 39, 50, 51, 57, 66, 101, 102, 105, 118, 122
Lag2Negative	70	true	false	false	27, 51, 98, 102, 105
Lag2Negative	71	false	false	false	51, 66, 98, 100, 101, 102, 103, 104, 105, 109, 121, 122
Lag2Negative	72	true	false	false	51, 98, 102, 103, 104, 110, 111, 117, 118
Lag2Negative	73	false	false	false	1, 2, 3, 8, 11, 14, 15, 17, 19, 21, 22, 23, 25, 27, 32, 33, 34, 38, 39, 43, 44, 45, 48, 49, 50, 51, 56, 57, 63, 64, 66, 68, 69, 70, 73, 74, 75, 81, 82, 83, 88, 89, 90, 94, 95, 96, 99, 100, 101, 102, 103, 104, 105, 107, 108, 109, 111, 115, 116, 118, 119, 120, 121, 122, 123, 125, 126, 128
Lag2Negative	74	true	false	false	57, 66, 102, 105, 122
Lag2Negative	75	true	false	false	19, 51, 66, 105
Lag2Negative	76	true	false	false	35, 51, 66, 98, 102, 105
Lag2Negative	77	false	false	false	9, 11, 23, 27, 43, 48, 49, 50, 51, 66, 83, 93, 98, 100, 101, 102, 103, 104, 105, 108, 110, 111, 118
Lag2Negative	78	false	false	false	3, 9, 10, 11, 16, 18, 19, 20, 23, 24, 25, 26, 27, 28, 33, 34, 35, 38, 39, 43, 45, 48, 49, 50, 51, 56, 57, 63, 64, 66, 68, 69, 70, 73, 83, 90, 94, 95, 96, 98, 99, 100, 101, 102, 103, 104, 105, 107, 108, 109, 111, 116, 118, 121, 124, 125, 128
Lag2Negative	79	true	false	false	48, 49, 51, 102, 103, 104, 105
Lag2Negative	80	false	false	false	3, 50, 66, 100, 101, 102, 103, 105, 108, 109, 110, 117, 125
Lag2Negative	81	true	false	false	19, 51, 66, 98, 102, 103, 105, 110, 117
Lag2Negative	82	true	false	false	35, 51, 66, 71, 72, 76, 102, 103, 105, 107
Lag2Negative	83	false	false	false	51, 66, 98, 100, 102, 103, 105, 110, 111, 117, 118
Lag2Negative	84	false	false	false	3, 4, 5, 9, 10, 19, 23, 33, 35, 38, 39, 45, 57, 59, 66, 98, 100, 101, 102, 103, 105, 107, 108, 110, 116, 117, 121, 122
Lag2Negative	85	false	false	false	48, 49, 66, 98, 100, 102, 103, 105, 107, 110, 117, 122
Lag2Negative	86	false	false	false	48, 51, 63, 66, 71, 72, 76, 78, 79, 84, 85, 86, 87, 91, 92, 93, 97, 98, 102, 103, 104, 105, 107, 110, 117
Lag2Negative	87	false	false	false	19, 35, 51, 66, 98, 102, 103, 104, 105, 110, 117
Lag2Negative	88	false	false	false	19, 51, 66, 98, 100, 102, 103, 105, 110, 111, 117
Lag2Negative	89	true	false	false	51, 66, 103, 105, 110, 117
Lag2Negative	90	true	false	false	51, 66, 102, 103, 105, 107, 110, 114, 117
Lag2Negative	91	false	false	false	3, 51, 66, 72, 76, 98, 100, 102, 103, 104, 105, 107, 110, 117
Lag2Negative	92	false	false	false	49, 51, 66, 98, 102, 103, 105, 107, 110, 113, 117
Lag2Negative	93	false	false	false	19, 28, 35, 49, 51, 59, 62, 66, 71, 72, 76, 78, 79, 84, 85, 86, 87, 91, 92, 93, 97, 98, 102, 103, 104, 105, 107, 110, 117
Lag2Negative	94	false	true	false	3, 4, 5, 10, 11, 12, 13, 15, 18, 19, 20, 21, 23, 24, 25, 28, 29, 30, 32, 33, 35, 36, 37, 38, 39, 40, 41, 42, 43, 45, 46, 47, 49, 50, 51, 52, 53, 54, 57, 58, 59, 60, 62, 63, 64, 65, 66, 67, 68, 69, 70, 71, 72, 73, 74, 75, 76, 77, 78, 79, 81, 82, 83, 84, 85, 86, 87, 88, 89, 90, 91, 92, 93, 94, 95, 96, 97, 98, 99, 100, 101, 102, 103, 104, 105, 107, 108, 110, 111, 113, 114, 116, 117, 118, 121, 122, 123, 125, 128
Lag2Negative	95	false	false	false	15, 26, 44, 51, 66, 72, 98, 102, 103, 105, 110, 117
Lag2Negative	96	true	false	false	3, 40, 49, 100, 101, 102, 103, 104, 105
Lag2Negative	97	true	false	false	51, 72, 98, 102, 103, 105, 110, 114, 117
Lag2Negative	98	false	true	false	21, 26, 33, 38, 43, 45, 66, 72, 83, 98, 100, 101, 103, 104, 105, 110, 111, 116, 117, 122
Lag2Negative	99	false	false	false	3, 9, 20, 24, 26, 33, 38, 39, 40, 43, 45, 49, 51, 57, 66, 69, 83, 98, 100, 101, 102, 103, 105, 110, 111, 116, 117, 118, 122
Lag2Negative	100	false	false	false	3, 4, 5, 38, 40, 45, 49, 51, 66, 69, 71, 72, 75, 84, 89, 94, 98, 100, 101, 102, 103, 104, 105, 107, 110, 116, 117, 122
Lag8Baseline	1	true	false	false	39
Lag8Baseline	2	false	true	false	8, 14, 26, 40, 43, 44, 48, 108, 127
Lag8Baseline	3	false	false	false	3, 4, 18, 19, 20, 23, 24, 26, 32, 33, 38, 39, 40, 43, 45, 50, 56, 57, 58, 63, 64, 65, 68, 69, 95, 100, 101, 107, 108, 109, 115, 116, 121, 122, 123
Lag8Baseline	4	true	false	false	39, 110, 111, 116, 117, 122, 123
Lag8Baseline	5	true	false	false	48, 56, 63
Lag8Baseline	6	true	false	false	2, 3, 9, 18, 39, 101
Lag8Baseline	7	true	false	false	18, 39
Lag8Baseline	8	false	true	true	2, 3, 4, 5, 9, 10, 11, 12, 16, 18, 19, 20, 22, 23, 24, 25, 26, 27, 28, 29, 30, 32, 33, 34, 35, 38, 39, 40, 45, 48, 50, 57, 63, 64, 90, 94, 95, 96, 99, 100, 101, 107, 109, 115, 116, 118, 122, 123, 124, 128
Lag8Baseline	9	false	false	true	2, 3, 8, 9, 10, 18, 25, 26, 27, 33, 38, 39, 40, 45, 48, 50, 56, 57, 101, 107, 109, 110, 111, 116, 117, 118, 122, 123, 125
Lag8Baseline	10	false	false	false	2, 3, 8, 18, 23, 26, 32, 33, 38, 39, 40, 43, 44, 45, 50, 57, 63, 64, 65, 68, 69, 73, 83, 84, 88, 89, 90, 94, 95, 96, 99, 100, 101, 107, 108, 109, 110, 115, 116, 121, 122, 123
Lag8Baseline	11	false	false	false	2, 3, 9, 18, 25, 26, 27, 38, 40, 45, 50, 57, 101, 108, 109, 111, 116, 118, 122
Lag8Baseline	12	false	true	false	2, 3, 4, 5, 8, 9, 10, 11, 15, 16, 18, 19, 20, 22, 23, 24, 25, 26, 27, 28, 29, 32, 33, 35, 38, 39, 40, 43, 45, 48, 50, 56, 57, 63, 64, 68, 69, 77, 84, 89, 90, 94, 95, 96, 99, 100, 101, 107, 108, 109, 110, 111, 115, 116, 117, 118, 122, 123, 124, 125, 128
Lag8Baseline	13	true	false	false
Lag8Baseline	14	true	false	false	39, 50, 57, 100
Lag8Baseline	15	true	false	false	39, 105
Lag8Baseline	16	false	false	false	2, 8, 14, 32, 38, 39, 40, 45, 50, 57, 116, 122, 123
Lag8Baseline	17	true	false	false
Lag8Baseline	18	false	false	false	3, 9, 18, 25, 26, 27, 39, 40, 48, 50, 110, 116, 119, 122, 123
Lag8Baseline	19	false	false	false	3, 4, 5, 18, 19, 20, 23, 24, 26, 28, 32, 33, 35, 38, 39, 40, 45, 48, 50, 56, 57, 63, 64, 68, 100, 101, 103, 104, 105, 107, 109, 115, 116, 124
Lag8Baseline	20	false	false	false	3, 9, 18, 26, 45, 48, 50, 57, 100, 101, 107
Lag8Baseline	21	true	false	false
Lag8Baseline	22	true	false	false	39, 48, 103, 104, 105
Lag8Baseline	23	false	false	false	3, 4, 5, 8, 18, 23, 32, 33, 38, 39, 40, 45, 48, 50, 57, 63, 64, 68, 69, 83, 84, 89, 90, 94, 95, 96, 99, 100, 101, 107, 108, 109, 110, 115, 116, 121, 122, 123
Lag8Baseline	24	false	true	false	2, 3, 4, 5, 8, 23, 32, 33, 38, 39, 40, 45, 50, 57, 83, 99, 101, 107, 109, 115, 116, 122, 123
Lag8Baseline	25	false	true	false	2, 3, 4, 5, 8, 9, 10, 11, 12, 14, 15, 16, 18, 19, 20, 22, 23, 24, 25, 26, 27, 28, 29, 32, 33, 34, 35, 38, 39, 40, 43, 45, 48, 50, 56, 57, 58, 59, 63, 64, 65, 66, 68, 69, 71, 72, 73, 74, 75, 76, 77, 81, 82, 83, 84, 87, 88, 89, 90, 93, 94, 95, 96, 98, 99, 100, 101, 102, 103, 104, 105, 107, 108, 109, 111, 113, 114, 115, 116, 118, 121, 122, 123, 124, 125, 128
Lag8Baseline	26	false	false	false	2, 3, 4, 5, 8, 18, 23, 25, 32, 33, 38, 39, 40, 44, 45, 50, 57, 63, 64, 68, 83, 89, 90, 94, 95, 96, 99, 100, 101, 107, 108, 109, 115, 116, 121, 122, 123
Lag8Baseline	27	true	false	false	50, 105
Lag8Baseline	28	false	false	false	2, 3, 8, 23, 32, 35, 38, 39, 40, 44, 45, 48, 50, 57, 63, 64, 68, 83, 101, 105, 108, 109, 115, 116, 121, 122, 123
Lag8Baseline	29	true	false	false	39, 105
Lag8Baseline	30	true	false	false	105
Lag8Baseline	31	false	false	false	2, 3, 4, 5, 8, 9, 10, 11, 18, 19, 20, 23, 24, 25, 26, 27, 28, 29, 32, 33, 34, 35, 38, 39, 40, 43, 45, 48, 50, 56, 57, 63, 64, 68, 69, 83, 84, 90, 94, 95, 96, 99, 100, 101, 105, 107, 109, 115, 116, 118, 121, 122, 123, 124, 128
Lag8Baseline	32	true	false	false	103, 104, 105
Lag8Baseline	33	false	false	false	3, 11, 25, 27, 38, 39, 40, 43, 45, 48, 50, 57, 107, 116, 122, 123
Lag8Baseline	34	false	false	false	2, 8, 9, 15, 16, 18, 22, 25, 26, 27, 32, 33, 38, 39, 40, 44, 45, 48, 49, 50, 54, 56, 57, 61, 64, 70, 99, 100, 101, 107, 108, 109, 110, 115, 116, 122, 123
Lag8Baseline	35	false	false	false	2, 3, 4, 5, 10, 18, 23, 32, 33, 38, 39, 40, 45, 48, 50, 57, 64, 68, 90, 95, 96, 99, 100, 101, 107, 108, 109, 115, 116, 121, 122, 123
Lag8Baseline	36	true	false	false	103, 104, 105
Lag8Baseline	37	false	false	true	3, 4, 5, 8, 10, 18, 23, 25, 27, 32, 33, 38, 39, 40, 45, 48, 50, 56, 57, 64, 68, 77, 83, 84, 89, 90, 94, 95, 96, 99, 100, 101, 105, 107, 108, 109, 115, 116, 121, 122, 123, 125
Lag8Baseline	38	true	false	false	105
Lag8Baseline	39	true	false	false	18, 23, 34, 35, 50, 57, 105, 122
Lag8Baseline	40	true	false	false	39, 50, 57, 101, 105, 122
Lag8Baseline	41	true	false	false	105, 109
Lag8Baseline	42	true	false	false	83, 105
Lag8Baseline	43	false	false	false	2, 3, 4, 5, 9, 10, 23, 26, 27, 34, 38, 40, 45, 50, 56, 57, 63, 64, 68, 95, 96, 99, 100, 101, 105, 107, 108, 116, 118, 122, 124
Lag8Baseline	44	true	false	false	105
Lag8Baseline	45	true	false	false	83, 105
Lag8Baseline	46	true	false	false	105
Lag8Baseline	47	true	false	false	34, 105
Lag8Baseline	48	false	false	false	3, 4, 50, 57, 98, 99, 101, 102, 103, 104, 105, 107, 110, 115, 116, 121, 122
Lag8Baseline	49	true	false	false	35, 38, 39, 45, 50, 57, 63, 64, 101, 105
Lag8Baseline	50	false	false	false	3, 26, 27, 28, 39, 77, 83, 98, 102, 103, 104, 105, 111, 116, 118, 122, 123
Lag8Baseline	51	true	false	false	77, 105
Lag8Baseline	52	true	false	false	98, 102, 105
Lag8Baseline	53	true	false	false	38, 39, 50, 57, 63, 102, 105, 107, 122
Lag8Baseline	54	false	false	true	3, 4, 5, 15, 18, 21, 23, 24, 27, 32, 33, 38, 39, 40, 43, 45, 48, 50, 56, 57, 63, 70, 83, 98, 99, 101, 102, 103, 104, 105, 107, 108, 109, 111, 116, 119, 121, 122, 123, 128
Lag8Baseline	55	false	false	false	2, 3, 9, 26, 27, 35, 51, 98, 101, 102, 105, 107, 108, 109, 111, 116, 118, 122, 123, 124
Lag8Baseline	56	false	false	false	19, 45, 50, 51, 59, 63, 100, 103, 104, 105, 107, 108
Lag8Baseline	57	true	false	false	51, 77, 105, 122
Lag8Baseline	58	true	false	false	51, 83, 105
Lag8Baseline	59	false	false	false	3, 4, 5, 9, 18, 19, 23, 24, 26, 38, 39, 45, 49, 50, 51, 57, 70, 101, 102, 103, 104, 105, 107, 108, 109, 116, 117, 121, 124
Lag8Baseline	60	false	false	false	2, 3, 4, 5, 23, 38, 39, 43, 45, 50, 51, 56, 57, 63, 66, 99, 101, 102, 103, 104, 105, 107, 116, 121, 122
Lag8Baseline	61	true	false	false	51, 66, 98, 101, 102, 105
Lag8Baseline	62	false	true	false	1, 2, 3, 6, 9, 10, 11, 12, 13, 14, 15, 16, 17, 18, 19, 20, 21, 22, 23, 24, 25, 26, 27, 28, 30, 32, 33, 34, 35, 36, 37, 38, 39, 40, 41, 42, 43, 45, 46, 47, 48, 49, 50, 51, 52, 53, 56, 57, 58, 59, 63, 64, 65, 66, 68, 69, 70, 71, 73, 74, 75, 77, 78, 79, 81, 82, 83, 85, 86, 87, 88, 89, 90, 91, 92, 93, 94, 95, 96, 97, 98, 99, 100, 101, 102, 103, 104, 105, 107, 108, 109, 110, 111, 112, 113, 116, 117, 118, 119, 121, 122, 124, 125, 126, 127, 128
Lag8Baseline	63	true	false	false	66, 98, 101, 102, 105, 109, 111, 118
Lag8Baseline	64	true	false	false	51, 66, 98, 102, 103, 104, 105, 110, 117
Lag8Baseline	65	true	false	false	3, 51, 66, 98, 102, 105
Lag8Baseline	66	false	false	false	3, 19, 38, 39, 43, 50, 51, 66, 93, 101, 102, 103, 104, 105, 107, 122
Lag8Baseline	67	false	true	false	1, 3, 4, 5, 8, 9, 10, 11, 14, 18, 19, 20, 21, 23, 24, 25, 26, 27, 28, 32, 33, 34, 38, 39, 43, 44, 45, 48, 49, 50, 51, 56, 57, 63, 64, 66, 68, 69, 83, 89, 90, 94, 95, 96, 99, 100, 101, 104, 105, 107, 108, 109, 111, 115, 116, 118, 119, 121, 122, 123, 124, 125, 128
Lag8Baseline	68	false	false	false	51, 59, 66, 83, 98, 102, 103, 104, 105, 107, 110, 111, 117, 118
Lag8Baseline	69	true	false	false	51, 66, 105
Lag8Baseline	70	false	true	false	2, 3, 8, 9, 14, 17, 19, 21, 24, 25, 26, 27, 39, 40, 51, 98, 102, 104, 105, 110, 111, 114, 116, 117, 118, 123
Lag8Baseline	71	true	false	false	34, 51, 66, 101, 102, 105, 109, 111, 118, 121
Lag8Baseline	72	true	false	false	19, 48, 51, 66, 98, 102, 103, 104, 105
Lag8Baseline	73	true	false	false	51, 66, 98, 102, 103, 105, 117
Lag8Baseline	74	false	false	false	3, 4, 5, 9, 23, 39, 45, 50, 56, 57, 101, 105, 107, 116, 121, 122
Lag8Baseline	75	false	false	false	50, 51, 57, 66, 98, 100, 102, 103, 104, 105, 122
Lag8Baseline	76	false	false	false	2, 3, 4, 5, 8, 11, 14, 23, 25, 27, 33, 38, 39, 43, 45, 48, 50, 56, 57, 63, 66, 73, 74, 81, 82, 83, 88, 96, 98, 99, 100, 101, 102, 103, 104, 105, 107, 108, 109, 116, 118, 121, 122
Lag8Baseline	77	false	false	false	3, 4, 5, 11, 18, 19, 23, 25, 33, 38, 39, 43, 45, 48, 50, 51, 56, 57, 63, 64, 66, 90, 94, 95, 96, 99, 100, 101, 102, 105, 107, 108, 109, 110, 116, 117, 118, 121, 122
Lag8Baseline	78	false	false	false	3, 9, 11, 18, 23, 26, 27, 28, 33, 38, 45, 50, 56, 57, 63, 66, 83, 100, 101, 102, 105, 107, 108, 109, 110, 111, 117, 118, 121
Lag8Baseline	79	true	false	false	19, 51, 66, 83, 102, 103, 105, 110
Lag8Baseline	80	true	false	false	48, 63, 66, 83, 101, 102, 105
Lag8Baseline	81	true	false	false	48, 66, 100, 102, 103, 105, 109, 110, 117
Lag8Baseline	82	true	false	false	51, 66, 98, 100, 102, 103, 105, 107, 110, 117
Lag8Baseline	83	true	false	false	66, 100, 102, 103, 105, 107, 110, 117
Lag8Baseline	84	false	false	false	3, 4, 40, 49, 51, 57, 58, 59, 64, 66, 71, 72, 73, 74, 76, 77, 78, 79, 81, 82, 84, 85, 86, 87, 88, 90, 91, 92, 93, 94, 95, 96, 97, 98, 99, 100, 101, 102, 103, 104, 105, 107, 110, 113, 114, 116, 117, 121, 122
Lag8Baseline	85	false	false	false	19, 51, 66, 98, 100, 102, 103, 105, 107, 110, 117
Lag8Baseline	86	true	false	false	35, 49, 66, 98, 102, 103, 105, 110, 117
Lag8Baseline	87	true	false	false	35, 49, 51, 59, 66, 102, 103, 105, 110, 117
Lag8Baseline	88	true	false	false	48, 66, 102, 103, 105, 110, 117
Lag8Baseline	89	false	false	false	20, 24, 35, 51, 66, 98, 102, 103, 105, 109, 110, 117
Lag8Baseline	90	false	false	false	3, 4, 5, 19, 23, 38, 39, 45, 57, 66, 98, 100, 101, 102, 103, 105, 110, 117, 121
Lag8Baseline	91	false	false	false	3, 4, 5, 23, 49, 59, 66, 100, 102, 103, 105, 110, 111, 117, 122
Lag8Baseline	92	true	false	false	66, 98, 102, 103, 105, 117
Lag8Baseline	93	false	true	false	2, 7, 8, 9, 11, 13, 14, 17, 19, 20, 23, 24, 25, 26, 29, 30, 31, 34, 35, 36, 37, 40, 41, 42, 45, 46, 47, 49, 51, 52, 53, 54, 55, 56, 58, 59, 60, 62, 64, 65, 66, 70, 71, 72, 73, 74, 75, 76, 77, 78, 79, 80, 81, 82, 83, 84, 85, 86, 87, 88, 89, 91, 92, 93, 94, 97, 98, 99, 100, 101, 102, 103, 104, 105, 107, 108, 109, 110, 111, 114, 116, 117, 118, 121, 124
Lag8Baseline	94	false	false	false	6, 12, 19, 26, 28, 35, 40, 49, 50, 51, 58, 59, 63, 64, 65, 66, 68, 69, 70, 71, 72, 74, 75, 76, 77, 79, 81, 82, 84, 87, 88, 89, 90, 93, 94, 95, 96, 98, 99, 100, 102, 103, 104, 105, 107, 110, 114, 117
Lag8Baseline	95	false	true	false	1, 2, 3, 4, 5, 9, 10, 11, 17, 19, 21, 22, 23, 24, 28, 30, 32, 33, 34, 35, 36, 38, 39, 40, 41, 42, 43, 44, 45, 46, 47, 48, 50, 51, 52, 53, 56, 57, 58, 59, 60, 61, 62, 63, 64, 65, 66, 67, 68, 69, 70, 71, 72, 73, 74, 75, 76, 77, 78, 79, 81, 82, 83, 84, 85, 86, 87, 88, 89, 90, 91, 92, 93, 94, 95, 96, 97, 98, 99, 100, 101, 102, 103, 105, 107, 108, 109, 110, 111, 113, 114, 115, 116, 117, 119, 120, 121, 122, 123, 125, 126, 127, 128
Lag8Baseline	96	false	false	false	3, 4, 5, 23, 26, 35, 51, 66, 71, 72, 98, 100, 102, 103, 104, 105, 110, 117
Lag8Baseline	97	false	false	false	3, 4, 5, 10, 18, 19, 22, 23, 26, 35, 40, 51, 57, 62, 66, 71, 72, 76, 78, 79, 83, 84, 85, 86, 87, 91, 92, 93, 97, 98, 100, 101, 102, 103, 104, 105, 107, 110, 114, 117, 121
Lag8Baseline	98	true	false	false	35, 51, 66, 98, 102, 103, 104, 105, 110, 117
Lag8Baseline	99	false	false	false	3, 4, 5, 10, 11, 18, 20, 23, 24, 26, 28, 33, 38, 39, 43, 44, 45, 49, 51, 56, 57, 63, 66, 83, 96, 99, 100, 101, 102, 103, 105, 107, 108, 109, 110, 111, 116, 117, 118, 121, 122, 125, 128
Lag8Baseline	100	false	false	false	2, 3, 4, 5, 10, 23, 26, 33, 38, 43, 45, 51, 56, 57, 66, 83, 98, 100, 101, 102, 103, 105, 108, 109, 110, 116, 117, 121, 122
Lag8Neutral	1	true	false	false	56, 101, 109, 116, 123
Lag8Neutral	2	false	true	true	2, 3, 8, 9, 10, 18, 19, 20, 22, 23, 24, 25, 26, 27, 28, 32, 38, 39, 43, 44, 48, 50, 56, 57, 83, 105, 107, 108, 109, 110, 111, 113, 116, 117, 118, 119, 122, 123, 124, 125
Lag8Neutral	3	true	false	false
Lag8Neutral	4	true	false	false
Lag8Neutral	5	false	false	true	2, 3, 9, 26, 27, 111, 123, 125
Lag8Neutral	6	false	true	true	2, 3, 4, 5, 8, 9, 11, 18, 19, 20, 22, 23, 24, 25, 26, 27, 28, 29, 32, 33, 38, 39, 40, 43, 45, 50, 57, 58, 63, 64, 65, 66, 68, 69, 74, 83, 84, 88, 89, 90, 94, 95, 96, 99, 100, 101, 107, 108, 109, 110, 115, 116, 117, 121, 122, 123, 128
Lag8Neutral	7	true	false	false	2, 18, 39, 48
Lag8Neutral	8	false	true	true	2, 3, 4, 5, 8, 9, 10, 11, 12, 16, 18, 19, 20, 22, 23, 24, 25, 26, 27, 28, 29, 32, 33, 34, 35, 38, 39, 40, 43, 44, 45, 48, 49, 50, 56, 57, 58, 63, 64, 68, 69, 84, 88, 89, 90, 94, 95, 96, 99, 100, 101, 103, 104, 105, 107, 108, 109, 115, 116, 118, 119, 121, 122, 123, 124, 125, 128
Lag8Neutral	9	true	false	false
Lag8Neutral	10	true	false	false	39, 40, 45, 50, 57
Lag8Neutral	11	false	false	false	2, 3, 8, 9, 16, 18, 25, 26, 27, 32, 33, 38, 39, 40, 48, 50, 57, 63, 99, 100, 101, 109, 115, 116, 122, 123
Lag8Neutral	12	true	false	false
Lag8Neutral	13	true	false	false	18, 50, 57, 101
Lag8Neutral	14	true	false	false	18, 26, 38, 39, 43, 48, 56, 107
Lag8Neutral	15	true	false	false	3, 18, 23, 26, 38, 39, 48
Lag8Neutral	16	false	false	false	3, 18, 23, 38, 39, 40, 45, 50, 57, 63, 64, 100, 101, 109, 115, 116, 122
Lag8Neutral	17	true	false	false	39, 48, 50, 57, 122
Lag8Neutral	18	true	false	false	8, 26, 39, 116
Lag8Neutral	19	true	false	false	35, 41, 46, 47, 50
Lag8Neutral	20	true	false	false	48
Lag8Neutral	21	false	false	false	3, 9, 18, 23, 26, 39, 40, 45, 50, 57, 83, 95, 99, 101, 107, 116
Lag8Neutral	22	true	false	false	39, 40, 45, 50, 57, 105
Lag8Neutral	23	true	false	false	26, 48, 100, 103, 104, 105
Lag8Neutral	24	true	false	false	109
Lag8Neutral	25	false	false	false	3, 4, 5, 8, 33, 38, 39, 40, 45, 50, 57, 90, 95, 96, 99, 100, 101, 103, 104, 105, 107, 109, 115, 116, 121, 122, 123
Lag8Neutral	26	true	false	false	2, 27, 39, 40, 48
Lag8Neutral	27	false	false	false	3, 4, 18, 23, 33, 38, 39, 40, 45, 48, 50, 57, 83, 100, 101, 109, 115, 116, 122, 123
Lag8Neutral	28	true	false	false	48, 56, 100, 101, 103, 104, 105, 107
Lag8Neutral	29	false	false	false	2, 3, 11, 18, 23, 25, 26, 27, 32, 33, 38, 39, 40, 45, 48, 50, 57, 64, 68, 83, 90, 94, 95, 96, 99, 100, 101, 105, 108, 109, 115, 116, 121, 122, 123
Lag8Neutral	30	true	false	false
Lag8Neutral	31	false	false	false	3, 18, 20, 22, 23, 24, 26, 38, 39, 40, 45, 48, 50, 57, 63, 64, 68, 89, 94, 95, 96, 99, 100, 101, 105, 107, 113, 121, 128
Lag8Neutral	32	false	false	false	3, 8, 23, 25, 38, 39, 40, 45, 50, 57, 100, 105, 109, 116, 121, 122, 123
Lag8Neutral	33	true	false	false	18, 35, 83, 105
Lag8Neutral	34	true	false	false	100, 103, 104, 105
Lag8Neutral	35	true	false	false
Lag8Neutral	36	false	false	false	2, 3, 4, 5, 8, 9, 10, 11, 15, 16, 18, 19, 20, 23, 24, 26, 28, 29, 30, 33, 34, 35, 36, 37, 38, 39, 40, 43, 45, 50, 57, 63, 64, 65, 68, 69, 73, 84, 88, 89, 90, 94, 95, 96, 99, 100, 101, 105, 107, 109, 111, 115, 118, 121, 122, 123, 124, 128
Lag8Neutral	37	false	false	true	2, 3, 4, 5, 9, 10, 11, 12, 18, 19, 20, 23, 24, 25, 26, 27, 28, 29, 32, 33, 34, 35, 38, 39, 40, 45, 48, 50, 56, 57, 63, 64, 68, 69, 83, 84, 89, 90, 94, 95, 96, 99, 100, 101, 105, 107, 108, 109, 111, 115, 116, 118, 119, 121, 122, 123, 124, 128
Lag8Neutral	38	true	false	false	34, 105
Lag8Neutral	39	false	false	false	2, 3, 4, 5, 9, 10, 15, 16, 23, 24, 25, 26, 27, 28, 33, 34, 35, 38, 39, 40, 45, 50, 57, 64, 99, 101, 107, 116, 121, 122, 123, 124
Lag8Neutral	40	true	false	false	105
Lag8Neutral	41	false	false	false	2, 3, 4, 5, 9, 10, 15, 18, 22, 23, 24, 25, 26, 27, 28, 35, 38, 39, 40, 45, 50, 57, 63, 64, 68, 83, 100, 101, 107, 108, 110, 111, 115, 116, 117, 118, 122, 123, 124
Lag8Neutral	42	false	false	false	2, 3, 4, 5, 18, 19, 23, 24, 26, 27, 32, 33, 35, 38, 39, 40, 45, 50, 56, 57, 63, 64, 68, 70, 74, 77, 81, 82, 83, 84, 88, 89, 90, 94, 95, 96, 99, 100, 101, 105, 107, 108, 109, 115, 116, 119, 121, 122, 123, 124
Lag8Neutral	43	false	false	false	2, 3, 4, 22, 23, 25, 26, 27, 32, 38, 39, 40, 45, 50, 56, 57, 63, 70, 99, 101, 105, 107, 108, 109, 115, 116, 121, 122, 123
Lag8Neutral	44	false	false	false	3, 9, 18, 23, 26, 27, 34, 48, 50, 57, 98, 102, 105
Lag8Neutral	45	false	true	false	1, 2, 3, 4, 5, 8, 14, 18, 23, 24, 25, 32, 38, 39, 45, 50, 57, 63, 105, 122
Lag8Neutral	46	true	false	false	34, 49, 105, 107
Lag8Neutral	47	false	true	false	1, 2, 3, 4, 5, 9, 11, 15, 18, 19, 20, 22, 23, 24, 25, 26, 27, 28, 29, 32, 33, 34, 35, 38, 39, 43, 44, 45, 48, 50, 51, 56, 57, 59, 61, 63, 64, 65, 66, 68, 69, 70, 73, 76, 83, 84, 89, 90, 94, 95, 96, 98, 99, 100, 101, 102, 103, 104, 105, 107, 108, 109, 115, 116, 117, 118, 121, 122, 123, 124, 125, 128
Lag8Neutral	48	false	false	false	34, 38, 43, 44, 45, 48, 56, 57, 63, 101, 105, 107, 108, 128
Lag8Neutral	49	false	true	false	2, 3, 9, 10, 15, 16, 18, 20, 23, 24, 25, 26, 27, 28, 35, 38, 39, 43, 45, 48, 50, 56, 57, 63, 64, 68, 70, 83, 98, 99, 101, 102, 105, 107, 108, 109, 111, 115, 116, 118, 122, 123, 124
Lag8Neutral	50	true	false	false	34, 103, 104, 105
Lag8Neutral	51	true	false	false	23, 39, 101, 103, 104, 105, 117
Lag8Neutral	52	true	false	false	51, 77, 104, 105
Lag8Neutral	53	true	false	false	105, 109
Lag8Neutral	54	true	false	false	51, 98, 102, 105
Lag8Neutral	55	false	true	false	3, 8, 11, 14, 77, 98, 102, 103, 104, 105, 107
Lag8Neutral	56	false	false	false	19, 26, 27, 38, 39, 45, 51, 56, 58, 66, 70, 77, 83, 88, 98, 102, 105, 108, 119, 127
Lag8Neutral	57	false	false	false	2, 3, 4, 5, 18, 23, 25, 32, 33, 38, 39, 43, 44, 45, 48, 50, 56, 57, 63, 64, 66, 70, 77, 83, 89, 90, 93, 94, 95, 96, 98, 99, 101, 102, 103, 104, 105, 107, 108, 109, 115, 116, 119, 121, 122, 123, 125, 128
Lag8Neutral	58	true	false	false	27, 66, 83, 98, 102, 103, 104, 105
Lag8Neutral	59	true	false	false	66, 98, 102, 103, 104, 105, 110, 117
Lag8Neutral	60	true	false	false	51, 59, 63, 66, 77, 100, 102, 103, 104, 105
Lag8Neutral	61	false	true	false	3, 14, 19, 22, 27, 32, 33, 35, 38, 39, 43, 44, 45, 50, 51, 56, 57, 63, 64, 66, 68, 70, 74, 81, 82, 83, 88, 89, 90, 94, 95, 96, 99, 100, 101, 104, 105, 107, 108, 109, 116, 119, 121, 122, 123, 127, 128
Lag8Neutral	62	true	false	false	26, 35, 51, 66, 98, 102, 105
Lag8Neutral	63	false	false	false	2, 3, 8, 9, 25, 27, 33, 38, 39, 43, 44, 45, 51, 56, 57, 63, 66, 83, 96, 99, 101, 102, 105, 107, 108, 109, 116, 119, 121, 122
Lag8Neutral	64	true	false	false	51, 66, 98, 102, 103, 104, 105
Lag8Neutral	65	false	false	false	2, 9, 15, 16, 25, 26, 27, 28, 33, 38, 39, 43, 45, 48, 50, 51, 57, 66, 98, 101, 102, 105, 107, 108, 109, 116, 118, 121, 122
Lag8Neutral	66	true	false	false	35, 66, 102, 105
Lag8Neutral	67	false	false	false	3, 19, 23, 33, 38, 39, 43, 45, 51, 57, 63, 66, 98, 100, 101, 102, 105, 107, 108, 109, 116, 117, 121, 122
Lag8Neutral	68	false	false	false	19, 48, 51, 66, 101, 105, 107, 108, 109, 111, 116, 118, 121
Lag8Neutral	69	false	false	false	3, 9, 23, 25, 26, 27, 28, 39, 45, 51, 57, 66, 98, 100, 101, 102, 105, 117, 122, 124
Lag8Neutral	70	false	false	false	3, 4, 5, 8, 11, 25, 33, 38, 39, 43, 45, 50, 56, 57, 63, 66, 100, 101, 105, 107, 108, 109, 115, 116, 121, 122
Lag8Neutral	71	true	false	false	49, 51, 66, 102, 103, 104
Lag8Neutral	72	false	true	false	1, 2, 3, 4, 5, 8, 9, 10, 11, 17, 18, 20, 21, 23, 24, 26, 27, 28, 32, 33, 34, 35, 38, 39, 43, 44, 45, 48, 49, 50, 51, 56, 57, 58, 63, 64, 65, 66, 68, 69, 70, 73, 79, 83, 86, 87, 88, 89, 91, 93, 94, 97, 98, 99, 100, 101, 102, 103, 104, 105, 107, 108, 109, 111, 113, 115, 116, 118, 119, 121, 122, 124, 125, 126, 128
Lag8Neutral	73	false	false	false	3, 9, 23, 51, 59, 66, 87, 93, 98, 100, 102, 103, 104, 105, 110
Lag8Neutral	74	false	false	false	3, 4, 5, 8, 11, 23, 32, 33, 34, 38, 39, 43, 45, 48, 50, 51, 56, 57, 63, 64, 66, 83, 89, 90, 94, 95, 96, 99, 100, 101, 102, 104, 105, 107, 108, 109, 115, 116, 121, 122, 125, 128
Lag8Neutral	75	false	false	false	3, 4, 5, 9, 10, 11, 18, 23, 24, 33, 38, 39, 43, 45, 50, 51, 56, 57, 63, 64, 66, 95, 96, 99, 100, 101, 102, 105, 107, 108, 109, 110, 111, 116, 117, 118, 121, 122, 124
Lag8Neutral	76	true	false	false	48, 49, 51, 66, 98, 102, 105
Lag8Neutral	77	true	false	false	19, 66, 98, 102, 105, 107
Lag8Neutral	78	false	false	false	2, 3, 4, 5, 9, 10, 15, 16, 18, 19, 23, 24, 25, 26, 27, 28, 43, 45, 50, 51, 57, 63, 66, 98, 100, 101, 102, 103, 104, 105, 108, 109, 111, 116, 118, 121, 122, 124
Lag8Neutral	79	false	false	false	3, 39, 48, 51, 57, 59, 66, 98, 100, 102, 103, 104, 105, 109, 110, 117, 121, 122
Lag8Neutral	80	false	false	false	3, 51, 66, 98, 100, 101, 102, 103, 104, 105, 117
Lag8Neutral	81	false	false	false	49, 51, 59, 66, 102, 103, 105, 107, 110, 111, 117
Lag8Neutral	82	false	false	false	2, 3, 4, 5, 9, 10, 20, 22, 23, 24, 26, 27, 28, 29, 45, 51, 57, 59, 66, 72, 98, 100, 101, 102, 103, 105, 110, 117, 121, 124
Lag8Neutral	83	true	false	false	66, 102, 103, 105, 107, 117
Lag8Neutral	84	false	false	false	3, 24, 27, 35, 48, 51, 66, 83, 98, 100, 101, 102, 103, 104, 105, 107, 110, 111, 117
Lag8Neutral	85	false	false	false	2, 3, 4, 8, 14, 16, 19, 25, 27, 28, 35, 45, 66, 72, 75, 83, 100, 101, 102, 105, 110, 117, 118, 122
Lag8Neutral	86	false	false	false	12, 19, 51, 59, 66, 98, 102, 103, 104, 105, 107, 110, 117
Lag8Neutral	87	false	false	false	3, 11, 19, 25, 33, 34, 39, 40, 45, 48, 51, 55, 56, 57, 59, 62, 63, 66, 71, 72, 74, 75, 76, 77, 78, 79, 80, 81, 82, 83, 84, 85, 86, 87, 88, 89, 91, 92, 93, 97, 98, 100, 101, 102, 103, 104, 105, 107, 110, 113, 114, 116, 117, 121, 122, 123
Lag8Neutral	88	false	false	false	51, 66, 87, 93, 98, 102, 103, 104, 105, 110, 117
Lag8Neutral	89	false	false	false	23, 48, 51, 66, 98, 100, 102, 103, 105, 111, 114, 117, 118
Lag8Neutral	90	false	false	false	3, 4, 19, 23, 45, 50, 59, 66, 98, 100, 101, 102, 105, 121, 122
Lag8Neutral	91	false	false	false	35, 48, 51, 66, 71, 72, 98, 102, 103, 105, 110, 117
Lag8Neutral	92	false	true	true	1, 2, 3, 4, 5, 7, 8, 9, 10, 11, 14, 15, 16, 17, 18, 20, 21, 22, 23, 24, 25, 26, 27, 28, 31, 32, 33, 34, 35, 38, 39, 40, 43, 44, 45, 48, 49, 50, 51, 55, 56, 57, 59, 62, 63, 64, 66, 68, 69, 71, 72, 76, 77, 78, 79, 80, 84, 85, 86, 87, 89, 90, 91, 92, 93, 94, 95, 96, 97, 98, 100, 101, 102, 103, 104, 105, 107, 108, 109, 110, 111, 113, 114, 115, 116, 117, 118, 119, 120, 121, 122, 123, 124, 125, 126, 127, 128
Lag8Neutral	93	false	false	false	9, 19, 27, 40, 51, 66, 98, 102, 103, 104, 105, 110, 117
Lag8Neutral	94	false	false	false	40, 45, 49, 51, 58, 63, 64, 66, 68, 69, 70, 71, 72, 73, 74, 75, 76, 77, 81, 82, 83, 84, 88, 89, 98, 100, 101, 102, 103, 104, 105, 107, 110, 113, 114, 116, 117, 121
Lag8Neutral	95	false	true	false	2, 3, 8, 9, 10, 11, 14, 15, 16, 17, 19, 20, 21, 22, 23, 24, 25, 26, 27, 28, 29, 30, 33, 35, 36, 37, 38, 39, 40, 41, 44, 46, 47, 48, 49, 50, 51, 57, 58, 59, 62, 64, 65, 66, 67, 68, 69, 70, 71, 72, 73, 74, 75, 76, 77, 78, 79, 81, 82, 83, 85, 86, 87, 88, 90, 91, 92, 93, 94, 95, 96, 97, 98, 100, 102, 103, 104, 105, 107, 108, 109, 110, 113, 114, 115, 116, 117, 119, 120, 121, 122, 123, 124, 125, 126, 127, 128
Lag8Neutral	96	false	false	false	2, 26, 33, 38, 45, 63, 66, 71, 73, 74, 76, 84, 98, 99, 100, 101, 103, 105, 107, 110, 115, 116, 117, 121, 122
Lag8Neutral	97	true	false	false	35, 40, 51, 72, 100, 102, 103, 105, 110, 117
Lag8Neutral	98	false	false	false	6, 12, 19, 26, 66, 72, 83, 100, 103, 105, 110, 112, 117
Lag8Neutral	99	true	false	false	35, 51, 66, 98, 102, 103, 104, 105, 110, 117
Lag8Neutral	100	true	false	false	93, 98, 102, 103, 104, 105, 110, 117
Lag8Negative	1	true	false	false	100
Lag8Negative	2	true	false	false	101, 109, 115, 116, 123
Lag8Negative	3	false	false	false	3, 14, 19, 20, 23, 24, 26, 39, 45, 48, 50, 57, 63, 101, 107, 109, 119
Lag8Negative	4	false	false	false	32, 38, 39, 40, 45, 50, 57, 63, 64, 68, 95, 96, 99, 101, 107, 108, 109, 115, 116, 121, 122, 123
Lag8Negative	5	false	false	false	38, 39, 40, 45, 50, 57, 100, 101, 109, 115, 116, 122, 123
Lag8Negative	6	true	false	false	39
Lag8Negative	7	true	false	false
Lag8Negative	8	false	false	false	3, 4, 32, 33, 38, 39, 40, 45, 50, 57, 63, 64, 68, 95, 99, 100, 101, 109, 115, 116, 121, 122, 123
Lag8Negative	9	true	false	false	50
Lag8Negative	10	true	false	false	49
Lag8Negative	11	true	false	false	48, 56
Lag8Negative	12	false	false	false	3, 9, 18, 26, 38, 40, 45, 50, 57, 64, 101, 108, 109, 115, 122
Lag8Negative	13	true	false	false	48, 50, 57, 109
Lag8Negative	14	false	false	false	2, 3, 9, 25, 26, 27, 38, 39, 48, 50, 116, 122, 123
Lag8Negative	15	false	false	false	3, 4, 5, 18, 19, 20, 23, 24, 26, 32, 33, 38, 39, 40, 45, 50, 57, 63, 64, 65, 68, 69, 76, 77, 84, 88, 89, 90, 94, 95, 96, 99, 100, 101, 107, 108, 109, 115, 116, 121, 122, 123
Lag8Negative	16	false	false	false	3, 33, 38, 39, 40, 45, 48, 50, 57, 63, 64, 68, 69, 89, 90, 94, 95, 96, 99, 100, 101, 107, 109, 115, 116, 121, 122
Lag8Negative	17	true	false	false	11, 40, 50, 57, 100
Lag8Negative	18	true	false	false	48
Lag8Negative	19	false	false	false	9, 27, 33, 38, 39, 40, 45, 48, 50, 57, 101, 103, 104, 105, 116, 122, 123
Lag8Negative	20	true	false	false	110, 117
Lag8Negative	21	true	false	false	48, 100
Lag8Negative	22	false	false	false	3, 18, 23, 26, 32, 33, 38, 39, 40, 45, 48, 50, 57, 61, 63, 64, 100, 101, 107, 109, 115, 116, 122, 123
Lag8Negative	23	false	false	false	3, 9, 18, 23, 26, 32, 33, 38, 39, 40, 45, 48, 50, 57, 64, 68, 83, 95, 99, 100, 101, 107, 115, 116, 122, 124
Lag8Negative	24	true	false	false
Lag8Negative	25	true	false	false
Lag8Negative	26	true	false	false
Lag8Negative	27	true	false	false	105, 114
Lag8Negative	28	true	false	false	39, 40, 45, 48, 50, 57, 105
Lag8Negative	29	true	false	false
Lag8Negative	30	false	false	true	3, 9, 26, 27, 48, 61, 83, 100, 105
Lag8Negative	31	true	false	false	48, 105
Lag8Negative	32	true	false	false	39, 40, 48, 105
Lag8Negative	33	true	false	false	105, 116
Lag8Negative	34	true	false	false	34, 105
Lag8Negative	35	false	false	false	3, 4, 5, 18, 23, 39, 40, 45, 48, 50, 57, 90, 94, 95, 96, 99, 100, 101, 105, 107, 108, 109, 115, 116, 121, 122, 123
Lag8Negative	36	false	false	false	1, 2, 3, 4, 5, 8, 9, 10, 11, 15, 16, 18, 20, 23, 24, 25, 26, 27, 28, 32, 33, 34, 38, 39, 40, 45, 48, 50, 56, 57, 63, 64, 65, 66, 68, 69, 70, 73, 76, 77, 84, 88, 89, 90, 94, 95, 96, 99, 100, 101, 105, 107, 108, 109, 111, 115, 116, 118, 119, 121, 122, 123, 124, 125, 128
Lag8Negative	37	false	false	false	3, 4, 18, 23, 24, 34, 38, 39, 45, 48, 50, 57, 100, 101, 104, 105, 122
Lag8Negative	38	true	false	false	35, 105
Lag8Negative	39	true	false	false	83, 105
Lag8Negative	40	false	false	false	2, 3, 8, 9, 23, 25, 26, 27, 35, 39, 40, 45, 48, 50, 57, 101, 105, 116, 122, 123
Lag8Negative	41	false	false	false	2, 3, 4, 5, 9, 10, 18, 20, 23, 24, 26, 27, 28, 29, 30, 32, 33, 34, 36, 37, 38, 39, 40, 43, 45, 50, 56, 57, 61, 63, 64, 74, 81, 82, 88, 90, 95, 96, 98, 99, 100, 101, 102, 105, 107, 108, 109, 115, 116, 117, 119, 121, 122, 123, 124, 128
Lag8Negative	42	true	false	false	100, 105, 107
Lag8Negative	43	true	false	false	105, 111
Lag8Negative	44	true	false	false	83, 105
Lag8Negative	45	true	false	false	105
Lag8Negative	46	true	false	false	34, 99, 101, 105, 107, 108
Lag8Negative	47	true	false	false	105
Lag8Negative	48	false	false	false	3, 9, 34, 40, 50, 73, 74, 81, 88, 89, 90, 94, 95, 96, 99, 101, 102, 103, 104, 105, 107, 108, 109
Lag8Negative	49	true	false	false	105, 111
Lag8Negative	50	false	false	false	27, 43, 48, 98, 100, 101, 102, 105, 107, 117, 121
Lag8Negative	51	true	false	false	105
Lag8Negative	52	false	true	false	8, 57, 101, 105, 107, 108, 109
Lag8Negative	53	false	true	false	8, 49, 51, 105, 107
Lag8Negative	54	false	false	false	3, 9, 38, 39, 50, 56, 57, 98, 100, 101, 102, 103, 104, 105, 107, 108, 123
Lag8Negative	55	true	false	false	26, 27, 70, 98, 100, 102, 103, 104, 105
Lag8Negative	56	true	false	false	3, 18, 98, 102, 105
Lag8Negative	57	true	false	false	34, 49, 83, 98, 102, 105
Lag8Negative	58	false	false	false	3, 4, 9, 10, 15, 16, 19, 23, 25, 26, 27, 28, 50, 51, 66, 83, 98, 101, 102, 103, 104, 105, 107, 108, 111, 118, 124, 127
Lag8Negative	59	false	false	false	19, 50, 51, 57, 63, 66, 98, 101, 102, 105, 107, 116, 122
Lag8Negative	60	true	false	false	51, 105
Lag8Negative	61	false	true	false	3, 8, 9, 11, 35, 40, 51, 58, 59, 63, 66, 79, 87, 93, 98, 101, 102, 103, 104, 105, 107, 108, 109, 111, 113, 115, 118, 127
Lag8Negative	62	true	false	false	18, 49, 56, 63, 66, 70, 100, 105, 116
Lag8Negative	63	true	false	false	51, 66, 98, 102, 103, 104, 105
Lag8Negative	64	false	false	false	3, 35, 38, 39, 45, 56, 57, 63, 66, 83, 93, 99, 100, 101, 103, 104, 105, 109, 122
Lag8Negative	65	false	false	false	3, 4, 5, 9, 10, 18, 23, 26, 27, 28, 35, 38, 51, 56, 57, 63, 83, 90, 94, 95, 96, 99, 100, 101, 102, 105, 107, 108, 109, 116, 117, 121, 124
Lag8Negative	66	true	false	false	51, 66, 98, 105, 110
Lag8Negative	67	true	false	false	51, 105
Lag8Negative	68	true	false	false	3, 48, 66, 102, 105, 109, 111, 118
Lag8Negative	69	true	false	false	66, 98, 102, 103, 104, 105, 109
Lag8Negative	70	true	false	false	16, 38, 51, 57, 66, 98, 101, 102, 105, 109
Lag8Negative	71	true	false	false	98, 102, 105
Lag8Negative	72	false	false	false	2, 3, 9, 10, 16, 22, 23, 25, 26, 27, 28, 51, 57, 66, 98, 100, 101, 102, 103, 104, 105, 110, 117, 122, 124
Lag8Negative	73	false	false	false	3, 19, 23, 33, 38, 39, 43, 45, 49, 50, 51, 56, 57, 63, 66, 98, 99, 100, 101, 102, 103, 104, 105, 107, 108, 109, 121, 122
Lag8Negative	74	true	false	false	3, 39, 51, 57, 66, 83, 100, 102, 105
Lag8Negative	75	false	false	false	49, 50, 51, 66, 74, 81, 82, 88, 102, 103, 105, 117
Lag8Negative	76	false	false	false	3, 9, 19, 23, 51, 66, 83, 98, 100, 101, 102, 103, 104, 105, 117
Lag8Negative	77	false	false	false	3, 4, 9, 11, 14, 18, 23, 26, 27, 33, 38, 43, 45, 50, 51, 56, 57, 63, 66, 98, 100, 101, 102, 104, 105, 107, 108, 110, 116, 117, 121, 124
Lag8Negative	78	true	false	false	48, 49, 51, 66, 98, 102, 103, 105, 110, 117
Lag8Negative	79	false	false	false	50, 66, 83, 84, 98, 102, 103, 104, 105, 110, 111, 117, 118, 122
Lag8Negative	80	false	false	false	3, 4, 9, 18, 23, 50, 51, 58, 66, 99, 101, 102, 105, 107, 122
Lag8Negative	81	false	false	false	1, 2, 19, 49, 51, 52, 56, 58, 61, 63, 66, 68, 70, 71, 72, 73, 74, 76, 81, 82, 83, 84, 88, 98, 102, 103, 104, 105, 107, 109, 110, 116, 117, 122, 123
Lag8Negative	82	false	false	false	2, 9, 16, 19, 25, 26, 27, 28, 33, 38, 39, 43, 45, 48, 51, 56, 57, 66, 70, 83, 89, 98, 99, 100, 101, 102, 103, 105, 107, 109, 110, 114, 117, 119, 122, 126, 127
Lag8Negative	83	true	false	false	19, 59, 66, 100, 103, 105, 110, 117
Lag8Negative	84	false	false	false	3, 4, 5, 19, 38, 45, 48, 57, 59, 66, 82, 100, 101, 102, 103, 105, 107, 110, 117, 122
Lag8Negative	85	false	false	false	48, 59, 66, 98, 100, 101, 102, 103, 105, 107, 110, 117
Lag8Negative	86	true	false	false	48, 51, 66, 98, 102, 103, 105, 107, 110, 117
Lag8Negative	87	false	false	false	3, 23, 45, 48, 49, 51, 57, 66, 98, 102, 105, 110, 117
Lag8Negative	88	true	false	false	49, 66, 98, 102, 103, 105, 107, 110, 117
Lag8Negative	89	false	false	false	19, 48, 51, 66, 98, 102, 103, 104, 105, 110, 117
Lag8Negative	90	false	false	false	3, 23, 40, 51, 66, 98, 102, 103, 105, 110, 114, 117
Lag8Negative	91	false	true	false	2, 3, 8, 9, 10, 14, 15, 16, 19, 21, 22, 23, 25, 26, 27, 34, 39, 45, 49, 57, 66, 72, 100, 102, 103, 105, 110, 111, 118, 122
Lag8Negative	92	false	false	false	3, 18, 19, 20, 24, 26, 28, 29, 30, 35, 36, 51, 66, 72, 89, 98, 100, 102, 103, 105, 107, 117
Lag8Negative	93	false	false	true	3, 9, 10, 16, 19, 23, 25, 26, 40, 49, 59, 66, 71, 98, 100, 101, 102, 103, 105, 107, 110, 113, 117, 119, 124, 125
Lag8Negative	94	false	true	false	2, 3, 4, 5, 9, 10, 14, 15, 16, 17, 19, 21, 22, 23, 24, 25, 26, 27, 28, 35, 40, 50, 51, 66, 71, 98, 102, 103, 104, 105, 107, 110, 116, 117
Lag8Negative	95	false	false	false	35, 40, 51, 66, 72, 87, 98, 102, 103, 104, 105, 110, 111, 117, 118
Lag8Negative	96	false	false	false	20, 24, 28, 66, 71, 72, 98, 102, 103, 105, 110, 117
Lag8Negative	97	false	true	false	3, 4, 5, 9, 10, 11, 18, 19, 23, 25, 32, 33, 35, 38, 39, 43, 45, 56, 57, 63, 66, 75, 98, 100, 101, 102, 103, 104, 105, 107, 108, 109, 110, 115, 116, 119, 121, 122, 123, 128
Lag8Negative	98	false	false	false	2, 3, 4, 5, 10, 11, 15, 19, 23, 25, 26, 32, 33, 38, 39, 43, 44, 45, 50, 51, 56, 57, 63, 64, 66, 72, 74, 81, 83, 89, 95, 96, 98, 99, 100, 101, 102, 103, 104, 105, 108, 109, 110, 115, 116, 117, 121, 122, 123, 128
Lag8Negative	99	false	false	false	2, 3, 4, 9, 18, 25, 26, 27, 39, 40, 43, 45, 51, 66, 72, 98, 100, 102, 103, 104, 105, 107, 110, 111, 116, 117, 118, 122
Lag8Negative	100	false	false	false	24, 28, 49, 51, 66, 98, 102, 103, 104, 105, 111, 117
L2NCorrect	1	false	false	true	39, 125, 127
L2NCorrect	2	true	false	false	116, 123
L2NCorrect	3	false	true	true	2, 3, 4, 5, 9, 11, 12, 13, 14, 16, 18, 19, 20, 23, 24, 25, 26, 27, 28, 29, 30, 35, 36, 37, 39, 40, 43, 45, 48, 50, 56, 57, 63, 84, 89, 90, 94, 95, 96, 99, 101, 103, 104, 105, 109, 115, 116, 118, 121, 122, 124
L2NCorrect	4	true	false	false	19, 22, 23, 24, 25, 26
L2NCorrect	5	false	true	false	14, 38, 39, 109
L2NCorrect	6	true	false	false
L2NCorrect	7	false	false	true	2, 3, 4, 5, 8, 11, 22, 23, 24, 27, 32, 33, 38, 39, 40, 43, 44, 45, 50, 57, 58, 63, 64, 65, 66, 68, 69, 73, 76, 77, 81, 82, 83, 84, 88, 89, 90, 94, 95, 96, 99, 100, 101, 107, 108, 109, 110, 115, 116, 117, 119, 121, 122, 123, 128
L2NCorrect	8	true	false	false	48
L2NCorrect	9	false	false	false	2, 3, 4, 18, 23, 24, 26, 39, 40, 45, 48, 50, 57, 101, 116, 123, 124
L2NCorrect	10	true	false	false	48
L2NCorrect	11	false	false	false	3, 18, 26, 38, 39, 40, 45, 50, 57, 64, 68, 100, 101, 109, 116
L2NCorrect	12	true	false	false	56, 103, 104, 105
L2NCorrect	13	true	false	false	48
L2NCorrect	14	true	false	false	48
L2NCorrect	15	true	false	false	48, 100, 101
L2NCorrect	16	true	false	false
L2NCorrect	17	true	false	false	48, 50, 100
L2NCorrect	18	true	false	false
L2NCorrect	19	true	false	false	2, 39, 45, 50, 57, 116, 122
L2NCorrect	20	false	false	false	8, 9, 27, 33, 38, 39, 40, 45, 48, 50, 57, 101, 109, 110, 115, 116, 122, 123
L2NCorrect	21	true	false	false	3, 18, 23, 26, 38, 39, 40
L2NCorrect	22	true	false	false	3, 39, 50, 57, 122
L2NCorrect	23	false	false	false	3, 23, 25, 33, 38, 39, 45, 50, 57, 83, 101, 109, 115, 116, 121, 122, 123
L2NCorrect	24	false	true	false	2, 3, 4, 5, 8, 12, 18, 19, 20, 23, 24, 25, 29, 32, 33, 38, 39, 40, 45, 50, 57, 63, 64, 68, 90, 94, 95, 96, 99, 100, 101, 105, 107, 109, 115, 116, 121, 122, 123
L2NCorrect	25	false	false	true	105
L2NCorrect	26	true	false	false	9, 26, 48, 83, 100
L2NCorrect	27	true	false	false	3, 9, 100, 105
L2NCorrect	28	true	false	false	3, 9, 11, 18, 24, 26, 27, 35, 105
L2NCorrect	29	false	false	false	3, 11, 18, 34, 35, 38, 39, 40, 45, 50, 57, 64, 68, 90, 95, 96, 99, 100, 101, 105, 107, 108, 116, 122
L2NCorrect	30	false	false	false	3, 4, 5, 18, 23, 26, 32, 38, 39, 40, 43, 45, 48, 50, 56, 57, 63, 64, 68, 83, 90, 94, 95, 96, 99, 100, 101, 105, 107, 108, 109, 115, 116, 119, 121, 122, 123, 128
L2NCorrect	31	false	true	false	2, 3, 4, 5, 8, 9, 10, 15, 16, 18, 19, 20, 22, 23, 24, 25, 26, 27, 28, 29, 32, 33, 34, 35, 38, 39, 40, 45, 48, 49, 50, 57, 64, 68, 69, 100, 101, 103, 104, 105, 107, 111, 116, 117, 118, 122, 123, 124
L2NCorrect	32	true	false	false	25, 26, 49, 100, 105, 122
L2NCorrect	33	true	false	false	35, 105
L2NCorrect	34	true	false	false	101, 105
L2NCorrect	35	true	false	false	105
L2NCorrect	36	false	false	false	3, 9, 15, 18, 23, 24, 26, 27, 28, 35, 45, 49, 50, 56, 57, 63, 64, 68, 99, 100, 101, 102, 105, 107, 108, 111, 116, 118
L2NCorrect	37	false	false	false	1, 2, 3, 4, 5, 9, 10, 11, 18, 19, 20, 23, 24, 25, 26, 27, 28, 29, 30, 32, 34, 35, 38, 39, 40, 43, 44, 45, 48, 50, 56, 57, 63, 64, 65, 66, 68, 69, 70, 71, 72, 73, 74, 75, 76, 77, 81, 82, 83, 84, 88, 89, 90, 94, 95, 96, 98, 99, 100, 101, 102, 103, 104, 105, 107, 108, 109, 111, 115, 116, 121, 122, 123, 124, 125, 128
L2NCorrect	38	false	false	false	2, 3, 9, 15, 16, 18, 22, 23, 25, 26, 27, 28, 39, 45, 48, 49, 50, 56, 57, 63, 70, 98, 99, 100, 101, 102, 105, 107, 108, 109, 111, 118, 122, 123, 124
L2NCorrect	39	true	false	false	77, 93, 98, 102, 103, 104, 105
L2NCorrect	40	false	false	false	2, 3, 4, 5, 9, 10, 11, 16, 18, 19, 22, 23, 24, 25, 26, 27, 28, 35, 38, 39, 43, 45, 48, 50, 56, 57, 64, 70, 98, 99, 101, 102, 105, 107, 108, 109, 111, 117, 118, 122, 123, 124
L2NCorrect	41	true	false	false	3, 18, 23, 105
L2NCorrect	42	false	true	false	3, 4, 18, 23, 25, 26, 33, 38, 39, 40, 49, 50, 57, 77, 83, 98, 99, 101, 102, 105, 107, 111, 118, 124
L2NCorrect	43	true	false	false	98, 102, 105
L2NCorrect	44	false	false	false	2, 9, 26, 39, 50, 57, 66, 77, 105, 109, 111, 117, 118, 122
L2NCorrect	45	false	false	false	39, 49, 50, 51, 57, 59, 64, 66, 70, 101, 105, 107, 109
L2NCorrect	46	true	false	false	19, 51, 66, 98, 102, 103, 104, 105
L2NCorrect	47	false	false	false	3, 4, 5, 9, 11, 14, 19, 23, 26, 32, 33, 35, 38, 39, 43, 44, 45, 48, 50, 51, 56, 57, 63, 64, 66, 96, 98, 99, 100, 101, 102, 103, 104, 105, 107, 108, 109, 115, 116, 117, 118, 121, 122, 123, 125, 126, 128
L2NCorrect	48	false	true	false	2, 3, 4, 5, 8, 9, 10, 11, 15, 16, 18, 20, 22, 23, 24, 25, 26, 27, 28, 29, 34, 35, 38, 39, 43, 44, 45, 48, 49, 50, 51, 56, 57, 63, 64, 66, 68, 70, 83, 93, 98, 100, 101, 102, 103, 104, 105, 107, 108, 109, 110, 111, 116, 117, 118, 119, 121, 122, 123, 124, 127
L2NCorrect	49	true	false	false	19, 35, 51, 98, 102, 105
L2NCorrect	50	false	false	false	3, 4, 5, 9, 10, 23, 25, 27, 33, 38, 39, 43, 45, 51, 56, 57, 63, 66, 70, 83, 98, 99, 100, 101, 102, 104, 105, 107, 108, 109, 116, 121, 122
L2NCorrect	51	false	false	false	3, 9, 16, 19, 23, 26, 27, 35, 38, 43, 45, 51, 58, 59, 63, 64, 65, 66, 68, 69, 73, 74, 77, 81, 82, 83, 88, 89, 90, 93, 94, 95, 96, 98, 99, 100, 101, 102, 103, 104, 105, 107, 108, 110, 111, 118, 121, 125
L2NCorrect	52	true	false	false	27, 51, 98, 102, 105
L2NCorrect	53	false	false	false	51, 66, 98, 100, 101, 102, 103, 104, 105, 109, 121, 122
L2NCorrect	54	false	false	false	1, 2, 3, 8, 11, 14, 15, 17, 19, 21, 22, 23, 25, 27, 32, 33, 34, 38, 39, 43, 44, 45, 48, 49, 50, 51, 56, 57, 63, 64, 66, 68, 69, 70, 73, 74, 75, 81, 82, 83, 88, 89, 90, 94, 95, 96, 99, 100, 101, 102, 103, 104, 105, 107, 108, 109, 111, 115, 116, 118, 119, 120, 121, 122, 123, 125, 126, 128
L2NCorrect	55	true	false	false	19, 51, 66, 105
L2NCorrect	56	false	false	false	9, 11, 23, 27, 43, 48, 49, 50, 51, 66, 83, 93, 98, 100, 101, 102, 103, 104, 105, 108, 110, 111, 118
L2NCorrect	57	false	false	false	3, 9, 10, 11, 16, 18, 19, 20, 23, 24, 25, 26, 27, 28, 33, 34, 35, 38, 39, 43, 45, 48, 49, 50, 51, 56, 57, 63, 64, 66, 68, 69, 70, 73, 83, 90, 94, 95, 96, 98, 99, 100, 101, 102, 103, 104, 105, 107, 108, 109, 111, 116, 118, 121, 124, 125, 128
L2NCorrect	58	true	false	false	48, 49, 51, 102, 103, 104, 105
L2NCorrect	59	false	false	false	3, 50, 66, 100, 101, 102, 103, 105, 108, 109, 110, 117, 125
L2NCorrect	60	true	false	false	19, 51, 66, 98, 102, 103, 105, 110, 117
L2NCorrect	61	true	false	false	35, 51, 66, 71, 72, 76, 102, 103, 105, 107
L2NCorrect	62	false	false	false	51, 66, 98, 100, 102, 103, 105, 110, 111, 117, 118
L2NCorrect	63	false	false	false	3, 4, 5, 9, 10, 19, 23, 33, 35, 38, 39, 45, 57, 59, 66, 98, 100, 101, 102, 103, 105, 107, 108, 110, 116, 117, 121, 122
L2NCorrect	64	false	false	false	48, 51, 63, 66, 71, 72, 76, 78, 79, 84, 85, 86, 87, 91, 92, 93, 97, 98, 102, 103, 104, 105, 107, 110, 117
L2NCorrect	65	true	false	false	51, 66, 103, 105, 110, 117
L2NCorrect	66	true	false	false	51, 66, 102, 103, 105, 107, 110, 114, 117
L2NCorrect	67	false	false	false	3, 51, 66, 72, 76, 98, 100, 102, 103, 104, 105, 107, 110, 117
L2NCorrect	68	false	false	false	49, 51, 66, 98, 102, 103, 105, 107, 110, 113, 117
L2NCorrect	69	false	false	false	19, 28, 35, 49, 51, 59, 62, 66, 71, 72, 76, 78, 79, 84, 85, 86, 87, 91, 92, 93, 97, 98, 102, 103, 104, 105, 107, 110, 117
L2NCorrect	70	false	true	false	3, 4, 5, 10, 11, 12, 13, 15, 18, 19, 20, 21, 23, 24, 25, 28, 29, 30, 32, 33, 35, 36, 37, 38, 39, 40, 41, 42, 43, 45, 46, 47, 49, 50, 51, 52, 53, 54, 57, 58, 59, 60, 62, 63, 64, 65, 66, 67, 68, 69, 70, 71, 72, 73, 74, 75, 76, 77, 78, 79, 81, 82, 83, 84, 85, 86, 87, 88, 89, 90, 91, 92, 93, 94, 95, 96, 97, 98, 99, 100, 101, 102, 103, 104, 105, 107, 108, 110, 111, 113, 114, 116, 117, 118, 121, 122, 123, 125, 128
L2NCorrect	71	false	false	false	15, 26, 44, 51, 66, 72, 98, 102, 103, 105, 110, 117
L2NCorrect	72	true	false	false	3, 40, 49, 100, 101, 102, 103, 104, 105
L2NCorrect	73	true	false	false	51, 72, 98, 102, 103, 105, 110, 114, 117
L2NCorrect	74	false	true	false	21, 26, 33, 38, 43, 45, 66, 72, 83, 98, 100, 101, 103, 104, 105, 110, 111, 116, 117, 122
L2NCorrect	75	false	false	false	3, 4, 5, 38, 40, 45, 49, 51, 66, 69, 71, 72, 75, 84, 89, 94, 98, 100, 101, 102, 103, 104, 105, 107, 110, 116, 117, 122
L2NIncorrect	1	false	true	false	8, 18, 39, 101, 109, 110, 115, 116, 122, 123
L2NIncorrect	2	true	false	false	18, 26, 39, 48, 103, 104, 105
L2NIncorrect	3	true	false	false
L2NIncorrect	4	false	true	true	2, 3, 4, 5, 8, 11, 18, 23, 25, 32, 33, 38, 39, 40, 43, 45, 48, 50, 57, 63, 64, 68, 69, 76, 77, 83, 84, 89, 90, 94, 95, 96, 99, 100, 101, 103, 104, 105, 107, 108, 109, 110, 115, 116, 121, 122, 123, 128
L2NIncorrect	5	false	false	false	18, 26, 27, 40, 45, 48, 50, 57, 61, 100, 116, 123
L2NIncorrect	6	true	false	false	105
L2NIncorrect	7	true	false	false	105
L2NIncorrect	8	true	false	false
L2NIncorrect	9	true	false	false	35, 105
L2NIncorrect	10	true	false	false	105
L2NIncorrect	11	false	false	false	2, 3, 4, 5, 9, 10, 15, 16, 22, 23, 24, 25, 26, 27, 28, 38, 39, 40, 50, 57, 63, 66, 70, 100, 101, 105, 107, 109, 110, 116, 117, 118, 122, 123, 124
L2NIncorrect	12	true	false	false	19, 51, 105, 111
L2NIncorrect	13	true	false	false	77, 100, 105, 111, 118
L2NIncorrect	14	true	false	false	66, 103, 104, 105
L2NIncorrect	15	false	false	false	19, 51, 59, 66, 98, 102, 103, 104, 105, 107, 117
L2NIncorrect	16	false	false	false	3, 4, 27, 33, 38, 39, 51, 56, 57, 63, 66, 83, 98, 99, 101, 105, 107, 108, 109, 116, 119, 122
L2NIncorrect	17	false	false	false	3, 4, 5, 9, 10, 11, 19, 23, 26, 27, 28, 33, 38, 41, 43, 46, 47, 48, 49, 51, 56, 57, 59, 63, 64, 66, 98, 100, 101, 102, 105, 107, 108, 109, 121, 128
L2NIncorrect	18	false	false	false	3, 38, 39, 50, 51, 57, 66, 101, 102, 105, 118, 122
L2NIncorrect	19	true	false	false	51, 98, 102, 103, 104, 110, 111, 117, 118
L2NIncorrect	20	true	false	false	57, 66, 102, 105, 122
L2NIncorrect	21	true	false	false	35, 51, 66, 98, 102, 105
L2NIncorrect	22	false	false	false	48, 49, 66, 98, 100, 102, 103, 105, 107, 110, 117, 122
L2NIncorrect	23	false	false	false	19, 35, 51, 66, 98, 102, 103, 104, 105, 110, 117
L2NIncorrect	24	false	false	false	19, 51, 66, 98, 100, 102, 103, 105, 110, 111, 117
L2NIncorrect	25	false	false	false	3, 9, 20, 24, 26, 33, 38, 39, 40, 43, 45, 49, 51, 57, 66, 69, 83, 98, 100, 101, 102, 103, 105, 110, 111, 116, 117, 118, 122
