Category	Segment number	Segment Good	Eye Blinks	Eye Movements	Bad Channels
Lag2Baseline	1	false	false	true
Lag2Baseline	2	true	false	false
Lag2Baseline	3	true	false	false
Lag2Baseline	4	true	false	false
Lag2Baseline	5	true	false	false
Lag2Baseline	6	true	false	false
Lag2Baseline	7	false	true	false	8, 9, 10, 32, 45, 46
Lag2Baseline	8	true	false	false
Lag2Baseline	9	true	false	false
Lag2Baseline	10	true	false	false
Lag2Baseline	11	true	false	false
Lag2Baseline	12	true	false	false
Lag2Baseline	13	true	false	false
Lag2Baseline	14	true	false	false	113
Lag2Baseline	15	true	false	false
Lag2Baseline	16	true	false	false
Lag2Baseline	17	true	false	false
Lag2Baseline	18	true	false	false	49
Lag2Baseline	19	true	false	false
Lag2Baseline	20	true	false	false
Lag2Baseline	21	true	false	false	48
Lag2Baseline	22	true	false	false	90
Lag2Baseline	23	true	false	false
Lag2Baseline	24	true	false	false
Lag2Baseline	25	true	false	false	119
Lag2Baseline	26	true	false	false	44
Lag2Baseline	27	true	false	false	44, 113
Lag2Baseline	28	true	false	false	44
Lag2Baseline	29	true	false	false	44, 107
Lag2Baseline	30	false	true	false	8, 56, 113
Lag2Baseline	31	true	false	false	44
Lag2Baseline	32	true	false	false	44
Lag2Baseline	33	true	false	false	44, 49
Lag2Baseline	34	true	false	false	44, 56, 114
Lag2Baseline	35	true	false	false	44
Lag2Baseline	36	true	false	false	44, 103
Lag2Baseline	37	false	false	true	43, 44, 49, 63, 88, 91, 102, 103, 114, 121, 128
Lag2Baseline	38	true	false	false	17, 44, 49, 114
Lag2Baseline	39	true	false	false	44, 83, 102, 103, 114, 121
Lag2Baseline	40	true	false	false	44, 107
Lag2Baseline	41	true	false	false	9, 44, 63, 102, 103, 113
Lag2Baseline	42	true	false	false	44, 63, 102, 103
Lag2Baseline	43	true	false	false	44, 63, 102, 103, 114
Lag2Baseline	44	false	true	false	44, 63, 102, 103, 114
Lag2Baseline	45	false	true	false	14, 17, 21, 25, 44, 63, 102, 103, 126
Lag2Baseline	46	true	false	false	44, 63, 102, 103
Lag2Baseline	47	true	false	false	44, 63, 102, 103, 114
Lag2Baseline	48	true	false	false	44, 63, 76, 99, 102, 103, 114
Lag2Baseline	49	true	false	false	61, 63, 102, 103
Lag2Baseline	50	false	true	false	17, 21, 63, 99, 102, 103, 114
Lag2Baseline	51	true	false	false	63, 99, 102, 103, 114
Lag2Baseline	52	true	false	false	63, 99, 102, 103, 123
Lag2Baseline	53	true	false	false	49, 63, 99, 102, 103, 121
Lag2Baseline	54	true	false	false	63, 84, 99, 102, 103
Lag2Baseline	55	true	false	false	63, 68, 99, 102, 103
Lag2Baseline	56	true	false	false	63, 87, 99, 102, 103, 114, 119
Lag2Baseline	57	false	false	false	38, 43, 48, 49, 56, 63, 68, 99, 102, 103, 114
Lag2Baseline	58	true	false	false	63, 87, 93, 99, 102, 103
Lag2Baseline	59	true	false	false	33, 39, 63, 83, 87, 99, 102, 103, 114, 121
Lag2Baseline	60	true	false	false	39, 63, 87, 99, 102, 103, 114
Lag2Baseline	61	false	false	false	33, 39, 43, 49, 63, 87, 99, 102, 103, 107, 121
Lag2Baseline	62	false	false	false	33, 39, 44, 63, 83, 87, 89, 99, 102, 103, 107, 115, 121, 123
Lag2Baseline	63	true	false	false	39, 44, 63, 87, 99, 102, 103
Lag2Baseline	64	true	false	false	44, 56, 63, 87, 99, 102, 103, 114
Lag2Baseline	65	false	false	true	21, 25, 32, 33, 44, 46, 49, 63, 87, 99, 102, 103, 114, 115
Lag2Baseline	66	true	false	false	44, 56, 63, 87, 98, 99, 102, 103, 123
Lag2Baseline	67	true	false	false	39, 44, 54, 56, 63, 99, 102, 103
Lag2Baseline	68	true	false	false	39, 44, 63, 99, 102, 103
Lag2Baseline	69	true	false	false	30, 39, 44, 63, 87, 99, 102, 103, 119
Lag2Baseline	70	true	false	false	44, 56, 63, 87, 99, 102, 103
Lag2Baseline	71	true	false	false	33, 39, 44, 49, 63, 87, 99, 102, 103, 123
Lag2Baseline	72	true	false	false	39, 44, 63, 99, 102, 103
Lag2Baseline	73	true	false	false	44, 63, 99, 102, 103
Lag2Baseline	74	true	false	false	39, 44, 49, 63, 83, 99, 102, 103, 114
Lag2Baseline	75	true	false	false	44, 56, 63, 87, 99, 102, 103, 115, 123
Lag2Baseline	76	true	false	false	44, 63, 87, 99, 102, 103, 123
Lag2Baseline	77	true	false	false	44, 49, 63, 87, 99, 102, 103, 123
Lag2Baseline	78	false	false	false	39, 44, 49, 63, 87, 99, 102, 103, 113, 114, 123
Lag2Baseline	79	true	false	false	44, 63, 87, 99, 102, 103
Lag2Baseline	80	true	false	false	39, 44, 63, 87, 99, 102, 103, 114, 123
Lag2Baseline	81	false	false	false	39, 44, 49, 63, 83, 87, 98, 99, 102, 103, 114, 121, 123
Lag2Baseline	82	true	false	false	44, 63, 87, 99, 102, 103, 114
Lag2Baseline	83	true	false	false	44, 63, 99, 102, 103, 123
Lag2Baseline	84	true	false	false	44, 63, 87, 99, 100, 102, 103, 123
Lag2Baseline	85	true	false	false	44, 63, 99, 100, 102, 103, 121, 123
Lag2Baseline	86	true	false	false	44, 63, 76, 87, 99, 102, 103, 123
Lag2Baseline	87	true	false	false	44, 63, 99, 102, 103, 114, 123
Lag2Baseline	88	false	false	false	39, 44, 55, 63, 68, 83, 87, 98, 99, 102, 103, 114, 123
Lag2Baseline	89	false	false	false	39, 44, 63, 83, 87, 98, 99, 102, 103, 114, 121, 123
Lag2Baseline	90	true	false	false	44, 63, 99, 102, 103, 123
Lag2Baseline	91	true	false	false	39, 44, 63, 68, 98, 99, 102, 103, 114, 123
Lag2Baseline	92	false	false	false	39, 55, 63, 68, 83, 87, 98, 99, 102, 103, 114, 121, 123
Lag2Baseline	93	true	false	false	51, 63, 87, 99, 102, 103, 121, 123
Lag2Baseline	94	true	false	false	63, 68, 87, 99, 102, 103, 123
Lag2Baseline	95	true	false	false	63, 68, 99, 102, 103, 123
Lag2Baseline	96	false	false	false	33, 56, 68, 74, 87, 98, 99, 102, 103, 121, 123
Lag2Baseline	97	true	false	false	99, 100, 102, 103, 114, 121, 123
Lag2Baseline	98	false	false	false	39, 56, 68, 83, 87, 98, 99, 101, 102, 103, 114, 121, 123
Lag2Baseline	99	true	false	false	56, 68, 73, 74, 87, 99, 102, 103, 121, 123
Lag2Baseline	100	true	false	false	55, 68, 99, 102, 103, 123
Lag2Neutral	1	true	false	false	43, 128
Lag2Neutral	2	true	false	false	119
Lag2Neutral	3	true	false	false
Lag2Neutral	4	true	false	false
Lag2Neutral	5	true	false	false
Lag2Neutral	6	true	false	false
Lag2Neutral	7	true	false	false	115
Lag2Neutral	8	true	false	false
Lag2Neutral	9	true	false	false
Lag2Neutral	10	true	false	false	49, 113
Lag2Neutral	11	true	false	false	119, 120
Lag2Neutral	12	true	false	false
Lag2Neutral	13	true	false	false
Lag2Neutral	14	true	false	false	48
Lag2Neutral	15	true	false	false
Lag2Neutral	16	true	false	false
Lag2Neutral	17	true	false	false
Lag2Neutral	18	true	false	false
Lag2Neutral	19	true	false	false
Lag2Neutral	20	true	false	false
Lag2Neutral	21	true	false	false	108
Lag2Neutral	22	true	false	false
Lag2Neutral	23	false	true	false	126
Lag2Neutral	24	true	false	false
Lag2Neutral	25	true	false	false	44
Lag2Neutral	26	true	false	false	44
Lag2Neutral	27	true	false	false	44
Lag2Neutral	28	true	false	false	17, 44, 49
Lag2Neutral	29	true	false	false	44
Lag2Neutral	30	false	false	true	44, 107, 128
Lag2Neutral	31	true	false	false	44, 56, 107
Lag2Neutral	32	true	false	false	44, 107
Lag2Neutral	33	true	false	false	44, 49
Lag2Neutral	34	true	false	false	44
Lag2Neutral	35	true	false	false	44
Lag2Neutral	36	true	false	false	44
Lag2Neutral	37	true	false	false	44
Lag2Neutral	38	true	false	false	44
Lag2Neutral	39	true	false	false	44, 63, 65, 69
Lag2Neutral	40	true	false	false	44, 102, 103
Lag2Neutral	41	true	false	false	44, 63, 102, 103
Lag2Neutral	42	true	false	false	44, 63, 102, 103
Lag2Neutral	43	false	false	true	44, 49, 63, 102, 103
Lag2Neutral	44	true	false	false	44, 63, 102, 103, 114
Lag2Neutral	45	true	false	false	44, 63, 84, 89, 102, 103, 114
Lag2Neutral	46	true	false	false	44, 63, 102, 103, 114
Lag2Neutral	47	true	false	false	44, 63, 102, 103, 114
Lag2Neutral	48	true	false	false	44, 63, 76, 99, 102, 103, 114
Lag2Neutral	49	true	false	false	56, 63, 77, 78, 79, 99, 102, 103, 114, 119
Lag2Neutral	50	true	false	false	63, 99, 102, 103
Lag2Neutral	51	true	false	false	63, 68, 76, 99, 102, 103, 114, 121
Lag2Neutral	52	true	false	false	63, 99, 102, 103, 114
Lag2Neutral	53	true	false	false	63, 102, 103
Lag2Neutral	54	true	false	false	63, 99, 102, 103, 114
Lag2Neutral	55	true	false	false	39, 43, 63, 99, 102, 103, 115
Lag2Neutral	56	true	false	false	63, 99, 102, 103, 114
Lag2Neutral	57	true	false	false	39, 63, 87, 99, 102, 103, 114
Lag2Neutral	58	true	false	false	56, 63, 87, 99, 102, 103, 114, 119, 121
Lag2Neutral	59	true	false	false	39, 56, 63, 87, 93, 99, 102, 103, 114
Lag2Neutral	60	true	false	false	56, 63, 87, 89, 99, 102, 103
Lag2Neutral	61	false	false	false	33, 39, 45, 63, 68, 83, 87, 99, 100, 101, 102, 103, 107, 115, 121
Lag2Neutral	62	false	false	false	33, 39, 44, 56, 63, 68, 87, 98, 99, 102, 103, 115, 121
Lag2Neutral	63	true	false	false	39, 44, 63, 87, 99, 102, 103, 114
Lag2Neutral	64	false	true	false	21, 25, 32, 39, 44, 63, 87, 99, 102, 103
Lag2Neutral	65	true	false	false	44, 63, 99, 102, 103
Lag2Neutral	66	true	false	false	44, 63, 99, 102, 103
Lag2Neutral	67	true	false	false	39, 44, 63, 99, 102, 103
Lag2Neutral	68	true	false	false	39, 44, 49, 63, 87, 99, 102, 103, 123
Lag2Neutral	69	true	false	false	39, 44, 49, 63, 99, 102, 103
Lag2Neutral	70	true	false	false	6, 39, 44, 48, 63, 99, 102, 103, 123
Lag2Neutral	71	true	false	false	39, 44, 63, 87, 99, 102, 103
Lag2Neutral	72	true	false	false	39, 44, 63, 87, 99, 102, 103
Lag2Neutral	73	false	false	false	39, 44, 49, 56, 63, 68, 83, 87, 99, 102, 103, 114, 121, 123
Lag2Neutral	74	true	false	false	44, 63, 87, 99, 101, 102, 103
Lag2Neutral	75	false	false	false	39, 44, 49, 56, 63, 68, 87, 89, 99, 102, 103, 119
Lag2Neutral	76	true	false	false	44, 63, 99, 102, 103
Lag2Neutral	77	true	false	false	39, 44, 56, 63, 87, 99, 102, 103, 114, 121
Lag2Neutral	78	true	false	false	39, 44, 63, 99, 102, 103, 123
Lag2Neutral	79	true	false	false	44, 63, 99, 102, 103, 114, 115
Lag2Neutral	80	true	false	false	44, 63, 99, 102, 103
Lag2Neutral	81	true	false	false	44, 63, 68, 87, 99, 102, 103, 114, 121
Lag2Neutral	82	true	false	false	39, 44, 63, 68, 99, 102, 103, 114, 123
Lag2Neutral	83	true	false	false	44, 63, 87, 99, 102, 103, 114, 121, 123
Lag2Neutral	84	true	false	false	39, 44, 63, 87, 99, 102, 103, 121, 123
Lag2Neutral	85	false	false	false	39, 44, 63, 68, 83, 87, 99, 102, 103, 114, 123
Lag2Neutral	86	true	false	false	44, 63, 87, 99, 102, 103, 113, 114, 128
Lag2Neutral	87	true	false	false	39, 44, 63, 87, 99, 102, 103, 114, 121, 123
Lag2Neutral	88	true	false	false	44, 63, 87, 98, 99, 102, 103, 114, 121, 123
Lag2Neutral	89	true	false	false	39, 44, 63, 68, 87, 99, 102, 103, 114, 123
Lag2Neutral	90	true	false	false	39, 44, 63, 87, 99, 102, 103, 123
Lag2Neutral	91	true	false	false	44, 51, 63, 99, 102, 103, 123
Lag2Neutral	92	true	false	false	44, 63, 99, 102, 103, 123
Lag2Neutral	93	true	false	false	44, 63, 87, 99, 102, 103, 114, 123
Lag2Neutral	94	true	false	false	44, 63, 87, 99, 102, 103, 123
Lag2Neutral	95	true	false	false	63, 68, 69, 87, 98, 99, 102, 103, 114, 123
Lag2Neutral	96	true	false	false	63, 74, 87, 99, 102, 103, 123
Lag2Neutral	97	true	false	false	49, 68, 87, 99, 102, 103, 114, 123
Lag2Neutral	98	false	false	false	39, 49, 57, 68, 87, 99, 102, 103, 114, 121, 123
Lag2Neutral	99	false	false	false	39, 49, 55, 68, 80, 87, 98, 99, 100, 102, 103, 121, 123
Lag2Neutral	100	false	false	false	39, 49, 55, 68, 80, 83, 87, 98, 99, 102, 103, 114, 121, 123
Lag2Negative	1	true	false	false
Lag2Negative	2	true	false	false
Lag2Negative	3	true	false	false
Lag2Negative	4	true	false	false	65, 68, 69, 94
Lag2Negative	5	true	false	false
Lag2Negative	6	true	false	false
Lag2Negative	7	false	false	true	56, 125
Lag2Negative	8	true	false	false	49
Lag2Negative	9	true	false	false
Lag2Negative	10	true	false	false
Lag2Negative	11	true	false	false
Lag2Negative	12	true	false	false
Lag2Negative	13	true	false	false
Lag2Negative	14	true	false	false
Lag2Negative	15	true	false	false
Lag2Negative	16	true	false	false
Lag2Negative	17	true	false	false
Lag2Negative	18	true	false	false
Lag2Negative	19	true	false	false	49
Lag2Negative	20	false	false	true	46, 48, 49, 61, 83, 107
Lag2Negative	21	true	false	false
Lag2Negative	22	false	true	false	50, 113
Lag2Negative	23	true	false	false
Lag2Negative	24	true	false	false
Lag2Negative	25	true	false	false
Lag2Negative	26	true	false	false	44
Lag2Negative	27	false	true	false	126
Lag2Negative	28	true	false	false	44
Lag2Negative	29	true	false	false	44
Lag2Negative	30	true	false	false	44, 49, 56, 107
Lag2Negative	31	true	false	false	44, 56, 107
Lag2Negative	32	false	false	false	38, 43, 44, 48, 49, 56, 68, 77, 90, 119, 120, 128
Lag2Negative	33	false	true	false	8, 44
Lag2Negative	34	true	false	false	44, 49
Lag2Negative	35	true	false	false	44
Lag2Negative	36	true	false	false	44
Lag2Negative	37	true	false	false	32, 38, 43, 44, 48, 115, 125, 126, 128
Lag2Negative	38	false	false	true	44, 125
Lag2Negative	39	true	false	false	44, 103
Lag2Negative	40	true	false	false	43, 44, 102, 103
Lag2Negative	41	true	false	false	44, 63, 102, 103
Lag2Negative	42	true	false	false	44, 63, 102, 103
Lag2Negative	43	true	false	false	44, 63, 102, 103
Lag2Negative	44	true	false	false	44, 63, 102, 103
Lag2Negative	45	true	false	false	44, 63, 102, 103
Lag2Negative	46	true	false	false	44, 56, 63, 102, 103, 114
Lag2Negative	47	false	true	false	21, 44, 56, 63, 102, 103
Lag2Negative	48	true	false	false	44, 49, 63, 89, 102, 103
Lag2Negative	49	false	true	false	44, 63, 102, 103
Lag2Negative	50	true	false	false	44, 63, 102, 103
Lag2Negative	51	true	false	false	44, 63, 99, 102, 103, 114
Lag2Negative	52	true	false	false	63, 99, 102, 103
Lag2Negative	53	true	false	false	63, 99, 102, 103
Lag2Negative	54	true	false	false	9, 63, 99, 102, 103
Lag2Negative	55	true	false	false	63, 99, 102, 103
Lag2Negative	56	true	false	false	49, 63, 68, 99, 102, 103
Lag2Negative	57	false	false	false	38, 39, 56, 63, 87, 99, 102, 103, 107, 114, 120, 121, 125
Lag2Negative	58	true	false	false	63, 87, 99, 102, 103
Lag2Negative	59	true	false	false	56, 63, 87, 99, 102, 103, 114
Lag2Negative	60	true	false	false	17, 25, 56, 63, 87, 93, 99, 102, 103, 114
Lag2Negative	61	false	true	true	1, 2, 3, 4, 5, 6, 8, 9, 10, 11, 12, 13, 14, 15, 16, 17, 18, 19, 20, 21, 22, 23, 24, 25, 26, 27, 28, 29, 30, 32, 33, 34, 35, 36, 38, 39, 40, 41, 42, 43, 45, 46, 47, 50, 51, 56, 57, 58, 59, 62, 63, 64, 65, 66, 68, 69, 70, 72, 73, 74, 75, 81, 82, 83, 84, 85, 87, 88, 89, 90, 91, 94, 95, 96, 97, 98, 99, 100, 101, 102, 103, 107, 108, 109, 110, 111, 112, 113, 114, 115, 116, 117, 118, 119, 120, 121, 122, 123, 124, 125, 126, 127
Lag2Negative	62	false	false	false	33, 39, 44, 63, 68, 87, 99, 102, 103, 107, 121
Lag2Negative	63	true	false	false	33, 39, 44, 63, 87, 99, 102, 103, 115
Lag2Negative	64	false	false	false	33, 44, 63, 87, 98, 99, 102, 103, 112, 115, 121, 123
Lag2Negative	65	false	true	false	1, 8, 14, 17, 21, 25, 26, 32, 33, 39, 44, 45, 49, 56, 63, 87, 99, 102, 103, 108, 115, 121, 122
Lag2Negative	66	true	false	false	39, 44, 49, 63, 87, 99, 102, 103, 115
Lag2Negative	67	true	false	false	39, 44, 63, 87, 99, 102, 103
Lag2Negative	68	true	false	false	39, 44, 63, 99, 102, 103
Lag2Negative	69	true	false	false	39, 44, 56, 63, 87, 99, 102, 103, 123
Lag2Negative	70	true	false	false	44, 63, 87, 99, 102, 103, 123
Lag2Negative	71	true	false	false	44, 63, 99, 102, 103, 123
Lag2Negative	72	true	false	false	44, 63, 99, 102, 103, 123
Lag2Negative	73	true	false	false	39, 44, 56, 63, 87, 99, 102, 103
Lag2Negative	74	true	false	false	39, 44, 63, 87, 99, 102, 103, 114, 123
Lag2Negative	75	true	false	false	6, 44, 63, 99, 102, 103, 123
Lag2Negative	76	false	false	true	32, 39, 44, 63, 83, 87, 99, 102, 103, 114, 123
Lag2Negative	77	true	false	false	44, 56, 63, 99, 102, 103, 123
Lag2Negative	78	true	false	false	39, 44, 63, 87, 99, 102, 103, 121
Lag2Negative	79	true	false	false	6, 39, 44, 63, 87, 99, 102, 103, 114, 123
Lag2Negative	80	true	false	false	44, 63, 87, 99, 102, 103
Lag2Negative	81	true	false	false	44, 63, 87, 99, 102, 103, 119
Lag2Negative	82	true	false	false	44, 63, 87, 99, 102, 103, 123
Lag2Negative	83	true	false	false	44, 49, 63, 68, 99, 102, 103
Lag2Negative	84	false	false	false	44, 49, 56, 63, 68, 73, 74, 76, 83, 87, 99, 102, 103, 113, 114, 121, 123
Lag2Negative	85	false	false	false	39, 44, 63, 83, 87, 98, 99, 102, 103, 114, 123
Lag2Negative	86	true	false	false	44, 49, 63, 68, 87, 99, 102, 103, 123
Lag2Negative	87	true	false	false	44, 49, 63, 68, 87, 99, 102, 103, 123
Lag2Negative	88	true	false	false	44, 63, 68, 87, 99, 102, 103, 123
Lag2Negative	89	true	false	false	44, 63, 68, 87, 99, 102, 103, 123
Lag2Negative	90	true	false	false	49, 63, 87, 99, 102, 103, 114, 121, 123
Lag2Negative	91	false	false	false	28, 33, 39, 40, 51, 56, 63, 68, 73, 74, 76, 83, 87, 98, 99, 102, 103, 113, 114, 121, 123
Lag2Negative	92	true	false	false	39, 63, 83, 85, 87, 98, 99, 102, 103, 123
Lag2Negative	93	false	false	false	39, 55, 63, 83, 87, 98, 99, 102, 103, 114, 123
Lag2Negative	94	true	false	false	63, 65, 87, 98, 99, 102, 103, 114, 123
Lag2Negative	95	false	false	false	39, 55, 63, 68, 83, 87, 93, 98, 99, 102, 103, 114, 121, 123
Lag2Negative	96	false	false	false	37, 48, 56, 63, 68, 74, 76, 87, 88, 89, 98, 99, 102, 103, 107, 120, 121, 123
Lag2Negative	97	false	false	false	39, 55, 56, 87, 98, 99, 100, 102, 103, 114, 121, 123
Lag2Negative	98	false	false	false	33, 56, 57, 68, 83, 87, 98, 99, 102, 103, 114, 121, 123
Lag2Negative	99	false	false	false	39, 49, 68, 74, 80, 87, 98, 99, 102, 103, 114, 123
Lag2Negative	100	true	false	false	39, 55, 68, 98, 99, 102, 103, 114, 121, 123
Lag8Baseline	1	true	false	false	9
Lag8Baseline	2	true	false	false
Lag8Baseline	3	true	false	false
Lag8Baseline	4	true	false	false
Lag8Baseline	5	true	false	false
Lag8Baseline	6	true	false	false
Lag8Baseline	7	true	false	false
Lag8Baseline	8	true	false	false	56
Lag8Baseline	9	true	false	false
Lag8Baseline	10	true	false	false	119
Lag8Baseline	11	true	false	false
Lag8Baseline	12	true	false	false
Lag8Baseline	13	true	false	false
Lag8Baseline	14	true	false	false
Lag8Baseline	15	true	false	false
Lag8Baseline	16	true	false	false
Lag8Baseline	17	true	false	false	43, 44, 46, 54, 56, 61, 115
Lag8Baseline	18	true	false	false
Lag8Baseline	19	true	false	false
Lag8Baseline	20	true	false	false
Lag8Baseline	21	true	false	false
Lag8Baseline	22	true	false	false
Lag8Baseline	23	true	false	false
Lag8Baseline	24	true	false	false
Lag8Baseline	25	true	false	false
Lag8Baseline	26	false	true	false	126
Lag8Baseline	27	false	true	false	126
Lag8Baseline	28	true	false	false	56, 126
Lag8Baseline	29	true	false	false	44, 48, 49
Lag8Baseline	30	true	false	false	44, 113
Lag8Baseline	31	false	false	true	44, 128
Lag8Baseline	32	true	false	false	44, 56
Lag8Baseline	33	true	false	false	44, 56
Lag8Baseline	34	true	false	false	44
Lag8Baseline	35	true	false	false	8, 44
Lag8Baseline	36	true	false	false	13, 44, 63
Lag8Baseline	37	true	false	false	44
Lag8Baseline	38	true	false	false	44
Lag8Baseline	39	true	false	false	44, 102, 103, 113
Lag8Baseline	40	true	false	false	44, 114
Lag8Baseline	41	true	false	false	44, 102, 103, 114
Lag8Baseline	42	true	false	false	44, 63, 102, 103
Lag8Baseline	43	true	false	false	44, 63, 102, 103
Lag8Baseline	44	true	false	false	44, 63, 102, 103
Lag8Baseline	45	true	false	false	44, 63, 102, 103, 114
Lag8Baseline	46	true	false	false	44, 63, 99, 102, 103, 114
Lag8Baseline	47	true	false	false	44, 63, 99, 102, 103, 114
Lag8Baseline	48	false	false	true	56, 57, 63, 64, 81, 82, 83, 85, 99, 102, 103, 107, 113, 114, 119, 120, 121, 125, 128
Lag8Baseline	49	true	false	false	63, 99, 102, 103, 114
Lag8Baseline	50	true	false	false	63, 99, 102, 103
Lag8Baseline	51	true	false	false	49, 63, 99, 102, 103
Lag8Baseline	52	true	false	false	56, 63, 99, 102, 103, 119
Lag8Baseline	53	true	false	false	63, 99, 102, 103, 114
Lag8Baseline	54	true	false	false	63, 99, 102, 103
Lag8Baseline	55	false	false	false	48, 63, 68, 81, 87, 88, 89, 93, 94, 99, 102, 103, 107, 114, 121
Lag8Baseline	56	true	false	false	39, 63, 87, 93, 99, 102, 103, 114
Lag8Baseline	57	true	false	false	39, 63, 87, 99, 102, 103, 114, 123
Lag8Baseline	58	true	false	false	63, 78, 87, 99, 102, 103, 114, 119, 123
Lag8Baseline	59	false	false	false	9, 21, 39, 41, 46, 47, 49, 55, 56, 63, 77, 78, 79, 80, 87, 90, 93, 99, 102, 103, 105, 108, 113, 114, 115, 118, 119
Lag8Baseline	60	true	false	false	63, 99, 102, 103
Lag8Baseline	61	false	false	true	1, 30, 33, 35, 38, 39, 40, 43, 56, 58, 63, 64, 68, 70, 72, 73, 74, 75, 76, 81, 82, 83, 84, 87, 88, 89, 91, 94, 95, 96, 97, 99, 100, 101, 102, 103, 107, 109, 115, 119, 120, 121, 125
Lag8Baseline	62	false	false	true	8, 21, 33, 39, 40, 43, 49, 63, 76, 85, 87, 88, 93, 98, 99, 101, 102, 103, 107, 115, 120, 121, 126, 128
Lag8Baseline	63	false	true	true	1, 8, 14, 25, 26, 33, 39, 43, 45, 49, 63, 94, 99, 100, 102, 103, 107, 108, 115, 116, 120, 121
Lag8Baseline	64	true	false	false	44, 49, 63, 87, 99, 102, 103
Lag8Baseline	65	true	false	false	33, 39, 44, 63, 99, 102, 103, 121
Lag8Baseline	66	true	false	false	39, 44, 49, 63, 87, 99, 102, 103, 114
Lag8Baseline	67	true	false	false	39, 44, 63, 99, 102, 103, 114
Lag8Baseline	68	true	false	false	44, 63, 87, 99, 102, 103, 113, 123
Lag8Baseline	69	true	false	false	44, 45, 63, 87, 98, 99, 102, 103, 123
Lag8Baseline	70	true	false	false	39, 44, 63, 99, 102, 103
Lag8Baseline	71	true	false	false	39, 44, 63, 99, 102, 103
Lag8Baseline	72	true	false	false	44, 63, 99, 102, 103
Lag8Baseline	73	true	false	false	44, 63, 87, 99, 102, 103
Lag8Baseline	74	true	false	false	39, 44, 63, 87, 99, 102, 103, 114
Lag8Baseline	75	true	false	false	44, 63, 99, 102, 103
Lag8Baseline	76	false	false	false	39, 44, 63, 83, 87, 98, 99, 102, 103, 114, 123
Lag8Baseline	77	true	false	false	44, 63, 87, 99, 102, 103, 114
Lag8Baseline	78	false	false	false	6, 39, 44, 63, 77, 78, 79, 83, 99, 102, 103, 114
Lag8Baseline	79	false	false	false	39, 44, 55, 63, 77, 78, 79, 80, 83, 87, 99, 102, 103, 108, 114
Lag8Baseline	80	true	false	false	44, 63, 99, 102, 103, 123
Lag8Baseline	81	true	false	false	44, 63, 65, 69, 99, 102, 103, 114
Lag8Baseline	82	false	true	true	13, 33, 38, 39, 44, 48, 63, 99, 102, 103, 114, 121, 123, 126, 128
Lag8Baseline	83	true	false	false	44, 63, 87, 99, 102, 103, 114, 123
Lag8Baseline	84	false	false	false	39, 44, 49, 63, 87, 99, 102, 103, 114, 115, 121, 123
Lag8Baseline	85	true	false	false	44, 63, 99, 102, 103, 123
Lag8Baseline	86	true	false	false	44, 63, 87, 99, 102, 103, 123
Lag8Baseline	87	true	false	false	44, 49, 63, 99, 102, 103, 123
Lag8Baseline	88	true	false	false	39, 44, 63, 87, 99, 102, 103, 114, 123
Lag8Baseline	89	false	false	false	39, 44, 63, 83, 87, 98, 99, 102, 103, 114, 123
Lag8Baseline	90	true	false	false	12, 24, 44, 63, 68, 87, 99, 102, 103, 123
Lag8Baseline	91	false	false	false	39, 44, 49, 63, 65, 68, 83, 87, 98, 99, 102, 103, 123
Lag8Baseline	92	false	false	false	49, 55, 63, 68, 83, 87, 98, 99, 102, 103, 114, 121, 123
Lag8Baseline	93	false	false	false	28, 37, 48, 49, 56, 63, 68, 73, 74, 76, 81, 83, 87, 96, 98, 99, 102, 103, 113, 114, 115, 121, 123
Lag8Baseline	94	false	false	false	48, 56, 63, 83, 87, 99, 102, 103, 107, 121, 123
Lag8Baseline	95	true	false	false	28, 56, 83, 87, 98, 99, 102, 103, 114, 123
Lag8Baseline	96	true	false	false	65, 68, 87, 99, 102, 103, 121, 123
Lag8Baseline	97	true	false	false	39, 68, 87, 98, 99, 102, 103, 121, 123
Lag8Baseline	98	false	false	false	39, 55, 68, 87, 98, 99, 100, 102, 103, 114, 121, 123
Lag8Baseline	99	false	false	false	39, 55, 68, 73, 74, 87, 98, 99, 102, 103, 114, 121, 123
Lag8Baseline	100	true	false	false	55, 68, 83, 87, 98, 99, 102, 103, 121, 123
Lag8Neutral	1	true	false	false	64
Lag8Neutral	2	true	false	false	32
Lag8Neutral	3	true	false	false
Lag8Neutral	4	true	false	false
Lag8Neutral	5	true	false	false
Lag8Neutral	6	true	false	false	115
Lag8Neutral	7	true	false	false
Lag8Neutral	8	true	false	false
Lag8Neutral	9	true	false	false	48
Lag8Neutral	10	true	false	false
Lag8Neutral	11	true	false	false
Lag8Neutral	12	true	false	false
Lag8Neutral	13	true	false	false
Lag8Neutral	14	true	false	false
Lag8Neutral	15	true	false	false
Lag8Neutral	16	true	false	false	49
Lag8Neutral	17	true	false	false
Lag8Neutral	18	true	false	false
Lag8Neutral	19	true	false	false	107
Lag8Neutral	20	true	false	false	56
Lag8Neutral	21	false	true	false	120, 126
Lag8Neutral	22	true	false	false
Lag8Neutral	23	true	false	false
Lag8Neutral	24	true	false	false
Lag8Neutral	25	true	false	false
Lag8Neutral	26	true	false	false
Lag8Neutral	27	true	false	false	44
Lag8Neutral	28	true	false	false	44
Lag8Neutral	29	true	false	false	44, 56, 114, 120
Lag8Neutral	30	true	false	false	56
Lag8Neutral	31	false	true	false	8, 44, 49
Lag8Neutral	32	true	false	false	44, 49, 63
Lag8Neutral	33	true	false	false	44
Lag8Neutral	34	true	false	false	44, 49, 80, 83, 85, 107, 119, 128
Lag8Neutral	35	true	false	false	14, 17, 32, 38, 44, 125, 128
Lag8Neutral	36	true	false	false	44
Lag8Neutral	37	true	false	false	44, 49
Lag8Neutral	38	true	false	false	43, 44, 85, 103, 113
Lag8Neutral	39	true	false	false	44, 85, 102, 103
Lag8Neutral	40	true	false	false	44, 103
Lag8Neutral	41	true	false	false	44, 56, 63, 85, 102, 103
Lag8Neutral	42	true	false	false	44, 63, 102, 103
Lag8Neutral	43	true	false	false	44, 63, 102, 103
Lag8Neutral	44	true	false	false	44, 102, 103, 114
Lag8Neutral	45	true	false	false	44, 63, 102, 103, 114
Lag8Neutral	46	false	false	true	44, 48, 63, 102, 103, 114, 128
Lag8Neutral	47	true	false	false	39, 44, 63, 102, 103, 114
Lag8Neutral	48	true	false	false	44, 63, 102, 103
Lag8Neutral	49	true	false	false	44, 63, 102, 103
Lag8Neutral	50	true	false	false	44, 63, 102, 103
Lag8Neutral	51	true	false	false	44, 63, 102, 103
Lag8Neutral	52	true	false	false	63, 99, 102, 103
Lag8Neutral	53	true	false	false	63, 99, 102, 103, 121
Lag8Neutral	54	true	false	false	63, 99, 102, 103
Lag8Neutral	55	true	false	false	63, 99, 102, 103, 119
Lag8Neutral	56	true	false	false	63, 99, 102, 103
Lag8Neutral	57	true	false	false	49, 63, 87, 93, 99, 102, 103
Lag8Neutral	58	true	false	false	30, 39, 63, 87, 99, 102, 103
Lag8Neutral	59	true	false	false	63, 87, 99, 102, 103, 114, 121, 123
Lag8Neutral	60	true	false	false	63, 84, 87, 99, 102, 103
Lag8Neutral	61	false	true	false	1, 22, 25, 33, 35, 39, 40, 45, 48, 50, 51, 56, 57, 58, 63, 64, 68, 83, 87, 97, 99, 100, 101, 102, 103, 107, 109, 110, 115, 119, 120, 121, 125, 126
Lag8Neutral	62	false	false	false	1, 33, 39, 43, 63, 76, 87, 94, 99, 102, 103, 115, 120, 121
Lag8Neutral	63	false	false	false	33, 39, 44, 63, 68, 87, 93, 99, 102, 103, 107
Lag8Neutral	64	true	false	false	33, 39, 44, 56, 63, 87, 99, 102, 103
Lag8Neutral	65	true	false	false	33, 44, 56, 63, 99, 102, 103, 121
Lag8Neutral	66	true	false	false	44, 63, 98, 99, 102, 103, 121
Lag8Neutral	67	false	false	false	30, 33, 39, 44, 49, 56, 63, 68, 87, 99, 102, 103, 115, 121, 123
Lag8Neutral	68	true	false	false	44, 63, 99, 102, 103
Lag8Neutral	69	true	false	false	44, 49, 63, 99, 102, 103, 119, 123
Lag8Neutral	70	true	false	false	44, 63, 99, 102, 103
Lag8Neutral	71	true	false	false	44, 45, 63, 87, 99, 102, 103
Lag8Neutral	72	true	false	false	44, 63, 99, 102, 103, 123
Lag8Neutral	73	true	false	false	44, 63, 99, 102, 103, 123
Lag8Neutral	74	true	false	false	44, 63, 99, 102, 103
Lag8Neutral	75	true	false	false	44, 63, 87, 99, 102, 103
Lag8Neutral	76	true	false	false	31, 39, 44, 63, 99, 102, 103, 123
Lag8Neutral	77	false	true	false	39, 44, 63, 87, 99, 102, 103, 123, 126
Lag8Neutral	78	false	false	false	20, 39, 44, 49, 63, 68, 76, 87, 99, 102, 103, 114, 119, 121, 123
Lag8Neutral	79	false	false	false	4, 9, 14, 20, 39, 44, 45, 49, 63, 77, 78, 79, 90, 99, 102, 103, 112, 113, 117, 118, 119, 123, 124
Lag8Neutral	80	true	false	false	44, 63, 87, 99, 100, 102, 103
Lag8Neutral	81	true	false	false	44, 49, 63, 99, 102, 103, 121, 123
Lag8Neutral	82	true	false	false	9, 44, 63, 87, 99, 102, 103, 121
Lag8Neutral	83	true	false	false	44, 63, 87, 99, 102, 103
Lag8Neutral	84	true	false	false	44, 63, 68, 99, 102, 103, 123
Lag8Neutral	85	true	false	false	44, 63, 99, 102, 103, 123
Lag8Neutral	86	true	false	false	44, 63, 83, 87, 99, 102, 103, 114, 121, 123
Lag8Neutral	87	false	false	true	44, 63, 68, 87, 98, 99, 102, 103, 114, 121, 123, 128
Lag8Neutral	88	true	false	false	44, 63, 99, 102, 103, 114, 123
Lag8Neutral	89	false	false	false	44, 56, 63, 68, 87, 99, 102, 103, 114, 121, 123
Lag8Neutral	90	true	false	false	44, 49, 63, 87, 99, 102, 103, 123
Lag8Neutral	91	true	false	false	6, 44, 63, 87, 99, 102, 103, 123
Lag8Neutral	92	true	false	false	44, 63, 99, 102, 103, 121, 123
Lag8Neutral	93	false	false	false	39, 55, 63, 83, 87, 98, 99, 102, 103, 114, 123
Lag8Neutral	94	true	false	false	63, 68, 76, 82, 99, 102, 103, 123
Lag8Neutral	95	false	false	false	39, 55, 63, 68, 87, 98, 99, 102, 103, 114, 121, 123
Lag8Neutral	96	true	false	false	39, 55, 68, 87, 98, 99, 102, 103, 121, 123
Lag8Neutral	97	false	false	false	39, 49, 55, 62, 68, 72, 80, 83, 87, 98, 99, 102, 103, 114, 121, 123
Lag8Neutral	98	true	false	false	39, 65, 68, 69, 87, 98, 99, 102, 103, 123
Lag8Neutral	99	false	false	false	39, 55, 68, 87, 98, 99, 102, 103, 114, 121, 123
Lag8Neutral	100	false	true	true	1, 17, 25, 32, 37, 38, 39, 48, 49, 55, 57, 68, 87, 98, 99, 100, 102, 103, 114, 115, 119, 120, 121, 123, 125, 126, 127, 128
Lag8Negative	1	true	false	false	32, 64
Lag8Negative	2	true	false	false
Lag8Negative	3	true	false	false
Lag8Negative	4	true	false	false
Lag8Negative	5	true	false	false
Lag8Negative	6	true	false	false
Lag8Negative	7	true	false	false
Lag8Negative	8	true	false	false	68
Lag8Negative	9	true	false	false
Lag8Negative	10	true	false	false	68
Lag8Negative	11	true	false	false
Lag8Negative	12	true	false	false
Lag8Negative	13	true	false	false	113
Lag8Negative	14	true	false	false
Lag8Negative	15	true	false	false	49, 119
Lag8Negative	16	true	false	false
Lag8Negative	17	true	false	false
Lag8Negative	18	true	false	false
Lag8Negative	19	true	false	false
Lag8Negative	20	true	false	false
Lag8Negative	21	true	false	false
Lag8Negative	22	true	false	false
Lag8Negative	23	true	false	false
Lag8Negative	24	true	false	false
Lag8Negative	25	true	false	false	44
Lag8Negative	26	true	false	false	44
Lag8Negative	27	true	false	false	44, 49, 55, 56, 107
Lag8Negative	28	true	false	false	44, 56, 114
Lag8Negative	29	true	false	false	44, 49, 56, 107
Lag8Negative	30	true	false	false	44, 56, 107
Lag8Negative	31	true	false	false	44
Lag8Negative	32	true	false	false	44, 49
Lag8Negative	33	true	false	false	44
Lag8Negative	34	true	false	false	44
Lag8Negative	35	true	false	false	44
Lag8Negative	36	true	false	false	44
Lag8Negative	37	true	false	false	44, 99, 103
Lag8Negative	38	true	false	false	44
Lag8Negative	39	true	false	false	44
Lag8Negative	40	true	false	false	44, 63, 102, 103, 107
Lag8Negative	41	true	false	false	44, 63, 102, 103
Lag8Negative	42	true	false	false	44, 63, 102, 103
Lag8Negative	43	true	false	false	44, 56, 63, 102, 103
Lag8Negative	44	true	false	false	44, 63, 102, 103
Lag8Negative	45	true	false	false	44, 63, 102, 103, 114
Lag8Negative	46	false	false	true	44, 63, 102, 103, 125
Lag8Negative	47	true	false	false	44, 63, 102, 103, 114
Lag8Negative	48	true	false	false	44, 63, 102, 103, 114
Lag8Negative	49	true	false	false	44, 63, 102, 103, 118
Lag8Negative	50	true	false	false	63, 99, 102, 103
Lag8Negative	51	true	false	false	63, 102, 103, 114
Lag8Negative	52	true	false	false	63, 85, 99, 102, 103
Lag8Negative	53	true	false	false	38, 63, 99, 102, 103, 114
Lag8Negative	54	true	false	false	63, 99, 102, 103, 114
Lag8Negative	55	true	false	false	63, 99, 102, 103, 114
Lag8Negative	56	true	false	false	63, 99, 102, 103
Lag8Negative	57	true	false	false	39, 63, 99, 102, 103
Lag8Negative	58	true	false	false	63, 87, 99, 102, 103, 114
Lag8Negative	59	true	false	false	33, 39, 63, 87, 89, 93, 99, 102, 103, 114
Lag8Negative	60	true	false	false	63, 87, 99, 102, 103
Lag8Negative	61	false	true	true	1, 2, 3, 4, 5, 8, 10, 14, 17, 20, 21, 22, 24, 25, 26, 27, 30, 32, 33, 34, 36, 38, 39, 40, 41, 43, 45, 46, 48, 49, 50, 51, 52, 56, 57, 58, 59, 62, 63, 64, 65, 66, 67, 68, 69, 72, 73, 74, 75, 76, 78, 81, 82, 83, 84, 87, 88, 89, 90, 91, 94, 95, 96, 97, 99, 100, 101, 102, 103, 107, 108, 109, 110, 111, 112, 113, 114, 115, 116, 117, 118, 119, 120, 121, 123, 124, 125, 126, 127, 128
Lag8Negative	62	false	false	false	8, 21, 25, 26, 32, 33, 39, 43, 49, 63, 99, 102, 103, 107, 115, 121
Lag8Negative	63	true	false	false	33, 39, 44, 63, 68, 87, 98, 99, 102, 103
Lag8Negative	64	true	false	false	39, 44, 49, 63, 87, 98, 99, 102, 103, 121
Lag8Negative	65	false	true	false	14, 44, 63, 99, 102, 103
Lag8Negative	66	true	false	false	44, 49, 63, 87, 99, 102, 103
Lag8Negative	67	true	false	false	44, 49, 63, 87, 99, 102, 103
Lag8Negative	68	true	false	false	39, 44, 63, 87, 99, 102, 103
Lag8Negative	69	true	false	false	44, 63, 87, 99, 102, 103
Lag8Negative	70	true	false	false	44, 49, 63, 87, 99, 102, 103, 123
Lag8Negative	71	false	false	false	33, 39, 44, 48, 49, 63, 87, 99, 102, 103, 114, 115, 121
Lag8Negative	72	true	false	false	44, 63, 99, 102, 103, 109, 123
Lag8Negative	73	true	false	false	39, 44, 63, 87, 99, 102, 103, 123
Lag8Negative	74	true	false	false	44, 56, 63, 99, 102, 103
Lag8Negative	75	true	false	false	44, 49, 63, 99, 102, 103, 123
Lag8Negative	76	true	false	false	44, 63, 99, 102, 103, 121
Lag8Negative	77	true	false	false	44, 63, 99, 102, 103, 114, 123
Lag8Negative	78	true	false	false	44, 63, 87, 99, 102, 103
Lag8Negative	79	true	false	false	31, 44, 63, 87, 99, 102, 103
Lag8Negative	80	true	false	false	31, 44, 63, 87, 99, 102, 103
Lag8Negative	81	false	false	false	44, 49, 56, 63, 68, 73, 76, 85, 87, 88, 89, 99, 102, 103, 113, 114, 115, 121, 123
Lag8Negative	82	true	false	false	44, 63, 99, 102, 103
Lag8Negative	83	true	false	false	39, 44, 63, 87, 99, 102, 103, 114
Lag8Negative	84	false	true	false	44, 63, 76, 99, 102, 103, 126
Lag8Negative	85	true	false	false	44, 63, 78, 87, 99, 102, 103, 123
Lag8Negative	86	true	false	false	44, 63, 68, 87, 99, 102, 103, 123
Lag8Negative	87	true	false	false	44, 63, 68, 87, 99, 102, 103, 119, 123
Lag8Negative	88	true	false	false	44, 49, 63, 68, 87, 99, 102, 103, 123
Lag8Negative	89	true	false	false	12, 39, 44, 63, 87, 99, 102, 103, 123
Lag8Negative	90	true	false	false	44, 63, 68, 87, 99, 102, 103, 114, 123
Lag8Negative	91	false	false	false	39, 44, 49, 63, 65, 68, 87, 99, 102, 103, 123
Lag8Negative	92	true	false	false	44, 63, 68, 98, 99, 102, 103, 123
Lag8Negative	93	true	false	false	63, 68, 87, 99, 102, 103, 114, 121, 123
Lag8Negative	94	true	false	false	49, 63, 68, 87, 98, 99, 102, 103, 121, 123
Lag8Negative	95	true	false	false	39, 51, 63, 87, 98, 99, 102, 103, 123
Lag8Negative	96	false	false	false	1, 2, 3, 4, 5, 8, 9, 10, 11, 12, 13, 14, 15, 16, 17, 18, 19, 20, 21, 22, 23, 24, 25, 26, 27, 28, 29, 30, 31, 32, 33, 34, 35, 36, 37, 38, 39, 40, 41, 42, 43, 45, 46, 47, 48, 49, 50, 51, 52, 53, 54, 55, 56, 57, 58, 59, 60, 61, 62, 64, 65, 68, 70, 71, 72, 77, 78, 79, 80, 81, 82, 83, 85, 86, 87, 88, 89, 92, 93, 95, 96, 97, 98, 99, 101, 102, 103, 104, 105, 107, 108, 109, 110, 111, 112, 113, 114, 115, 116, 117, 118, 119, 120, 121, 122, 123, 124, 125, 126, 127, 128
Lag8Negative	97	false	false	false	39, 55, 62, 65, 68, 74, 80, 83, 85, 87, 98, 99, 102, 103, 114, 121, 123
Lag8Negative	98	false	false	false	39, 55, 68, 87, 98, 99, 100, 102, 103, 114, 121, 123
Lag8Negative	99	true	false	false	68, 87, 99, 100, 102, 103, 121, 123
Lag8Negative	100	false	false	false	39, 49, 57, 68, 87, 98, 99, 100, 102, 103, 114, 121, 123
L2NCorrect	1	true	false	false
L2NCorrect	2	true	false	false	65, 68, 69, 94
L2NCorrect	3	true	false	false
L2NCorrect	4	true	false	false
L2NCorrect	5	true	false	false
L2NCorrect	6	true	false	false
L2NCorrect	7	true	false	false
L2NCorrect	8	true	false	false
L2NCorrect	9	true	false	false
L2NCorrect	10	false	true	false	126
L2NCorrect	11	true	false	false	44
L2NCorrect	12	false	false	false	38, 43, 44, 48, 49, 56, 68, 77, 90, 119, 120, 128
L2NCorrect	13	true	false	false	44
L2NCorrect	14	true	false	false	44, 63, 102, 103
L2NCorrect	15	true	false	false	44, 63, 102, 103
L2NCorrect	16	true	false	false	44, 63, 102, 103
L2NCorrect	17	true	false	false	44, 56, 63, 102, 103, 114
L2NCorrect	18	true	false	false	44, 49, 63, 89, 102, 103
L2NCorrect	19	true	false	false	44, 63, 102, 103
L2NCorrect	20	true	false	false	63, 99, 102, 103
L2NCorrect	21	true	false	false	63, 99, 102, 103
L2NCorrect	22	true	false	false	49, 63, 68, 99, 102, 103
L2NCorrect	23	true	false	false	56, 63, 87, 99, 102, 103, 114
L2NCorrect	24	false	true	true	1, 2, 3, 4, 5, 6, 8, 9, 10, 11, 12, 13, 14, 15, 16, 17, 18, 19, 20, 21, 22, 23, 24, 25, 26, 27, 28, 29, 30, 32, 33, 34, 35, 36, 38, 39, 40, 41, 42, 43, 45, 46, 47, 50, 51, 56, 57, 58, 59, 62, 63, 64, 65, 66, 68, 69, 70, 72, 73, 74, 75, 81, 82, 83, 84, 85, 87, 88, 89, 90, 91, 94, 95, 96, 97, 98, 99, 100, 101, 102, 103, 107, 108, 109, 110, 111, 112, 113, 114, 115, 116, 117, 118, 119, 120, 121, 122, 123, 124, 125, 126, 127
L2NCorrect	25	false	false	false	33, 39, 44, 63, 68, 87, 99, 102, 103, 107, 121
L2NCorrect	26	true	false	false	39, 44, 63, 87, 99, 102, 103
L2NCorrect	27	true	false	false	44, 63, 99, 102, 103, 123
L2NCorrect	28	true	false	false	39, 44, 56, 63, 87, 99, 102, 103
L2NCorrect	29	true	false	false	39, 44, 63, 87, 99, 102, 103, 121
L2NCorrect	30	false	false	false	39, 44, 63, 83, 87, 98, 99, 102, 103, 114, 123
L2NCorrect	31	true	false	false	44, 49, 63, 68, 87, 99, 102, 103, 123
L2NCorrect	32	true	false	false	44, 63, 68, 87, 99, 102, 103, 123
L2NCorrect	33	true	false	false	49, 63, 87, 99, 102, 103, 114, 121, 123
L2NCorrect	34	false	false	false	28, 33, 39, 40, 51, 56, 63, 68, 73, 74, 76, 83, 87, 98, 99, 102, 103, 113, 114, 121, 123
L2NCorrect	35	false	false	false	37, 48, 56, 63, 68, 74, 76, 87, 88, 89, 98, 99, 102, 103, 107, 120, 121, 123
L2NCorrect	36	false	false	false	39, 55, 56, 87, 98, 99, 100, 102, 103, 114, 121, 123
L2NCorrect	37	false	false	false	39, 49, 68, 74, 80, 87, 98, 99, 102, 103, 114, 123
L2NIncorrect	1	true	false	false
L2NIncorrect	2	true	false	false
L2NIncorrect	3	true	false	false
L2NIncorrect	4	false	false	true	56, 125
L2NIncorrect	5	true	false	false	49
L2NIncorrect	6	true	false	false
L2NIncorrect	7	true	false	false
L2NIncorrect	8	true	false	false
L2NIncorrect	9	true	false	false
L2NIncorrect	10	true	false	false	49
L2NIncorrect	11	false	false	true	46, 48, 49, 61, 83, 107
L2NIncorrect	12	true	false	false
L2NIncorrect	13	false	true	false	50, 113
L2NIncorrect	14	true	false	false
L2NIncorrect	15	true	false	false
L2NIncorrect	16	true	false	false
L2NIncorrect	17	true	false	false	44
L2NIncorrect	18	true	false	false	44
L2NIncorrect	19	true	false	false	44, 49, 56, 107
L2NIncorrect	20	true	false	false	44, 56, 107
L2NIncorrect	21	false	true	false	8, 44
L2NIncorrect	22	true	false	false	44, 49
L2NIncorrect	23	true	false	false	44
L2NIncorrect	24	true	false	false	32, 38, 43, 44, 48, 115, 125, 126, 128
L2NIncorrect	25	false	false	true	44, 125
L2NIncorrect	26	true	false	false	44, 103
L2NIncorrect	27	true	false	false	43, 44, 102, 103
L2NIncorrect	28	true	false	false	44, 63, 102, 103
L2NIncorrect	29	true	false	false	44, 63, 102, 103
L2NIncorrect	30	false	true	false	21, 44, 56, 63, 102, 103
L2NIncorrect	31	false	true	false	44, 63, 102, 103
L2NIncorrect	32	true	false	false	44, 63, 99, 102, 103, 114
L2NIncorrect	33	true	false	false	63, 99, 102, 103
L2NIncorrect	34	true	false	false	9, 63, 99, 102, 103
L2NIncorrect	35	false	false	false	38, 39, 56, 63, 87, 99, 102, 103, 107, 114, 120, 121, 125
L2NIncorrect	36	true	false	false	63, 87, 99, 102, 103
L2NIncorrect	37	true	false	false	17, 25, 56, 63, 87, 93, 99, 102, 103, 114
L2NIncorrect	38	true	false	false	33, 39, 44, 63, 87, 99, 102, 103, 115
L2NIncorrect	39	false	false	false	33, 44, 63, 87, 98, 99, 102, 103, 112, 115, 121, 123
L2NIncorrect	40	false	true	false	1, 8, 14, 17, 21, 25, 26, 32, 33, 39, 44, 45, 49, 56, 63, 87, 99, 102, 103, 108, 115, 121, 122
L2NIncorrect	41	true	false	false	39, 44, 49, 63, 87, 99, 102, 103, 115
L2NIncorrect	42	true	false	false	39, 44, 63, 99, 102, 103
L2NIncorrect	43	true	false	false	39, 44, 56, 63, 87, 99, 102, 103, 123
L2NIncorrect	44	true	false	false	44, 63, 87, 99, 102, 103, 123
L2NIncorrect	45	true	false	false	44, 63, 99, 102, 103, 123
L2NIncorrect	46	true	false	false	39, 44, 63, 87, 99, 102, 103, 114, 123
L2NIncorrect	47	true	false	false	6, 44, 63, 99, 102, 103, 123
L2NIncorrect	48	false	false	true	32, 39, 44, 63, 83, 87, 99, 102, 103, 114, 123
L2NIncorrect	49	true	false	false	44, 56, 63, 99, 102, 103, 123
L2NIncorrect	50	true	false	false	6, 39, 44, 63, 87, 99, 102, 103, 114, 123
L2NIncorrect	51	true	false	false	44, 63, 87, 99, 102, 103
L2NIncorrect	52	true	false	false	44, 63, 87, 99, 102, 103, 119
L2NIncorrect	53	true	false	false	44, 63, 87, 99, 102, 103, 123
L2NIncorrect	54	true	false	false	44, 49, 63, 68, 99, 102, 103
L2NIncorrect	55	false	false	false	44, 49, 56, 63, 68, 73, 74, 76, 83, 87, 99, 102, 103, 113, 114, 121, 123
L2NIncorrect	56	true	false	false	44, 49, 63, 68, 87, 99, 102, 103, 123
L2NIncorrect	57	true	false	false	44, 63, 68, 87, 99, 102, 103, 123
L2NIncorrect	58	true	false	false	39, 63, 83, 85, 87, 98, 99, 102, 103, 123
L2NIncorrect	59	false	false	false	39, 55, 63, 83, 87, 98, 99, 102, 103, 114, 123
L2NIncorrect	60	true	false	false	63, 65, 87, 98, 99, 102, 103, 114, 123
L2NIncorrect	61	false	false	false	39, 55, 63, 68, 83, 87, 93, 98, 99, 102, 103, 114, 121, 123
L2NIncorrect	62	false	false	false	33, 56, 57, 68, 83, 87, 98, 99, 102, 103, 114, 121, 123
L2NIncorrect	63	true	false	false	39, 55, 68, 98, 99, 102, 103, 114, 121, 123
