Category	Segment number	Segment Good	Eye Blinks	Eye Movements	Bad Channels
Lag2Baseline	1	true	false	false
Lag2Baseline	2	true	false	false
Lag2Baseline	3	true	false	false
Lag2Baseline	4	true	false	false
Lag2Baseline	5	true	false	false
Lag2Baseline	6	true	false	false
Lag2Baseline	7	true	false	false
Lag2Baseline	8	true	false	false
Lag2Baseline	9	true	false	false
Lag2Baseline	10	true	false	false
Lag2Baseline	11	true	false	false
Lag2Baseline	12	true	false	false
Lag2Baseline	13	true	false	false
Lag2Baseline	14	true	false	false
Lag2Baseline	15	true	false	false
Lag2Baseline	16	true	false	false
Lag2Baseline	17	true	false	false
Lag2Baseline	18	true	false	false
Lag2Baseline	19	true	false	false
Lag2Baseline	20	true	false	false
Lag2Baseline	21	true	false	false
Lag2Baseline	22	true	false	false
Lag2Baseline	23	true	false	false
Lag2Baseline	24	true	false	false
Lag2Baseline	25	true	false	false
Lag2Baseline	26	true	false	false
Lag2Baseline	27	true	false	false
Lag2Baseline	28	true	false	false
Lag2Baseline	29	true	false	false
Lag2Baseline	30	true	false	false
Lag2Baseline	31	true	false	false	68
Lag2Baseline	32	true	false	false
Lag2Baseline	33	true	false	false
Lag2Baseline	34	true	false	false
Lag2Baseline	35	true	false	false
Lag2Baseline	36	true	false	false
Lag2Baseline	37	true	false	false	2
Lag2Baseline	38	true	false	false
Lag2Baseline	39	true	false	false
Lag2Baseline	40	true	false	false
Lag2Baseline	41	true	false	false
Lag2Baseline	42	true	false	false	65
Lag2Baseline	43	true	false	false	65
Lag2Baseline	44	true	false	false
Lag2Baseline	45	true	false	false	27, 65
Lag2Baseline	46	true	false	false	27
Lag2Baseline	47	true	false	false
Lag2Baseline	48	true	false	false
Lag2Baseline	49	true	false	false
Lag2Baseline	50	true	false	false
Lag2Baseline	51	true	false	false
Lag2Baseline	52	true	false	false
Lag2Baseline	53	true	false	false	63
Lag2Baseline	54	true	false	false	65
Lag2Baseline	55	true	false	false
Lag2Baseline	56	true	false	false	28, 63
Lag2Baseline	57	true	false	false	81, 88, 117
Lag2Baseline	58	true	false	false	112
Lag2Baseline	59	true	false	false	20, 24, 27, 65, 79, 115, 117, 124
Lag2Baseline	60	false	true	false	1, 2, 3, 4, 5, 6, 7, 8, 9, 10, 11, 12, 13, 14, 15, 16, 17, 18, 19, 20, 21, 22, 23, 24, 25, 26, 27, 28, 29, 30, 31, 32, 33, 34, 35, 36, 37, 38, 39, 40, 41, 42, 43, 44, 45, 46, 47, 48, 49, 50, 51, 52, 53, 54, 55, 56, 57, 58, 59, 60, 61, 62, 63, 64, 65, 66, 67, 68, 69, 70, 71, 72, 73, 74, 75, 76, 77, 78, 79, 80, 81, 82, 83, 84, 85, 86, 87, 88, 89, 90, 91, 92, 93, 94, 95, 96, 97, 98, 99, 100, 101, 102, 103, 104, 105, 106, 107, 108, 109, 110, 111, 112, 113, 114, 115, 116, 117, 118, 119, 120, 121, 122, 123, 124, 125, 126, 127, 128
Lag2Baseline	61	true	false	false	20, 24, 27, 65, 106, 112, 117
Lag2Baseline	62	true	false	false	20, 24, 27, 65, 81, 112, 115, 117
Lag2Baseline	63	true	false	false	20, 24, 27, 65, 112, 115, 117, 124
Lag2Baseline	64	true	false	false	20, 24, 62, 81, 88, 115
Lag2Baseline	65	true	false	false	20, 24, 27, 81, 88
Lag2Baseline	66	true	false	false	20, 24, 27, 112, 115
Lag2Baseline	67	true	false	false	20, 24, 27, 65, 112, 115, 117
Lag2Baseline	68	true	false	false	20, 24, 27, 65, 81, 112, 117
Lag2Baseline	69	true	false	false	20, 24, 27, 81, 112, 115, 117
Lag2Baseline	70	true	false	false	20, 24, 27, 81, 115
Lag2Baseline	71	true	false	false	20, 24, 27, 81, 112, 115, 117
Lag2Baseline	72	true	false	false	20, 24, 27, 65, 112, 115, 117
Lag2Baseline	73	true	false	false	4, 5, 20, 24, 27, 65, 112, 115, 117
Lag2Baseline	74	false	false	false	4, 5, 20, 24, 27, 63, 65, 81, 112, 115, 117
Lag2Baseline	75	true	false	false	4, 5, 20, 24, 27, 65, 112
Lag2Baseline	76	false	false	false	4, 5, 20, 24, 27, 63, 65, 81, 102, 112, 115, 117
Lag2Baseline	77	true	false	false	4, 5, 20, 24, 27, 63, 65, 112, 115, 117
Lag2Baseline	78	true	false	false	5, 20, 24, 27, 63, 81, 112
Lag2Baseline	79	false	false	false	4, 5, 20, 24, 27, 28, 63, 65, 81, 102, 112, 115, 117, 123
Lag2Baseline	80	true	false	false	4, 5, 20, 24, 27, 28, 65, 112, 115, 117
Lag2Baseline	81	false	true	true	2, 3, 4, 5, 6, 7, 8, 9, 10, 13, 15, 18, 19, 20, 21, 22, 24, 25, 26, 27, 28, 30, 31, 33, 37, 38, 39, 41, 43, 44, 45, 46, 47, 48, 49, 51, 52, 53, 55, 56, 59, 60, 61, 63, 65, 66, 67, 68, 69, 70, 71, 75, 76, 77, 78, 79, 81, 82, 83, 84, 86, 87, 90, 91, 93, 94, 95, 96, 98, 100, 102, 103, 104, 105, 106, 107, 108, 109, 112, 113, 114, 115, 116, 117, 118, 119, 120, 121, 123, 125, 126, 127
Lag2Baseline	82	true	false	false	4, 20, 24, 27, 46, 65, 81, 112, 115, 117
Lag2Baseline	83	true	false	false	4, 20, 23, 24, 27, 46, 81, 112
Lag2Baseline	84	true	false	false	4, 20, 23, 24, 27, 46, 65, 112, 115
Lag2Baseline	85	true	false	false	4, 20, 24, 27, 46, 65, 112, 115
Lag2Baseline	86	true	false	false	4, 20, 24, 27, 46, 112, 115
Lag2Baseline	87	true	false	false	4, 20, 24, 27, 46, 63, 65, 105, 112, 115
Lag2Baseline	88	true	false	false	4, 20, 24, 27, 46, 65, 112, 115
Lag2Baseline	89	true	false	false	4, 20, 24, 27, 46, 65, 112
Lag2Baseline	90	false	false	false	4, 20, 24, 27, 28, 46, 65, 81, 88, 94, 112, 115, 117
Lag2Baseline	91	true	false	false	4, 20, 24, 27, 46, 65, 81, 112, 115
Lag2Baseline	92	true	false	false	4, 20, 24, 27, 46, 65, 81, 112, 115
Lag2Baseline	93	true	false	false	4, 20, 24, 27, 46, 65, 112, 115
Lag2Baseline	94	true	false	false	4, 20, 24, 27, 46, 65, 81, 112, 115
Lag2Baseline	95	true	false	false	4, 20, 24, 27, 65, 81, 112
Lag2Baseline	96	true	false	false	4, 20, 24, 27, 46, 65, 112, 115
Lag2Baseline	97	true	false	false	4, 20, 24, 27, 65, 112, 115
Lag2Baseline	98	true	false	false	4, 20, 24, 27, 46, 65, 81, 112, 115
Lag2Baseline	99	true	false	false	4, 20, 24, 27, 65, 81, 112, 115
Lag2Baseline	100	true	false	false	4, 20, 24, 27, 46, 58, 65, 81, 115
Lag2Neutral	1	true	false	false
Lag2Neutral	2	true	false	false
Lag2Neutral	3	true	false	false
Lag2Neutral	4	true	false	false
Lag2Neutral	5	true	false	false
Lag2Neutral	6	true	false	false	48, 74, 81, 82, 88
Lag2Neutral	7	true	false	false
Lag2Neutral	8	true	false	false
Lag2Neutral	9	true	false	false
Lag2Neutral	10	true	false	false
Lag2Neutral	11	true	false	false
Lag2Neutral	12	true	false	false
Lag2Neutral	13	true	false	false
Lag2Neutral	14	true	false	false
Lag2Neutral	15	true	false	false
Lag2Neutral	16	true	false	false
Lag2Neutral	17	true	false	false	74, 81
Lag2Neutral	18	true	false	false
Lag2Neutral	19	true	false	false
Lag2Neutral	20	true	false	false
Lag2Neutral	21	true	false	false
Lag2Neutral	22	true	false	false
Lag2Neutral	23	true	false	false
Lag2Neutral	24	true	false	false
Lag2Neutral	25	true	false	false
Lag2Neutral	26	true	false	false
Lag2Neutral	27	true	false	false
Lag2Neutral	28	true	false	false
Lag2Neutral	29	true	false	false
Lag2Neutral	30	true	false	false
Lag2Neutral	31	true	false	false
Lag2Neutral	32	true	false	false
Lag2Neutral	33	true	false	false
Lag2Neutral	34	true	false	false
Lag2Neutral	35	true	false	false
Lag2Neutral	36	true	false	false
Lag2Neutral	37	true	false	false
Lag2Neutral	38	true	false	false
Lag2Neutral	39	true	false	false
Lag2Neutral	40	true	false	false
Lag2Neutral	41	true	false	false	65
Lag2Neutral	42	true	false	false
Lag2Neutral	43	true	false	false
Lag2Neutral	44	true	false	false
Lag2Neutral	45	true	false	false
Lag2Neutral	46	true	false	false
Lag2Neutral	47	true	false	false
Lag2Neutral	48	true	false	false
Lag2Neutral	49	true	false	false
Lag2Neutral	50	true	false	false
Lag2Neutral	51	true	false	false
Lag2Neutral	52	true	false	false	65, 88
Lag2Neutral	53	true	false	false
Lag2Neutral	54	true	false	false
Lag2Neutral	55	true	false	false
Lag2Neutral	56	false	false	false	20, 24, 27, 28, 29, 46, 58, 62, 65, 78, 80, 84, 91, 102, 105, 110, 111, 112, 115, 117, 118, 124
Lag2Neutral	57	false	false	false	3, 4, 5, 7, 10, 13, 20, 24, 27, 28, 29, 30, 31, 39, 40, 41, 45, 46, 50, 51, 52, 55, 58, 59, 60, 62, 63, 64, 65, 66, 67, 69, 77, 78, 79, 80, 81, 84, 86, 87, 91, 96, 97, 98, 101, 102, 105, 108, 110, 111, 112, 115, 117, 118, 123, 124
Lag2Neutral	58	true	false	false
Lag2Neutral	59	true	false	false	63, 112
Lag2Neutral	60	false	true	true	1, 2, 3, 4, 5, 7, 8, 9, 10, 11, 12, 13, 14, 15, 16, 17, 18, 19, 20, 21, 22, 23, 24, 25, 26, 27, 28, 29, 30, 31, 32, 33, 34, 35, 36, 37, 38, 39, 40, 41, 42, 43, 44, 45, 46, 47, 48, 49, 50, 51, 52, 53, 54, 55, 56, 57, 58, 59, 60, 61, 62, 63, 64, 65, 66, 67, 68, 69, 70, 71, 72, 73, 74, 75, 76, 77, 78, 79, 80, 81, 82, 83, 84, 85, 86, 87, 88, 89, 90, 91, 92, 93, 94, 95, 96, 97, 98, 99, 100, 101, 102, 103, 104, 105, 106, 107, 108, 109, 110, 111, 112, 113, 114, 115, 116, 117, 118, 119, 120, 121, 122, 123, 124, 125, 126, 127, 128
Lag2Neutral	61	true	false	false	20, 24, 27, 87, 112
Lag2Neutral	62	true	false	false	20, 24, 27, 65
Lag2Neutral	63	true	false	false	20, 24, 27, 65, 81, 115, 117
Lag2Neutral	64	true	false	false	20, 24, 27, 112, 117
Lag2Neutral	65	true	false	false	20, 24, 27, 65, 112, 115, 117
Lag2Neutral	66	true	false	false	20, 24, 27, 81, 112, 115, 117
Lag2Neutral	67	true	false	false	20, 24, 27, 63, 65, 81, 115
Lag2Neutral	68	true	false	false	20, 24, 27, 81, 115
Lag2Neutral	69	true	false	false	20, 24, 27, 65, 81, 112, 115, 117
Lag2Neutral	70	true	false	false	20, 24, 27, 65, 81, 91, 115, 117
Lag2Neutral	71	true	false	false	20, 24, 27, 81, 102, 112, 115, 117
Lag2Neutral	72	true	false	false	4, 20, 24, 27, 65, 81, 105, 112, 115, 117
Lag2Neutral	73	true	false	false	4, 5, 20, 24, 27, 65, 102, 112, 115, 117
Lag2Neutral	74	true	false	false	5, 20, 24, 27, 65, 102, 112, 115, 117
Lag2Neutral	75	true	false	false	4, 20, 24, 27, 65, 112, 115, 117
Lag2Neutral	76	true	false	false	4, 5, 20, 24, 27, 65, 81, 112, 115, 117
Lag2Neutral	77	false	false	false	4, 5, 20, 24, 27, 65, 81, 102, 112, 115, 117
Lag2Neutral	78	true	false	false	4, 5, 20, 24, 27, 65, 81, 112, 115
Lag2Neutral	79	false	false	false	4, 5, 20, 24, 27, 28, 65, 102, 112, 115, 117
Lag2Neutral	80	true	false	false	4, 5, 20, 24, 27, 65, 81, 112, 115, 117
Lag2Neutral	81	true	false	false	4, 20, 24, 27, 46, 65, 81, 112, 115, 117
Lag2Neutral	82	false	false	false	4, 20, 24, 27, 46, 65, 79, 81, 102, 107, 112, 113, 115
Lag2Neutral	83	true	false	false	4, 20, 24, 27, 46, 65, 112, 115
Lag2Neutral	84	true	false	false	4, 20, 24, 27, 46, 65, 77, 81, 112, 115
Lag2Neutral	85	true	false	false	4, 20, 24, 27, 65, 81, 112, 115
Lag2Neutral	86	true	false	false	4, 20, 24, 27, 46, 65, 81, 112, 115
Lag2Neutral	87	true	false	false	4, 20, 24, 27, 46, 65, 81, 112, 115
Lag2Neutral	88	false	false	false	4, 20, 24, 25, 27, 46, 65, 81, 88, 112, 115
Lag2Neutral	89	true	false	false	4, 20, 24, 27, 28, 46, 65, 112, 115
Lag2Neutral	90	true	false	false	4, 20, 24, 27, 112, 115
Lag2Neutral	91	false	false	false	4, 20, 24, 27, 28, 46, 65, 81, 105, 112, 115
Lag2Neutral	92	true	false	false	4, 20, 24, 27, 46, 65, 81, 112, 115
Lag2Neutral	93	false	false	false	4, 20, 24, 27, 28, 46, 58, 65, 69, 81, 102, 112, 115
Lag2Neutral	94	false	false	false	4, 20, 24, 27, 28, 46, 51, 58, 63, 65, 69, 81, 102, 105, 112, 115
Lag2Neutral	95	true	false	false	4, 20, 24, 27, 46, 65, 112, 115
Lag2Neutral	96	true	false	false	4, 20, 24, 27, 46, 65, 81, 112, 115
Lag2Neutral	97	true	false	false	4, 20, 24, 27, 46, 58, 65, 81
Lag2Neutral	98	true	false	false	4, 20, 24, 27, 46, 65, 81, 88, 115
Lag2Neutral	99	true	false	false	4, 20, 24, 27, 65, 115
Lag2Neutral	100	true	false	false	4, 20, 24, 27, 46, 65, 81, 115
Lag2Negative	1	true	false	false
Lag2Negative	2	true	false	false
Lag2Negative	3	true	false	false
Lag2Negative	4	true	false	false
Lag2Negative	5	true	false	false
Lag2Negative	6	true	false	false
Lag2Negative	7	true	false	false
Lag2Negative	8	true	false	false
Lag2Negative	9	true	false	false
Lag2Negative	10	true	false	false
Lag2Negative	11	true	false	false
Lag2Negative	12	true	false	false
Lag2Negative	13	true	false	false
Lag2Negative	14	true	false	false
Lag2Negative	15	true	false	false
Lag2Negative	16	true	false	false
Lag2Negative	17	true	false	false
Lag2Negative	18	true	false	false
Lag2Negative	19	true	false	false
Lag2Negative	20	true	false	false
Lag2Negative	21	true	false	false
Lag2Negative	22	true	false	false
Lag2Negative	23	true	false	false
Lag2Negative	24	true	false	false
Lag2Negative	25	true	false	false
Lag2Negative	26	true	false	false
Lag2Negative	27	true	false	false
Lag2Negative	28	true	false	false
Lag2Negative	29	true	false	false
Lag2Negative	30	true	false	false
Lag2Negative	31	true	false	false
Lag2Negative	32	true	false	false
Lag2Negative	33	true	false	false
Lag2Negative	34	true	false	false
Lag2Negative	35	true	false	false
Lag2Negative	36	true	false	false
Lag2Negative	37	true	false	false
Lag2Negative	38	true	false	false
Lag2Negative	39	true	false	false
Lag2Negative	40	true	false	false
Lag2Negative	41	true	false	false	27, 65
Lag2Negative	42	true	false	false	27, 65
Lag2Negative	43	true	false	false
Lag2Negative	44	true	false	false	24, 65, 115
Lag2Negative	45	true	false	false
Lag2Negative	46	true	false	false
Lag2Negative	47	true	false	false
Lag2Negative	48	true	false	false
Lag2Negative	49	true	false	false
Lag2Negative	50	true	false	false	65
Lag2Negative	51	true	false	false
Lag2Negative	52	true	false	false	88
Lag2Negative	53	true	false	false	65, 115
Lag2Negative	54	true	false	false	27, 28, 63, 65, 115
Lag2Negative	55	true	false	false	27
Lag2Negative	56	false	true	true	1, 2, 3, 4, 5, 6, 7, 8, 9, 10, 11, 12, 13, 14, 15, 16, 17, 18, 19, 20, 21, 22, 23, 24, 25, 26, 27, 28, 29, 30, 31, 32, 33, 34, 35, 36, 37, 38, 39, 40, 41, 42, 43, 44, 45, 46, 47, 48, 49, 50, 51, 52, 53, 54, 55, 56, 57, 58, 59, 60, 61, 62, 63, 64, 65, 66, 67, 68, 69, 70, 71, 72, 73, 74, 75, 76, 77, 78, 79, 80, 81, 82, 83, 84, 85, 86, 87, 88, 89, 90, 91, 92, 93, 94, 95, 96, 97, 98, 99, 100, 101, 102, 103, 104, 105, 106, 107, 108, 109, 110, 111, 112, 113, 114, 115, 116, 117, 118, 119, 120, 121, 122, 123, 124, 125, 126, 127, 128
Lag2Negative	57	false	false	false	20, 24, 27, 28, 58, 65, 81, 84, 102, 115, 117, 124
Lag2Negative	58	true	false	false	24, 27
Lag2Negative	59	true	false	false	65
Lag2Negative	60	true	false	false	24, 65
Lag2Negative	61	true	false	false	24, 27, 65, 81, 112
Lag2Negative	62	true	false	false	20, 24, 27, 112, 115
Lag2Negative	63	true	false	false	20, 24, 27, 81, 115, 117
Lag2Negative	64	true	false	false	20, 24, 27, 65, 81, 112, 115
Lag2Negative	65	true	false	false	20, 24, 27, 65, 81, 112, 115, 117
Lag2Negative	66	true	false	false	20, 24, 27, 65, 112, 115, 117
Lag2Negative	67	true	false	false	20, 24, 27, 65, 81, 112, 115, 117
Lag2Negative	68	true	false	false	20, 24, 27, 65, 81, 91, 112, 115, 117
Lag2Negative	69	false	false	false	4, 5, 20, 24, 27, 46, 65, 81, 88, 102, 112, 115, 117
Lag2Negative	70	true	false	false	4, 20, 24, 27, 65, 81, 112, 115, 117
Lag2Negative	71	true	false	false	4, 20, 24, 27, 65, 102, 105, 112, 115, 117
Lag2Negative	72	true	false	false	4, 20, 24, 27, 65, 81, 112, 115, 117
Lag2Negative	73	true	false	false	4, 5, 20, 24, 27, 65, 81, 112, 115, 117
Lag2Negative	74	true	false	false	4, 20, 24, 27, 65, 112, 115, 117
Lag2Negative	75	false	false	false	4, 20, 24, 27, 63, 65, 81, 102, 112, 115, 117
Lag2Negative	76	true	false	false	4, 20, 24, 27, 65, 112, 115, 117
Lag2Negative	77	true	false	false	4, 5, 20, 24, 27, 63, 65, 112, 115, 117
Lag2Negative	78	false	false	false	4, 5, 20, 24, 27, 63, 65, 81, 102, 112, 115, 117
Lag2Negative	79	false	false	false	4, 5, 20, 24, 27, 28, 63, 65, 81, 112, 115, 117
Lag2Negative	80	false	false	false	4, 5, 20, 24, 27, 65, 81, 102, 112, 115, 117
Lag2Negative	81	true	false	false	4, 20, 24, 27, 46, 65, 112, 115, 117
Lag2Negative	82	true	false	false	4, 20, 24, 27, 46, 65, 112, 115
Lag2Negative	83	true	false	false	4, 20, 24, 27, 65, 81, 112, 115
Lag2Negative	84	true	false	false	4, 20, 24, 27, 46, 65, 112, 115
Lag2Negative	85	true	false	false	4, 20, 24, 27, 46, 65, 81, 112, 115
Lag2Negative	86	true	false	false	4, 20, 24, 27, 46, 65, 81, 112, 115
Lag2Negative	87	true	false	false	4, 20, 24, 27, 112
Lag2Negative	88	true	false	false	4, 20, 24, 27, 46, 65, 81, 105, 112, 115
Lag2Negative	89	true	false	false	4, 20, 24, 27, 46, 65, 81, 112, 115
Lag2Negative	90	true	false	false	4, 20, 24, 27, 46, 65, 81, 112, 115
Lag2Negative	91	true	false	false	4, 20, 24, 27, 46, 65, 112, 115
Lag2Negative	92	true	false	false	4, 20, 24, 27, 46, 65, 112, 115
Lag2Negative	93	true	false	false	4, 20, 24, 27, 65, 112, 115
Lag2Negative	94	false	false	false	4, 20, 24, 27, 28, 46, 58, 65, 81, 112, 115
Lag2Negative	95	true	false	false	4, 20, 24, 27, 46, 58, 65, 81, 112, 115
Lag2Negative	96	true	false	false	4, 20, 24, 27, 65, 81, 112, 115
Lag2Negative	97	true	false	false	4, 20, 24, 27, 46, 65, 115
Lag2Negative	98	true	false	false	4, 20, 24, 27, 46, 58, 65, 81, 115
Lag2Negative	99	true	false	false	4, 20, 24, 27, 46, 58, 65, 105, 115
Lag2Negative	100	true	false	false	4, 20, 24, 27, 46, 65, 81, 115
Lag8Baseline	1	true	false	false
Lag8Baseline	2	true	false	false
Lag8Baseline	3	true	false	false
Lag8Baseline	4	true	false	false
Lag8Baseline	5	true	false	false
Lag8Baseline	6	true	false	false
Lag8Baseline	7	true	false	false
Lag8Baseline	8	true	false	false
Lag8Baseline	9	true	false	false
Lag8Baseline	10	true	false	false
Lag8Baseline	11	true	false	false
Lag8Baseline	12	true	false	false
Lag8Baseline	13	true	false	false	68
Lag8Baseline	14	true	false	false
Lag8Baseline	15	true	false	false
Lag8Baseline	16	true	false	false
Lag8Baseline	17	true	false	false
Lag8Baseline	18	true	false	false
Lag8Baseline	19	true	false	false
Lag8Baseline	20	true	false	false
Lag8Baseline	21	true	false	false
Lag8Baseline	22	true	false	false
Lag8Baseline	23	true	false	false
Lag8Baseline	24	true	false	false
Lag8Baseline	25	true	false	false
Lag8Baseline	26	true	false	false
Lag8Baseline	27	true	false	false
Lag8Baseline	28	true	false	false
Lag8Baseline	29	true	false	false
Lag8Baseline	30	true	false	false
Lag8Baseline	31	true	false	false
Lag8Baseline	32	true	false	false
Lag8Baseline	33	true	false	false
Lag8Baseline	34	true	false	false
Lag8Baseline	35	true	false	false
Lag8Baseline	36	true	false	false
Lag8Baseline	37	true	false	false
Lag8Baseline	38	true	false	false
Lag8Baseline	39	true	false	false
Lag8Baseline	40	true	false	false
Lag8Baseline	41	true	false	false	28, 84, 117
Lag8Baseline	42	true	false	false	65
Lag8Baseline	43	true	false	false	65
Lag8Baseline	44	true	false	false
Lag8Baseline	45	true	false	false
Lag8Baseline	46	true	false	false
Lag8Baseline	47	true	false	false	81, 88
Lag8Baseline	48	true	false	false
Lag8Baseline	49	true	false	false
Lag8Baseline	50	true	false	false	117
Lag8Baseline	51	true	false	false
Lag8Baseline	52	true	false	false	88
Lag8Baseline	53	true	false	false	24, 27, 65, 81, 117
Lag8Baseline	54	true	false	false	27
Lag8Baseline	55	true	false	false	28, 112
Lag8Baseline	56	true	false	false	20, 24, 27, 65, 115
Lag8Baseline	57	true	false	false	24, 27, 65, 112, 115
Lag8Baseline	58	true	false	false	24, 27, 65, 112, 115
Lag8Baseline	59	false	true	false	1, 2, 3, 4, 5, 6, 7, 8, 9, 10, 11, 12, 13, 14, 15, 16, 17, 18, 19, 20, 21, 22, 23, 24, 25, 26, 27, 28, 29, 30, 31, 32, 33, 34, 35, 36, 37, 38, 39, 40, 41, 42, 43, 44, 45, 46, 47, 48, 49, 50, 51, 52, 53, 54, 55, 56, 57, 58, 59, 60, 61, 62, 63, 64, 65, 66, 67, 68, 69, 70, 71, 72, 73, 74, 75, 76, 77, 78, 79, 80, 81, 82, 83, 84, 85, 86, 87, 88, 89, 90, 91, 92, 93, 94, 95, 96, 97, 98, 99, 100, 101, 102, 103, 104, 105, 106, 107, 108, 109, 110, 111, 112, 113, 114, 115, 116, 117, 118, 119, 120, 121, 122, 123, 124, 125, 126, 127, 128
Lag8Baseline	60	true	false	false	24, 27, 65, 115
Lag8Baseline	61	true	false	false	20, 24, 27, 65, 111, 115
Lag8Baseline	62	true	false	false	4, 10, 20, 24, 27, 105, 111, 117, 118
Lag8Baseline	63	true	false	false	20, 24, 27, 112
Lag8Baseline	64	true	false	false	20, 24, 27, 81, 112, 115
Lag8Baseline	65	true	false	false	20, 24, 27, 65, 112, 115, 117
Lag8Baseline	66	true	false	false	20, 24, 27, 81, 88, 112, 117
Lag8Baseline	67	true	false	false	20, 24, 27, 65, 81, 112, 115, 117, 118
Lag8Baseline	68	true	false	false	20, 24, 27, 63, 65, 102, 115, 117
Lag8Baseline	69	true	false	false	20, 24, 27, 63, 91, 112, 115, 117
Lag8Baseline	70	true	false	false	20, 24, 27, 65, 112, 115, 117
Lag8Baseline	71	false	false	false	4, 5, 20, 24, 27, 65, 102, 112, 115, 117, 124
Lag8Baseline	72	true	false	false	4, 20, 24, 27, 65, 102, 112, 115, 117
Lag8Baseline	73	false	false	false	4, 20, 24, 27, 63, 65, 81, 105, 112, 115, 117
Lag8Baseline	74	true	false	false	20, 24, 27, 53, 81, 112, 117
Lag8Baseline	75	true	false	false	5, 20, 24, 27, 28, 46, 65, 112, 115, 117
Lag8Baseline	76	true	false	false	4, 20, 24, 27, 65, 112, 115
Lag8Baseline	77	true	false	false	4, 5, 20, 24, 27, 112, 115
Lag8Baseline	78	true	false	false	4, 20, 24, 27, 112, 115, 117
Lag8Baseline	79	true	false	false	4, 5, 20, 24, 27, 28, 65, 112, 115, 117
Lag8Baseline	80	false	false	false	4, 5, 20, 24, 27, 28, 63, 65, 81, 102, 112, 115, 117
Lag8Baseline	81	true	false	false	4, 20, 24, 27, 46, 65, 112, 115, 117
Lag8Baseline	82	true	false	false	4, 20, 24, 27, 46, 65, 112, 115
Lag8Baseline	83	false	false	false	4, 20, 23, 24, 27, 28, 46, 65, 81, 102, 112, 115
Lag8Baseline	84	true	false	false	4, 20, 24, 27, 46, 65, 81, 112, 115
Lag8Baseline	85	true	false	false	4, 20, 24, 27, 46, 65, 81, 112, 115
Lag8Baseline	86	true	false	false	4, 20, 24, 27, 46, 65, 81, 112, 115
Lag8Baseline	87	false	false	false	4, 20, 24, 27, 28, 46, 58, 65, 81, 105, 112, 115
Lag8Baseline	88	true	false	false	4, 20, 24, 27, 46, 65, 81, 112, 115
Lag8Baseline	89	true	false	false	4, 20, 24, 27, 46, 65, 81, 112, 115
Lag8Baseline	90	true	false	false	4, 20, 24, 27, 46, 65, 112, 115
Lag8Baseline	91	true	false	false	4, 20, 24, 27, 46, 58, 65, 115
Lag8Baseline	92	true	false	false	4, 20, 24, 27, 46, 65, 115
Lag8Baseline	93	true	false	false	4, 20, 24, 27, 65, 81, 115
Lag8Baseline	94	true	false	false	4, 20, 24, 27, 46, 58, 65, 81, 115
Lag8Baseline	95	true	false	false	4, 20, 24, 27, 46, 65, 81, 105, 115
Lag8Baseline	96	true	false	false	4, 20, 24, 27, 46, 65, 81, 115
Lag8Baseline	97	true	false	false	4, 20, 24, 27, 46, 65, 115
Lag8Baseline	98	true	false	false	4, 20, 24, 27, 46, 58, 65, 81, 115
Lag8Baseline	99	true	false	false	4, 20, 24, 27, 65, 115
Lag8Baseline	100	true	false	false	4, 20, 24, 27, 46, 65, 81, 115
Lag8Neutral	1	true	false	false	74, 81, 88
Lag8Neutral	2	true	false	false
Lag8Neutral	3	true	false	false
Lag8Neutral	4	true	false	false
Lag8Neutral	5	true	false	false
Lag8Neutral	6	true	false	false
Lag8Neutral	7	true	false	false
Lag8Neutral	8	true	false	false
Lag8Neutral	9	true	false	false
Lag8Neutral	10	true	false	false
Lag8Neutral	11	true	false	false
Lag8Neutral	12	true	false	false
Lag8Neutral	13	true	false	false
Lag8Neutral	14	true	false	false
Lag8Neutral	15	true	false	false
Lag8Neutral	16	true	false	false
Lag8Neutral	17	true	false	false
Lag8Neutral	18	true	false	false
Lag8Neutral	19	true	false	false
Lag8Neutral	20	true	false	false
Lag8Neutral	21	true	false	false
Lag8Neutral	22	true	false	false
Lag8Neutral	23	true	false	false
Lag8Neutral	24	true	false	false
Lag8Neutral	25	true	false	false
Lag8Neutral	26	true	false	false
Lag8Neutral	27	true	false	false
Lag8Neutral	28	true	false	false
Lag8Neutral	29	true	false	false
Lag8Neutral	30	true	false	false
Lag8Neutral	31	true	false	false	28
Lag8Neutral	32	true	false	false
Lag8Neutral	33	true	false	false
Lag8Neutral	34	true	false	false
Lag8Neutral	35	true	false	false
Lag8Neutral	36	true	false	false
Lag8Neutral	37	true	false	false
Lag8Neutral	38	true	false	false
Lag8Neutral	39	true	false	false
Lag8Neutral	40	true	false	false
Lag8Neutral	41	true	false	false
Lag8Neutral	42	true	false	false
Lag8Neutral	43	true	false	false	65
Lag8Neutral	44	true	false	false	65
Lag8Neutral	45	true	false	false
Lag8Neutral	46	true	false	false	27
Lag8Neutral	47	true	false	false
Lag8Neutral	48	true	false	false
Lag8Neutral	49	true	false	false
Lag8Neutral	50	true	false	false
Lag8Neutral	51	true	false	false
Lag8Neutral	52	true	false	false	27, 63, 65, 112
Lag8Neutral	53	true	false	false	24, 27, 63, 115
Lag8Neutral	54	true	false	false	112
Lag8Neutral	55	true	false	false
Lag8Neutral	56	true	false	false
Lag8Neutral	57	false	true	true	1, 2, 3, 4, 5, 6, 7, 8, 9, 10, 11, 12, 13, 14, 15, 16, 17, 18, 19, 20, 21, 22, 23, 24, 25, 26, 27, 28, 29, 30, 31, 32, 33, 34, 35, 36, 37, 38, 39, 40, 41, 42, 43, 44, 45, 46, 47, 48, 49, 50, 51, 52, 53, 54, 55, 56, 57, 58, 59, 60, 61, 62, 63, 64, 65, 66, 67, 68, 69, 70, 71, 72, 73, 74, 75, 76, 77, 78, 79, 80, 81, 82, 83, 84, 85, 86, 87, 88, 89, 90, 91, 92, 93, 94, 95, 96, 97, 98, 99, 100, 101, 102, 103, 104, 105, 106, 107, 108, 109, 110, 111, 112, 113, 114, 115, 116, 117, 118, 119, 120, 121, 122, 123, 124, 125, 126, 127, 128
Lag8Neutral	58	true	false	false	20, 24, 27, 38, 65, 112, 115, 126
Lag8Neutral	59	false	true	true	1, 2, 3, 4, 5, 6, 7, 8, 9, 10, 11, 12, 13, 14, 15, 16, 17, 18, 19, 20, 21, 22, 23, 24, 25, 26, 27, 28, 29, 30, 31, 32, 33, 34, 35, 36, 37, 38, 39, 40, 41, 42, 43, 44, 45, 46, 47, 48, 49, 50, 51, 52, 53, 54, 55, 56, 57, 58, 59, 60, 61, 62, 63, 64, 65, 66, 67, 68, 69, 70, 71, 72, 73, 74, 75, 76, 77, 78, 79, 80, 81, 82, 83, 84, 85, 86, 87, 88, 89, 90, 91, 92, 93, 94, 95, 96, 97, 98, 99, 100, 101, 102, 103, 104, 105, 106, 107, 108, 109, 110, 111, 112, 113, 114, 115, 116, 117, 118, 119, 120, 121, 122, 123, 124, 125, 126, 127, 128
Lag8Neutral	60	false	true	true	1, 2, 3, 4, 5, 6, 7, 8, 9, 10, 11, 12, 13, 14, 15, 16, 17, 18, 19, 20, 21, 22, 23, 24, 25, 26, 27, 28, 29, 30, 31, 32, 33, 34, 35, 36, 37, 38, 39, 40, 41, 42, 43, 44, 46, 47, 48, 49, 50, 51, 52, 53, 54, 55, 56, 57, 58, 59, 60, 61, 62, 63, 64, 65, 66, 67, 68, 69, 70, 71, 72, 73, 74, 75, 77, 78, 79, 80, 81, 82, 83, 84, 85, 86, 87, 88, 89, 90, 91, 92, 93, 94, 95, 96, 97, 98, 100, 101, 102, 103, 104, 105, 106, 107, 108, 109, 110, 111, 112, 113, 114, 115, 116, 117, 118, 119, 120, 121, 122, 123, 124, 125, 126, 127, 128
Lag8Neutral	61	true	false	false	20, 24, 27, 65, 81, 87, 91, 112
Lag8Neutral	62	true	false	false	20, 24, 27, 65, 81, 112, 117
Lag8Neutral	63	true	false	false	7, 20, 24, 27, 65, 84, 102, 112, 115, 124
Lag8Neutral	64	true	false	false	20, 24, 27, 65, 115, 117
Lag8Neutral	65	true	false	false	24, 27, 65, 112, 117, 124
Lag8Neutral	66	true	false	false	20, 24, 27, 65, 112, 115, 117
Lag8Neutral	67	true	false	false	20, 24, 27, 81, 88, 112
Lag8Neutral	68	true	false	false	20, 24, 27, 112, 115
Lag8Neutral	69	true	false	false	20, 24, 27, 63, 81, 112, 115, 117
Lag8Neutral	70	true	false	false	4, 20, 24, 27, 65, 81, 102, 112, 115, 117
Lag8Neutral	71	true	false	false	20, 24, 27, 65, 112, 115, 117
Lag8Neutral	72	true	false	false	20, 24, 27, 65, 112, 115, 117
Lag8Neutral	73	true	false	false	20, 24, 27, 65, 81, 112, 115, 117
Lag8Neutral	74	true	false	false	4, 20, 24, 27, 102, 112, 115, 117
Lag8Neutral	75	true	false	false	4, 20, 24, 27, 112, 115, 117
Lag8Neutral	76	true	false	false	4, 20, 24, 27, 65, 112, 115, 117
Lag8Neutral	77	true	false	false	4, 20, 24, 27, 81, 112, 115
Lag8Neutral	78	true	false	false	4, 5, 20, 24, 27, 65, 112, 115, 117
Lag8Neutral	79	true	false	false	4, 5, 20, 24, 27, 65, 81, 112, 115, 117
Lag8Neutral	80	true	false	false	4, 5, 20, 24, 27, 65, 81, 112, 115, 117
Lag8Neutral	81	false	false	false	4, 20, 24, 27, 46, 65, 81, 87, 112, 115, 117
Lag8Neutral	82	true	false	false	4, 20, 24, 27, 46, 65, 112, 115
Lag8Neutral	83	true	false	false	4, 20, 24, 27, 46, 65, 81, 112
Lag8Neutral	84	true	false	false	4, 20, 24, 27, 46, 65, 105, 112, 115
Lag8Neutral	85	true	false	false	4, 20, 24, 27, 46, 65, 81, 112, 115
Lag8Neutral	86	true	false	false	4, 20, 24, 27, 65, 81, 112, 115
Lag8Neutral	87	true	false	false	4, 20, 24, 27, 46, 65, 102, 112, 115
Lag8Neutral	88	true	false	false	4, 20, 24, 27, 46, 65, 112, 115
Lag8Neutral	89	true	false	false	4, 20, 24, 27, 46, 65, 81, 105, 112, 115
Lag8Neutral	90	true	false	false	4, 20, 24, 27, 46, 65, 81, 112, 115
Lag8Neutral	91	false	false	false	4, 20, 24, 27, 28, 46, 51, 58, 63, 65, 69, 81, 102, 105, 112, 115
Lag8Neutral	92	true	false	false	4, 20, 24, 27, 46, 58, 65, 81, 115
Lag8Neutral	93	true	false	false	4, 20, 24, 27, 65, 115
Lag8Neutral	94	true	false	false	4, 20, 24, 27, 46, 65, 112, 115
Lag8Neutral	95	true	false	false	4, 20, 24, 27, 46, 65, 115
Lag8Neutral	96	true	false	false	4, 20, 24, 27, 28, 46, 58, 65, 81, 115
Lag8Neutral	97	true	false	false	4, 20, 24, 27, 46, 65, 81, 115
Lag8Neutral	98	true	false	false	4, 20, 24, 27, 46, 65, 81, 105, 115
Lag8Neutral	99	true	false	false	4, 20, 24, 27, 65, 81, 115
Lag8Neutral	100	true	false	false	4, 20, 24, 27, 46, 58, 65, 81, 105, 115
Lag8Negative	1	true	false	false
Lag8Negative	2	true	false	false
Lag8Negative	3	true	false	false
Lag8Negative	4	true	false	false
Lag8Negative	5	true	false	false
Lag8Negative	6	true	false	false
Lag8Negative	7	true	false	false
Lag8Negative	8	true	false	false
Lag8Negative	9	true	false	false
Lag8Negative	10	true	false	false
Lag8Negative	11	true	false	false
Lag8Negative	12	true	false	false
Lag8Negative	13	true	false	false
Lag8Negative	14	true	false	false
Lag8Negative	15	true	false	false
Lag8Negative	16	true	false	false
Lag8Negative	17	true	false	false
Lag8Negative	18	true	false	false
Lag8Negative	19	true	false	false
Lag8Negative	20	true	false	false
Lag8Negative	21	true	false	false
Lag8Negative	22	true	false	false
Lag8Negative	23	true	false	false
Lag8Negative	24	true	false	false
Lag8Negative	25	true	false	false
Lag8Negative	26	true	false	false
Lag8Negative	27	true	false	false
Lag8Negative	28	true	false	false
Lag8Negative	29	true	false	false
Lag8Negative	30	true	false	false	88
Lag8Negative	31	true	false	false
Lag8Negative	32	true	false	false
Lag8Negative	33	true	false	false	88
Lag8Negative	34	true	false	false
Lag8Negative	35	true	false	false
Lag8Negative	36	true	false	false
Lag8Negative	37	true	false	false
Lag8Negative	38	true	false	false	28
Lag8Negative	39	true	false	false
Lag8Negative	40	true	false	false
Lag8Negative	41	true	false	false
Lag8Negative	42	true	false	false
Lag8Negative	43	true	false	false
Lag8Negative	44	true	false	false
Lag8Negative	45	true	false	false
Lag8Negative	46	true	false	false
Lag8Negative	47	true	false	false	27
Lag8Negative	48	true	false	false
Lag8Negative	49	true	false	false	65
Lag8Negative	50	true	false	false	117
Lag8Negative	51	true	false	false
Lag8Negative	52	true	false	false
Lag8Negative	53	true	false	false
Lag8Negative	54	true	false	false
Lag8Negative	55	true	false	false	65, 102, 112, 115
Lag8Negative	56	false	true	true	2, 3, 4, 5, 6, 8, 9, 10, 11, 13, 14, 15, 16, 17, 18, 19, 20, 21, 22, 23, 25, 26, 27, 29, 31, 32, 33, 35, 37, 38, 40, 43, 44, 48, 49, 51, 52, 53, 54, 55, 56, 57, 59, 63, 64, 65, 66, 68, 69, 70, 72, 73, 74, 75, 79, 80, 81, 82, 83, 84, 85, 86, 87, 88, 89, 90, 91, 93, 94, 95, 96, 97, 100, 101, 102, 103, 104, 105, 107, 108, 109, 110, 111, 112, 113, 114, 115, 117, 118, 119, 120, 121, 123, 124, 125, 126, 127
Lag8Negative	57	false	false	false	4, 5, 7, 10, 13, 20, 24, 27, 28, 29, 30, 31, 39, 40, 41, 45, 46, 50, 51, 52, 55, 58, 59, 60, 62, 63, 64, 65, 66, 67, 69, 78, 79, 80, 81, 84, 86, 87, 91, 96, 97, 98, 101, 102, 105, 108, 110, 111, 112, 115, 117, 118, 123, 124
Lag8Negative	58	true	false	false	20, 24, 27, 65, 102, 110, 115, 117
Lag8Negative	59	true	false	false	27, 28, 63, 112
Lag8Negative	60	false	false	false	1, 2, 3, 4, 5, 6, 7, 8, 9, 10, 11, 12, 13, 14, 15, 16, 17, 18, 19, 20, 21, 22, 23, 24, 25, 26, 27, 28, 29, 30, 31, 32, 33, 34, 35, 36, 37, 38, 39, 40, 41, 42, 43, 44, 45, 46, 47, 48, 49, 50, 51, 52, 53, 54, 55, 56, 57, 58, 59, 60, 61, 62, 63, 64, 65, 66, 67, 68, 69, 70, 71, 72, 73, 74, 75, 76, 77, 78, 79, 80, 81, 82, 83, 84, 85, 86, 87, 88, 89, 90, 91, 92, 93, 94, 95, 96, 97, 98, 99, 100, 101, 102, 103, 104, 105, 106, 107, 108, 109, 110, 111, 112, 113, 114, 115, 116, 117, 118, 119, 120, 121, 122, 123, 124, 125, 126, 127, 128
Lag8Negative	61	true	false	false	24, 27, 51, 65, 81, 112, 115, 124
Lag8Negative	62	true	false	false	20, 27, 112, 115
Lag8Negative	63	true	false	false	20, 24, 27, 65, 81, 112, 115, 117
Lag8Negative	64	true	false	false	20, 24, 27, 115, 117
Lag8Negative	65	true	false	false	20, 24, 27, 65, 112, 115, 117
Lag8Negative	66	true	false	false	20, 24, 27, 65, 115, 117
Lag8Negative	67	true	false	false	20, 24, 27, 65, 81, 112, 115, 117
Lag8Negative	68	true	false	false	20, 24, 27, 65, 81, 112, 115, 117
Lag8Negative	69	true	false	false	20, 24, 27, 65, 81, 112, 115, 117
Lag8Negative	70	false	false	false	4, 5, 20, 24, 27, 28, 46, 51, 65, 81, 102, 105, 112, 115, 117, 124
Lag8Negative	71	true	false	false	4, 20, 24, 27, 65, 81, 112, 115, 117
Lag8Negative	72	true	false	false	4, 20, 24, 27, 65, 112, 115, 117
Lag8Negative	73	true	false	false	20, 24, 27, 112
Lag8Negative	74	true	false	false	4, 20, 24, 27, 28, 112
Lag8Negative	75	false	false	false	4, 5, 20, 24, 27, 63, 65, 81, 102, 112, 115, 117, 123
Lag8Negative	76	true	false	false	4, 5, 20, 24, 27, 65, 81, 112, 115, 117
Lag8Negative	77	false	false	false	4, 5, 20, 24, 27, 65, 81, 102, 105, 112, 115, 117
Lag8Negative	78	true	false	false	4, 5, 20, 24, 27, 65, 112, 115, 117
Lag8Negative	79	true	false	false	4, 5, 20, 24, 27, 65, 105, 112, 115, 117
Lag8Negative	80	true	false	false	4, 5, 20, 24, 27, 65, 81, 112, 115, 117
Lag8Negative	81	false	true	true	1, 2, 3, 4, 5, 6, 7, 8, 9, 10, 11, 12, 13, 14, 15, 16, 17, 18, 19, 20, 21, 22, 23, 24, 25, 26, 27, 28, 29, 30, 31, 32, 33, 34, 35, 36, 37, 38, 39, 40, 41, 42, 43, 44, 45, 46, 47, 48, 49, 50, 51, 52, 53, 54, 55, 56, 57, 58, 59, 60, 61, 62, 63, 64, 65, 66, 67, 68, 69, 70, 71, 72, 73, 74, 75, 76, 77, 78, 79, 80, 81, 82, 83, 84, 85, 86, 87, 88, 89, 90, 91, 92, 93, 94, 95, 96, 97, 98, 99, 100, 101, 102, 103, 104, 105, 106, 107, 108, 109, 110, 111, 112, 113, 114, 115, 116, 117, 118, 119, 120, 121, 122, 123, 124, 125, 126, 127, 128
Lag8Negative	82	true	false	false	4, 20, 24, 27, 46, 65, 112, 115, 117
Lag8Negative	83	true	false	false	4, 20, 23, 24, 27, 46, 65, 81, 112, 115
Lag8Negative	84	true	false	false	4, 20, 23, 24, 27, 65, 81, 112, 115
Lag8Negative	85	true	false	false	4, 20, 24, 27, 46, 65, 112, 115
Lag8Negative	86	true	false	false	4, 20, 24, 27, 112, 115
Lag8Negative	87	true	false	false	4, 20, 24, 27, 46, 65, 112, 115
Lag8Negative	88	true	false	false	4, 20, 24, 27, 46, 65, 112, 115
Lag8Negative	89	true	false	false	4, 20, 24, 27, 46, 65, 112, 115
Lag8Negative	90	true	false	false	4, 20, 24, 27, 65, 81, 112, 115
Lag8Negative	91	true	false	false	4, 20, 24, 27, 46, 81, 112, 115
Lag8Negative	92	true	false	false	4, 20, 24, 27, 46, 65, 81, 112, 115
Lag8Negative	93	true	false	false	4, 20, 24, 27, 46, 65, 81, 112, 115
Lag8Negative	94	true	false	false	4, 20, 24, 27, 46, 65, 112, 115
Lag8Negative	95	true	false	false	4, 20, 24, 27, 46, 58, 65, 105, 112, 115
Lag8Negative	96	true	false	false	4, 20, 24, 27, 46, 65, 81, 112, 115
Lag8Negative	97	true	false	false	4, 20, 24, 27, 28, 46, 58, 65, 115
Lag8Negative	98	true	false	false	4, 20, 24, 27, 46, 65, 81, 115
Lag8Negative	99	true	false	false	4, 20, 24, 27, 46, 65, 81, 115
Lag8Negative	100	false	false	false	4, 20, 24, 27, 28, 46, 58, 65, 81, 102, 105, 115
L2NCorrect	1	true	false	false
L2NCorrect	2	true	false	false
L2NCorrect	3	true	false	false
L2NCorrect	4	true	false	false
L2NCorrect	5	true	false	false
L2NCorrect	6	true	false	false
L2NCorrect	7	true	false	false
L2NCorrect	8	true	false	false
L2NCorrect	9	true	false	false
L2NCorrect	10	true	false	false
L2NCorrect	11	true	false	false
L2NCorrect	12	true	false	false
L2NCorrect	13	true	false	false
L2NCorrect	14	true	false	false
L2NCorrect	15	true	false	false
L2NCorrect	16	true	false	false
L2NCorrect	17	true	false	false
L2NCorrect	18	true	false	false
L2NCorrect	19	true	false	false
L2NCorrect	20	true	false	false
L2NCorrect	21	true	false	false
L2NCorrect	22	true	false	false
L2NCorrect	23	true	false	false	27, 65
L2NCorrect	24	true	false	false
L2NCorrect	25	true	false	false	24, 65, 115
L2NCorrect	26	true	false	false
L2NCorrect	27	true	false	false
L2NCorrect	28	true	false	false	88
L2NCorrect	29	true	false	false	27, 28, 63, 65, 115
L2NCorrect	30	true	false	false	27
L2NCorrect	31	false	false	false	20, 24, 27, 28, 58, 65, 81, 84, 102, 115, 117, 124
L2NCorrect	32	true	false	false	65
L2NCorrect	33	true	false	false	20, 24, 27, 112, 115
L2NCorrect	34	true	false	false	20, 24, 27, 65, 81, 112, 115
L2NCorrect	35	true	false	false	20, 24, 27, 65, 112, 115, 117
L2NCorrect	36	true	false	false	20, 24, 27, 65, 81, 91, 112, 115, 117
L2NCorrect	37	true	false	false	4, 20, 24, 27, 65, 81, 112, 115, 117
L2NCorrect	38	true	false	false	4, 20, 24, 27, 65, 81, 112, 115, 117
L2NCorrect	39	true	false	false	4, 5, 20, 24, 27, 65, 81, 112, 115, 117
L2NCorrect	40	false	false	false	4, 20, 24, 27, 63, 65, 81, 102, 112, 115, 117
L2NCorrect	41	true	false	false	4, 5, 20, 24, 27, 63, 65, 112, 115, 117
L2NCorrect	42	false	false	false	4, 5, 20, 24, 27, 63, 65, 81, 102, 112, 115, 117
L2NCorrect	43	false	false	false	4, 5, 20, 24, 27, 28, 63, 65, 81, 112, 115, 117
L2NCorrect	44	true	false	false	4, 20, 24, 27, 46, 65, 112, 115
L2NCorrect	45	true	false	false	4, 20, 24, 27, 65, 81, 112, 115
L2NCorrect	46	true	false	false	4, 20, 24, 27, 46, 65, 81, 112, 115
L2NCorrect	47	true	false	false	4, 20, 24, 27, 46, 65, 81, 105, 112, 115
L2NCorrect	48	true	false	false	4, 20, 24, 27, 46, 65, 81, 112, 115
L2NCorrect	49	true	false	false	4, 20, 24, 27, 65, 112, 115
L2NCorrect	50	false	false	false	4, 20, 24, 27, 28, 46, 58, 65, 81, 112, 115
L2NCorrect	51	true	false	false	4, 20, 24, 27, 46, 58, 65, 81, 112, 115
L2NCorrect	52	true	false	false	4, 20, 24, 27, 46, 65, 115
L2NCorrect	53	true	false	false	4, 20, 24, 27, 46, 58, 65, 81, 115
L2NCorrect	54	true	false	false	4, 20, 24, 27, 46, 58, 65, 105, 115
L2NIncorrect	1	true	false	false
L2NIncorrect	2	true	false	false
L2NIncorrect	3	true	false	false
L2NIncorrect	4	true	false	false
L2NIncorrect	5	true	false	false
L2NIncorrect	6	true	false	false
L2NIncorrect	7	true	false	false
L2NIncorrect	8	true	false	false
L2NIncorrect	9	true	false	false
L2NIncorrect	10	true	false	false
L2NIncorrect	11	true	false	false
L2NIncorrect	12	true	false	false
L2NIncorrect	13	true	false	false
L2NIncorrect	14	true	false	false
L2NIncorrect	15	true	false	false
L2NIncorrect	16	true	false	false
L2NIncorrect	17	true	false	false
L2NIncorrect	18	true	false	false
L2NIncorrect	19	true	false	false	27, 65
L2NIncorrect	20	true	false	false
L2NIncorrect	21	true	false	false
L2NIncorrect	22	true	false	false
L2NIncorrect	23	true	false	false	65
L2NIncorrect	24	true	false	false
L2NIncorrect	25	true	false	false	65, 115
L2NIncorrect	26	false	true	true	1, 2, 3, 4, 5, 6, 7, 8, 9, 10, 11, 12, 13, 14, 15, 16, 17, 18, 19, 20, 21, 22, 23, 24, 25, 26, 27, 28, 29, 30, 31, 32, 33, 34, 35, 36, 37, 38, 39, 40, 41, 42, 43, 44, 45, 46, 47, 48, 49, 50, 51, 52, 53, 54, 55, 56, 57, 58, 59, 60, 61, 62, 63, 64, 65, 66, 67, 68, 69, 70, 71, 72, 73, 74, 75, 76, 77, 78, 79, 80, 81, 82, 83, 84, 85, 86, 87, 88, 89, 90, 91, 92, 93, 94, 95, 96, 97, 98, 99, 100, 101, 102, 103, 104, 105, 106, 107, 108, 109, 110, 111, 112, 113, 114, 115, 116, 117, 118, 119, 120, 121, 122, 123, 124, 125, 126, 127, 128
L2NIncorrect	27	true	false	false	24, 27
L2NIncorrect	28	true	false	false	24, 65
L2NIncorrect	29	true	false	false	24, 27, 65, 81, 112
L2NIncorrect	30	true	false	false	20, 24, 27, 81, 115, 117
L2NIncorrect	31	true	false	false	20, 24, 27, 65, 81, 112, 115, 117
L2NIncorrect	32	true	false	false	20, 24, 27, 65, 81, 112, 115, 117
L2NIncorrect	33	false	false	false	4, 5, 20, 24, 27, 46, 65, 81, 88, 102, 112, 115, 117
L2NIncorrect	34	true	false	false	4, 20, 24, 27, 65, 102, 105, 112, 115, 117
L2NIncorrect	35	true	false	false	4, 20, 24, 27, 65, 112, 115, 117
L2NIncorrect	36	true	false	false	4, 20, 24, 27, 65, 112, 115, 117
L2NIncorrect	37	false	false	false	4, 5, 20, 24, 27, 65, 81, 102, 112, 115, 117
L2NIncorrect	38	true	false	false	4, 20, 24, 27, 46, 65, 112, 115, 117
L2NIncorrect	39	true	false	false	4, 20, 24, 27, 46, 65, 112, 115
L2NIncorrect	40	true	false	false	4, 20, 24, 27, 46, 65, 81, 112, 115
L2NIncorrect	41	true	false	false	4, 20, 24, 27, 112
L2NIncorrect	42	true	false	false	4, 20, 24, 27, 46, 65, 81, 112, 115
L2NIncorrect	43	true	false	false	4, 20, 24, 27, 46, 65, 112, 115
L2NIncorrect	44	true	false	false	4, 20, 24, 27, 46, 65, 112, 115
L2NIncorrect	45	true	false	false	4, 20, 24, 27, 65, 81, 112, 115
L2NIncorrect	46	true	false	false	4, 20, 24, 27, 46, 65, 81, 115
